[0.120s] Invoking command in '/home/geomatics_in_house_system/ros2_ws/build/velodyne_laserscan': CMAKE_PREFIX_PATH=${CMAKE_PREFIX_PATH}:/opt/ros/humble /usr/bin/cmake --build /home/geomatics_in_house_system/ros2_ws/build/velodyne_laserscan -- -j4 -l4
[0.529s] [ 50%] Built target velodyne_laserscan
[0.751s] [100%] Built target velodyne_laserscan_node
[0.941s] Invoked command in '/home/geomatics_in_house_system/ros2_ws/build/velodyne_laserscan' returned '0': CMAKE_PREFIX_PATH=${CMAKE_PREFIX_PATH}:/opt/ros/humble /usr/bin/cmake --build /home/geomatics_in_house_system/ros2_ws/build/velodyne_laserscan -- -j4 -l4
[1.346s] Invoking command in '/home/geomatics_in_house_system/ros2_ws/build/velodyne_laserscan': CMAKE_PREFIX_PATH=${CMAKE_PREFIX_PATH}:/opt/ros/humble /usr/bin/cmake --install /home/geomatics_in_house_system/ros2_ws/build/velodyne_laserscan
[1.420s] -- Install configuration: ""
[1.422s] -- Up-to-date: /home/geomatics_in_house_system/ros2_ws/install/velodyne_laserscan/lib/libvelodyne_laserscan.so
[1.429s] -- Up-to-date: /home/geomatics_in_house_system/ros2_ws/install/velodyne_laserscan/lib/velodyne_laserscan/velodyne_laserscan_node
[1.434s] -- Up-to-date: /home/geomatics_in_house_system/ros2_ws/install/velodyne_laserscan/include/velodyne_laserscan
[1.436s] -- Up-to-date: /home/geomatics_in_house_system/ros2_ws/install/velodyne_laserscan/include/velodyne_laserscan/velodyne_laserscan.hpp
[1.438s] -- Up-to-date: /home/geomatics_in_house_system/ros2_ws/install/velodyne_laserscan/share/velodyne_laserscan/config
[1.439s] -- Installing: /home/geomatics_in_house_system/ros2_ws/install/velodyne_laserscan/share/velodyne_laserscan/config/default-velodyne_laserscan_node-params.yaml
[1.441s] -- Up-to-date: /home/geomatics_in_house_system/ros2_ws/install/velodyne_laserscan/share/velodyne_laserscan/launch
[1.443s] -- Up-to-date: /home/geomatics_in_house_system/ros2_ws/install/velodyne_laserscan/share/velodyne_laserscan/launch/velodyne_laserscan_node-composed-launch.py
[1.447s] -- Up-to-date: /home/geomatics_in_house_system/ros2_ws/install/velodyne_laserscan/share/velodyne_laserscan/launch/velodyne_laserscan_node-launch.py
[1.456s] -- Up-to-date: /home/geomatics_in_house_system/ros2_ws/install/velodyne_laserscan/share/ament_index/resource_index/package_run_dependencies/velodyne_laserscan
[1.458s] -- Up-to-date: /home/geomatics_in_house_system/ros2_ws/install/velodyne_laserscan/share/ament_index/resource_index/parent_prefix_path/velodyne_laserscan
[1.459s] -- Up-to-date: /home/geomatics_in_house_system/ros2_ws/install/velodyne_laserscan/share/velodyne_laserscan/environment/ament_prefix_path.sh
[1.460s] -- Up-to-date: /home/geomatics_in_house_system/ros2_ws/install/velodyne_laserscan/share/velodyne_laserscan/environment/ament_prefix_path.dsv
[1.467s] -- Up-to-date: /home/geomatics_in_house_system/ros2_ws/install/velodyne_laserscan/share/velodyne_laserscan/environment/path.sh
[1.469s] -- Up-to-date: /home/geomatics_in_house_system/ros2_ws/install/velodyne_laserscan/share/velodyne_laserscan/environment/path.dsv
[1.470s] -- Up-to-date: /home/geomatics_in_house_system/ros2_ws/install/velodyne_laserscan/share/velodyne_laserscan/local_setup.bash
[1.476s] -- Up-to-date: /home/geomatics_in_house_system/ros2_ws/install/velodyne_laserscan/share/velodyne_laserscan/local_setup.sh
[1.485s] -- Up-to-date: /home/geomatics_in_house_system/ros2_ws/install/velodyne_laserscan/share/velodyne_laserscan/local_setup.zsh
[1.486s] -- Up-to-date: /home/geomatics_in_house_system/ros2_ws/install/velodyne_laserscan/share/velodyne_laserscan/local_setup.dsv
[1.487s] -- Installing: /home/geomatics_in_house_system/ros2_ws/install/velodyne_laserscan/share/velodyne_laserscan/package.dsv
[1.494s] -- Up-to-date: /home/geomatics_in_house_system/ros2_ws/install/velodyne_laserscan/share/ament_index/resource_index/packages/velodyne_laserscan
[1.496s] -- Up-to-date: /home/geomatics_in_house_system/ros2_ws/install/velodyne_laserscan/share/ament_index/resource_index/rclcpp_components/velodyne_laserscan
[1.497s] -- Up-to-date: /home/geomatics_in_house_system/ros2_ws/install/velodyne_laserscan/share/velodyne_laserscan/cmake/velodyne_laserscanConfig.cmake
[1.499s] -- Up-to-date: /home/geomatics_in_house_system/ros2_ws/install/velodyne_laserscan/share/velodyne_laserscan/cmake/velodyne_laserscanConfig-version.cmake
[1.500s] -- Up-to-date: /home/geomatics_in_house_system/ros2_ws/install/velodyne_laserscan/share/velodyne_laserscan/package.xml
[1.571s] Invoked command in '/home/geomatics_in_house_system/ros2_ws/build/velodyne_laserscan' returned '0': CMAKE_PREFIX_PATH=${CMAKE_PREFIX_PATH}:/opt/ros/humble /usr/bin/cmake --install /home/geomatics_in_house_system/ros2_ws/build/velodyne_laserscan
