[0.058s] Invoking command in '/home/geomatics_in_house_system/ros2_ws/build/velodyne_driver': CMAKE_PREFIX_PATH=${CMAKE_PREFIX_PATH}:/opt/ros/humble /usr/bin/cmake --build /home/geomatics_in_house_system/ros2_ws/build/velodyne_driver -- -j4 -l4
[0.249s] [35m[1mConsolidate compiler generated dependencies of target gtest_main[0m
[0.264s] [35m[1mConsolidate compiler generated dependencies of target velodyne_input[0m
[0.265s] [35m[1mConsolidate compiler generated dependencies of target gtest[0m
[0.385s] [ 16%] Built target gtest_main
[0.434s] [ 33%] Built target velodyne_input
[0.445s] [ 50%] Built target gtest
[0.498s] [35m[1mConsolidate compiler generated dependencies of target time_test[0m
[0.506s] [35m[1mConsolidate compiler generated dependencies of target velodyne_driver[0m
[0.598s] [ 66%] Built target time_test
[0.632s] [ 83%] Built target velodyne_driver
[0.685s] [35m[1mConsolidate compiler generated dependencies of target velodyne_driver_node[0m
[0.780s] [100%] Built target velodyne_driver_node
[0.823s] Invoked command in '/home/geomatics_in_house_system/ros2_ws/build/velodyne_driver' returned '0': CMAKE_PREFIX_PATH=${CMAKE_PREFIX_PATH}:/opt/ros/humble /usr/bin/cmake --build /home/geomatics_in_house_system/ros2_ws/build/velodyne_driver -- -j4 -l4
[1.019s] Invoking command in '/home/geomatics_in_house_system/ros2_ws/build/velodyne_driver': CMAKE_PREFIX_PATH=${CMAKE_PREFIX_PATH}:/opt/ros/humble /usr/bin/cmake --install /home/geomatics_in_house_system/ros2_ws/build/velodyne_driver
[1.048s] -- Install configuration: ""
[1.049s] -- Up-to-date: /home/geomatics_in_house_system/ros2_ws/install/velodyne_driver/lib/libvelodyne_driver.so
[1.052s] -- Up-to-date: /home/geomatics_in_house_system/ros2_ws/install/velodyne_driver/lib/velodyne_driver/velodyne_driver_node
[1.054s] -- Up-to-date: /home/geomatics_in_house_system/ros2_ws/install/velodyne_driver/include/velodyne_driver
[1.054s] -- Up-to-date: /home/geomatics_in_house_system/ros2_ws/install/velodyne_driver/include/velodyne_driver/time_conversion.hpp
[1.056s] -- Up-to-date: /home/geomatics_in_house_system/ros2_ws/install/velodyne_driver/include/velodyne_driver/input.hpp
[1.057s] -- Up-to-date: /home/geomatics_in_house_system/ros2_ws/install/velodyne_driver/include/velodyne_driver/driver.hpp
[1.057s] -- Up-to-date: /home/geomatics_in_house_system/ros2_ws/install/velodyne_driver/share/velodyne_driver/config
[1.058s] -- Up-to-date: /home/geomatics_in_house_system/ros2_ws/install/velodyne_driver/share/velodyne_driver/config/VLP16-velodyne_driver_node-params.yaml
[1.058s] -- Up-to-date: /home/geomatics_in_house_system/ros2_ws/install/velodyne_driver/share/velodyne_driver/config/VLP32C-velodyne_driver_node-params.yaml
[1.059s] -- Up-to-date: /home/geomatics_in_house_system/ros2_ws/install/velodyne_driver/share/velodyne_driver/config/VLS128-velodyne_driver_node-params.yaml
[1.059s] -- Up-to-date: /home/geomatics_in_house_system/ros2_ws/install/velodyne_driver/share/velodyne_driver/launch
[1.060s] -- Up-to-date: /home/geomatics_in_house_system/ros2_ws/install/velodyne_driver/share/velodyne_driver/launch/velodyne_driver_node-VLP16-composed-launch.py
[1.061s] -- Up-to-date: /home/geomatics_in_house_system/ros2_ws/install/velodyne_driver/share/velodyne_driver/launch/velodyne_driver_node-VLS128-composed-launch.py
[1.062s] -- Up-to-date: /home/geomatics_in_house_system/ros2_ws/install/velodyne_driver/share/velodyne_driver/launch/velodyne_driver_node-VLP32C-launch.py
[1.062s] -- Up-to-date: /home/geomatics_in_house_system/ros2_ws/install/velodyne_driver/share/velodyne_driver/launch/velodyne_driver_node-VLP16-launch.py
[1.064s] -- Up-to-date: /home/geomatics_in_house_system/ros2_ws/install/velodyne_driver/share/velodyne_driver/launch/velodyne_driver_node-VLS128-launch.py
[1.064s] -- Up-to-date: /home/geomatics_in_house_system/ros2_ws/install/velodyne_driver/share/velodyne_driver/launch/velodyne_driver_node-VLP32C-composed-launch.py
[1.065s] -- Up-to-date: /home/geomatics_in_house_system/ros2_ws/install/velodyne_driver/lib/velodyne_driver/vdump
[1.065s] -- Up-to-date: /home/geomatics_in_house_system/ros2_ws/install/velodyne_driver/share/ament_index/resource_index/package_run_dependencies/velodyne_driver
[1.066s] -- Up-to-date: /home/geomatics_in_house_system/ros2_ws/install/velodyne_driver/share/ament_index/resource_index/parent_prefix_path/velodyne_driver
[1.067s] -- Up-to-date: /home/geomatics_in_house_system/ros2_ws/install/velodyne_driver/share/velodyne_driver/environment/ament_prefix_path.sh
[1.067s] -- Up-to-date: /home/geomatics_in_house_system/ros2_ws/install/velodyne_driver/share/velodyne_driver/environment/ament_prefix_path.dsv
[1.068s] -- Up-to-date: /home/geomatics_in_house_system/ros2_ws/install/velodyne_driver/share/velodyne_driver/environment/path.sh
[1.068s] -- Up-to-date: /home/geomatics_in_house_system/ros2_ws/install/velodyne_driver/share/velodyne_driver/environment/path.dsv
[1.069s] -- Up-to-date: /home/geomatics_in_house_system/ros2_ws/install/velodyne_driver/share/velodyne_driver/local_setup.bash
[1.069s] -- Up-to-date: /home/geomatics_in_house_system/ros2_ws/install/velodyne_driver/share/velodyne_driver/local_setup.sh
[1.070s] -- Up-to-date: /home/geomatics_in_house_system/ros2_ws/install/velodyne_driver/share/velodyne_driver/local_setup.zsh
[1.070s] -- Up-to-date: /home/geomatics_in_house_system/ros2_ws/install/velodyne_driver/share/velodyne_driver/local_setup.dsv
[1.071s] -- Installing: /home/geomatics_in_house_system/ros2_ws/install/velodyne_driver/share/velodyne_driver/package.dsv
[1.071s] -- Up-to-date: /home/geomatics_in_house_system/ros2_ws/install/velodyne_driver/share/ament_index/resource_index/packages/velodyne_driver
[1.072s] -- Up-to-date: /home/geomatics_in_house_system/ros2_ws/install/velodyne_driver/share/ament_index/resource_index/rclcpp_components/velodyne_driver
[1.072s] -- Up-to-date: /home/geomatics_in_house_system/ros2_ws/install/velodyne_driver/share/velodyne_driver/cmake/velodyne_driverConfig.cmake
[1.073s] -- Up-to-date: /home/geomatics_in_house_system/ros2_ws/install/velodyne_driver/share/velodyne_driver/cmake/velodyne_driverConfig-version.cmake
[1.073s] -- Up-to-date: /home/geomatics_in_house_system/ros2_ws/install/velodyne_driver/share/velodyne_driver/package.xml
[1.074s] -- Up-to-date: /home/geomatics_in_house_system/ros2_ws/install/velodyne_driver/lib/libvelodyne_input.so
[1.079s] Invoked command in '/home/geomatics_in_house_system/ros2_ws/build/velodyne_driver' returned '0': CMAKE_PREFIX_PATH=${CMAKE_PREFIX_PATH}:/opt/ros/humble /usr/bin/cmake --install /home/geomatics_in_house_system/ros2_ws/build/velodyne_driver
