[0.091s] Invoking command in '/home/geomatics_in_house_system/ros2_ws/build/velodyne_msgs': CMAKE_PREFIX_PATH=${CMAKE_PREFIX_PATH}:/opt/ros/humble /usr/bin/cmake --build /home/geomatics_in_house_system/ros2_ws/build/velodyne_msgs -- -j4 -l4
[0.371s] [ 10%] Built target velodyne_msgs__rosidl_generator_c
[0.387s] [ 12%] Built target velodyne_msgs__cpp
[0.453s] [ 12%] Built target ament_cmake_python_copy_velodyne_msgs
[0.516s] [ 23%] Built target velodyne_msgs__rosidl_typesupport_introspection_c
[0.538s] [ 33%] Built target velodyne_msgs__rosidl_typesupport_fastrtps_c
[0.570s] [ 43%] Built target velodyne_msgs__rosidl_typesupport_c
[0.639s] [ 53%] Built target velodyne_msgs__rosidl_typesupport_introspection_cpp
[0.676s] [ 64%] Built target velodyne_msgs__rosidl_typesupport_cpp
[0.720s] [ 74%] Built target velodyne_msgs__rosidl_typesupport_fastrtps_cpp
[0.849s] [ 74%] Built target velodyne_msgs
[0.957s] [ 76%] Built target velodyne_msgs__py
[1.093s] [ 84%] Built target velodyne_msgs__rosidl_generator_py
[1.244s] [ 89%] Built target velodyne_msgs__rosidl_typesupport_fastrtps_c__pyext
[1.286s] [ 94%] Built target velodyne_msgs__rosidl_typesupport_introspection_c__pyext
[1.294s] [100%] Built target velodyne_msgs__rosidl_typesupport_c__pyext
[2.209s] running egg_info
[2.212s] writing velodyne_msgs.egg-info/PKG-INFO
[2.213s] writing dependency_links to velodyne_msgs.egg-info/dependency_links.txt
[2.214s] writing top-level names to velodyne_msgs.egg-info/top_level.txt
[2.225s] reading manifest file 'velodyne_msgs.egg-info/SOURCES.txt'
[2.228s] writing manifest file 'velodyne_msgs.egg-info/SOURCES.txt'
[2.376s] [100%] Built target ament_cmake_python_build_velodyne_msgs_egg
[2.434s] Invoked command in '/home/geomatics_in_house_system/ros2_ws/build/velodyne_msgs' returned '0': CMAKE_PREFIX_PATH=${CMAKE_PREFIX_PATH}:/opt/ros/humble /usr/bin/cmake --build /home/geomatics_in_house_system/ros2_ws/build/velodyne_msgs -- -j4 -l4
[2.947s] Invoking command in '/home/geomatics_in_house_system/ros2_ws/build/velodyne_msgs': CMAKE_PREFIX_PATH=${CMAKE_PREFIX_PATH}:/opt/ros/humble /usr/bin/cmake --install /home/geomatics_in_house_system/ros2_ws/build/velodyne_msgs
[2.989s] -- Install configuration: ""
[2.989s] -- Up-to-date: /home/geomatics_in_house_system/ros2_ws/install/velodyne_msgs/share/ament_index/resource_index/rosidl_interfaces/velodyne_msgs
[2.990s] -- Up-to-date: /home/geomatics_in_house_system/ros2_ws/install/velodyne_msgs/include/velodyne_msgs/velodyne_msgs
[2.991s] -- Up-to-date: /home/geomatics_in_house_system/ros2_ws/install/velodyne_msgs/include/velodyne_msgs/velodyne_msgs/msg
[2.991s] -- Up-to-date: /home/geomatics_in_house_system/ros2_ws/install/velodyne_msgs/include/velodyne_msgs/velodyne_msgs/msg/velodyne_packet.h
[2.992s] -- Up-to-date: /home/geomatics_in_house_system/ros2_ws/install/velodyne_msgs/include/velodyne_msgs/velodyne_msgs/msg/detail
[2.993s] -- Up-to-date: /home/geomatics_in_house_system/ros2_ws/install/velodyne_msgs/include/velodyne_msgs/velodyne_msgs/msg/detail/velodyne_scan__struct.h
[2.993s] -- Up-to-date: /home/geomatics_in_house_system/ros2_ws/install/velodyne_msgs/include/velodyne_msgs/velodyne_msgs/msg/detail/velodyne_scan__functions.c
[2.994s] -- Up-to-date: /home/geomatics_in_house_system/ros2_ws/install/velodyne_msgs/include/velodyne_msgs/velodyne_msgs/msg/detail/velodyne_scan__type_support.h
[2.994s] -- Up-to-date: /home/geomatics_in_house_system/ros2_ws/install/velodyne_msgs/include/velodyne_msgs/velodyne_msgs/msg/detail/velodyne_scan__functions.h
[2.995s] -- Up-to-date: /home/geomatics_in_house_system/ros2_ws/install/velodyne_msgs/include/velodyne_msgs/velodyne_msgs/msg/detail/velodyne_packet__functions.h
[2.996s] -- Up-to-date: /home/geomatics_in_house_system/ros2_ws/install/velodyne_msgs/include/velodyne_msgs/velodyne_msgs/msg/detail/velodyne_packet__struct.h
[2.996s] -- Up-to-date: /home/geomatics_in_house_system/ros2_ws/install/velodyne_msgs/include/velodyne_msgs/velodyne_msgs/msg/detail/velodyne_packet__functions.c
[2.997s] -- Up-to-date: /home/geomatics_in_house_system/ros2_ws/install/velodyne_msgs/include/velodyne_msgs/velodyne_msgs/msg/detail/velodyne_packet__type_support.h
[2.997s] -- Up-to-date: /home/geomatics_in_house_system/ros2_ws/install/velodyne_msgs/include/velodyne_msgs/velodyne_msgs/msg/velodyne_scan.h
[2.998s] -- Up-to-date: /home/geomatics_in_house_system/ros2_ws/install/velodyne_msgs/include/velodyne_msgs/velodyne_msgs/msg/rosidl_generator_c__visibility_control.h
[2.998s] -- Up-to-date: /home/geomatics_in_house_system/ros2_ws/install/velodyne_msgs/share/velodyne_msgs/environment/library_path.sh
[2.999s] -- Up-to-date: /home/geomatics_in_house_system/ros2_ws/install/velodyne_msgs/share/velodyne_msgs/environment/library_path.dsv
[2.999s] -- Up-to-date: /home/geomatics_in_house_system/ros2_ws/install/velodyne_msgs/lib/libvelodyne_msgs__rosidl_generator_c.so
[3.000s] -- Up-to-date: /home/geomatics_in_house_system/ros2_ws/install/velodyne_msgs/include/velodyne_msgs/velodyne_msgs
[3.000s] -- Up-to-date: /home/geomatics_in_house_system/ros2_ws/install/velodyne_msgs/include/velodyne_msgs/velodyne_msgs/msg
[3.001s] -- Up-to-date: /home/geomatics_in_house_system/ros2_ws/install/velodyne_msgs/include/velodyne_msgs/velodyne_msgs/msg/detail
[3.001s] -- Up-to-date: /home/geomatics_in_house_system/ros2_ws/install/velodyne_msgs/include/velodyne_msgs/velodyne_msgs/msg/detail/velodyne_scan__rosidl_typesupport_fastrtps_c.h
[3.002s] -- Up-to-date: /home/geomatics_in_house_system/ros2_ws/install/velodyne_msgs/include/velodyne_msgs/velodyne_msgs/msg/detail/velodyne_packet__rosidl_typesupport_fastrtps_c.h
[3.002s] -- Up-to-date: /home/geomatics_in_house_system/ros2_ws/install/velodyne_msgs/include/velodyne_msgs/velodyne_msgs/msg/rosidl_typesupport_fastrtps_c__visibility_control.h
[3.003s] -- Up-to-date: /home/geomatics_in_house_system/ros2_ws/install/velodyne_msgs/lib/libvelodyne_msgs__rosidl_typesupport_fastrtps_c.so
[3.005s] -- Up-to-date: /home/geomatics_in_house_system/ros2_ws/install/velodyne_msgs/include/velodyne_msgs/velodyne_msgs
[3.005s] -- Up-to-date: /home/geomatics_in_house_system/ros2_ws/install/velodyne_msgs/include/velodyne_msgs/velodyne_msgs/msg
[3.006s] -- Up-to-date: /home/geomatics_in_house_system/ros2_ws/install/velodyne_msgs/include/velodyne_msgs/velodyne_msgs/msg/velodyne_packet.hpp
[3.006s] -- Up-to-date: /home/geomatics_in_house_system/ros2_ws/install/velodyne_msgs/include/velodyne_msgs/velodyne_msgs/msg/detail
[3.006s] -- Up-to-date: /home/geomatics_in_house_system/ros2_ws/install/velodyne_msgs/include/velodyne_msgs/velodyne_msgs/msg/detail/velodyne_packet__builder.hpp
[3.007s] -- Up-to-date: /home/geomatics_in_house_system/ros2_ws/install/velodyne_msgs/include/velodyne_msgs/velodyne_msgs/msg/detail/velodyne_scan__struct.hpp
[3.007s] -- Up-to-date: /home/geomatics_in_house_system/ros2_ws/install/velodyne_msgs/include/velodyne_msgs/velodyne_msgs/msg/detail/velodyne_scan__builder.hpp
[3.008s] -- Up-to-date: /home/geomatics_in_house_system/ros2_ws/install/velodyne_msgs/include/velodyne_msgs/velodyne_msgs/msg/detail/velodyne_packet__struct.hpp
[3.009s] -- Up-to-date: /home/geomatics_in_house_system/ros2_ws/install/velodyne_msgs/include/velodyne_msgs/velodyne_msgs/msg/detail/velodyne_scan__traits.hpp
[3.009s] -- Up-to-date: /home/geomatics_in_house_system/ros2_ws/install/velodyne_msgs/include/velodyne_msgs/velodyne_msgs/msg/detail/velodyne_packet__traits.hpp
[3.010s] -- Up-to-date: /home/geomatics_in_house_system/ros2_ws/install/velodyne_msgs/include/velodyne_msgs/velodyne_msgs/msg/velodyne_scan.hpp
[3.010s] -- Up-to-date: /home/geomatics_in_house_system/ros2_ws/install/velodyne_msgs/include/velodyne_msgs/velodyne_msgs
[3.011s] -- Up-to-date: /home/geomatics_in_house_system/ros2_ws/install/velodyne_msgs/include/velodyne_msgs/velodyne_msgs/msg
[3.012s] -- Up-to-date: /home/geomatics_in_house_system/ros2_ws/install/velodyne_msgs/include/velodyne_msgs/velodyne_msgs/msg/detail
[3.013s] -- Up-to-date: /home/geomatics_in_house_system/ros2_ws/install/velodyne_msgs/include/velodyne_msgs/velodyne_msgs/msg/detail/velodyne_scan__rosidl_typesupport_fastrtps_cpp.hpp
[3.013s] -- Up-to-date: /home/geomatics_in_house_system/ros2_ws/install/velodyne_msgs/include/velodyne_msgs/velodyne_msgs/msg/detail/dds_fastrtps
[3.014s] -- Up-to-date: /home/geomatics_in_house_system/ros2_ws/install/velodyne_msgs/include/velodyne_msgs/velodyne_msgs/msg/detail/velodyne_packet__rosidl_typesupport_fastrtps_cpp.hpp
[3.014s] -- Up-to-date: /home/geomatics_in_house_system/ros2_ws/install/velodyne_msgs/include/velodyne_msgs/velodyne_msgs/msg/rosidl_typesupport_fastrtps_cpp__visibility_control.h
[3.015s] -- Up-to-date: /home/geomatics_in_house_system/ros2_ws/install/velodyne_msgs/lib/libvelodyne_msgs__rosidl_typesupport_fastrtps_cpp.so
[3.015s] -- Up-to-date: /home/geomatics_in_house_system/ros2_ws/install/velodyne_msgs/include/velodyne_msgs/velodyne_msgs
[3.015s] -- Up-to-date: /home/geomatics_in_house_system/ros2_ws/install/velodyne_msgs/include/velodyne_msgs/velodyne_msgs/msg
[3.016s] -- Up-to-date: /home/geomatics_in_house_system/ros2_ws/install/velodyne_msgs/include/velodyne_msgs/velodyne_msgs/msg/rosidl_typesupport_introspection_c__visibility_control.h
[3.017s] -- Up-to-date: /home/geomatics_in_house_system/ros2_ws/install/velodyne_msgs/include/velodyne_msgs/velodyne_msgs/msg/detail
[3.017s] -- Up-to-date: /home/geomatics_in_house_system/ros2_ws/install/velodyne_msgs/include/velodyne_msgs/velodyne_msgs/msg/detail/velodyne_scan__type_support.c
[3.018s] -- Up-to-date: /home/geomatics_in_house_system/ros2_ws/install/velodyne_msgs/include/velodyne_msgs/velodyne_msgs/msg/detail/velodyne_packet__type_support.c
[3.018s] -- Up-to-date: /home/geomatics_in_house_system/ros2_ws/install/velodyne_msgs/include/velodyne_msgs/velodyne_msgs/msg/detail/velodyne_scan__rosidl_typesupport_introspection_c.h
[3.018s] -- Up-to-date: /home/geomatics_in_house_system/ros2_ws/install/velodyne_msgs/include/velodyne_msgs/velodyne_msgs/msg/detail/velodyne_packet__rosidl_typesupport_introspection_c.h
[3.019s] -- Up-to-date: /home/geomatics_in_house_system/ros2_ws/install/velodyne_msgs/lib/libvelodyne_msgs__rosidl_typesupport_introspection_c.so
[3.021s] -- Up-to-date: /home/geomatics_in_house_system/ros2_ws/install/velodyne_msgs/lib/libvelodyne_msgs__rosidl_typesupport_c.so
[3.023s] -- Up-to-date: /home/geomatics_in_house_system/ros2_ws/install/velodyne_msgs/include/velodyne_msgs/velodyne_msgs
[3.024s] -- Up-to-date: /home/geomatics_in_house_system/ros2_ws/install/velodyne_msgs/include/velodyne_msgs/velodyne_msgs/msg
[3.024s] -- Up-to-date: /home/geomatics_in_house_system/ros2_ws/install/velodyne_msgs/include/velodyne_msgs/velodyne_msgs/msg/detail
[3.025s] -- Up-to-date: /home/geomatics_in_house_system/ros2_ws/install/velodyne_msgs/include/velodyne_msgs/velodyne_msgs/msg/detail/velodyne_scan__type_support.cpp
[3.025s] -- Up-to-date: /home/geomatics_in_house_system/ros2_ws/install/velodyne_msgs/include/velodyne_msgs/velodyne_msgs/msg/detail/velodyne_packet__type_support.cpp
[3.026s] -- Up-to-date: /home/geomatics_in_house_system/ros2_ws/install/velodyne_msgs/include/velodyne_msgs/velodyne_msgs/msg/detail/velodyne_packet__rosidl_typesupport_introspection_cpp.hpp
[3.026s] -- Up-to-date: /home/geomatics_in_house_system/ros2_ws/install/velodyne_msgs/include/velodyne_msgs/velodyne_msgs/msg/detail/velodyne_scan__rosidl_typesupport_introspection_cpp.hpp
[3.027s] -- Up-to-date: /home/geomatics_in_house_system/ros2_ws/install/velodyne_msgs/lib/libvelodyne_msgs__rosidl_typesupport_introspection_cpp.so
[3.029s] -- Up-to-date: /home/geomatics_in_house_system/ros2_ws/install/velodyne_msgs/lib/libvelodyne_msgs__rosidl_typesupport_cpp.so
[3.031s] -- Up-to-date: /home/geomatics_in_house_system/ros2_ws/install/velodyne_msgs/share/velodyne_msgs/environment/pythonpath.sh
[3.031s] -- Up-to-date: /home/geomatics_in_house_system/ros2_ws/install/velodyne_msgs/share/velodyne_msgs/environment/pythonpath.dsv
[3.032s] -- Up-to-date: /home/geomatics_in_house_system/ros2_ws/install/velodyne_msgs/local/lib/python3.10/dist-packages/velodyne_msgs-2.4.0-py3.10.egg-info
[3.032s] -- Installing: /home/geomatics_in_house_system/ros2_ws/install/velodyne_msgs/local/lib/python3.10/dist-packages/velodyne_msgs-2.4.0-py3.10.egg-info/dependency_links.txt
[3.034s] -- Installing: /home/geomatics_in_house_system/ros2_ws/install/velodyne_msgs/local/lib/python3.10/dist-packages/velodyne_msgs-2.4.0-py3.10.egg-info/SOURCES.txt
[3.035s] -- Installing: /home/geomatics_in_house_system/ros2_ws/install/velodyne_msgs/local/lib/python3.10/dist-packages/velodyne_msgs-2.4.0-py3.10.egg-info/top_level.txt
[3.037s] -- Installing: /home/geomatics_in_house_system/ros2_ws/install/velodyne_msgs/local/lib/python3.10/dist-packages/velodyne_msgs-2.4.0-py3.10.egg-info/PKG-INFO
[3.038s] -- Up-to-date: /home/geomatics_in_house_system/ros2_ws/install/velodyne_msgs/local/lib/python3.10/dist-packages/velodyne_msgs
[3.039s] -- Up-to-date: /home/geomatics_in_house_system/ros2_ws/install/velodyne_msgs/local/lib/python3.10/dist-packages/velodyne_msgs/_velodyne_msgs_s.ep.rosidl_typesupport_fastrtps_c.c
[3.039s] -- Up-to-date: /home/geomatics_in_house_system/ros2_ws/install/velodyne_msgs/local/lib/python3.10/dist-packages/velodyne_msgs/_velodyne_msgs_s.ep.rosidl_typesupport_introspection_c.c
[3.040s] -- Up-to-date: /home/geomatics_in_house_system/ros2_ws/install/velodyne_msgs/local/lib/python3.10/dist-packages/velodyne_msgs/msg
[3.041s] -- Up-to-date: /home/geomatics_in_house_system/ros2_ws/install/velodyne_msgs/local/lib/python3.10/dist-packages/velodyne_msgs/msg/_velodyne_packet.py
[3.041s] -- Up-to-date: /home/geomatics_in_house_system/ros2_ws/install/velodyne_msgs/local/lib/python3.10/dist-packages/velodyne_msgs/msg/__init__.py
[3.042s] -- Up-to-date: /home/geomatics_in_house_system/ros2_ws/install/velodyne_msgs/local/lib/python3.10/dist-packages/velodyne_msgs/msg/_velodyne_scan.py
[3.042s] -- Up-to-date: /home/geomatics_in_house_system/ros2_ws/install/velodyne_msgs/local/lib/python3.10/dist-packages/velodyne_msgs/msg/_velodyne_scan_s.c
[3.043s] -- Up-to-date: /home/geomatics_in_house_system/ros2_ws/install/velodyne_msgs/local/lib/python3.10/dist-packages/velodyne_msgs/msg/_velodyne_packet_s.c
[3.043s] -- Up-to-date: /home/geomatics_in_house_system/ros2_ws/install/velodyne_msgs/local/lib/python3.10/dist-packages/velodyne_msgs/velodyne_msgs_s__rosidl_typesupport_fastrtps_c.cpython-310-aarch64-linux-gnu.so
[3.044s] -- Up-to-date: /home/geomatics_in_house_system/ros2_ws/install/velodyne_msgs/local/lib/python3.10/dist-packages/velodyne_msgs/_velodyne_msgs_s.ep.rosidl_typesupport_c.c
[3.044s] -- Up-to-date: /home/geomatics_in_house_system/ros2_ws/install/velodyne_msgs/local/lib/python3.10/dist-packages/velodyne_msgs/libvelodyne_msgs__rosidl_generator_py.so
[3.045s] -- Up-to-date: /home/geomatics_in_house_system/ros2_ws/install/velodyne_msgs/local/lib/python3.10/dist-packages/velodyne_msgs/velodyne_msgs_s__rosidl_typesupport_introspection_c.cpython-310-aarch64-linux-gnu.so
[3.046s] -- Up-to-date: /home/geomatics_in_house_system/ros2_ws/install/velodyne_msgs/local/lib/python3.10/dist-packages/velodyne_msgs/__init__.py
[3.046s] -- Up-to-date: /home/geomatics_in_house_system/ros2_ws/install/velodyne_msgs/local/lib/python3.10/dist-packages/velodyne_msgs/velodyne_msgs_s__rosidl_typesupport_c.cpython-310-aarch64-linux-gnu.so
[3.207s] Listing '/home/geomatics_in_house_system/ros2_ws/install/velodyne_msgs/local/lib/python3.10/dist-packages/velodyne_msgs'...
[3.209s] Listing '/home/geomatics_in_house_system/ros2_ws/install/velodyne_msgs/local/lib/python3.10/dist-packages/velodyne_msgs/msg'...
[3.240s] -- Up-to-date: /home/geomatics_in_house_system/ros2_ws/install/velodyne_msgs/local/lib/python3.10/dist-packages/velodyne_msgs/velodyne_msgs_s__rosidl_typesupport_fastrtps_c.cpython-310-aarch64-linux-gnu.so
[3.243s] -- Up-to-date: /home/geomatics_in_house_system/ros2_ws/install/velodyne_msgs/local/lib/python3.10/dist-packages/velodyne_msgs/velodyne_msgs_s__rosidl_typesupport_introspection_c.cpython-310-aarch64-linux-gnu.so
[3.245s] -- Up-to-date: /home/geomatics_in_house_system/ros2_ws/install/velodyne_msgs/local/lib/python3.10/dist-packages/velodyne_msgs/velodyne_msgs_s__rosidl_typesupport_c.cpython-310-aarch64-linux-gnu.so
[3.248s] -- Up-to-date: /home/geomatics_in_house_system/ros2_ws/install/velodyne_msgs/lib/libvelodyne_msgs__rosidl_generator_py.so
[3.249s] -- Up-to-date: /home/geomatics_in_house_system/ros2_ws/install/velodyne_msgs/share/velodyne_msgs/msg/VelodynePacket.idl
[3.250s] -- Up-to-date: /home/geomatics_in_house_system/ros2_ws/install/velodyne_msgs/share/velodyne_msgs/msg/VelodyneScan.idl
[3.250s] -- Up-to-date: /home/geomatics_in_house_system/ros2_ws/install/velodyne_msgs/share/velodyne_msgs/msg/VelodynePacket.msg
[3.251s] -- Up-to-date: /home/geomatics_in_house_system/ros2_ws/install/velodyne_msgs/share/velodyne_msgs/msg/VelodyneScan.msg
[3.252s] -- Up-to-date: /home/geomatics_in_house_system/ros2_ws/install/velodyne_msgs/share/ament_index/resource_index/package_run_dependencies/velodyne_msgs
[3.253s] -- Up-to-date: /home/geomatics_in_house_system/ros2_ws/install/velodyne_msgs/share/ament_index/resource_index/parent_prefix_path/velodyne_msgs
[3.253s] -- Up-to-date: /home/geomatics_in_house_system/ros2_ws/install/velodyne_msgs/share/velodyne_msgs/environment/ament_prefix_path.sh
[3.254s] -- Up-to-date: /home/geomatics_in_house_system/ros2_ws/install/velodyne_msgs/share/velodyne_msgs/environment/ament_prefix_path.dsv
[3.255s] -- Up-to-date: /home/geomatics_in_house_system/ros2_ws/install/velodyne_msgs/share/velodyne_msgs/environment/path.sh
[3.255s] -- Up-to-date: /home/geomatics_in_house_system/ros2_ws/install/velodyne_msgs/share/velodyne_msgs/environment/path.dsv
[3.256s] -- Up-to-date: /home/geomatics_in_house_system/ros2_ws/install/velodyne_msgs/share/velodyne_msgs/local_setup.bash
[3.256s] -- Up-to-date: /home/geomatics_in_house_system/ros2_ws/install/velodyne_msgs/share/velodyne_msgs/local_setup.sh
[3.257s] -- Up-to-date: /home/geomatics_in_house_system/ros2_ws/install/velodyne_msgs/share/velodyne_msgs/local_setup.zsh
[3.257s] -- Up-to-date: /home/geomatics_in_house_system/ros2_ws/install/velodyne_msgs/share/velodyne_msgs/local_setup.dsv
[3.258s] -- Installing: /home/geomatics_in_house_system/ros2_ws/install/velodyne_msgs/share/velodyne_msgs/package.dsv
[3.258s] -- Up-to-date: /home/geomatics_in_house_system/ros2_ws/install/velodyne_msgs/share/ament_index/resource_index/packages/velodyne_msgs
[3.259s] -- Up-to-date: /home/geomatics_in_house_system/ros2_ws/install/velodyne_msgs/share/velodyne_msgs/cmake/export_velodyne_msgs__rosidl_generator_cExport.cmake
[3.259s] -- Up-to-date: /home/geomatics_in_house_system/ros2_ws/install/velodyne_msgs/share/velodyne_msgs/cmake/export_velodyne_msgs__rosidl_generator_cExport-noconfig.cmake
[3.260s] -- Up-to-date: /home/geomatics_in_house_system/ros2_ws/install/velodyne_msgs/share/velodyne_msgs/cmake/export_velodyne_msgs__rosidl_typesupport_fastrtps_cExport.cmake
[3.260s] -- Up-to-date: /home/geomatics_in_house_system/ros2_ws/install/velodyne_msgs/share/velodyne_msgs/cmake/export_velodyne_msgs__rosidl_typesupport_fastrtps_cExport-noconfig.cmake
[3.261s] -- Up-to-date: /home/geomatics_in_house_system/ros2_ws/install/velodyne_msgs/share/velodyne_msgs/cmake/export_velodyne_msgs__rosidl_generator_cppExport.cmake
[3.262s] -- Up-to-date: /home/geomatics_in_house_system/ros2_ws/install/velodyne_msgs/share/velodyne_msgs/cmake/export_velodyne_msgs__rosidl_typesupport_fastrtps_cppExport.cmake
[3.262s] -- Up-to-date: /home/geomatics_in_house_system/ros2_ws/install/velodyne_msgs/share/velodyne_msgs/cmake/export_velodyne_msgs__rosidl_typesupport_fastrtps_cppExport-noconfig.cmake
[3.263s] -- Up-to-date: /home/geomatics_in_house_system/ros2_ws/install/velodyne_msgs/share/velodyne_msgs/cmake/velodyne_msgs__rosidl_typesupport_introspection_cExport.cmake
[3.264s] -- Up-to-date: /home/geomatics_in_house_system/ros2_ws/install/velodyne_msgs/share/velodyne_msgs/cmake/velodyne_msgs__rosidl_typesupport_introspection_cExport-noconfig.cmake
[3.265s] -- Up-to-date: /home/geomatics_in_house_system/ros2_ws/install/velodyne_msgs/share/velodyne_msgs/cmake/velodyne_msgs__rosidl_typesupport_cExport.cmake
[3.266s] -- Up-to-date: /home/geomatics_in_house_system/ros2_ws/install/velodyne_msgs/share/velodyne_msgs/cmake/velodyne_msgs__rosidl_typesupport_cExport-noconfig.cmake
[3.267s] -- Up-to-date: /home/geomatics_in_house_system/ros2_ws/install/velodyne_msgs/share/velodyne_msgs/cmake/velodyne_msgs__rosidl_typesupport_introspection_cppExport.cmake
[3.267s] -- Up-to-date: /home/geomatics_in_house_system/ros2_ws/install/velodyne_msgs/share/velodyne_msgs/cmake/velodyne_msgs__rosidl_typesupport_introspection_cppExport-noconfig.cmake
[3.268s] -- Up-to-date: /home/geomatics_in_house_system/ros2_ws/install/velodyne_msgs/share/velodyne_msgs/cmake/velodyne_msgs__rosidl_typesupport_cppExport.cmake
[3.269s] -- Up-to-date: /home/geomatics_in_house_system/ros2_ws/install/velodyne_msgs/share/velodyne_msgs/cmake/velodyne_msgs__rosidl_typesupport_cppExport-noconfig.cmake
[3.270s] -- Up-to-date: /home/geomatics_in_house_system/ros2_ws/install/velodyne_msgs/share/velodyne_msgs/cmake/export_velodyne_msgs__rosidl_generator_pyExport.cmake
[3.270s] -- Up-to-date: /home/geomatics_in_house_system/ros2_ws/install/velodyne_msgs/share/velodyne_msgs/cmake/export_velodyne_msgs__rosidl_generator_pyExport-noconfig.cmake
[3.271s] -- Up-to-date: /home/geomatics_in_house_system/ros2_ws/install/velodyne_msgs/share/velodyne_msgs/cmake/rosidl_cmake-extras.cmake
[3.271s] -- Up-to-date: /home/geomatics_in_house_system/ros2_ws/install/velodyne_msgs/share/velodyne_msgs/cmake/ament_cmake_export_dependencies-extras.cmake
[3.272s] -- Up-to-date: /home/geomatics_in_house_system/ros2_ws/install/velodyne_msgs/share/velodyne_msgs/cmake/ament_cmake_export_include_directories-extras.cmake
[3.273s] -- Up-to-date: /home/geomatics_in_house_system/ros2_ws/install/velodyne_msgs/share/velodyne_msgs/cmake/ament_cmake_export_libraries-extras.cmake
[3.273s] -- Up-to-date: /home/geomatics_in_house_system/ros2_ws/install/velodyne_msgs/share/velodyne_msgs/cmake/ament_cmake_export_targets-extras.cmake
[3.274s] -- Up-to-date: /home/geomatics_in_house_system/ros2_ws/install/velodyne_msgs/share/velodyne_msgs/cmake/rosidl_cmake_export_typesupport_targets-extras.cmake
[3.274s] -- Up-to-date: /home/geomatics_in_house_system/ros2_ws/install/velodyne_msgs/share/velodyne_msgs/cmake/rosidl_cmake_export_typesupport_libraries-extras.cmake
[3.275s] -- Up-to-date: /home/geomatics_in_house_system/ros2_ws/install/velodyne_msgs/share/velodyne_msgs/cmake/velodyne_msgsConfig.cmake
[3.275s] -- Up-to-date: /home/geomatics_in_house_system/ros2_ws/install/velodyne_msgs/share/velodyne_msgs/cmake/velodyne_msgsConfig-version.cmake
[3.276s] -- Up-to-date: /home/geomatics_in_house_system/ros2_ws/install/velodyne_msgs/share/velodyne_msgs/package.xml
[3.284s] Invoked command in '/home/geomatics_in_house_system/ros2_ws/build/velodyne_msgs' returned '0': CMAKE_PREFIX_PATH=${CMAKE_PREFIX_PATH}:/opt/ros/humble /usr/bin/cmake --install /home/geomatics_in_house_system/ros2_ws/build/velodyne_msgs
