[0.094s] Invoking command in '/home/geomatics_in_house_system/ros2_ws/build/imu_odom': CMAKE_PREFIX_PATH=${CMAKE_PREFIX_PATH}:/opt/ros/humble /usr/bin/cmake --build /home/geomatics_in_house_system/ros2_ws/build/imu_odom -- -j4 -l4
[0.432s] [100%] Built target imu_odom_node
[0.506s] Invoked command in '/home/geomatics_in_house_system/ros2_ws/build/imu_odom' returned '0': CMAKE_PREFIX_PATH=${CMAKE_PREFIX_PATH}:/opt/ros/humble /usr/bin/cmake --build /home/geomatics_in_house_system/ros2_ws/build/imu_odom -- -j4 -l4
[0.691s] Invoking command in '/home/geomatics_in_house_system/ros2_ws/build/imu_odom': CMAKE_PREFIX_PATH=${CMAKE_PREFIX_PATH}:/opt/ros/humble /usr/bin/cmake --install /home/geomatics_in_house_system/ros2_ws/build/imu_odom
[0.735s] -- Install configuration: ""
[0.736s] -- Up-to-date: /home/geomatics_in_house_system/ros2_ws/install/imu_odom/lib/imu_odom/imu_odom_node
[0.737s] -- Up-to-date: /home/geomatics_in_house_system/ros2_ws/install/imu_odom/share/imu_odom/launch
[0.739s] -- Installing: /home/geomatics_in_house_system/ros2_ws/install/imu_odom/share/imu_odom/launch/imu_odom.launch.py
[0.741s] -- Up-to-date: /home/geomatics_in_house_system/ros2_ws/install/imu_odom/share/ament_index/resource_index/package_run_dependencies/imu_odom
[0.742s] -- Up-to-date: /home/geomatics_in_house_system/ros2_ws/install/imu_odom/share/ament_index/resource_index/parent_prefix_path/imu_odom
[0.746s] -- Up-to-date: /home/geomatics_in_house_system/ros2_ws/install/imu_odom/share/imu_odom/environment/ament_prefix_path.sh
[0.747s] -- Up-to-date: /home/geomatics_in_house_system/ros2_ws/install/imu_odom/share/imu_odom/environment/ament_prefix_path.dsv
[0.748s] -- Up-to-date: /home/geomatics_in_house_system/ros2_ws/install/imu_odom/share/imu_odom/environment/path.sh
[0.749s] -- Up-to-date: /home/geomatics_in_house_system/ros2_ws/install/imu_odom/share/imu_odom/environment/path.dsv
[0.750s] -- Up-to-date: /home/geomatics_in_house_system/ros2_ws/install/imu_odom/share/imu_odom/local_setup.bash
[0.750s] -- Up-to-date: /home/geomatics_in_house_system/ros2_ws/install/imu_odom/share/imu_odom/local_setup.sh
[0.751s] -- Up-to-date: /home/geomatics_in_house_system/ros2_ws/install/imu_odom/share/imu_odom/local_setup.zsh
[0.752s] -- Up-to-date: /home/geomatics_in_house_system/ros2_ws/install/imu_odom/share/imu_odom/local_setup.dsv
[0.761s] -- Installing: /home/geomatics_in_house_system/ros2_ws/install/imu_odom/share/imu_odom/package.dsv
[0.761s] -- Up-to-date: /home/geomatics_in_house_system/ros2_ws/install/imu_odom/share/ament_index/resource_index/packages/imu_odom
[0.762s] -- Up-to-date: /home/geomatics_in_house_system/ros2_ws/install/imu_odom/share/imu_odom/cmake/imu_odomConfig.cmake
[0.762s] -- Up-to-date: /home/geomatics_in_house_system/ros2_ws/install/imu_odom/share/imu_odom/cmake/imu_odomConfig-version.cmake
[0.763s] -- Up-to-date: /home/geomatics_in_house_system/ros2_ws/install/imu_odom/share/imu_odom/package.xml
[0.764s] Invoked command in '/home/geomatics_in_house_system/ros2_ws/build/imu_odom' returned '0': CMAKE_PREFIX_PATH=${CMAKE_PREFIX_PATH}:/opt/ros/humble /usr/bin/cmake --install /home/geomatics_in_house_system/ros2_ws/build/imu_odom
