[0.080s] Invoking command in '/home/geomatics_in_house_system/ros2_ws/build/velodyne_laserscan': CMAKE_PREFIX_PATH=${CMAKE_PREFIX_PATH}:/opt/ros/humble /usr/bin/cmake --build /home/geomatics_in_house_system/ros2_ws/build/velodyne_laserscan -- -j4 -l4
[0.407s] [ 50%] Built target velodyne_laserscan
[0.603s] [100%] Built target velodyne_laserscan_node
[0.674s] Invoked command in '/home/geomatics_in_house_system/ros2_ws/build/velodyne_laserscan' returned '0': CMAKE_PREFIX_PATH=${CMAKE_PREFIX_PATH}:/opt/ros/humble /usr/bin/cmake --build /home/geomatics_in_house_system/ros2_ws/build/velodyne_laserscan -- -j4 -l4
[0.941s] Invoking command in '/home/geomatics_in_house_system/ros2_ws/build/velodyne_laserscan': CMAKE_PREFIX_PATH=${CMAKE_PREFIX_PATH}:/opt/ros/humble /usr/bin/cmake --install /home/geomatics_in_house_system/ros2_ws/build/velodyne_laserscan
[0.992s] -- Install configuration: ""
[0.994s] -- Up-to-date: /home/geomatics_in_house_system/ros2_ws/install/velodyne_laserscan/lib/libvelodyne_laserscan.so
[0.997s] -- Up-to-date: /home/geomatics_in_house_system/ros2_ws/install/velodyne_laserscan/lib/velodyne_laserscan/velodyne_laserscan_node
[0.999s] -- Up-to-date: /home/geomatics_in_house_system/ros2_ws/install/velodyne_laserscan/include/velodyne_laserscan
[1.000s] -- Up-to-date: /home/geomatics_in_house_system/ros2_ws/install/velodyne_laserscan/include/velodyne_laserscan/velodyne_laserscan.hpp
[1.001s] -- Up-to-date: /home/geomatics_in_house_system/ros2_ws/install/velodyne_laserscan/share/velodyne_laserscan/config
[1.002s] -- Up-to-date: /home/geomatics_in_house_system/ros2_ws/install/velodyne_laserscan/share/velodyne_laserscan/config/default-velodyne_laserscan_node-params.yaml
[1.003s] -- Up-to-date: /home/geomatics_in_house_system/ros2_ws/install/velodyne_laserscan/share/velodyne_laserscan/launch
[1.005s] -- Up-to-date: /home/geomatics_in_house_system/ros2_ws/install/velodyne_laserscan/share/velodyne_laserscan/launch/velodyne_laserscan_node-composed-launch.py
[1.006s] -- Up-to-date: /home/geomatics_in_house_system/ros2_ws/install/velodyne_laserscan/share/velodyne_laserscan/launch/velodyne_laserscan_node-launch.py
[1.007s] -- Up-to-date: /home/geomatics_in_house_system/ros2_ws/install/velodyne_laserscan/share/ament_index/resource_index/package_run_dependencies/velodyne_laserscan
[1.007s] -- Up-to-date: /home/geomatics_in_house_system/ros2_ws/install/velodyne_laserscan/share/ament_index/resource_index/parent_prefix_path/velodyne_laserscan
[1.008s] -- Up-to-date: /home/geomatics_in_house_system/ros2_ws/install/velodyne_laserscan/share/velodyne_laserscan/environment/ament_prefix_path.sh
[1.009s] -- Up-to-date: /home/geomatics_in_house_system/ros2_ws/install/velodyne_laserscan/share/velodyne_laserscan/environment/ament_prefix_path.dsv
[1.009s] -- Up-to-date: /home/geomatics_in_house_system/ros2_ws/install/velodyne_laserscan/share/velodyne_laserscan/environment/path.sh
[1.010s] -- Up-to-date: /home/geomatics_in_house_system/ros2_ws/install/velodyne_laserscan/share/velodyne_laserscan/environment/path.dsv
[1.012s] -- Up-to-date: /home/geomatics_in_house_system/ros2_ws/install/velodyne_laserscan/share/velodyne_laserscan/local_setup.bash
[1.013s] -- Up-to-date: /home/geomatics_in_house_system/ros2_ws/install/velodyne_laserscan/share/velodyne_laserscan/local_setup.sh
[1.013s] -- Up-to-date: /home/geomatics_in_house_system/ros2_ws/install/velodyne_laserscan/share/velodyne_laserscan/local_setup.zsh
[1.014s] -- Up-to-date: /home/geomatics_in_house_system/ros2_ws/install/velodyne_laserscan/share/velodyne_laserscan/local_setup.dsv
[1.015s] -- Installing: /home/geomatics_in_house_system/ros2_ws/install/velodyne_laserscan/share/velodyne_laserscan/package.dsv
[1.016s] -- Up-to-date: /home/geomatics_in_house_system/ros2_ws/install/velodyne_laserscan/share/ament_index/resource_index/packages/velodyne_laserscan
[1.017s] -- Up-to-date: /home/geomatics_in_house_system/ros2_ws/install/velodyne_laserscan/share/ament_index/resource_index/rclcpp_components/velodyne_laserscan
[1.018s] -- Up-to-date: /home/geomatics_in_house_system/ros2_ws/install/velodyne_laserscan/share/velodyne_laserscan/cmake/velodyne_laserscanConfig.cmake
[1.019s] -- Up-to-date: /home/geomatics_in_house_system/ros2_ws/install/velodyne_laserscan/share/velodyne_laserscan/cmake/velodyne_laserscanConfig-version.cmake
[1.020s] -- Up-to-date: /home/geomatics_in_house_system/ros2_ws/install/velodyne_laserscan/share/velodyne_laserscan/package.xml
[1.036s] Invoked command in '/home/geomatics_in_house_system/ros2_ws/build/velodyne_laserscan' returned '0': CMAKE_PREFIX_PATH=${CMAKE_PREFIX_PATH}:/opt/ros/humble /usr/bin/cmake --install /home/geomatics_in_house_system/ros2_ws/build/velodyne_laserscan
