[0.111s] Invoking command in '/home/geomatics_in_house_system/ros2_ws/build/imu_odom': CMAKE_PREFIX_PATH=${CMAKE_PREFIX_PATH}:/opt/ros/humble /usr/bin/cmake --build /home/geomatics_in_house_system/ros2_ws/build/imu_odom -- -j4 -l4
[0.521s] [100%] Built target imu_odom_node
[0.620s] Invoked command in '/home/geomatics_in_house_system/ros2_ws/build/imu_odom' returned '0': CMAKE_PREFIX_PATH=${CMAKE_PREFIX_PATH}:/opt/ros/humble /usr/bin/cmake --build /home/geomatics_in_house_system/ros2_ws/build/imu_odom -- -j4 -l4
[0.860s] Invoking command in '/home/geomatics_in_house_system/ros2_ws/build/imu_odom': CMAKE_PREFIX_PATH=${CMAKE_PREFIX_PATH}:/opt/ros/humble /usr/bin/cmake --install /home/geomatics_in_house_system/ros2_ws/build/imu_odom
[0.901s] -- Install configuration: ""
[0.905s] -- Up-to-date: /home/geomatics_in_house_system/ros2_ws/install/imu_odom/lib/imu_odom/imu_odom_node
[0.907s] -- Up-to-date: /home/geomatics_in_house_system/ros2_ws/install/imu_odom/share/imu_odom/launch
[0.908s] -- Up-to-date: /home/geomatics_in_house_system/ros2_ws/install/imu_odom/share/imu_odom/launch/imu_odom.launch.py
[0.908s] -- Up-to-date: /home/geomatics_in_house_system/ros2_ws/install/imu_odom/share/ament_index/resource_index/package_run_dependencies/imu_odom
[0.911s] -- Up-to-date: /home/geomatics_in_house_system/ros2_ws/install/imu_odom/share/ament_index/resource_index/parent_prefix_path/imu_odom
[0.911s] -- Up-to-date: /home/geomatics_in_house_system/ros2_ws/install/imu_odom/share/imu_odom/environment/ament_prefix_path.sh
[0.912s] -- Up-to-date: /home/geomatics_in_house_system/ros2_ws/install/imu_odom/share/imu_odom/environment/ament_prefix_path.dsv
[0.912s] -- Up-to-date: /home/geomatics_in_house_system/ros2_ws/install/imu_odom/share/imu_odom/environment/path.sh
[0.913s] -- Up-to-date: /home/geomatics_in_house_system/ros2_ws/install/imu_odom/share/imu_odom/environment/path.dsv
[0.913s] -- Up-to-date: /home/geomatics_in_house_system/ros2_ws/install/imu_odom/share/imu_odom/local_setup.bash
[0.914s] -- Up-to-date: /home/geomatics_in_house_system/ros2_ws/install/imu_odom/share/imu_odom/local_setup.sh
[0.915s] -- Up-to-date: /home/geomatics_in_house_system/ros2_ws/install/imu_odom/share/imu_odom/local_setup.zsh
[0.916s] -- Up-to-date: /home/geomatics_in_house_system/ros2_ws/install/imu_odom/share/imu_odom/local_setup.dsv
[0.917s] -- Installing: /home/geomatics_in_house_system/ros2_ws/install/imu_odom/share/imu_odom/package.dsv
[0.918s] -- Up-to-date: /home/geomatics_in_house_system/ros2_ws/install/imu_odom/share/ament_index/resource_index/packages/imu_odom
[0.919s] -- Up-to-date: /home/geomatics_in_house_system/ros2_ws/install/imu_odom/share/imu_odom/cmake/imu_odomConfig.cmake
[0.921s] -- Up-to-date: /home/geomatics_in_house_system/ros2_ws/install/imu_odom/share/imu_odom/cmake/imu_odomConfig-version.cmake
[0.924s] -- Up-to-date: /home/geomatics_in_house_system/ros2_ws/install/imu_odom/share/imu_odom/package.xml
[0.925s] Invoked command in '/home/geomatics_in_house_system/ros2_ws/build/imu_odom' returned '0': CMAKE_PREFIX_PATH=${CMAKE_PREFIX_PATH}:/opt/ros/humble /usr/bin/cmake --install /home/geomatics_in_house_system/ros2_ws/build/imu_odom
