[0.077s] Invoking command in '/home/geomatics_in_house_system/ros2_ws/build/vectornav_msgs': CMAKE_PREFIX_PATH=${CMAKE_PREFIX_PATH}:/opt/ros/humble /usr/bin/cmake /home/geomatics_in_house_system/ros2_ws/src/vectornav/vectornav_msgs -DCMAKE_INSTALL_PREFIX=/home/geomatics_in_house_system/ros2_ws/install/vectornav_msgs
[0.806s] -- The C compiler identification is GNU 11.4.0
[1.565s] -- The CXX compiler identification is GNU 11.4.0
[1.611s] -- Detecting C compiler ABI info
[1.961s] -- Detecting C compiler ABI info - done
[1.988s] -- Check for working C compiler: /usr/bin/cc - skipped
[1.992s] -- Detecting C compile features
[1.994s] -- Detecting C compile features - done
[2.010s] -- Detecting CXX compiler ABI info
[2.429s] -- Detecting CXX compiler ABI info - done
[2.455s] -- Check for working CXX compiler: /usr/bin/c++ - skipped
[2.456s] -- Detecting CXX compile features
[2.457s] -- Detecting CXX compile features - done
[2.494s] -- Found ament_cmake: 1.3.8 (/opt/ros/humble/share/ament_cmake/cmake)
[3.350s] -- Found Python3: /usr/bin/python3 (found version "3.10.12") found components: Interpreter 
[4.151s] -- Found geometry_msgs: 4.2.3 (/opt/ros/humble/share/geometry_msgs/cmake)
[4.705s] -- Found rosidl_generator_c: 3.1.5 (/opt/ros/humble/share/rosidl_generator_c/cmake)
[4.771s] -- Found rosidl_adapter: 3.1.5 (/opt/ros/humble/share/rosidl_adapter/cmake)
[4.862s] -- Found rosidl_generator_cpp: 3.1.5 (/opt/ros/humble/share/rosidl_generator_cpp/cmake)
[5.007s] -- Using all available rosidl_typesupport_c: rosidl_typesupport_fastrtps_c;rosidl_typesupport_introspection_c
[5.159s] -- Using all available rosidl_typesupport_cpp: rosidl_typesupport_fastrtps_cpp;rosidl_typesupport_introspection_cpp
[5.767s] -- Found rosidl_default_generators: 1.2.0 (/opt/ros/humble/share/rosidl_default_generators/cmake)
[5.835s] [0mGrabbing messages action/MagCal.action[0m
[7.873s] -- Found ament_cmake_ros: 0.10.0 (/opt/ros/humble/share/ament_cmake_ros/cmake)
[9.908s] -- Using all available rosidl_typesupport_c: rosidl_typesupport_fastrtps_c;rosidl_typesupport_introspection_c
[10.682s] -- Using all available rosidl_typesupport_cpp: rosidl_typesupport_fastrtps_cpp;rosidl_typesupport_introspection_cpp
[10.802s] -- Found PythonInterp: /usr/bin/python3 (found suitable version "3.10.12", minimum required is "3.6") 
[10.830s] -- Found python_cmake_module: 0.10.0 (/opt/ros/humble/share/python_cmake_module/cmake)
[10.960s] -- Found PythonLibs: /usr/lib/aarch64-linux-gnu/libpython3.10.so (found suitable version "3.10.12", minimum required is "3.5") 
[10.960s] -- Using PYTHON_EXECUTABLE: /usr/bin/python3
[10.961s] -- Using PYTHON_INCLUDE_DIRS: /usr/include/python3.10
[10.961s] -- Using PYTHON_LIBRARIES: /usr/lib/aarch64-linux-gnu/libpython3.10.so
[11.063s] -- Found PythonExtra: .so  
[11.422s] -- Configuring done
[11.692s] -- Generating done
[11.706s] -- Build files have been written to: /home/geomatics_in_house_system/ros2_ws/build/vectornav_msgs
[11.745s] Invoked command in '/home/geomatics_in_house_system/ros2_ws/build/vectornav_msgs' returned '0': CMAKE_PREFIX_PATH=${CMAKE_PREFIX_PATH}:/opt/ros/humble /usr/bin/cmake /home/geomatics_in_house_system/ros2_ws/src/vectornav/vectornav_msgs -DCMAKE_INSTALL_PREFIX=/home/geomatics_in_house_system/ros2_ws/install/vectornav_msgs
[11.752s] Invoking command in '/home/geomatics_in_house_system/ros2_ws/build/vectornav_msgs': CMAKE_PREFIX_PATH=${CMAKE_PREFIX_PATH}:/opt/ros/humble /usr/bin/cmake --build /home/geomatics_in_house_system/ros2_ws/build/vectornav_msgs -- -j4 -l4
[11.958s] [  1%] [34m[1mGenerating C code for ROS interfaces[0m
[12.010s] [  1%] [34m[1mGenerating C++ code for ROS interfaces[0m
[12.047s] [  1%] Built target ament_cmake_python_copy_vectornav_msgs
[13.561s] running egg_info
[13.564s] creating vectornav_msgs.egg-info
[13.565s] writing vectornav_msgs.egg-info/PKG-INFO
[13.566s] writing dependency_links to vectornav_msgs.egg-info/dependency_links.txt
[13.566s] writing top-level names to vectornav_msgs.egg-info/top_level.txt
[13.568s] writing manifest file 'vectornav_msgs.egg-info/SOURCES.txt'
[13.577s] reading manifest file 'vectornav_msgs.egg-info/SOURCES.txt'
[13.580s] writing manifest file 'vectornav_msgs.egg-info/SOURCES.txt'
[13.735s] [  1%] Built target ament_cmake_python_build_vectornav_msgs_egg
[20.400s] [  1%] Built target vectornav_msgs__cpp
[20.457s] [  2%] [34m[1mGenerating C++ type support dispatch for ROS interfaces[0m
[20.474s] [  3%] [34m[1mGenerating C++ introspection for ROS interfaces[0m
[20.475s] [  3%] [34m[1mGenerating C++ type support for eProsima Fast-RTPS[0m
[22.907s] [  4%] [32mBuilding C object CMakeFiles/vectornav_msgs__rosidl_generator_c.dir/rosidl_generator_c/vectornav_msgs/msg/detail/attitude_group__functions.c.o[0m
[23.337s] [  5%] [32mBuilding C object CMakeFiles/vectornav_msgs__rosidl_generator_c.dir/rosidl_generator_c/vectornav_msgs/msg/detail/common_group__functions.c.o[0m
[23.678s] [  6%] [32mBuilding C object CMakeFiles/vectornav_msgs__rosidl_generator_c.dir/rosidl_generator_c/vectornav_msgs/msg/detail/dop__functions.c.o[0m
[23.969s] [  6%] [32mBuilding C object CMakeFiles/vectornav_msgs__rosidl_generator_c.dir/rosidl_generator_c/vectornav_msgs/msg/detail/gps_group__functions.c.o[0m
[24.297s] [  7%] [32mBuilding C object CMakeFiles/vectornav_msgs__rosidl_generator_c.dir/rosidl_generator_c/vectornav_msgs/msg/detail/imu_group__functions.c.o[0m
[24.623s] [  8%] [32mBuilding C object CMakeFiles/vectornav_msgs__rosidl_generator_c.dir/rosidl_generator_c/vectornav_msgs/msg/detail/ins_group__functions.c.o[0m
[24.947s] [  9%] [32mBuilding C object CMakeFiles/vectornav_msgs__rosidl_generator_c.dir/rosidl_generator_c/vectornav_msgs/msg/detail/ins_status__functions.c.o[0m
[25.241s] [ 10%] [32mBuilding C object CMakeFiles/vectornav_msgs__rosidl_generator_c.dir/rosidl_generator_c/vectornav_msgs/msg/detail/time_group__functions.c.o[0m
[25.553s] [ 11%] [32mBuilding C object CMakeFiles/vectornav_msgs__rosidl_generator_c.dir/rosidl_generator_c/vectornav_msgs/msg/detail/time_status__functions.c.o[0m
[25.879s] [ 11%] [32mBuilding C object CMakeFiles/vectornav_msgs__rosidl_generator_c.dir/rosidl_generator_c/vectornav_msgs/msg/detail/time_utc__functions.c.o[0m
[26.192s] [ 12%] [32mBuilding C object CMakeFiles/vectornav_msgs__rosidl_generator_c.dir/rosidl_generator_c/vectornav_msgs/msg/detail/vpe_status__functions.c.o[0m
[26.481s] [ 13%] [32mBuilding C object CMakeFiles/vectornav_msgs__rosidl_generator_c.dir/rosidl_generator_c/vectornav_msgs/action/detail/mag_cal__functions.c.o[0m
[27.287s] [ 14%] [32m[1mLinking C shared library libvectornav_msgs__rosidl_generator_c.so[0m
[27.559s] [ 14%] Built target vectornav_msgs__rosidl_generator_c
[27.629s] [ 15%] [34m[1mGenerating C type support for eProsima Fast-RTPS[0m
[27.926s] [ 16%] [32mBuilding CXX object CMakeFiles/vectornav_msgs__rosidl_typesupport_cpp.dir/rosidl_typesupport_cpp/vectornav_msgs/msg/attitude_group__type_support.cpp.o[0m
[28.968s] [ 16%] [32mBuilding CXX object CMakeFiles/vectornav_msgs__rosidl_typesupport_introspection_cpp.dir/rosidl_typesupport_introspection_cpp/vectornav_msgs/msg/detail/attitude_group__type_support.cpp.o[0m
[29.965s] [ 17%] [32mBuilding CXX object CMakeFiles/vectornav_msgs__rosidl_typesupport_cpp.dir/rosidl_typesupport_cpp/vectornav_msgs/msg/common_group__type_support.cpp.o[0m
[30.948s] [ 18%] [32mBuilding CXX object CMakeFiles/vectornav_msgs__rosidl_typesupport_fastrtps_cpp.dir/rosidl_typesupport_fastrtps_cpp/vectornav_msgs/msg/detail/dds_fastrtps/attitude_group__type_support.cpp.o[0m
[31.577s] [ 19%] [32mBuilding CXX object CMakeFiles/vectornav_msgs__rosidl_typesupport_introspection_cpp.dir/rosidl_typesupport_introspection_cpp/vectornav_msgs/msg/detail/common_group__type_support.cpp.o[0m
[31.819s] [ 20%] [32mBuilding CXX object CMakeFiles/vectornav_msgs__rosidl_typesupport_cpp.dir/rosidl_typesupport_cpp/vectornav_msgs/msg/dop__type_support.cpp.o[0m
[33.656s] [ 21%] [32mBuilding CXX object CMakeFiles/vectornav_msgs__rosidl_typesupport_fastrtps_cpp.dir/rosidl_typesupport_fastrtps_cpp/vectornav_msgs/msg/detail/dds_fastrtps/common_group__type_support.cpp.o[0m
[33.780s] [ 22%] [32mBuilding CXX object CMakeFiles/vectornav_msgs__rosidl_typesupport_cpp.dir/rosidl_typesupport_cpp/vectornav_msgs/msg/gps_group__type_support.cpp.o[0m
[34.035s] [ 23%] [32mBuilding CXX object CMakeFiles/vectornav_msgs__rosidl_typesupport_introspection_cpp.dir/rosidl_typesupport_introspection_cpp/vectornav_msgs/msg/detail/dop__type_support.cpp.o[0m
[35.673s] [ 23%] [32mBuilding CXX object CMakeFiles/vectornav_msgs__rosidl_typesupport_cpp.dir/rosidl_typesupport_cpp/vectornav_msgs/msg/imu_group__type_support.cpp.o[0m
[36.331s] [ 24%] [32mBuilding CXX object CMakeFiles/vectornav_msgs__rosidl_typesupport_fastrtps_cpp.dir/rosidl_typesupport_fastrtps_cpp/vectornav_msgs/msg/detail/dds_fastrtps/dop__type_support.cpp.o[0m
[36.445s] [ 25%] [32mBuilding CXX object CMakeFiles/vectornav_msgs__rosidl_typesupport_introspection_cpp.dir/rosidl_typesupport_introspection_cpp/vectornav_msgs/msg/detail/gps_group__type_support.cpp.o[0m
[37.585s] [ 26%] [32mBuilding CXX object CMakeFiles/vectornav_msgs__rosidl_typesupport_cpp.dir/rosidl_typesupport_cpp/vectornav_msgs/msg/ins_group__type_support.cpp.o[0m
[38.046s] [ 27%] [32mBuilding CXX object CMakeFiles/vectornav_msgs__rosidl_typesupport_fastrtps_c.dir/rosidl_typesupport_fastrtps_c/vectornav_msgs/msg/detail/attitude_group__type_support_c.cpp.o[0m
[38.910s] [ 28%] [32mBuilding CXX object CMakeFiles/vectornav_msgs__rosidl_typesupport_fastrtps_cpp.dir/rosidl_typesupport_fastrtps_cpp/vectornav_msgs/msg/detail/dds_fastrtps/gps_group__type_support.cpp.o[0m
[38.944s] [ 29%] [32mBuilding CXX object CMakeFiles/vectornav_msgs__rosidl_typesupport_introspection_cpp.dir/rosidl_typesupport_introspection_cpp/vectornav_msgs/msg/detail/imu_group__type_support.cpp.o[0m
[39.424s] [ 30%] [32mBuilding CXX object CMakeFiles/vectornav_msgs__rosidl_typesupport_cpp.dir/rosidl_typesupport_cpp/vectornav_msgs/msg/ins_status__type_support.cpp.o[0m
[40.251s] [ 31%] [32mBuilding CXX object CMakeFiles/vectornav_msgs__rosidl_typesupport_fastrtps_c.dir/rosidl_typesupport_fastrtps_c/vectornav_msgs/msg/detail/common_group__type_support_c.cpp.o[0m
[41.345s] [ 32%] [32mBuilding CXX object CMakeFiles/vectornav_msgs__rosidl_typesupport_cpp.dir/rosidl_typesupport_cpp/vectornav_msgs/msg/time_group__type_support.cpp.o[0m
[41.411s] [ 33%] [32mBuilding CXX object CMakeFiles/vectornav_msgs__rosidl_typesupport_introspection_cpp.dir/rosidl_typesupport_introspection_cpp/vectornav_msgs/msg/detail/ins_group__type_support.cpp.o[0m
[41.602s] [ 34%] [32mBuilding CXX object CMakeFiles/vectornav_msgs__rosidl_typesupport_fastrtps_cpp.dir/rosidl_typesupport_fastrtps_cpp/vectornav_msgs/msg/detail/dds_fastrtps/imu_group__type_support.cpp.o[0m
[42.538s] [ 34%] [32mBuilding CXX object CMakeFiles/vectornav_msgs__rosidl_typesupport_fastrtps_c.dir/rosidl_typesupport_fastrtps_c/vectornav_msgs/msg/detail/dop__type_support_c.cpp.o[0m
[43.214s] [ 35%] [32mBuilding CXX object CMakeFiles/vectornav_msgs__rosidl_typesupport_cpp.dir/rosidl_typesupport_cpp/vectornav_msgs/msg/time_status__type_support.cpp.o[0m
[43.855s] [ 35%] [32mBuilding CXX object CMakeFiles/vectornav_msgs__rosidl_typesupport_introspection_cpp.dir/rosidl_typesupport_introspection_cpp/vectornav_msgs/msg/detail/ins_status__type_support.cpp.o[0m
[44.280s] [ 35%] [32mBuilding CXX object CMakeFiles/vectornav_msgs__rosidl_typesupport_fastrtps_cpp.dir/rosidl_typesupport_fastrtps_cpp/vectornav_msgs/msg/detail/dds_fastrtps/ins_group__type_support.cpp.o[0m
[44.665s] [ 36%] [32mBuilding CXX object CMakeFiles/vectornav_msgs__rosidl_typesupport_fastrtps_c.dir/rosidl_typesupport_fastrtps_c/vectornav_msgs/msg/detail/gps_group__type_support_c.cpp.o[0m
[45.078s] [ 37%] [32mBuilding CXX object CMakeFiles/vectornav_msgs__rosidl_typesupport_cpp.dir/rosidl_typesupport_cpp/vectornav_msgs/msg/time_utc__type_support.cpp.o[0m
[46.247s] [ 38%] [32mBuilding CXX object CMakeFiles/vectornav_msgs__rosidl_typesupport_introspection_cpp.dir/rosidl_typesupport_introspection_cpp/vectornav_msgs/msg/detail/time_group__type_support.cpp.o[0m
[46.932s] [ 39%] [32mBuilding CXX object CMakeFiles/vectornav_msgs__rosidl_typesupport_fastrtps_c.dir/rosidl_typesupport_fastrtps_c/vectornav_msgs/msg/detail/imu_group__type_support_c.cpp.o[0m
[47.002s] [ 40%] [32mBuilding CXX object CMakeFiles/vectornav_msgs__rosidl_typesupport_fastrtps_cpp.dir/rosidl_typesupport_fastrtps_cpp/vectornav_msgs/msg/detail/dds_fastrtps/ins_status__type_support.cpp.o[0m
[47.004s] [ 40%] [32mBuilding CXX object CMakeFiles/vectornav_msgs__rosidl_typesupport_cpp.dir/rosidl_typesupport_cpp/vectornav_msgs/msg/vpe_status__type_support.cpp.o[0m
[48.724s] [ 41%] [32mBuilding CXX object CMakeFiles/vectornav_msgs__rosidl_typesupport_introspection_cpp.dir/rosidl_typesupport_introspection_cpp/vectornav_msgs/msg/detail/time_status__type_support.cpp.o[0m
[48.776s] [ 42%] [32mBuilding CXX object CMakeFiles/vectornav_msgs__rosidl_typesupport_cpp.dir/rosidl_typesupport_cpp/vectornav_msgs/action/mag_cal__type_support.cpp.o[0m
[49.130s] [ 43%] [32mBuilding CXX object CMakeFiles/vectornav_msgs__rosidl_typesupport_fastrtps_c.dir/rosidl_typesupport_fastrtps_c/vectornav_msgs/msg/detail/ins_group__type_support_c.cpp.o[0m
[49.753s] [ 44%] [32mBuilding CXX object CMakeFiles/vectornav_msgs__rosidl_typesupport_fastrtps_cpp.dir/rosidl_typesupport_fastrtps_cpp/vectornav_msgs/msg/detail/dds_fastrtps/time_group__type_support.cpp.o[0m
[51.119s] [ 45%] [32mBuilding CXX object CMakeFiles/vectornav_msgs__rosidl_typesupport_introspection_cpp.dir/rosidl_typesupport_introspection_cpp/vectornav_msgs/msg/detail/time_utc__type_support.cpp.o[0m
[51.427s] [ 46%] [32mBuilding CXX object CMakeFiles/vectornav_msgs__rosidl_typesupport_fastrtps_c.dir/rosidl_typesupport_fastrtps_c/vectornav_msgs/msg/detail/ins_status__type_support_c.cpp.o[0m
[51.864s] [ 47%] [32m[1mLinking CXX shared library libvectornav_msgs__rosidl_typesupport_cpp.so[0m
[52.145s] [ 47%] Built target vectornav_msgs__rosidl_typesupport_cpp
[52.218s] [ 48%] [34m[1mGenerating C introspection for ROS interfaces[0m
[52.758s] [ 49%] [32mBuilding CXX object CMakeFiles/vectornav_msgs__rosidl_typesupport_fastrtps_cpp.dir/rosidl_typesupport_fastrtps_cpp/vectornav_msgs/msg/detail/dds_fastrtps/time_status__type_support.cpp.o[0m
[53.560s] [ 50%] [32mBuilding CXX object CMakeFiles/vectornav_msgs__rosidl_typesupport_introspection_cpp.dir/rosidl_typesupport_introspection_cpp/vectornav_msgs/msg/detail/vpe_status__type_support.cpp.o[0m
[53.628s] [ 51%] [32mBuilding CXX object CMakeFiles/vectornav_msgs__rosidl_typesupport_fastrtps_c.dir/rosidl_typesupport_fastrtps_c/vectornav_msgs/msg/detail/time_group__type_support_c.cpp.o[0m
[55.552s] [ 52%] [32mBuilding CXX object CMakeFiles/vectornav_msgs__rosidl_typesupport_fastrtps_cpp.dir/rosidl_typesupport_fastrtps_cpp/vectornav_msgs/msg/detail/dds_fastrtps/time_utc__type_support.cpp.o[0m
[55.846s] [ 52%] [32mBuilding CXX object CMakeFiles/vectornav_msgs__rosidl_typesupport_fastrtps_c.dir/rosidl_typesupport_fastrtps_c/vectornav_msgs/msg/detail/time_status__type_support_c.cpp.o[0m
[55.990s] [ 53%] [32mBuilding CXX object CMakeFiles/vectornav_msgs__rosidl_typesupport_introspection_cpp.dir/rosidl_typesupport_introspection_cpp/vectornav_msgs/action/detail/mag_cal__type_support.cpp.o[0m
[57.967s] [ 54%] [32mBuilding CXX object CMakeFiles/vectornav_msgs__rosidl_typesupport_fastrtps_c.dir/rosidl_typesupport_fastrtps_c/vectornav_msgs/msg/detail/time_utc__type_support_c.cpp.o[0m
[58.198s] [ 55%] [32mBuilding CXX object CMakeFiles/vectornav_msgs__rosidl_typesupport_fastrtps_cpp.dir/rosidl_typesupport_fastrtps_cpp/vectornav_msgs/msg/detail/dds_fastrtps/vpe_status__type_support.cpp.o[0m
[60.044s] [ 56%] [32m[1mLinking CXX shared library libvectornav_msgs__rosidl_typesupport_introspection_cpp.so[0m
[60.198s] [ 57%] [32mBuilding CXX object CMakeFiles/vectornav_msgs__rosidl_typesupport_fastrtps_c.dir/rosidl_typesupport_fastrtps_c/vectornav_msgs/msg/detail/vpe_status__type_support_c.cpp.o[0m
[60.482s] [ 57%] Built target vectornav_msgs__rosidl_typesupport_introspection_cpp
[60.539s] [ 58%] [34m[1mGenerating C type support dispatch for ROS interfaces[0m
[60.934s] [ 58%] [32mBuilding CXX object CMakeFiles/vectornav_msgs__rosidl_typesupport_fastrtps_cpp.dir/rosidl_typesupport_fastrtps_cpp/vectornav_msgs/action/detail/dds_fastrtps/mag_cal__type_support.cpp.o[0m
[62.397s] [ 59%] [32mBuilding CXX object CMakeFiles/vectornav_msgs__rosidl_typesupport_fastrtps_c.dir/rosidl_typesupport_fastrtps_c/vectornav_msgs/action/detail/mag_cal__type_support_c.cpp.o[0m
[62.784s] [ 60%] [32mBuilding C object CMakeFiles/vectornav_msgs__rosidl_typesupport_introspection_c.dir/rosidl_typesupport_introspection_c/vectornav_msgs/msg/detail/attitude_group__type_support.c.o[0m
[63.091s] [ 61%] [32mBuilding C object CMakeFiles/vectornav_msgs__rosidl_typesupport_introspection_c.dir/rosidl_typesupport_introspection_c/vectornav_msgs/msg/detail/common_group__type_support.c.o[0m
[63.399s] [ 62%] [32mBuilding C object CMakeFiles/vectornav_msgs__rosidl_typesupport_introspection_c.dir/rosidl_typesupport_introspection_c/vectornav_msgs/msg/detail/dop__type_support.c.o[0m
[63.659s] [ 62%] [32mBuilding C object CMakeFiles/vectornav_msgs__rosidl_typesupport_introspection_c.dir/rosidl_typesupport_introspection_c/vectornav_msgs/msg/detail/gps_group__type_support.c.o[0m
[63.949s] [ 63%] [32mBuilding C object CMakeFiles/vectornav_msgs__rosidl_typesupport_introspection_c.dir/rosidl_typesupport_introspection_c/vectornav_msgs/msg/detail/imu_group__type_support.c.o[0m
[64.242s] [ 64%] [32mBuilding C object CMakeFiles/vectornav_msgs__rosidl_typesupport_introspection_c.dir/rosidl_typesupport_introspection_c/vectornav_msgs/msg/detail/ins_group__type_support.c.o[0m
[64.526s] [ 65%] [32mBuilding C object CMakeFiles/vectornav_msgs__rosidl_typesupport_introspection_c.dir/rosidl_typesupport_introspection_c/vectornav_msgs/msg/detail/ins_status__type_support.c.o[0m
[64.740s] [ 66%] [32m[1mLinking CXX shared library libvectornav_msgs__rosidl_typesupport_fastrtps_cpp.so[0m
[64.771s] [ 67%] [32mBuilding C object CMakeFiles/vectornav_msgs__rosidl_typesupport_introspection_c.dir/rosidl_typesupport_introspection_c/vectornav_msgs/msg/detail/time_group__type_support.c.o[0m
[64.920s] [ 68%] [32m[1mLinking CXX shared library libvectornav_msgs__rosidl_typesupport_fastrtps_c.so[0m
[65.030s] [ 69%] [32mBuilding C object CMakeFiles/vectornav_msgs__rosidl_typesupport_introspection_c.dir/rosidl_typesupport_introspection_c/vectornav_msgs/msg/detail/time_status__type_support.c.o[0m
[65.268s] [ 69%] Built target vectornav_msgs__rosidl_typesupport_fastrtps_cpp
[65.300s] [ 70%] [32mBuilding C object CMakeFiles/vectornav_msgs__rosidl_typesupport_introspection_c.dir/rosidl_typesupport_introspection_c/vectornav_msgs/msg/detail/time_utc__type_support.c.o[0m
[65.323s] [ 70%] [32mBuilding C object CMakeFiles/vectornav_msgs__rosidl_typesupport_introspection_c.dir/rosidl_typesupport_introspection_c/vectornav_msgs/msg/detail/vpe_status__type_support.c.o[0m
[65.422s] [ 70%] Built target vectornav_msgs__rosidl_typesupport_fastrtps_c
[65.471s] [ 71%] [32mBuilding C object CMakeFiles/vectornav_msgs__rosidl_typesupport_introspection_c.dir/rosidl_typesupport_introspection_c/vectornav_msgs/action/detail/mag_cal__type_support.c.o[0m
[65.773s] [ 72%] [32m[1mLinking C shared library libvectornav_msgs__rosidl_typesupport_introspection_c.so[0m
[65.954s] [ 72%] Built target vectornav_msgs__rosidl_typesupport_introspection_c
[67.466s] [ 73%] [32mBuilding CXX object CMakeFiles/vectornav_msgs__rosidl_typesupport_c.dir/rosidl_typesupport_c/vectornav_msgs/msg/attitude_group__type_support.cpp.o[0m
[67.469s] [ 73%] [32mBuilding CXX object CMakeFiles/vectornav_msgs__rosidl_typesupport_c.dir/rosidl_typesupport_c/vectornav_msgs/msg/common_group__type_support.cpp.o[0m
[67.473s] [ 74%] [32mBuilding CXX object CMakeFiles/vectornav_msgs__rosidl_typesupport_c.dir/rosidl_typesupport_c/vectornav_msgs/msg/dop__type_support.cpp.o[0m
[67.476s] [ 75%] [32mBuilding CXX object CMakeFiles/vectornav_msgs__rosidl_typesupport_c.dir/rosidl_typesupport_c/vectornav_msgs/msg/gps_group__type_support.cpp.o[0m
[67.662s] [ 77%] [32mBuilding CXX object CMakeFiles/vectornav_msgs__rosidl_typesupport_c.dir/rosidl_typesupport_c/vectornav_msgs/msg/imu_group__type_support.cpp.o[0m
[67.664s] [ 77%] [32mBuilding CXX object CMakeFiles/vectornav_msgs__rosidl_typesupport_c.dir/rosidl_typesupport_c/vectornav_msgs/msg/ins_group__type_support.cpp.o[0m
[67.666s] [ 78%] [32mBuilding CXX object CMakeFiles/vectornav_msgs__rosidl_typesupport_c.dir/rosidl_typesupport_c/vectornav_msgs/msg/ins_status__type_support.cpp.o[0m
[67.673s] [ 78%] [32mBuilding CXX object CMakeFiles/vectornav_msgs__rosidl_typesupport_c.dir/rosidl_typesupport_c/vectornav_msgs/msg/time_group__type_support.cpp.o[0m
[67.850s] [ 79%] [32mBuilding CXX object CMakeFiles/vectornav_msgs__rosidl_typesupport_c.dir/rosidl_typesupport_c/vectornav_msgs/msg/time_status__type_support.cpp.o[0m
[67.851s] [ 80%] [32mBuilding CXX object CMakeFiles/vectornav_msgs__rosidl_typesupport_c.dir/rosidl_typesupport_c/vectornav_msgs/msg/time_utc__type_support.cpp.o[0m
[67.854s] [ 81%] [32mBuilding CXX object CMakeFiles/vectornav_msgs__rosidl_typesupport_c.dir/rosidl_typesupport_c/vectornav_msgs/msg/vpe_status__type_support.cpp.o[0m
[67.869s] [ 82%] [32mBuilding CXX object CMakeFiles/vectornav_msgs__rosidl_typesupport_c.dir/rosidl_typesupport_c/vectornav_msgs/action/mag_cal__type_support.cpp.o[0m
[68.151s] [ 83%] [32m[1mLinking CXX shared library libvectornav_msgs__rosidl_typesupport_c.so[0m
[68.357s] [ 83%] Built target vectornav_msgs__rosidl_typesupport_c
[68.453s] [ 83%] Built target vectornav_msgs
[68.553s] [ 84%] [34m[1mGenerating Python code for ROS interfaces[0m
[82.804s] [ 84%] Built target vectornav_msgs__py
[82.910s] [ 86%] [32mBuilding C object CMakeFiles/vectornav_msgs__rosidl_generator_py.dir/rosidl_generator_py/vectornav_msgs/msg/_attitude_group_s.c.o[0m
[82.911s] [ 86%] [32mBuilding C object CMakeFiles/vectornav_msgs__rosidl_generator_py.dir/rosidl_generator_py/vectornav_msgs/msg/_common_group_s.c.o[0m
[82.914s] [ 87%] [32mBuilding C object CMakeFiles/vectornav_msgs__rosidl_generator_py.dir/rosidl_generator_py/vectornav_msgs/msg/_dop_s.c.o[0m
[82.916s] [ 87%] [32mBuilding C object CMakeFiles/vectornav_msgs__rosidl_generator_py.dir/rosidl_generator_py/vectornav_msgs/msg/_gps_group_s.c.o[0m
[83.662s] [ 88%] [32mBuilding C object CMakeFiles/vectornav_msgs__rosidl_generator_py.dir/rosidl_generator_py/vectornav_msgs/msg/_imu_group_s.c.o[0m
[83.692s] [ 90%] [32mBuilding C object CMakeFiles/vectornav_msgs__rosidl_generator_py.dir/rosidl_generator_py/vectornav_msgs/msg/_ins_status_s.c.o[0m
[83.693s] [ 90%] [32mBuilding C object CMakeFiles/vectornav_msgs__rosidl_generator_py.dir/rosidl_generator_py/vectornav_msgs/msg/_ins_group_s.c.o[0m
[83.704s] [ 91%] [32mBuilding C object CMakeFiles/vectornav_msgs__rosidl_generator_py.dir/rosidl_generator_py/vectornav_msgs/msg/_time_group_s.c.o[0m
[84.291s] [ 92%] [32mBuilding C object CMakeFiles/vectornav_msgs__rosidl_generator_py.dir/rosidl_generator_py/vectornav_msgs/msg/_time_status_s.c.o[0m
[84.292s] [ 92%] [32mBuilding C object CMakeFiles/vectornav_msgs__rosidl_generator_py.dir/rosidl_generator_py/vectornav_msgs/msg/_time_utc_s.c.o[0m
[84.322s] [ 93%] [32mBuilding C object CMakeFiles/vectornav_msgs__rosidl_generator_py.dir/rosidl_generator_py/vectornav_msgs/msg/_vpe_status_s.c.o[0m
[84.373s] [ 94%] [32mBuilding C object CMakeFiles/vectornav_msgs__rosidl_generator_py.dir/rosidl_generator_py/vectornav_msgs/action/_mag_cal_s.c.o[0m
[85.157s] [ 95%] [32m[1mLinking C shared library rosidl_generator_py/vectornav_msgs/libvectornav_msgs__rosidl_generator_py.so[0m
[85.403s] [ 95%] Built target vectornav_msgs__rosidl_generator_py
[85.506s] [ 96%] [32mBuilding C object CMakeFiles/vectornav_msgs__rosidl_typesupport_fastrtps_c__pyext.dir/rosidl_generator_py/vectornav_msgs/_vectornav_msgs_s.ep.rosidl_typesupport_fastrtps_c.c.o[0m
[85.508s] [ 97%] [32mBuilding C object CMakeFiles/vectornav_msgs__rosidl_typesupport_introspection_c__pyext.dir/rosidl_generator_py/vectornav_msgs/_vectornav_msgs_s.ep.rosidl_typesupport_introspection_c.c.o[0m
[85.512s] [ 97%] [32mBuilding C object CMakeFiles/vectornav_msgs__rosidl_typesupport_c__pyext.dir/rosidl_generator_py/vectornav_msgs/_vectornav_msgs_s.ep.rosidl_typesupport_c.c.o[0m
[86.351s] [ 98%] [32m[1mLinking C shared library rosidl_generator_py/vectornav_msgs/vectornav_msgs_s__rosidl_typesupport_introspection_c.cpython-310-aarch64-linux-gnu.so[0m
[86.359s] [ 99%] [32m[1mLinking C shared library rosidl_generator_py/vectornav_msgs/vectornav_msgs_s__rosidl_typesupport_c.cpython-310-aarch64-linux-gnu.so[0m
[86.403s] [100%] [32m[1mLinking C shared library rosidl_generator_py/vectornav_msgs/vectornav_msgs_s__rosidl_typesupport_fastrtps_c.cpython-310-aarch64-linux-gnu.so[0m
[86.720s] [100%] Built target vectornav_msgs__rosidl_typesupport_introspection_c__pyext
[86.721s] [100%] Built target vectornav_msgs__rosidl_typesupport_c__pyext
[86.772s] [100%] Built target vectornav_msgs__rosidl_typesupport_fastrtps_c__pyext
[86.825s] Invoked command in '/home/geomatics_in_house_system/ros2_ws/build/vectornav_msgs' returned '0': CMAKE_PREFIX_PATH=${CMAKE_PREFIX_PATH}:/opt/ros/humble /usr/bin/cmake --build /home/geomatics_in_house_system/ros2_ws/build/vectornav_msgs -- -j4 -l4
[88.547s] Invoking command in '/home/geomatics_in_house_system/ros2_ws/build/vectornav_msgs': CMAKE_PREFIX_PATH=${CMAKE_PREFIX_PATH}:/opt/ros/humble /usr/bin/cmake --install /home/geomatics_in_house_system/ros2_ws/build/vectornav_msgs
[88.583s] -- Install configuration: ""
[88.584s] -- Installing: /home/geomatics_in_house_system/ros2_ws/install/vectornav_msgs/share/ament_index/resource_index/rosidl_interfaces/vectornav_msgs
[88.586s] -- Installing: /home/geomatics_in_house_system/ros2_ws/install/vectornav_msgs/include/vectornav_msgs/vectornav_msgs
[88.587s] -- Installing: /home/geomatics_in_house_system/ros2_ws/install/vectornav_msgs/include/vectornav_msgs/vectornav_msgs/msg
[88.587s] -- Installing: /home/geomatics_in_house_system/ros2_ws/install/vectornav_msgs/include/vectornav_msgs/vectornav_msgs/msg/common_group.h
[88.589s] -- Installing: /home/geomatics_in_house_system/ros2_ws/install/vectornav_msgs/include/vectornav_msgs/vectornav_msgs/msg/time_utc.h
[88.590s] -- Installing: /home/geomatics_in_house_system/ros2_ws/install/vectornav_msgs/include/vectornav_msgs/vectornav_msgs/msg/dop.h
[88.591s] -- Installing: /home/geomatics_in_house_system/ros2_ws/install/vectornav_msgs/include/vectornav_msgs/vectornav_msgs/msg/gps_group.h
[88.592s] -- Installing: /home/geomatics_in_house_system/ros2_ws/install/vectornav_msgs/include/vectornav_msgs/vectornav_msgs/msg/ins_group.h
[88.593s] -- Installing: /home/geomatics_in_house_system/ros2_ws/install/vectornav_msgs/include/vectornav_msgs/vectornav_msgs/msg/detail
[88.594s] -- Installing: /home/geomatics_in_house_system/ros2_ws/install/vectornav_msgs/include/vectornav_msgs/vectornav_msgs/msg/detail/vpe_status__struct.h
[88.595s] -- Installing: /home/geomatics_in_house_system/ros2_ws/install/vectornav_msgs/include/vectornav_msgs/vectornav_msgs/msg/detail/time_utc__functions.c
[88.597s] -- Installing: /home/geomatics_in_house_system/ros2_ws/install/vectornav_msgs/include/vectornav_msgs/vectornav_msgs/msg/detail/common_group__type_support.h
[88.598s] -- Installing: /home/geomatics_in_house_system/ros2_ws/install/vectornav_msgs/include/vectornav_msgs/vectornav_msgs/msg/detail/time_utc__struct.h
[88.599s] -- Installing: /home/geomatics_in_house_system/ros2_ws/install/vectornav_msgs/include/vectornav_msgs/vectornav_msgs/msg/detail/time_status__functions.h
[88.600s] -- Installing: /home/geomatics_in_house_system/ros2_ws/install/vectornav_msgs/include/vectornav_msgs/vectornav_msgs/msg/detail/attitude_group__functions.c
[88.601s] -- Installing: /home/geomatics_in_house_system/ros2_ws/install/vectornav_msgs/include/vectornav_msgs/vectornav_msgs/msg/detail/common_group__functions.c
[88.603s] -- Installing: /home/geomatics_in_house_system/ros2_ws/install/vectornav_msgs/include/vectornav_msgs/vectornav_msgs/msg/detail/ins_group__functions.c
[88.604s] -- Installing: /home/geomatics_in_house_system/ros2_ws/install/vectornav_msgs/include/vectornav_msgs/vectornav_msgs/msg/detail/ins_group__functions.h
[88.605s] -- Installing: /home/geomatics_in_house_system/ros2_ws/install/vectornav_msgs/include/vectornav_msgs/vectornav_msgs/msg/detail/time_utc__type_support.h
[88.606s] -- Installing: /home/geomatics_in_house_system/ros2_ws/install/vectornav_msgs/include/vectornav_msgs/vectornav_msgs/msg/detail/ins_status__functions.h
[88.608s] -- Installing: /home/geomatics_in_house_system/ros2_ws/install/vectornav_msgs/include/vectornav_msgs/vectornav_msgs/msg/detail/attitude_group__struct.h
[88.609s] -- Installing: /home/geomatics_in_house_system/ros2_ws/install/vectornav_msgs/include/vectornav_msgs/vectornav_msgs/msg/detail/imu_group__type_support.h
[88.610s] -- Installing: /home/geomatics_in_house_system/ros2_ws/install/vectornav_msgs/include/vectornav_msgs/vectornav_msgs/msg/detail/vpe_status__functions.h
[88.611s] -- Installing: /home/geomatics_in_house_system/ros2_ws/install/vectornav_msgs/include/vectornav_msgs/vectornav_msgs/msg/detail/time_status__functions.c
[88.612s] -- Installing: /home/geomatics_in_house_system/ros2_ws/install/vectornav_msgs/include/vectornav_msgs/vectornav_msgs/msg/detail/dop__functions.h
[88.613s] -- Installing: /home/geomatics_in_house_system/ros2_ws/install/vectornav_msgs/include/vectornav_msgs/vectornav_msgs/msg/detail/time_utc__functions.h
[88.615s] -- Installing: /home/geomatics_in_house_system/ros2_ws/install/vectornav_msgs/include/vectornav_msgs/vectornav_msgs/msg/detail/common_group__functions.h
[88.616s] -- Installing: /home/geomatics_in_house_system/ros2_ws/install/vectornav_msgs/include/vectornav_msgs/vectornav_msgs/msg/detail/gps_group__functions.h
[88.617s] -- Installing: /home/geomatics_in_house_system/ros2_ws/install/vectornav_msgs/include/vectornav_msgs/vectornav_msgs/msg/detail/ins_status__type_support.h
[88.618s] -- Installing: /home/geomatics_in_house_system/ros2_ws/install/vectornav_msgs/include/vectornav_msgs/vectornav_msgs/msg/detail/gps_group__type_support.h
[88.619s] -- Installing: /home/geomatics_in_house_system/ros2_ws/install/vectornav_msgs/include/vectornav_msgs/vectornav_msgs/msg/detail/vpe_status__type_support.h
[88.621s] -- Installing: /home/geomatics_in_house_system/ros2_ws/install/vectornav_msgs/include/vectornav_msgs/vectornav_msgs/msg/detail/imu_group__struct.h
[88.622s] -- Installing: /home/geomatics_in_house_system/ros2_ws/install/vectornav_msgs/include/vectornav_msgs/vectornav_msgs/msg/detail/time_group__functions.h
[88.623s] -- Installing: /home/geomatics_in_house_system/ros2_ws/install/vectornav_msgs/include/vectornav_msgs/vectornav_msgs/msg/detail/time_status__type_support.h
[88.624s] -- Installing: /home/geomatics_in_house_system/ros2_ws/install/vectornav_msgs/include/vectornav_msgs/vectornav_msgs/msg/detail/common_group__struct.h
[88.625s] -- Installing: /home/geomatics_in_house_system/ros2_ws/install/vectornav_msgs/include/vectornav_msgs/vectornav_msgs/msg/detail/attitude_group__functions.h
[88.627s] -- Installing: /home/geomatics_in_house_system/ros2_ws/install/vectornav_msgs/include/vectornav_msgs/vectornav_msgs/msg/detail/ins_status__functions.c
[88.628s] -- Installing: /home/geomatics_in_house_system/ros2_ws/install/vectornav_msgs/include/vectornav_msgs/vectornav_msgs/msg/detail/gps_group__struct.h
[88.629s] -- Installing: /home/geomatics_in_house_system/ros2_ws/install/vectornav_msgs/include/vectornav_msgs/vectornav_msgs/msg/detail/time_group__functions.c
[88.631s] -- Installing: /home/geomatics_in_house_system/ros2_ws/install/vectornav_msgs/include/vectornav_msgs/vectornav_msgs/msg/detail/dop__type_support.h
[88.632s] -- Installing: /home/geomatics_in_house_system/ros2_ws/install/vectornav_msgs/include/vectornav_msgs/vectornav_msgs/msg/detail/dop__functions.c
[88.633s] -- Installing: /home/geomatics_in_house_system/ros2_ws/install/vectornav_msgs/include/vectornav_msgs/vectornav_msgs/msg/detail/imu_group__functions.h
[88.634s] -- Installing: /home/geomatics_in_house_system/ros2_ws/install/vectornav_msgs/include/vectornav_msgs/vectornav_msgs/msg/detail/gps_group__functions.c
[88.635s] -- Installing: /home/geomatics_in_house_system/ros2_ws/install/vectornav_msgs/include/vectornav_msgs/vectornav_msgs/msg/detail/time_group__struct.h
[88.636s] -- Installing: /home/geomatics_in_house_system/ros2_ws/install/vectornav_msgs/include/vectornav_msgs/vectornav_msgs/msg/detail/time_group__type_support.h
[88.638s] -- Installing: /home/geomatics_in_house_system/ros2_ws/install/vectornav_msgs/include/vectornav_msgs/vectornav_msgs/msg/detail/imu_group__functions.c
[88.639s] -- Installing: /home/geomatics_in_house_system/ros2_ws/install/vectornav_msgs/include/vectornav_msgs/vectornav_msgs/msg/detail/dop__struct.h
[88.640s] -- Installing: /home/geomatics_in_house_system/ros2_ws/install/vectornav_msgs/include/vectornav_msgs/vectornav_msgs/msg/detail/time_status__struct.h
[88.641s] -- Installing: /home/geomatics_in_house_system/ros2_ws/install/vectornav_msgs/include/vectornav_msgs/vectornav_msgs/msg/detail/attitude_group__type_support.h
[88.642s] -- Installing: /home/geomatics_in_house_system/ros2_ws/install/vectornav_msgs/include/vectornav_msgs/vectornav_msgs/msg/detail/ins_status__struct.h
[88.643s] -- Installing: /home/geomatics_in_house_system/ros2_ws/install/vectornav_msgs/include/vectornav_msgs/vectornav_msgs/msg/detail/ins_group__struct.h
[88.645s] -- Installing: /home/geomatics_in_house_system/ros2_ws/install/vectornav_msgs/include/vectornav_msgs/vectornav_msgs/msg/detail/ins_group__type_support.h
[88.646s] -- Installing: /home/geomatics_in_house_system/ros2_ws/install/vectornav_msgs/include/vectornav_msgs/vectornav_msgs/msg/detail/vpe_status__functions.c
[88.647s] -- Installing: /home/geomatics_in_house_system/ros2_ws/install/vectornav_msgs/include/vectornav_msgs/vectornav_msgs/msg/rosidl_generator_c__visibility_control.h
[88.648s] -- Installing: /home/geomatics_in_house_system/ros2_ws/install/vectornav_msgs/include/vectornav_msgs/vectornav_msgs/msg/ins_status.h
[88.649s] -- Installing: /home/geomatics_in_house_system/ros2_ws/install/vectornav_msgs/include/vectornav_msgs/vectornav_msgs/msg/time_group.h
[88.651s] -- Installing: /home/geomatics_in_house_system/ros2_ws/install/vectornav_msgs/include/vectornav_msgs/vectornav_msgs/msg/attitude_group.h
[88.652s] -- Installing: /home/geomatics_in_house_system/ros2_ws/install/vectornav_msgs/include/vectornav_msgs/vectornav_msgs/msg/imu_group.h
[88.653s] -- Installing: /home/geomatics_in_house_system/ros2_ws/install/vectornav_msgs/include/vectornav_msgs/vectornav_msgs/msg/time_status.h
[88.654s] -- Installing: /home/geomatics_in_house_system/ros2_ws/install/vectornav_msgs/include/vectornav_msgs/vectornav_msgs/msg/vpe_status.h
[88.655s] -- Installing: /home/geomatics_in_house_system/ros2_ws/install/vectornav_msgs/include/vectornav_msgs/vectornav_msgs/action
[88.656s] -- Installing: /home/geomatics_in_house_system/ros2_ws/install/vectornav_msgs/include/vectornav_msgs/vectornav_msgs/action/detail
[88.656s] -- Installing: /home/geomatics_in_house_system/ros2_ws/install/vectornav_msgs/include/vectornav_msgs/vectornav_msgs/action/detail/mag_cal__functions.c
[88.658s] -- Installing: /home/geomatics_in_house_system/ros2_ws/install/vectornav_msgs/include/vectornav_msgs/vectornav_msgs/action/detail/mag_cal__functions.h
[88.660s] -- Installing: /home/geomatics_in_house_system/ros2_ws/install/vectornav_msgs/include/vectornav_msgs/vectornav_msgs/action/detail/mag_cal__type_support.h
[88.661s] -- Installing: /home/geomatics_in_house_system/ros2_ws/install/vectornav_msgs/include/vectornav_msgs/vectornav_msgs/action/detail/mag_cal__struct.h
[88.662s] -- Installing: /home/geomatics_in_house_system/ros2_ws/install/vectornav_msgs/include/vectornav_msgs/vectornav_msgs/action/mag_cal.h
[88.664s] -- Installing: /home/geomatics_in_house_system/ros2_ws/install/vectornav_msgs/share/vectornav_msgs/environment/library_path.sh
[88.665s] -- Installing: /home/geomatics_in_house_system/ros2_ws/install/vectornav_msgs/share/vectornav_msgs/environment/library_path.dsv
[88.667s] -- Installing: /home/geomatics_in_house_system/ros2_ws/install/vectornav_msgs/lib/libvectornav_msgs__rosidl_generator_c.so
[88.670s] -- Set runtime path of "/home/geomatics_in_house_system/ros2_ws/install/vectornav_msgs/lib/libvectornav_msgs__rosidl_generator_c.so" to ""
[88.671s] -- Up-to-date: /home/geomatics_in_house_system/ros2_ws/install/vectornav_msgs/include/vectornav_msgs/vectornav_msgs
[88.671s] -- Up-to-date: /home/geomatics_in_house_system/ros2_ws/install/vectornav_msgs/include/vectornav_msgs/vectornav_msgs/msg
[88.672s] -- Up-to-date: /home/geomatics_in_house_system/ros2_ws/install/vectornav_msgs/include/vectornav_msgs/vectornav_msgs/msg/detail
[88.672s] -- Installing: /home/geomatics_in_house_system/ros2_ws/install/vectornav_msgs/include/vectornav_msgs/vectornav_msgs/msg/detail/time_utc__rosidl_typesupport_fastrtps_c.h
[88.674s] -- Installing: /home/geomatics_in_house_system/ros2_ws/install/vectornav_msgs/include/vectornav_msgs/vectornav_msgs/msg/detail/time_status__rosidl_typesupport_fastrtps_c.h
[88.675s] -- Installing: /home/geomatics_in_house_system/ros2_ws/install/vectornav_msgs/include/vectornav_msgs/vectornav_msgs/msg/detail/ins_group__rosidl_typesupport_fastrtps_c.h
[88.676s] -- Installing: /home/geomatics_in_house_system/ros2_ws/install/vectornav_msgs/include/vectornav_msgs/vectornav_msgs/msg/detail/common_group__rosidl_typesupport_fastrtps_c.h
[88.678s] -- Installing: /home/geomatics_in_house_system/ros2_ws/install/vectornav_msgs/include/vectornav_msgs/vectornav_msgs/msg/detail/vpe_status__rosidl_typesupport_fastrtps_c.h
[88.679s] -- Installing: /home/geomatics_in_house_system/ros2_ws/install/vectornav_msgs/include/vectornav_msgs/vectornav_msgs/msg/detail/attitude_group__rosidl_typesupport_fastrtps_c.h
[88.680s] -- Installing: /home/geomatics_in_house_system/ros2_ws/install/vectornav_msgs/include/vectornav_msgs/vectornav_msgs/msg/detail/time_group__rosidl_typesupport_fastrtps_c.h
[88.681s] -- Installing: /home/geomatics_in_house_system/ros2_ws/install/vectornav_msgs/include/vectornav_msgs/vectornav_msgs/msg/detail/ins_status__rosidl_typesupport_fastrtps_c.h
[88.683s] -- Installing: /home/geomatics_in_house_system/ros2_ws/install/vectornav_msgs/include/vectornav_msgs/vectornav_msgs/msg/detail/imu_group__rosidl_typesupport_fastrtps_c.h
[88.684s] -- Installing: /home/geomatics_in_house_system/ros2_ws/install/vectornav_msgs/include/vectornav_msgs/vectornav_msgs/msg/detail/gps_group__rosidl_typesupport_fastrtps_c.h
[88.685s] -- Installing: /home/geomatics_in_house_system/ros2_ws/install/vectornav_msgs/include/vectornav_msgs/vectornav_msgs/msg/detail/dop__rosidl_typesupport_fastrtps_c.h
[88.686s] -- Installing: /home/geomatics_in_house_system/ros2_ws/install/vectornav_msgs/include/vectornav_msgs/vectornav_msgs/msg/rosidl_typesupport_fastrtps_c__visibility_control.h
[88.688s] -- Up-to-date: /home/geomatics_in_house_system/ros2_ws/install/vectornav_msgs/include/vectornav_msgs/vectornav_msgs/action
[88.688s] -- Up-to-date: /home/geomatics_in_house_system/ros2_ws/install/vectornav_msgs/include/vectornav_msgs/vectornav_msgs/action/detail
[88.688s] -- Installing: /home/geomatics_in_house_system/ros2_ws/install/vectornav_msgs/include/vectornav_msgs/vectornav_msgs/action/detail/mag_cal__rosidl_typesupport_fastrtps_c.h
[88.690s] -- Installing: /home/geomatics_in_house_system/ros2_ws/install/vectornav_msgs/lib/libvectornav_msgs__rosidl_typesupport_fastrtps_c.so
[88.694s] -- Set runtime path of "/home/geomatics_in_house_system/ros2_ws/install/vectornav_msgs/lib/libvectornav_msgs__rosidl_typesupport_fastrtps_c.so" to ""
[88.694s] -- Up-to-date: /home/geomatics_in_house_system/ros2_ws/install/vectornav_msgs/include/vectornav_msgs/vectornav_msgs
[88.695s] -- Up-to-date: /home/geomatics_in_house_system/ros2_ws/install/vectornav_msgs/include/vectornav_msgs/vectornav_msgs/msg
[88.695s] -- Installing: /home/geomatics_in_house_system/ros2_ws/install/vectornav_msgs/include/vectornav_msgs/vectornav_msgs/msg/dop.hpp
[88.696s] -- Installing: /home/geomatics_in_house_system/ros2_ws/install/vectornav_msgs/include/vectornav_msgs/vectornav_msgs/msg/time_status.hpp
[88.697s] -- Installing: /home/geomatics_in_house_system/ros2_ws/install/vectornav_msgs/include/vectornav_msgs/vectornav_msgs/msg/time_group.hpp
[88.698s] -- Installing: /home/geomatics_in_house_system/ros2_ws/install/vectornav_msgs/include/vectornav_msgs/vectornav_msgs/msg/common_group.hpp
[88.699s] -- Up-to-date: /home/geomatics_in_house_system/ros2_ws/install/vectornav_msgs/include/vectornav_msgs/vectornav_msgs/msg/detail
[88.700s] -- Installing: /home/geomatics_in_house_system/ros2_ws/install/vectornav_msgs/include/vectornav_msgs/vectornav_msgs/msg/detail/time_utc__traits.hpp
[88.701s] -- Installing: /home/geomatics_in_house_system/ros2_ws/install/vectornav_msgs/include/vectornav_msgs/vectornav_msgs/msg/detail/time_group__struct.hpp
[88.703s] -- Installing: /home/geomatics_in_house_system/ros2_ws/install/vectornav_msgs/include/vectornav_msgs/vectornav_msgs/msg/detail/attitude_group__struct.hpp
[88.704s] -- Installing: /home/geomatics_in_house_system/ros2_ws/install/vectornav_msgs/include/vectornav_msgs/vectornav_msgs/msg/detail/time_status__struct.hpp
[88.705s] -- Installing: /home/geomatics_in_house_system/ros2_ws/install/vectornav_msgs/include/vectornav_msgs/vectornav_msgs/msg/detail/ins_status__traits.hpp
[88.706s] -- Installing: /home/geomatics_in_house_system/ros2_ws/install/vectornav_msgs/include/vectornav_msgs/vectornav_msgs/msg/detail/dop__builder.hpp
[88.707s] -- Installing: /home/geomatics_in_house_system/ros2_ws/install/vectornav_msgs/include/vectornav_msgs/vectornav_msgs/msg/detail/common_group__struct.hpp
[88.709s] -- Installing: /home/geomatics_in_house_system/ros2_ws/install/vectornav_msgs/include/vectornav_msgs/vectornav_msgs/msg/detail/time_group__builder.hpp
[88.710s] -- Installing: /home/geomatics_in_house_system/ros2_ws/install/vectornav_msgs/include/vectornav_msgs/vectornav_msgs/msg/detail/attitude_group__builder.hpp
[88.711s] -- Installing: /home/geomatics_in_house_system/ros2_ws/install/vectornav_msgs/include/vectornav_msgs/vectornav_msgs/msg/detail/time_status__builder.hpp
[88.713s] -- Installing: /home/geomatics_in_house_system/ros2_ws/install/vectornav_msgs/include/vectornav_msgs/vectornav_msgs/msg/detail/ins_status__struct.hpp
[88.714s] -- Installing: /home/geomatics_in_house_system/ros2_ws/install/vectornav_msgs/include/vectornav_msgs/vectornav_msgs/msg/detail/dop__traits.hpp
[88.715s] -- Installing: /home/geomatics_in_house_system/ros2_ws/install/vectornav_msgs/include/vectornav_msgs/vectornav_msgs/msg/detail/gps_group__struct.hpp
[88.716s] -- Installing: /home/geomatics_in_house_system/ros2_ws/install/vectornav_msgs/include/vectornav_msgs/vectornav_msgs/msg/detail/ins_group__struct.hpp
[88.717s] -- Installing: /home/geomatics_in_house_system/ros2_ws/install/vectornav_msgs/include/vectornav_msgs/vectornav_msgs/msg/detail/vpe_status__traits.hpp
[88.719s] -- Installing: /home/geomatics_in_house_system/ros2_ws/install/vectornav_msgs/include/vectornav_msgs/vectornav_msgs/msg/detail/time_utc__builder.hpp
[88.720s] -- Installing: /home/geomatics_in_house_system/ros2_ws/install/vectornav_msgs/include/vectornav_msgs/vectornav_msgs/msg/detail/gps_group__builder.hpp
[88.721s] -- Installing: /home/geomatics_in_house_system/ros2_ws/install/vectornav_msgs/include/vectornav_msgs/vectornav_msgs/msg/detail/gps_group__traits.hpp
[88.722s] -- Installing: /home/geomatics_in_house_system/ros2_ws/install/vectornav_msgs/include/vectornav_msgs/vectornav_msgs/msg/detail/dop__struct.hpp
[88.723s] -- Installing: /home/geomatics_in_house_system/ros2_ws/install/vectornav_msgs/include/vectornav_msgs/vectornav_msgs/msg/detail/attitude_group__traits.hpp
[88.725s] -- Installing: /home/geomatics_in_house_system/ros2_ws/install/vectornav_msgs/include/vectornav_msgs/vectornav_msgs/msg/detail/time_status__traits.hpp
[88.726s] -- Installing: /home/geomatics_in_house_system/ros2_ws/install/vectornav_msgs/include/vectornav_msgs/vectornav_msgs/msg/detail/ins_status__builder.hpp
[88.727s] -- Installing: /home/geomatics_in_house_system/ros2_ws/install/vectornav_msgs/include/vectornav_msgs/vectornav_msgs/msg/detail/time_utc__struct.hpp
[88.728s] -- Installing: /home/geomatics_in_house_system/ros2_ws/install/vectornav_msgs/include/vectornav_msgs/vectornav_msgs/msg/detail/imu_group__traits.hpp
[88.730s] -- Installing: /home/geomatics_in_house_system/ros2_ws/install/vectornav_msgs/include/vectornav_msgs/vectornav_msgs/msg/detail/ins_group__builder.hpp
[88.731s] -- Installing: /home/geomatics_in_house_system/ros2_ws/install/vectornav_msgs/include/vectornav_msgs/vectornav_msgs/msg/detail/ins_group__traits.hpp
[88.732s] -- Installing: /home/geomatics_in_house_system/ros2_ws/install/vectornav_msgs/include/vectornav_msgs/vectornav_msgs/msg/detail/imu_group__struct.hpp
[88.733s] -- Installing: /home/geomatics_in_house_system/ros2_ws/install/vectornav_msgs/include/vectornav_msgs/vectornav_msgs/msg/detail/imu_group__builder.hpp
[88.735s] -- Installing: /home/geomatics_in_house_system/ros2_ws/install/vectornav_msgs/include/vectornav_msgs/vectornav_msgs/msg/detail/common_group__builder.hpp
[88.736s] -- Installing: /home/geomatics_in_house_system/ros2_ws/install/vectornav_msgs/include/vectornav_msgs/vectornav_msgs/msg/detail/common_group__traits.hpp
[88.737s] -- Installing: /home/geomatics_in_house_system/ros2_ws/install/vectornav_msgs/include/vectornav_msgs/vectornav_msgs/msg/detail/vpe_status__struct.hpp
[88.738s] -- Installing: /home/geomatics_in_house_system/ros2_ws/install/vectornav_msgs/include/vectornav_msgs/vectornav_msgs/msg/detail/time_group__traits.hpp
[88.740s] -- Installing: /home/geomatics_in_house_system/ros2_ws/install/vectornav_msgs/include/vectornav_msgs/vectornav_msgs/msg/detail/vpe_status__builder.hpp
[88.741s] -- Installing: /home/geomatics_in_house_system/ros2_ws/install/vectornav_msgs/include/vectornav_msgs/vectornav_msgs/msg/ins_group.hpp
[88.742s] -- Installing: /home/geomatics_in_house_system/ros2_ws/install/vectornav_msgs/include/vectornav_msgs/vectornav_msgs/msg/ins_status.hpp
[88.743s] -- Installing: /home/geomatics_in_house_system/ros2_ws/install/vectornav_msgs/include/vectornav_msgs/vectornav_msgs/msg/time_utc.hpp
[88.744s] -- Installing: /home/geomatics_in_house_system/ros2_ws/install/vectornav_msgs/include/vectornav_msgs/vectornav_msgs/msg/imu_group.hpp
[88.745s] -- Installing: /home/geomatics_in_house_system/ros2_ws/install/vectornav_msgs/include/vectornav_msgs/vectornav_msgs/msg/vpe_status.hpp
[88.746s] -- Installing: /home/geomatics_in_house_system/ros2_ws/install/vectornav_msgs/include/vectornav_msgs/vectornav_msgs/msg/attitude_group.hpp
[88.747s] -- Installing: /home/geomatics_in_house_system/ros2_ws/install/vectornav_msgs/include/vectornav_msgs/vectornav_msgs/msg/gps_group.hpp
[88.748s] -- Up-to-date: /home/geomatics_in_house_system/ros2_ws/install/vectornav_msgs/include/vectornav_msgs/vectornav_msgs/action
[88.749s] -- Up-to-date: /home/geomatics_in_house_system/ros2_ws/install/vectornav_msgs/include/vectornav_msgs/vectornav_msgs/action/detail
[88.749s] -- Installing: /home/geomatics_in_house_system/ros2_ws/install/vectornav_msgs/include/vectornav_msgs/vectornav_msgs/action/detail/mag_cal__struct.hpp
[88.751s] -- Installing: /home/geomatics_in_house_system/ros2_ws/install/vectornav_msgs/include/vectornav_msgs/vectornav_msgs/action/detail/mag_cal__builder.hpp
[88.752s] -- Installing: /home/geomatics_in_house_system/ros2_ws/install/vectornav_msgs/include/vectornav_msgs/vectornav_msgs/action/detail/mag_cal__traits.hpp
[88.753s] -- Installing: /home/geomatics_in_house_system/ros2_ws/install/vectornav_msgs/include/vectornav_msgs/vectornav_msgs/action/mag_cal.hpp
[88.755s] -- Up-to-date: /home/geomatics_in_house_system/ros2_ws/install/vectornav_msgs/include/vectornav_msgs/vectornav_msgs
[88.755s] -- Up-to-date: /home/geomatics_in_house_system/ros2_ws/install/vectornav_msgs/include/vectornav_msgs/vectornav_msgs/msg
[88.755s] -- Up-to-date: /home/geomatics_in_house_system/ros2_ws/install/vectornav_msgs/include/vectornav_msgs/vectornav_msgs/msg/detail
[88.756s] -- Installing: /home/geomatics_in_house_system/ros2_ws/install/vectornav_msgs/include/vectornav_msgs/vectornav_msgs/msg/detail/time_utc__rosidl_typesupport_fastrtps_cpp.hpp
[88.758s] -- Installing: /home/geomatics_in_house_system/ros2_ws/install/vectornav_msgs/include/vectornav_msgs/vectornav_msgs/msg/detail/time_status__rosidl_typesupport_fastrtps_cpp.hpp
[88.759s] -- Installing: /home/geomatics_in_house_system/ros2_ws/install/vectornav_msgs/include/vectornav_msgs/vectornav_msgs/msg/detail/dop__rosidl_typesupport_fastrtps_cpp.hpp
[88.760s] -- Installing: /home/geomatics_in_house_system/ros2_ws/install/vectornav_msgs/include/vectornav_msgs/vectornav_msgs/msg/detail/ins_group__rosidl_typesupport_fastrtps_cpp.hpp
[88.762s] -- Installing: /home/geomatics_in_house_system/ros2_ws/install/vectornav_msgs/include/vectornav_msgs/vectornav_msgs/msg/detail/common_group__rosidl_typesupport_fastrtps_cpp.hpp
[88.763s] -- Installing: /home/geomatics_in_house_system/ros2_ws/install/vectornav_msgs/include/vectornav_msgs/vectornav_msgs/msg/detail/attitude_group__rosidl_typesupport_fastrtps_cpp.hpp
[88.764s] -- Installing: /home/geomatics_in_house_system/ros2_ws/install/vectornav_msgs/include/vectornav_msgs/vectornav_msgs/msg/detail/imu_group__rosidl_typesupport_fastrtps_cpp.hpp
[88.765s] -- Installing: /home/geomatics_in_house_system/ros2_ws/install/vectornav_msgs/include/vectornav_msgs/vectornav_msgs/msg/detail/vpe_status__rosidl_typesupport_fastrtps_cpp.hpp
[88.767s] -- Installing: /home/geomatics_in_house_system/ros2_ws/install/vectornav_msgs/include/vectornav_msgs/vectornav_msgs/msg/detail/dds_fastrtps
[88.768s] -- Installing: /home/geomatics_in_house_system/ros2_ws/install/vectornav_msgs/include/vectornav_msgs/vectornav_msgs/msg/detail/time_group__rosidl_typesupport_fastrtps_cpp.hpp
[88.769s] -- Installing: /home/geomatics_in_house_system/ros2_ws/install/vectornav_msgs/include/vectornav_msgs/vectornav_msgs/msg/detail/ins_status__rosidl_typesupport_fastrtps_cpp.hpp
[88.771s] -- Installing: /home/geomatics_in_house_system/ros2_ws/install/vectornav_msgs/include/vectornav_msgs/vectornav_msgs/msg/detail/gps_group__rosidl_typesupport_fastrtps_cpp.hpp
[88.772s] -- Installing: /home/geomatics_in_house_system/ros2_ws/install/vectornav_msgs/include/vectornav_msgs/vectornav_msgs/msg/rosidl_typesupport_fastrtps_cpp__visibility_control.h
[88.773s] -- Up-to-date: /home/geomatics_in_house_system/ros2_ws/install/vectornav_msgs/include/vectornav_msgs/vectornav_msgs/action
[88.774s] -- Up-to-date: /home/geomatics_in_house_system/ros2_ws/install/vectornav_msgs/include/vectornav_msgs/vectornav_msgs/action/detail
[88.774s] -- Installing: /home/geomatics_in_house_system/ros2_ws/install/vectornav_msgs/include/vectornav_msgs/vectornav_msgs/action/detail/dds_fastrtps
[88.775s] -- Installing: /home/geomatics_in_house_system/ros2_ws/install/vectornav_msgs/include/vectornav_msgs/vectornav_msgs/action/detail/mag_cal__rosidl_typesupport_fastrtps_cpp.hpp
[88.777s] -- Installing: /home/geomatics_in_house_system/ros2_ws/install/vectornav_msgs/lib/libvectornav_msgs__rosidl_typesupport_fastrtps_cpp.so
[88.781s] -- Set runtime path of "/home/geomatics_in_house_system/ros2_ws/install/vectornav_msgs/lib/libvectornav_msgs__rosidl_typesupport_fastrtps_cpp.so" to ""
[88.781s] -- Up-to-date: /home/geomatics_in_house_system/ros2_ws/install/vectornav_msgs/include/vectornav_msgs/vectornav_msgs
[88.781s] -- Up-to-date: /home/geomatics_in_house_system/ros2_ws/install/vectornav_msgs/include/vectornav_msgs/vectornav_msgs/msg
[88.782s] -- Installing: /home/geomatics_in_house_system/ros2_ws/install/vectornav_msgs/include/vectornav_msgs/vectornav_msgs/msg/rosidl_typesupport_introspection_c__visibility_control.h
[88.783s] -- Up-to-date: /home/geomatics_in_house_system/ros2_ws/install/vectornav_msgs/include/vectornav_msgs/vectornav_msgs/msg/detail
[88.784s] -- Installing: /home/geomatics_in_house_system/ros2_ws/install/vectornav_msgs/include/vectornav_msgs/vectornav_msgs/msg/detail/time_utc__type_support.c
[88.785s] -- Installing: /home/geomatics_in_house_system/ros2_ws/install/vectornav_msgs/include/vectornav_msgs/vectornav_msgs/msg/detail/imu_group__rosidl_typesupport_introspection_c.h
[88.786s] -- Installing: /home/geomatics_in_house_system/ros2_ws/install/vectornav_msgs/include/vectornav_msgs/vectornav_msgs/msg/detail/vpe_status__type_support.c
[88.788s] -- Installing: /home/geomatics_in_house_system/ros2_ws/install/vectornav_msgs/include/vectornav_msgs/vectornav_msgs/msg/detail/imu_group__type_support.c
[88.789s] -- Installing: /home/geomatics_in_house_system/ros2_ws/install/vectornav_msgs/include/vectornav_msgs/vectornav_msgs/msg/detail/dop__rosidl_typesupport_introspection_c.h
[88.790s] -- Installing: /home/geomatics_in_house_system/ros2_ws/install/vectornav_msgs/include/vectornav_msgs/vectornav_msgs/msg/detail/time_group__rosidl_typesupport_introspection_c.h
[88.792s] -- Installing: /home/geomatics_in_house_system/ros2_ws/install/vectornav_msgs/include/vectornav_msgs/vectornav_msgs/msg/detail/time_group__type_support.c
[88.793s] -- Installing: /home/geomatics_in_house_system/ros2_ws/install/vectornav_msgs/include/vectornav_msgs/vectornav_msgs/msg/detail/common_group__rosidl_typesupport_introspection_c.h
[88.794s] -- Installing: /home/geomatics_in_house_system/ros2_ws/install/vectornav_msgs/include/vectornav_msgs/vectornav_msgs/msg/detail/ins_group__rosidl_typesupport_introspection_c.h
[88.796s] -- Installing: /home/geomatics_in_house_system/ros2_ws/install/vectornav_msgs/include/vectornav_msgs/vectornav_msgs/msg/detail/vpe_status__rosidl_typesupport_introspection_c.h
[88.797s] -- Installing: /home/geomatics_in_house_system/ros2_ws/install/vectornav_msgs/include/vectornav_msgs/vectornav_msgs/msg/detail/ins_status__rosidl_typesupport_introspection_c.h
[88.798s] -- Installing: /home/geomatics_in_house_system/ros2_ws/install/vectornav_msgs/include/vectornav_msgs/vectornav_msgs/msg/detail/attitude_group__rosidl_typesupport_introspection_c.h
[88.800s] -- Installing: /home/geomatics_in_house_system/ros2_ws/install/vectornav_msgs/include/vectornav_msgs/vectornav_msgs/msg/detail/ins_group__type_support.c
[88.801s] -- Installing: /home/geomatics_in_house_system/ros2_ws/install/vectornav_msgs/include/vectornav_msgs/vectornav_msgs/msg/detail/gps_group__rosidl_typesupport_introspection_c.h
[88.802s] -- Installing: /home/geomatics_in_house_system/ros2_ws/install/vectornav_msgs/include/vectornav_msgs/vectornav_msgs/msg/detail/common_group__type_support.c
[88.804s] -- Installing: /home/geomatics_in_house_system/ros2_ws/install/vectornav_msgs/include/vectornav_msgs/vectornav_msgs/msg/detail/time_utc__rosidl_typesupport_introspection_c.h
[88.805s] -- Installing: /home/geomatics_in_house_system/ros2_ws/install/vectornav_msgs/include/vectornav_msgs/vectornav_msgs/msg/detail/dop__type_support.c
[88.806s] -- Installing: /home/geomatics_in_house_system/ros2_ws/install/vectornav_msgs/include/vectornav_msgs/vectornav_msgs/msg/detail/time_status__type_support.c
[88.808s] -- Installing: /home/geomatics_in_house_system/ros2_ws/install/vectornav_msgs/include/vectornav_msgs/vectornav_msgs/msg/detail/ins_status__type_support.c
[88.809s] -- Installing: /home/geomatics_in_house_system/ros2_ws/install/vectornav_msgs/include/vectornav_msgs/vectornav_msgs/msg/detail/gps_group__type_support.c
[88.810s] -- Installing: /home/geomatics_in_house_system/ros2_ws/install/vectornav_msgs/include/vectornav_msgs/vectornav_msgs/msg/detail/attitude_group__type_support.c
[88.812s] -- Installing: /home/geomatics_in_house_system/ros2_ws/install/vectornav_msgs/include/vectornav_msgs/vectornav_msgs/msg/detail/time_status__rosidl_typesupport_introspection_c.h
[88.813s] -- Up-to-date: /home/geomatics_in_house_system/ros2_ws/install/vectornav_msgs/include/vectornav_msgs/vectornav_msgs/action
[88.814s] -- Up-to-date: /home/geomatics_in_house_system/ros2_ws/install/vectornav_msgs/include/vectornav_msgs/vectornav_msgs/action/detail
[88.814s] -- Installing: /home/geomatics_in_house_system/ros2_ws/install/vectornav_msgs/include/vectornav_msgs/vectornav_msgs/action/detail/mag_cal__rosidl_typesupport_introspection_c.h
[88.815s] -- Installing: /home/geomatics_in_house_system/ros2_ws/install/vectornav_msgs/include/vectornav_msgs/vectornav_msgs/action/detail/mag_cal__type_support.c
[88.818s] -- Installing: /home/geomatics_in_house_system/ros2_ws/install/vectornav_msgs/lib/libvectornav_msgs__rosidl_typesupport_introspection_c.so
[88.821s] -- Set runtime path of "/home/geomatics_in_house_system/ros2_ws/install/vectornav_msgs/lib/libvectornav_msgs__rosidl_typesupport_introspection_c.so" to ""
[88.821s] -- Installing: /home/geomatics_in_house_system/ros2_ws/install/vectornav_msgs/lib/libvectornav_msgs__rosidl_typesupport_c.so
[88.824s] -- Set runtime path of "/home/geomatics_in_house_system/ros2_ws/install/vectornav_msgs/lib/libvectornav_msgs__rosidl_typesupport_c.so" to ""
[88.825s] -- Up-to-date: /home/geomatics_in_house_system/ros2_ws/install/vectornav_msgs/include/vectornav_msgs/vectornav_msgs
[88.825s] -- Up-to-date: /home/geomatics_in_house_system/ros2_ws/install/vectornav_msgs/include/vectornav_msgs/vectornav_msgs/msg
[88.825s] -- Up-to-date: /home/geomatics_in_house_system/ros2_ws/install/vectornav_msgs/include/vectornav_msgs/vectornav_msgs/msg/detail
[88.826s] -- Installing: /home/geomatics_in_house_system/ros2_ws/install/vectornav_msgs/include/vectornav_msgs/vectornav_msgs/msg/detail/ins_status__rosidl_typesupport_introspection_cpp.hpp
[88.827s] -- Installing: /home/geomatics_in_house_system/ros2_ws/install/vectornav_msgs/include/vectornav_msgs/vectornav_msgs/msg/detail/common_group__type_support.cpp
[88.829s] -- Installing: /home/geomatics_in_house_system/ros2_ws/install/vectornav_msgs/include/vectornav_msgs/vectornav_msgs/msg/detail/dop__type_support.cpp
[88.830s] -- Installing: /home/geomatics_in_house_system/ros2_ws/install/vectornav_msgs/include/vectornav_msgs/vectornav_msgs/msg/detail/imu_group__rosidl_typesupport_introspection_cpp.hpp
[88.831s] -- Installing: /home/geomatics_in_house_system/ros2_ws/install/vectornav_msgs/include/vectornav_msgs/vectornav_msgs/msg/detail/time_utc__rosidl_typesupport_introspection_cpp.hpp
[88.833s] -- Installing: /home/geomatics_in_house_system/ros2_ws/install/vectornav_msgs/include/vectornav_msgs/vectornav_msgs/msg/detail/time_utc__type_support.cpp
[88.834s] -- Installing: /home/geomatics_in_house_system/ros2_ws/install/vectornav_msgs/include/vectornav_msgs/vectornav_msgs/msg/detail/time_status__type_support.cpp
[88.835s] -- Installing: /home/geomatics_in_house_system/ros2_ws/install/vectornav_msgs/include/vectornav_msgs/vectornav_msgs/msg/detail/attitude_group__type_support.cpp
[88.837s] -- Installing: /home/geomatics_in_house_system/ros2_ws/install/vectornav_msgs/include/vectornav_msgs/vectornav_msgs/msg/detail/ins_group__rosidl_typesupport_introspection_cpp.hpp
[88.838s] -- Installing: /home/geomatics_in_house_system/ros2_ws/install/vectornav_msgs/include/vectornav_msgs/vectornav_msgs/msg/detail/common_group__rosidl_typesupport_introspection_cpp.hpp
[88.839s] -- Installing: /home/geomatics_in_house_system/ros2_ws/install/vectornav_msgs/include/vectornav_msgs/vectornav_msgs/msg/detail/time_group__type_support.cpp
[88.841s] -- Installing: /home/geomatics_in_house_system/ros2_ws/install/vectornav_msgs/include/vectornav_msgs/vectornav_msgs/msg/detail/time_group__rosidl_typesupport_introspection_cpp.hpp
[88.842s] -- Installing: /home/geomatics_in_house_system/ros2_ws/install/vectornav_msgs/include/vectornav_msgs/vectornav_msgs/msg/detail/gps_group__rosidl_typesupport_introspection_cpp.hpp
[88.843s] -- Installing: /home/geomatics_in_house_system/ros2_ws/install/vectornav_msgs/include/vectornav_msgs/vectornav_msgs/msg/detail/time_status__rosidl_typesupport_introspection_cpp.hpp
[88.845s] -- Installing: /home/geomatics_in_house_system/ros2_ws/install/vectornav_msgs/include/vectornav_msgs/vectornav_msgs/msg/detail/gps_group__type_support.cpp
[88.846s] -- Installing: /home/geomatics_in_house_system/ros2_ws/install/vectornav_msgs/include/vectornav_msgs/vectornav_msgs/msg/detail/dop__rosidl_typesupport_introspection_cpp.hpp
[88.847s] -- Installing: /home/geomatics_in_house_system/ros2_ws/install/vectornav_msgs/include/vectornav_msgs/vectornav_msgs/msg/detail/ins_group__type_support.cpp
[88.849s] -- Installing: /home/geomatics_in_house_system/ros2_ws/install/vectornav_msgs/include/vectornav_msgs/vectornav_msgs/msg/detail/imu_group__type_support.cpp
[88.850s] -- Installing: /home/geomatics_in_house_system/ros2_ws/install/vectornav_msgs/include/vectornav_msgs/vectornav_msgs/msg/detail/vpe_status__rosidl_typesupport_introspection_cpp.hpp
[88.852s] -- Installing: /home/geomatics_in_house_system/ros2_ws/install/vectornav_msgs/include/vectornav_msgs/vectornav_msgs/msg/detail/ins_status__type_support.cpp
[88.853s] -- Installing: /home/geomatics_in_house_system/ros2_ws/install/vectornav_msgs/include/vectornav_msgs/vectornav_msgs/msg/detail/vpe_status__type_support.cpp
[88.854s] -- Installing: /home/geomatics_in_house_system/ros2_ws/install/vectornav_msgs/include/vectornav_msgs/vectornav_msgs/msg/detail/attitude_group__rosidl_typesupport_introspection_cpp.hpp
[88.856s] -- Up-to-date: /home/geomatics_in_house_system/ros2_ws/install/vectornav_msgs/include/vectornav_msgs/vectornav_msgs/action
[88.857s] -- Up-to-date: /home/geomatics_in_house_system/ros2_ws/install/vectornav_msgs/include/vectornav_msgs/vectornav_msgs/action/detail
[88.857s] -- Installing: /home/geomatics_in_house_system/ros2_ws/install/vectornav_msgs/include/vectornav_msgs/vectornav_msgs/action/detail/mag_cal__type_support.cpp
[88.858s] -- Installing: /home/geomatics_in_house_system/ros2_ws/install/vectornav_msgs/include/vectornav_msgs/vectornav_msgs/action/detail/mag_cal__rosidl_typesupport_introspection_cpp.hpp
[88.860s] -- Installing: /home/geomatics_in_house_system/ros2_ws/install/vectornav_msgs/lib/libvectornav_msgs__rosidl_typesupport_introspection_cpp.so
[88.864s] -- Set runtime path of "/home/geomatics_in_house_system/ros2_ws/install/vectornav_msgs/lib/libvectornav_msgs__rosidl_typesupport_introspection_cpp.so" to ""
[88.864s] -- Installing: /home/geomatics_in_house_system/ros2_ws/install/vectornav_msgs/lib/libvectornav_msgs__rosidl_typesupport_cpp.so
[88.867s] -- Set runtime path of "/home/geomatics_in_house_system/ros2_ws/install/vectornav_msgs/lib/libvectornav_msgs__rosidl_typesupport_cpp.so" to ""
[88.868s] -- Installing: /home/geomatics_in_house_system/ros2_ws/install/vectornav_msgs/share/vectornav_msgs/environment/pythonpath.sh
[88.869s] -- Installing: /home/geomatics_in_house_system/ros2_ws/install/vectornav_msgs/share/vectornav_msgs/environment/pythonpath.dsv
[88.870s] -- Installing: /home/geomatics_in_house_system/ros2_ws/install/vectornav_msgs/local/lib/python3.10/dist-packages/vectornav_msgs-3.0.0-py3.10.egg-info
[88.871s] -- Installing: /home/geomatics_in_house_system/ros2_ws/install/vectornav_msgs/local/lib/python3.10/dist-packages/vectornav_msgs-3.0.0-py3.10.egg-info/dependency_links.txt
[88.873s] -- Installing: /home/geomatics_in_house_system/ros2_ws/install/vectornav_msgs/local/lib/python3.10/dist-packages/vectornav_msgs-3.0.0-py3.10.egg-info/SOURCES.txt
[88.874s] -- Installing: /home/geomatics_in_house_system/ros2_ws/install/vectornav_msgs/local/lib/python3.10/dist-packages/vectornav_msgs-3.0.0-py3.10.egg-info/top_level.txt
[88.875s] -- Installing: /home/geomatics_in_house_system/ros2_ws/install/vectornav_msgs/local/lib/python3.10/dist-packages/vectornav_msgs-3.0.0-py3.10.egg-info/PKG-INFO
[88.877s] -- Installing: /home/geomatics_in_house_system/ros2_ws/install/vectornav_msgs/local/lib/python3.10/dist-packages/vectornav_msgs
[88.877s] -- Installing: /home/geomatics_in_house_system/ros2_ws/install/vectornav_msgs/local/lib/python3.10/dist-packages/vectornav_msgs/msg
[88.878s] -- Installing: /home/geomatics_in_house_system/ros2_ws/install/vectornav_msgs/local/lib/python3.10/dist-packages/vectornav_msgs/msg/_time_utc_s.c
[88.880s] -- Installing: /home/geomatics_in_house_system/ros2_ws/install/vectornav_msgs/local/lib/python3.10/dist-packages/vectornav_msgs/msg/_imu_group.py
[88.881s] -- Installing: /home/geomatics_in_house_system/ros2_ws/install/vectornav_msgs/local/lib/python3.10/dist-packages/vectornav_msgs/msg/_attitude_group_s.c
[88.882s] -- Installing: /home/geomatics_in_house_system/ros2_ws/install/vectornav_msgs/local/lib/python3.10/dist-packages/vectornav_msgs/msg/_common_group_s.c
[88.883s] -- Installing: /home/geomatics_in_house_system/ros2_ws/install/vectornav_msgs/local/lib/python3.10/dist-packages/vectornav_msgs/msg/_ins_group_s.c
[88.885s] -- Installing: /home/geomatics_in_house_system/ros2_ws/install/vectornav_msgs/local/lib/python3.10/dist-packages/vectornav_msgs/msg/_attitude_group.py
[88.886s] -- Installing: /home/geomatics_in_house_system/ros2_ws/install/vectornav_msgs/local/lib/python3.10/dist-packages/vectornav_msgs/msg/_time_group.py
[88.887s] -- Installing: /home/geomatics_in_house_system/ros2_ws/install/vectornav_msgs/local/lib/python3.10/dist-packages/vectornav_msgs/msg/_ins_status_s.c
[88.889s] -- Installing: /home/geomatics_in_house_system/ros2_ws/install/vectornav_msgs/local/lib/python3.10/dist-packages/vectornav_msgs/msg/_time_status.py
[88.890s] -- Installing: /home/geomatics_in_house_system/ros2_ws/install/vectornav_msgs/local/lib/python3.10/dist-packages/vectornav_msgs/msg/_time_status_s.c
[88.891s] -- Installing: /home/geomatics_in_house_system/ros2_ws/install/vectornav_msgs/local/lib/python3.10/dist-packages/vectornav_msgs/msg/_gps_group.py
[88.892s] -- Installing: /home/geomatics_in_house_system/ros2_ws/install/vectornav_msgs/local/lib/python3.10/dist-packages/vectornav_msgs/msg/_gps_group_s.c
[88.893s] -- Installing: /home/geomatics_in_house_system/ros2_ws/install/vectornav_msgs/local/lib/python3.10/dist-packages/vectornav_msgs/msg/__init__.py
[88.894s] -- Installing: /home/geomatics_in_house_system/ros2_ws/install/vectornav_msgs/local/lib/python3.10/dist-packages/vectornav_msgs/msg/_vpe_status.py
[88.896s] -- Installing: /home/geomatics_in_house_system/ros2_ws/install/vectornav_msgs/local/lib/python3.10/dist-packages/vectornav_msgs/msg/_ins_group.py
[88.897s] -- Installing: /home/geomatics_in_house_system/ros2_ws/install/vectornav_msgs/local/lib/python3.10/dist-packages/vectornav_msgs/msg/_dop_s.c
[88.898s] -- Installing: /home/geomatics_in_house_system/ros2_ws/install/vectornav_msgs/local/lib/python3.10/dist-packages/vectornav_msgs/msg/_imu_group_s.c
[88.899s] -- Installing: /home/geomatics_in_house_system/ros2_ws/install/vectornav_msgs/local/lib/python3.10/dist-packages/vectornav_msgs/msg/_vpe_status_s.c
[88.901s] -- Installing: /home/geomatics_in_house_system/ros2_ws/install/vectornav_msgs/local/lib/python3.10/dist-packages/vectornav_msgs/msg/_ins_status.py
[88.902s] -- Installing: /home/geomatics_in_house_system/ros2_ws/install/vectornav_msgs/local/lib/python3.10/dist-packages/vectornav_msgs/msg/_dop.py
[88.903s] -- Installing: /home/geomatics_in_house_system/ros2_ws/install/vectornav_msgs/local/lib/python3.10/dist-packages/vectornav_msgs/msg/_common_group.py
[88.904s] -- Installing: /home/geomatics_in_house_system/ros2_ws/install/vectornav_msgs/local/lib/python3.10/dist-packages/vectornav_msgs/msg/_time_group_s.c
[88.906s] -- Installing: /home/geomatics_in_house_system/ros2_ws/install/vectornav_msgs/local/lib/python3.10/dist-packages/vectornav_msgs/msg/_time_utc.py
[88.907s] -- Installing: /home/geomatics_in_house_system/ros2_ws/install/vectornav_msgs/local/lib/python3.10/dist-packages/vectornav_msgs/_vectornav_msgs_s.ep.rosidl_typesupport_c.c
[88.909s] -- Installing: /home/geomatics_in_house_system/ros2_ws/install/vectornav_msgs/local/lib/python3.10/dist-packages/vectornav_msgs/action
[88.909s] -- Installing: /home/geomatics_in_house_system/ros2_ws/install/vectornav_msgs/local/lib/python3.10/dist-packages/vectornav_msgs/action/__init__.py
[88.911s] -- Installing: /home/geomatics_in_house_system/ros2_ws/install/vectornav_msgs/local/lib/python3.10/dist-packages/vectornav_msgs/action/_mag_cal_s.c
[88.912s] -- Installing: /home/geomatics_in_house_system/ros2_ws/install/vectornav_msgs/local/lib/python3.10/dist-packages/vectornav_msgs/action/_mag_cal.py
[88.914s] -- Installing: /home/geomatics_in_house_system/ros2_ws/install/vectornav_msgs/local/lib/python3.10/dist-packages/vectornav_msgs/libvectornav_msgs__rosidl_generator_py.so
[88.916s] -- Installing: /home/geomatics_in_house_system/ros2_ws/install/vectornav_msgs/local/lib/python3.10/dist-packages/vectornav_msgs/_vectornav_msgs_s.ep.rosidl_typesupport_fastrtps_c.c
[88.918s] -- Installing: /home/geomatics_in_house_system/ros2_ws/install/vectornav_msgs/local/lib/python3.10/dist-packages/vectornav_msgs/vectornav_msgs_s__rosidl_typesupport_fastrtps_c.cpython-310-aarch64-linux-gnu.so
[88.920s] -- Installing: /home/geomatics_in_house_system/ros2_ws/install/vectornav_msgs/local/lib/python3.10/dist-packages/vectornav_msgs/vectornav_msgs_s__rosidl_typesupport_c.cpython-310-aarch64-linux-gnu.so
[88.922s] -- Installing: /home/geomatics_in_house_system/ros2_ws/install/vectornav_msgs/local/lib/python3.10/dist-packages/vectornav_msgs/_vectornav_msgs_s.ep.rosidl_typesupport_introspection_c.c
[88.924s] -- Installing: /home/geomatics_in_house_system/ros2_ws/install/vectornav_msgs/local/lib/python3.10/dist-packages/vectornav_msgs/__init__.py
[88.925s] -- Installing: /home/geomatics_in_house_system/ros2_ws/install/vectornav_msgs/local/lib/python3.10/dist-packages/vectornav_msgs/vectornav_msgs_s__rosidl_typesupport_introspection_c.cpython-310-aarch64-linux-gnu.so
[89.177s] Listing '/home/geomatics_in_house_system/ros2_ws/install/vectornav_msgs/local/lib/python3.10/dist-packages/vectornav_msgs'...
[89.178s] Compiling '/home/geomatics_in_house_system/ros2_ws/install/vectornav_msgs/local/lib/python3.10/dist-packages/vectornav_msgs/__init__.py'...
[89.180s] Listing '/home/geomatics_in_house_system/ros2_ws/install/vectornav_msgs/local/lib/python3.10/dist-packages/vectornav_msgs/action'...
[89.180s] Compiling '/home/geomatics_in_house_system/ros2_ws/install/vectornav_msgs/local/lib/python3.10/dist-packages/vectornav_msgs/action/__init__.py'...
[89.181s] Compiling '/home/geomatics_in_house_system/ros2_ws/install/vectornav_msgs/local/lib/python3.10/dist-packages/vectornav_msgs/action/_mag_cal.py'...
[89.182s] Listing '/home/geomatics_in_house_system/ros2_ws/install/vectornav_msgs/local/lib/python3.10/dist-packages/vectornav_msgs/msg'...
[89.183s] Compiling '/home/geomatics_in_house_system/ros2_ws/install/vectornav_msgs/local/lib/python3.10/dist-packages/vectornav_msgs/msg/__init__.py'...
[89.185s] Compiling '/home/geomatics_in_house_system/ros2_ws/install/vectornav_msgs/local/lib/python3.10/dist-packages/vectornav_msgs/msg/_attitude_group.py'...
[89.186s] Compiling '/home/geomatics_in_house_system/ros2_ws/install/vectornav_msgs/local/lib/python3.10/dist-packages/vectornav_msgs/msg/_common_group.py'...
[89.187s] Compiling '/home/geomatics_in_house_system/ros2_ws/install/vectornav_msgs/local/lib/python3.10/dist-packages/vectornav_msgs/msg/_dop.py'...
[89.188s] Compiling '/home/geomatics_in_house_system/ros2_ws/install/vectornav_msgs/local/lib/python3.10/dist-packages/vectornav_msgs/msg/_gps_group.py'...
[89.188s] Compiling '/home/geomatics_in_house_system/ros2_ws/install/vectornav_msgs/local/lib/python3.10/dist-packages/vectornav_msgs/msg/_imu_group.py'...
[89.189s] Compiling '/home/geomatics_in_house_system/ros2_ws/install/vectornav_msgs/local/lib/python3.10/dist-packages/vectornav_msgs/msg/_ins_group.py'...
[89.190s] Compiling '/home/geomatics_in_house_system/ros2_ws/install/vectornav_msgs/local/lib/python3.10/dist-packages/vectornav_msgs/msg/_ins_status.py'...
[89.191s] Compiling '/home/geomatics_in_house_system/ros2_ws/install/vectornav_msgs/local/lib/python3.10/dist-packages/vectornav_msgs/msg/_time_group.py'...
[89.191s] Compiling '/home/geomatics_in_house_system/ros2_ws/install/vectornav_msgs/local/lib/python3.10/dist-packages/vectornav_msgs/msg/_time_status.py'...
[89.191s] Compiling '/home/geomatics_in_house_system/ros2_ws/install/vectornav_msgs/local/lib/python3.10/dist-packages/vectornav_msgs/msg/_time_utc.py'...
[89.192s] Compiling '/home/geomatics_in_house_system/ros2_ws/install/vectornav_msgs/local/lib/python3.10/dist-packages/vectornav_msgs/msg/_vpe_status.py'...
[89.204s] -- Installing: /home/geomatics_in_house_system/ros2_ws/install/vectornav_msgs/local/lib/python3.10/dist-packages/vectornav_msgs/vectornav_msgs_s__rosidl_typesupport_fastrtps_c.cpython-310-aarch64-linux-gnu.so
[89.208s] -- Set runtime path of "/home/geomatics_in_house_system/ros2_ws/install/vectornav_msgs/local/lib/python3.10/dist-packages/vectornav_msgs/vectornav_msgs_s__rosidl_typesupport_fastrtps_c.cpython-310-aarch64-linux-gnu.so" to ""
[89.210s] -- Installing: /home/geomatics_in_house_system/ros2_ws/install/vectornav_msgs/local/lib/python3.10/dist-packages/vectornav_msgs/vectornav_msgs_s__rosidl_typesupport_introspection_c.cpython-310-aarch64-linux-gnu.so
[89.214s] -- Set runtime path of "/home/geomatics_in_house_system/ros2_ws/install/vectornav_msgs/local/lib/python3.10/dist-packages/vectornav_msgs/vectornav_msgs_s__rosidl_typesupport_introspection_c.cpython-310-aarch64-linux-gnu.so" to ""
[89.217s] -- Installing: /home/geomatics_in_house_system/ros2_ws/install/vectornav_msgs/local/lib/python3.10/dist-packages/vectornav_msgs/vectornav_msgs_s__rosidl_typesupport_c.cpython-310-aarch64-linux-gnu.so
[89.220s] -- Set runtime path of "/home/geomatics_in_house_system/ros2_ws/install/vectornav_msgs/local/lib/python3.10/dist-packages/vectornav_msgs/vectornav_msgs_s__rosidl_typesupport_c.cpython-310-aarch64-linux-gnu.so" to ""
[89.221s] -- Installing: /home/geomatics_in_house_system/ros2_ws/install/vectornav_msgs/lib/libvectornav_msgs__rosidl_generator_py.so
[89.224s] -- Set runtime path of "/home/geomatics_in_house_system/ros2_ws/install/vectornav_msgs/lib/libvectornav_msgs__rosidl_generator_py.so" to ""
[89.225s] -- Installing: /home/geomatics_in_house_system/ros2_ws/install/vectornav_msgs/share/vectornav_msgs/msg/AttitudeGroup.idl
[89.227s] -- Installing: /home/geomatics_in_house_system/ros2_ws/install/vectornav_msgs/share/vectornav_msgs/msg/CommonGroup.idl
[89.228s] -- Installing: /home/geomatics_in_house_system/ros2_ws/install/vectornav_msgs/share/vectornav_msgs/msg/DOP.idl
[89.229s] -- Installing: /home/geomatics_in_house_system/ros2_ws/install/vectornav_msgs/share/vectornav_msgs/msg/GpsGroup.idl
[89.230s] -- Installing: /home/geomatics_in_house_system/ros2_ws/install/vectornav_msgs/share/vectornav_msgs/msg/ImuGroup.idl
[89.232s] -- Installing: /home/geomatics_in_house_system/ros2_ws/install/vectornav_msgs/share/vectornav_msgs/msg/InsGroup.idl
[89.233s] -- Installing: /home/geomatics_in_house_system/ros2_ws/install/vectornav_msgs/share/vectornav_msgs/msg/InsStatus.idl
[89.234s] -- Installing: /home/geomatics_in_house_system/ros2_ws/install/vectornav_msgs/share/vectornav_msgs/msg/TimeGroup.idl
[89.236s] -- Installing: /home/geomatics_in_house_system/ros2_ws/install/vectornav_msgs/share/vectornav_msgs/msg/TimeStatus.idl
[89.237s] -- Installing: /home/geomatics_in_house_system/ros2_ws/install/vectornav_msgs/share/vectornav_msgs/msg/TimeUTC.idl
[89.239s] -- Installing: /home/geomatics_in_house_system/ros2_ws/install/vectornav_msgs/share/vectornav_msgs/msg/VpeStatus.idl
[89.240s] -- Installing: /home/geomatics_in_house_system/ros2_ws/install/vectornav_msgs/share/vectornav_msgs/action/MagCal.idl
[89.242s] -- Installing: /home/geomatics_in_house_system/ros2_ws/install/vectornav_msgs/share/vectornav_msgs/msg/AttitudeGroup.msg
[89.243s] -- Installing: /home/geomatics_in_house_system/ros2_ws/install/vectornav_msgs/share/vectornav_msgs/msg/CommonGroup.msg
[89.244s] -- Installing: /home/geomatics_in_house_system/ros2_ws/install/vectornav_msgs/share/vectornav_msgs/msg/DOP.msg
[89.245s] -- Installing: /home/geomatics_in_house_system/ros2_ws/install/vectornav_msgs/share/vectornav_msgs/msg/GpsGroup.msg
[89.247s] -- Installing: /home/geomatics_in_house_system/ros2_ws/install/vectornav_msgs/share/vectornav_msgs/msg/ImuGroup.msg
[89.248s] -- Installing: /home/geomatics_in_house_system/ros2_ws/install/vectornav_msgs/share/vectornav_msgs/msg/InsGroup.msg
[89.249s] -- Installing: /home/geomatics_in_house_system/ros2_ws/install/vectornav_msgs/share/vectornav_msgs/msg/InsStatus.msg
[89.251s] -- Installing: /home/geomatics_in_house_system/ros2_ws/install/vectornav_msgs/share/vectornav_msgs/msg/TimeGroup.msg
[89.252s] -- Installing: /home/geomatics_in_house_system/ros2_ws/install/vectornav_msgs/share/vectornav_msgs/msg/TimeStatus.msg
[89.253s] -- Installing: /home/geomatics_in_house_system/ros2_ws/install/vectornav_msgs/share/vectornav_msgs/msg/TimeUTC.msg
[89.255s] -- Installing: /home/geomatics_in_house_system/ros2_ws/install/vectornav_msgs/share/vectornav_msgs/msg/VpeStatus.msg
[89.256s] -- Installing: /home/geomatics_in_house_system/ros2_ws/install/vectornav_msgs/share/vectornav_msgs/action/MagCal.action
[89.258s] -- Installing: /home/geomatics_in_house_system/ros2_ws/install/vectornav_msgs/share/ament_index/resource_index/package_run_dependencies/vectornav_msgs
[89.260s] -- Installing: /home/geomatics_in_house_system/ros2_ws/install/vectornav_msgs/share/ament_index/resource_index/parent_prefix_path/vectornav_msgs
[89.261s] -- Installing: /home/geomatics_in_house_system/ros2_ws/install/vectornav_msgs/share/vectornav_msgs/environment/ament_prefix_path.sh
[89.263s] -- Installing: /home/geomatics_in_house_system/ros2_ws/install/vectornav_msgs/share/vectornav_msgs/environment/ament_prefix_path.dsv
[89.264s] -- Installing: /home/geomatics_in_house_system/ros2_ws/install/vectornav_msgs/share/vectornav_msgs/environment/path.sh
[89.265s] -- Installing: /home/geomatics_in_house_system/ros2_ws/install/vectornav_msgs/share/vectornav_msgs/environment/path.dsv
[89.267s] -- Installing: /home/geomatics_in_house_system/ros2_ws/install/vectornav_msgs/share/vectornav_msgs/local_setup.bash
[89.268s] -- Installing: /home/geomatics_in_house_system/ros2_ws/install/vectornav_msgs/share/vectornav_msgs/local_setup.sh
[89.270s] -- Installing: /home/geomatics_in_house_system/ros2_ws/install/vectornav_msgs/share/vectornav_msgs/local_setup.zsh
[89.271s] -- Installing: /home/geomatics_in_house_system/ros2_ws/install/vectornav_msgs/share/vectornav_msgs/local_setup.dsv
[89.272s] -- Installing: /home/geomatics_in_house_system/ros2_ws/install/vectornav_msgs/share/vectornav_msgs/package.dsv
[89.274s] -- Installing: /home/geomatics_in_house_system/ros2_ws/install/vectornav_msgs/share/ament_index/resource_index/packages/vectornav_msgs
[89.276s] -- Installing: /home/geomatics_in_house_system/ros2_ws/install/vectornav_msgs/share/vectornav_msgs/cmake/export_vectornav_msgs__rosidl_generator_cExport.cmake
[89.277s] -- Installing: /home/geomatics_in_house_system/ros2_ws/install/vectornav_msgs/share/vectornav_msgs/cmake/export_vectornav_msgs__rosidl_generator_cExport-noconfig.cmake
[89.279s] -- Installing: /home/geomatics_in_house_system/ros2_ws/install/vectornav_msgs/share/vectornav_msgs/cmake/export_vectornav_msgs__rosidl_typesupport_fastrtps_cExport.cmake
[89.281s] -- Installing: /home/geomatics_in_house_system/ros2_ws/install/vectornav_msgs/share/vectornav_msgs/cmake/export_vectornav_msgs__rosidl_typesupport_fastrtps_cExport-noconfig.cmake
[89.283s] -- Installing: /home/geomatics_in_house_system/ros2_ws/install/vectornav_msgs/share/vectornav_msgs/cmake/export_vectornav_msgs__rosidl_generator_cppExport.cmake
[89.284s] -- Installing: /home/geomatics_in_house_system/ros2_ws/install/vectornav_msgs/share/vectornav_msgs/cmake/export_vectornav_msgs__rosidl_typesupport_fastrtps_cppExport.cmake
[89.286s] -- Installing: /home/geomatics_in_house_system/ros2_ws/install/vectornav_msgs/share/vectornav_msgs/cmake/export_vectornav_msgs__rosidl_typesupport_fastrtps_cppExport-noconfig.cmake
[89.288s] -- Installing: /home/geomatics_in_house_system/ros2_ws/install/vectornav_msgs/share/vectornav_msgs/cmake/vectornav_msgs__rosidl_typesupport_introspection_cExport.cmake
[89.289s] -- Installing: /home/geomatics_in_house_system/ros2_ws/install/vectornav_msgs/share/vectornav_msgs/cmake/vectornav_msgs__rosidl_typesupport_introspection_cExport-noconfig.cmake
[89.291s] -- Installing: /home/geomatics_in_house_system/ros2_ws/install/vectornav_msgs/share/vectornav_msgs/cmake/vectornav_msgs__rosidl_typesupport_cExport.cmake
[89.293s] -- Installing: /home/geomatics_in_house_system/ros2_ws/install/vectornav_msgs/share/vectornav_msgs/cmake/vectornav_msgs__rosidl_typesupport_cExport-noconfig.cmake
[89.294s] -- Installing: /home/geomatics_in_house_system/ros2_ws/install/vectornav_msgs/share/vectornav_msgs/cmake/vectornav_msgs__rosidl_typesupport_introspection_cppExport.cmake
[89.296s] -- Installing: /home/geomatics_in_house_system/ros2_ws/install/vectornav_msgs/share/vectornav_msgs/cmake/vectornav_msgs__rosidl_typesupport_introspection_cppExport-noconfig.cmake
[89.298s] -- Installing: /home/geomatics_in_house_system/ros2_ws/install/vectornav_msgs/share/vectornav_msgs/cmake/vectornav_msgs__rosidl_typesupport_cppExport.cmake
[89.300s] -- Installing: /home/geomatics_in_house_system/ros2_ws/install/vectornav_msgs/share/vectornav_msgs/cmake/vectornav_msgs__rosidl_typesupport_cppExport-noconfig.cmake
[89.301s] -- Installing: /home/geomatics_in_house_system/ros2_ws/install/vectornav_msgs/share/vectornav_msgs/cmake/export_vectornav_msgs__rosidl_generator_pyExport.cmake
[89.303s] -- Installing: /home/geomatics_in_house_system/ros2_ws/install/vectornav_msgs/share/vectornav_msgs/cmake/export_vectornav_msgs__rosidl_generator_pyExport-noconfig.cmake
[89.305s] -- Installing: /home/geomatics_in_house_system/ros2_ws/install/vectornav_msgs/share/vectornav_msgs/cmake/rosidl_cmake-extras.cmake
[89.306s] -- Installing: /home/geomatics_in_house_system/ros2_ws/install/vectornav_msgs/share/vectornav_msgs/cmake/ament_cmake_export_dependencies-extras.cmake
[89.308s] -- Installing: /home/geomatics_in_house_system/ros2_ws/install/vectornav_msgs/share/vectornav_msgs/cmake/ament_cmake_export_include_directories-extras.cmake
[89.309s] -- Installing: /home/geomatics_in_house_system/ros2_ws/install/vectornav_msgs/share/vectornav_msgs/cmake/ament_cmake_export_libraries-extras.cmake
[89.311s] -- Installing: /home/geomatics_in_house_system/ros2_ws/install/vectornav_msgs/share/vectornav_msgs/cmake/ament_cmake_export_targets-extras.cmake
[89.312s] -- Installing: /home/geomatics_in_house_system/ros2_ws/install/vectornav_msgs/share/vectornav_msgs/cmake/rosidl_cmake_export_typesupport_targets-extras.cmake
[89.314s] -- Installing: /home/geomatics_in_house_system/ros2_ws/install/vectornav_msgs/share/vectornav_msgs/cmake/rosidl_cmake_export_typesupport_libraries-extras.cmake
[89.315s] -- Installing: /home/geomatics_in_house_system/ros2_ws/install/vectornav_msgs/share/vectornav_msgs/cmake/vectornav_msgsConfig.cmake
[89.317s] -- Installing: /home/geomatics_in_house_system/ros2_ws/install/vectornav_msgs/share/vectornav_msgs/cmake/vectornav_msgsConfig-version.cmake
[89.318s] -- Installing: /home/geomatics_in_house_system/ros2_ws/install/vectornav_msgs/share/vectornav_msgs/package.xml
[89.328s] Invoked command in '/home/geomatics_in_house_system/ros2_ws/build/vectornav_msgs' returned '0': CMAKE_PREFIX_PATH=${CMAKE_PREFIX_PATH}:/opt/ros/humble /usr/bin/cmake --install /home/geomatics_in_house_system/ros2_ws/build/vectornav_msgs
