[0.060s] Invoking command in '/home/geomatics_in_house_system/ros2_ws/build/velodyne_driver': CMAKE_PREFIX_PATH=/home/geomatics_in_house_system/ros2_ws/install/velodyne_msgs:/home/geomatics_in_house_system/ros2_ws/install/velodyne:/home/geomatics_in_house_system/ros2_ws/install/velodyne_pointcloud:/home/geomatics_in_house_system/ros2_ws/install/velodyne_driver:/home/geomatics_in_house_system/ros2_ws/install/velodyne_laserscan:/opt/ros/humble LD_LIBRARY_PATH=/home/geomatics_in_house_system/ros2_ws/install/velodyne_msgs/lib:/home/geomatics_in_house_system/ros2_ws/install/velodyne_pointcloud/lib:/home/geomatics_in_house_system/ros2_ws/install/velodyne_driver/lib:/home/geomatics_in_house_system/ros2_ws/install/velodyne_laserscan/lib:/opt/ros/humble/opt/rviz_ogre_vendor/lib:/opt/ros/humble/lib/aarch64-linux-gnu:/opt/ros/humble/lib /usr/bin/cmake --build /home/geomatics_in_house_system/ros2_ws/build/velodyne_driver -- -j4 -l4
[0.392s] [ 16%] Built target gtest_main
[0.441s] [ 33%] Built target gtest
[0.448s] [ 50%] Built target velodyne_input
[0.663s] [ 66%] Built target time_test
[0.681s] [ 83%] Built target velodyne_driver
[0.819s] [100%] Built target velodyne_driver_node
[0.864s] Invoked command in '/home/geomatics_in_house_system/ros2_ws/build/velodyne_driver' returned '0': CMAKE_PREFIX_PATH=/home/geomatics_in_house_system/ros2_ws/install/velodyne_msgs:/home/geomatics_in_house_system/ros2_ws/install/velodyne:/home/geomatics_in_house_system/ros2_ws/install/velodyne_pointcloud:/home/geomatics_in_house_system/ros2_ws/install/velodyne_driver:/home/geomatics_in_house_system/ros2_ws/install/velodyne_laserscan:/opt/ros/humble LD_LIBRARY_PATH=/home/geomatics_in_house_system/ros2_ws/install/velodyne_msgs/lib:/home/geomatics_in_house_system/ros2_ws/install/velodyne_pointcloud/lib:/home/geomatics_in_house_system/ros2_ws/install/velodyne_driver/lib:/home/geomatics_in_house_system/ros2_ws/install/velodyne_laserscan/lib:/opt/ros/humble/opt/rviz_ogre_vendor/lib:/opt/ros/humble/lib/aarch64-linux-gnu:/opt/ros/humble/lib /usr/bin/cmake --build /home/geomatics_in_house_system/ros2_ws/build/velodyne_driver -- -j4 -l4
[1.074s] Invoking command in '/home/geomatics_in_house_system/ros2_ws/build/velodyne_driver': CMAKE_PREFIX_PATH=/home/geomatics_in_house_system/ros2_ws/install/velodyne_msgs:/home/geomatics_in_house_system/ros2_ws/install/velodyne:/home/geomatics_in_house_system/ros2_ws/install/velodyne_pointcloud:/home/geomatics_in_house_system/ros2_ws/install/velodyne_driver:/home/geomatics_in_house_system/ros2_ws/install/velodyne_laserscan:/opt/ros/humble LD_LIBRARY_PATH=/home/geomatics_in_house_system/ros2_ws/install/velodyne_msgs/lib:/home/geomatics_in_house_system/ros2_ws/install/velodyne_pointcloud/lib:/home/geomatics_in_house_system/ros2_ws/install/velodyne_driver/lib:/home/geomatics_in_house_system/ros2_ws/install/velodyne_laserscan/lib:/opt/ros/humble/opt/rviz_ogre_vendor/lib:/opt/ros/humble/lib/aarch64-linux-gnu:/opt/ros/humble/lib /usr/bin/cmake --install /home/geomatics_in_house_system/ros2_ws/build/velodyne_driver
[1.107s] -- Install configuration: ""
[1.108s] -- Up-to-date: /home/geomatics_in_house_system/ros2_ws/install/velodyne_driver/lib/libvelodyne_driver.so
[1.111s] -- Up-to-date: /home/geomatics_in_house_system/ros2_ws/install/velodyne_driver/lib/velodyne_driver/velodyne_driver_node
[1.113s] -- Up-to-date: /home/geomatics_in_house_system/ros2_ws/install/velodyne_driver/include/velodyne_driver
[1.114s] -- Up-to-date: /home/geomatics_in_house_system/ros2_ws/install/velodyne_driver/include/velodyne_driver/time_conversion.hpp
[1.115s] -- Up-to-date: /home/geomatics_in_house_system/ros2_ws/install/velodyne_driver/include/velodyne_driver/input.hpp
[1.117s] -- Up-to-date: /home/geomatics_in_house_system/ros2_ws/install/velodyne_driver/include/velodyne_driver/driver.hpp
[1.118s] -- Up-to-date: /home/geomatics_in_house_system/ros2_ws/install/velodyne_driver/share/velodyne_driver/config
[1.119s] -- Up-to-date: /home/geomatics_in_house_system/ros2_ws/install/velodyne_driver/share/velodyne_driver/config/VLP16-velodyne_driver_node-params.yaml
[1.120s] -- Up-to-date: /home/geomatics_in_house_system/ros2_ws/install/velodyne_driver/share/velodyne_driver/config/VLP32C-velodyne_driver_node-params.yaml
[1.121s] -- Up-to-date: /home/geomatics_in_house_system/ros2_ws/install/velodyne_driver/share/velodyne_driver/config/VLS128-velodyne_driver_node-params.yaml
[1.122s] -- Up-to-date: /home/geomatics_in_house_system/ros2_ws/install/velodyne_driver/share/velodyne_driver/launch
[1.123s] -- Up-to-date: /home/geomatics_in_house_system/ros2_ws/install/velodyne_driver/share/velodyne_driver/launch/velodyne_driver_node-VLP16-composed-launch.py
[1.123s] -- Up-to-date: /home/geomatics_in_house_system/ros2_ws/install/velodyne_driver/share/velodyne_driver/launch/velodyne_driver_node-VLS128-composed-launch.py
[1.123s] -- Up-to-date: /home/geomatics_in_house_system/ros2_ws/install/velodyne_driver/share/velodyne_driver/launch/velodyne_driver_node-VLP32C-launch.py
[1.124s] -- Up-to-date: /home/geomatics_in_house_system/ros2_ws/install/velodyne_driver/share/velodyne_driver/launch/velodyne_driver_node-VLP16-launch.py
[1.125s] -- Up-to-date: /home/geomatics_in_house_system/ros2_ws/install/velodyne_driver/share/velodyne_driver/launch/velodyne_driver_node-VLS128-launch.py
[1.126s] -- Up-to-date: /home/geomatics_in_house_system/ros2_ws/install/velodyne_driver/share/velodyne_driver/launch/velodyne_driver_node-VLP32C-composed-launch.py
[1.127s] -- Up-to-date: /home/geomatics_in_house_system/ros2_ws/install/velodyne_driver/lib/velodyne_driver/vdump
[1.127s] -- Up-to-date: /home/geomatics_in_house_system/ros2_ws/install/velodyne_driver/share/ament_index/resource_index/package_run_dependencies/velodyne_driver
[1.128s] -- Up-to-date: /home/geomatics_in_house_system/ros2_ws/install/velodyne_driver/share/ament_index/resource_index/parent_prefix_path/velodyne_driver
[1.128s] -- Up-to-date: /home/geomatics_in_house_system/ros2_ws/install/velodyne_driver/share/velodyne_driver/environment/ament_prefix_path.sh
[1.129s] -- Up-to-date: /home/geomatics_in_house_system/ros2_ws/install/velodyne_driver/share/velodyne_driver/environment/ament_prefix_path.dsv
[1.129s] -- Up-to-date: /home/geomatics_in_house_system/ros2_ws/install/velodyne_driver/share/velodyne_driver/environment/path.sh
[1.130s] -- Up-to-date: /home/geomatics_in_house_system/ros2_ws/install/velodyne_driver/share/velodyne_driver/environment/path.dsv
[1.132s] -- Up-to-date: /home/geomatics_in_house_system/ros2_ws/install/velodyne_driver/share/velodyne_driver/local_setup.bash
[1.133s] -- Up-to-date: /home/geomatics_in_house_system/ros2_ws/install/velodyne_driver/share/velodyne_driver/local_setup.sh
[1.134s] -- Up-to-date: /home/geomatics_in_house_system/ros2_ws/install/velodyne_driver/share/velodyne_driver/local_setup.zsh
[1.136s] -- Up-to-date: /home/geomatics_in_house_system/ros2_ws/install/velodyne_driver/share/velodyne_driver/local_setup.dsv
[1.148s] -- Installing: /home/geomatics_in_house_system/ros2_ws/install/velodyne_driver/share/velodyne_driver/package.dsv
[1.148s] -- Up-to-date: /home/geomatics_in_house_system/ros2_ws/install/velodyne_driver/share/ament_index/resource_index/packages/velodyne_driver
[1.149s] -- Up-to-date: /home/geomatics_in_house_system/ros2_ws/install/velodyne_driver/share/ament_index/resource_index/rclcpp_components/velodyne_driver
[1.149s] -- Up-to-date: /home/geomatics_in_house_system/ros2_ws/install/velodyne_driver/share/velodyne_driver/cmake/velodyne_driverConfig.cmake
[1.149s] -- Up-to-date: /home/geomatics_in_house_system/ros2_ws/install/velodyne_driver/share/velodyne_driver/cmake/velodyne_driverConfig-version.cmake
[1.150s] -- Up-to-date: /home/geomatics_in_house_system/ros2_ws/install/velodyne_driver/share/velodyne_driver/package.xml
[1.150s] -- Up-to-date: /home/geomatics_in_house_system/ros2_ws/install/velodyne_driver/lib/libvelodyne_input.so
[1.151s] Invoked command in '/home/geomatics_in_house_system/ros2_ws/build/velodyne_driver' returned '0': CMAKE_PREFIX_PATH=/home/geomatics_in_house_system/ros2_ws/install/velodyne_msgs:/home/geomatics_in_house_system/ros2_ws/install/velodyne:/home/geomatics_in_house_system/ros2_ws/install/velodyne_pointcloud:/home/geomatics_in_house_system/ros2_ws/install/velodyne_driver:/home/geomatics_in_house_system/ros2_ws/install/velodyne_laserscan:/opt/ros/humble LD_LIBRARY_PATH=/home/geomatics_in_house_system/ros2_ws/install/velodyne_msgs/lib:/home/geomatics_in_house_system/ros2_ws/install/velodyne_pointcloud/lib:/home/geomatics_in_house_system/ros2_ws/install/velodyne_driver/lib:/home/geomatics_in_house_system/ros2_ws/install/velodyne_laserscan/lib:/opt/ros/humble/opt/rviz_ogre_vendor/lib:/opt/ros/humble/lib/aarch64-linux-gnu:/opt/ros/humble/lib /usr/bin/cmake --install /home/geomatics_in_house_system/ros2_ws/build/velodyne_driver
