[0.068s] Invoking command in '/home/geomatics_in_house_system/ros2_ws/build/velodyne': CMAKE_PREFIX_PATH=/home/geomatics_in_house_system/ros2_ws/install/velodyne_pointcloud:/home/geomatics_in_house_system/ros2_ws/install/velodyne_driver:/home/geomatics_in_house_system/ros2_ws/install/velodyne_msgs:/home/geomatics_in_house_system/ros2_ws/install/velodyne_laserscan:/home/geomatics_in_house_system/ros2_ws/install/velodyne:/opt/ros/humble /usr/bin/cmake --build /home/geomatics_in_house_system/ros2_ws/build/velodyne -- -j4 -l4
[0.229s] Invoked command in '/home/geomatics_in_house_system/ros2_ws/build/velodyne' returned '0': CMAKE_PREFIX_PATH=/home/geomatics_in_house_system/ros2_ws/install/velodyne_pointcloud:/home/geomatics_in_house_system/ros2_ws/install/velodyne_driver:/home/geomatics_in_house_system/ros2_ws/install/velodyne_msgs:/home/geomatics_in_house_system/ros2_ws/install/velodyne_laserscan:/home/geomatics_in_house_system/ros2_ws/install/velodyne:/opt/ros/humble /usr/bin/cmake --build /home/geomatics_in_house_system/ros2_ws/build/velodyne -- -j4 -l4
[0.353s] Invoking command in '/home/geomatics_in_house_system/ros2_ws/build/velodyne': CMAKE_PREFIX_PATH=/home/geomatics_in_house_system/ros2_ws/install/velodyne_pointcloud:/home/geomatics_in_house_system/ros2_ws/install/velodyne_driver:/home/geomatics_in_house_system/ros2_ws/install/velodyne_msgs:/home/geomatics_in_house_system/ros2_ws/install/velodyne_laserscan:/home/geomatics_in_house_system/ros2_ws/install/velodyne:/opt/ros/humble /usr/bin/cmake --install /home/geomatics_in_house_system/ros2_ws/build/velodyne
[0.383s] -- Install configuration: ""
[0.383s] -- Up-to-date: /home/geomatics_in_house_system/ros2_ws/install/velodyne/share/velodyne/launch
[0.384s] -- Up-to-date: /home/geomatics_in_house_system/ros2_ws/install/velodyne/share/velodyne/launch/velodyne-all-nodes-VLP16-launch.py
[0.385s] -- Up-to-date: /home/geomatics_in_house_system/ros2_ws/install/velodyne/share/velodyne/launch/velodyne-all-nodes-VLS128-composed-launch.py
[0.386s] -- Up-to-date: /home/geomatics_in_house_system/ros2_ws/install/velodyne/share/velodyne/launch/velodyne-all-nodes-VLP32C-composed-launch.py
[0.386s] -- Up-to-date: /home/geomatics_in_house_system/ros2_ws/install/velodyne/share/velodyne/launch/velodyne-all-nodes-VLP16-composed-launch.py
[0.387s] -- Up-to-date: /home/geomatics_in_house_system/ros2_ws/install/velodyne/share/velodyne/launch/velodyne-all-nodes-VLP32C-launch.py
[0.387s] -- Up-to-date: /home/geomatics_in_house_system/ros2_ws/install/velodyne/share/velodyne/launch/velodyne-all-nodes-VLS128-launch.py
[0.387s] -- Up-to-date: /home/geomatics_in_house_system/ros2_ws/install/velodyne/share/ament_index/resource_index/package_run_dependencies/velodyne
[0.388s] -- Up-to-date: /home/geomatics_in_house_system/ros2_ws/install/velodyne/share/ament_index/resource_index/parent_prefix_path/velodyne
[0.388s] -- Up-to-date: /home/geomatics_in_house_system/ros2_ws/install/velodyne/share/velodyne/environment/ament_prefix_path.sh
[0.389s] -- Up-to-date: /home/geomatics_in_house_system/ros2_ws/install/velodyne/share/velodyne/environment/ament_prefix_path.dsv
[0.389s] -- Up-to-date: /home/geomatics_in_house_system/ros2_ws/install/velodyne/share/velodyne/environment/path.sh
[0.390s] -- Up-to-date: /home/geomatics_in_house_system/ros2_ws/install/velodyne/share/velodyne/environment/path.dsv
[0.390s] -- Up-to-date: /home/geomatics_in_house_system/ros2_ws/install/velodyne/share/velodyne/local_setup.bash
[0.390s] -- Up-to-date: /home/geomatics_in_house_system/ros2_ws/install/velodyne/share/velodyne/local_setup.sh
[0.391s] -- Up-to-date: /home/geomatics_in_house_system/ros2_ws/install/velodyne/share/velodyne/local_setup.zsh
[0.391s] -- Up-to-date: /home/geomatics_in_house_system/ros2_ws/install/velodyne/share/velodyne/local_setup.dsv
[0.392s] -- Installing: /home/geomatics_in_house_system/ros2_ws/install/velodyne/share/velodyne/package.dsv
[0.392s] -- Up-to-date: /home/geomatics_in_house_system/ros2_ws/install/velodyne/share/ament_index/resource_index/packages/velodyne
[0.392s] -- Up-to-date: /home/geomatics_in_house_system/ros2_ws/install/velodyne/share/velodyne/cmake/velodyneConfig.cmake
[0.393s] -- Up-to-date: /home/geomatics_in_house_system/ros2_ws/install/velodyne/share/velodyne/cmake/velodyneConfig-version.cmake
[0.393s] -- Up-to-date: /home/geomatics_in_house_system/ros2_ws/install/velodyne/share/velodyne/package.xml
[0.400s] Invoked command in '/home/geomatics_in_house_system/ros2_ws/build/velodyne' returned '0': CMAKE_PREFIX_PATH=/home/geomatics_in_house_system/ros2_ws/install/velodyne_pointcloud:/home/geomatics_in_house_system/ros2_ws/install/velodyne_driver:/home/geomatics_in_house_system/ros2_ws/install/velodyne_msgs:/home/geomatics_in_house_system/ros2_ws/install/velodyne_laserscan:/home/geomatics_in_house_system/ros2_ws/install/velodyne:/opt/ros/humble /usr/bin/cmake --install /home/geomatics_in_house_system/ros2_ws/build/velodyne
