[0.104s] Invoking command in '/home/geomatics_in_house_system/ros2_ws/build/geo_system': CMAKE_PREFIX_PATH=${CMAKE_PREFIX_PATH}:/opt/ros/humble /usr/bin/cmake --build /home/geomatics_in_house_system/ros2_ws/build/geo_system -- -j4 -l4
[0.324s] Invoked command in '/home/geomatics_in_house_system/ros2_ws/build/geo_system' returned '0': CMAKE_PREFIX_PATH=${CMAKE_PREFIX_PATH}:/opt/ros/humble /usr/bin/cmake --build /home/geomatics_in_house_system/ros2_ws/build/geo_system -- -j4 -l4
[0.540s] Invoking command in '/home/geomatics_in_house_system/ros2_ws/build/geo_system': CMAKE_PREFIX_PATH=${CMAKE_PREFIX_PATH}:/opt/ros/humble /usr/bin/cmake --install /home/geomatics_in_house_system/ros2_ws/build/geo_system
[0.585s] -- Install configuration: ""
[0.586s] -- Up-to-date: /home/geomatics_in_house_system/ros2_ws/install/geo_system/share/geo_system//launch
[0.589s] -- Up-to-date: /home/geomatics_in_house_system/ros2_ws/install/geo_system/share/geo_system//launch/record_all.launch.py
[0.592s] -- Up-to-date: /home/geomatics_in_house_system/ros2_ws/install/geo_system/share/geo_system//launch/sensors.launch.py
[0.594s] -- Up-to-date: /home/geomatics_in_house_system/ros2_ws/install/geo_system/share/geo_system//launch/description_launch.py
[0.604s] -- Up-to-date: /home/geomatics_in_house_system/ros2_ws/install/geo_system/share/geo_system//config
[0.608s] -- Up-to-date: /home/geomatics_in_house_system/ros2_ws/install/geo_system/share/geo_system//config/topics_to_record.yaml
[0.609s] -- Up-to-date: /home/geomatics_in_house_system/ros2_ws/install/geo_system/share/geo_system//urdf
[0.614s] -- Up-to-date: /home/geomatics_in_house_system/ros2_ws/install/geo_system/share/geo_system//urdf/geo_description.urdf.xacro
[0.616s] -- Up-to-date: /home/geomatics_in_house_system/ros2_ws/install/geo_system/share/ament_index/resource_index/package_run_dependencies/geo_system
[0.619s] -- Up-to-date: /home/geomatics_in_house_system/ros2_ws/install/geo_system/share/ament_index/resource_index/parent_prefix_path/geo_system
[0.620s] -- Up-to-date: /home/geomatics_in_house_system/ros2_ws/install/geo_system/share/geo_system/environment/ament_prefix_path.sh
[0.621s] -- Up-to-date: /home/geomatics_in_house_system/ros2_ws/install/geo_system/share/geo_system/environment/ament_prefix_path.dsv
[0.624s] -- Up-to-date: /home/geomatics_in_house_system/ros2_ws/install/geo_system/share/geo_system/environment/path.sh
[0.625s] -- Up-to-date: /home/geomatics_in_house_system/ros2_ws/install/geo_system/share/geo_system/environment/path.dsv
[0.626s] -- Up-to-date: /home/geomatics_in_house_system/ros2_ws/install/geo_system/share/geo_system/local_setup.bash
[0.629s] -- Up-to-date: /home/geomatics_in_house_system/ros2_ws/install/geo_system/share/geo_system/local_setup.sh
[0.629s] -- Up-to-date: /home/geomatics_in_house_system/ros2_ws/install/geo_system/share/geo_system/local_setup.zsh
[0.630s] -- Up-to-date: /home/geomatics_in_house_system/ros2_ws/install/geo_system/share/geo_system/local_setup.dsv
[0.631s] -- Installing: /home/geomatics_in_house_system/ros2_ws/install/geo_system/share/geo_system/package.dsv
[0.633s] -- Up-to-date: /home/geomatics_in_house_system/ros2_ws/install/geo_system/share/ament_index/resource_index/packages/geo_system
[0.636s] -- Up-to-date: /home/geomatics_in_house_system/ros2_ws/install/geo_system/share/geo_system/cmake/ament_cmake_export_dependencies-extras.cmake
[0.638s] -- Up-to-date: /home/geomatics_in_house_system/ros2_ws/install/geo_system/share/geo_system/cmake/geo_systemConfig.cmake
[0.638s] -- Up-to-date: /home/geomatics_in_house_system/ros2_ws/install/geo_system/share/geo_system/cmake/geo_systemConfig-version.cmake
[0.640s] -- Up-to-date: /home/geomatics_in_house_system/ros2_ws/install/geo_system/share/geo_system/package.xml
[0.649s] Invoked command in '/home/geomatics_in_house_system/ros2_ws/build/geo_system' returned '0': CMAKE_PREFIX_PATH=${CMAKE_PREFIX_PATH}:/opt/ros/humble /usr/bin/cmake --install /home/geomatics_in_house_system/ros2_ws/build/geo_system
