[0.084s] Invoking command in '/home/geomatics_in_house_system/ros2_ws/build/vectornav': CMAKE_PREFIX_PATH=/home/geomatics_in_house_system/ros2_ws/install/vectornav_msgs:/home/geomatics_in_house_system/ros2_ws/install/velodyne:/home/geomatics_in_house_system/ros2_ws/install/velodyne_pointcloud:/home/geomatics_in_house_system/ros2_ws/install/velodyne_driver:/home/geomatics_in_house_system/ros2_ws/install/velodyne_msgs:/home/geomatics_in_house_system/ros2_ws/install/velodyne_laserscan:/home/geomatics_in_house_system/ros2_ws/install/vectornav:/home/geomatics_in_house_system/ros2_ws/install/tcp_tunnel:/home/geomatics_in_house_system/ros2_ws/install/norlab_icp_mapper_ros:/home/geomatics_in_house_system/ros2_ws/install/norlab_icp_mapper:/home/geomatics_in_house_system/ros2_ws/install/mapper_config_template:/home/geomatics_in_house_system/ros2_ws/install/libpointmatcher_ros:/opt/ros/humble LD_LIBRARY_PATH=/home/geomatics_in_house_system/ros2_ws/install/vectornav_msgs/lib:/home/geomatics_in_house_system/ros2_ws/install/velodyne_pointcloud/lib:/home/geomatics_in_house_system/ros2_ws/install/velodyne_driver/lib:/home/geomatics_in_house_system/ros2_ws/install/velodyne_msgs/lib:/home/geomatics_in_house_system/ros2_ws/install/velodyne_laserscan/lib:/home/geomatics_in_house_system/ros2_ws/install/vectornav/lib:/home/geomatics_in_house_system/ros2_ws/install/tcp_tunnel/lib:/home/geomatics_in_house_system/ros2_ws/install/norlab_icp_mapper_ros/lib:/home/geomatics_in_house_system/ros2_ws/install/libpointmatcher_ros/lib:/opt/ros/humble/opt/rviz_ogre_vendor/lib:/opt/ros/humble/lib/aarch64-linux-gnu:/opt/ros/humble/lib /usr/bin/cmake /home/geomatics_in_house_system/ros2_ws/src/vectornav/vectornav -DCMAKE_INSTALL_PREFIX=/home/geomatics_in_house_system/ros2_ws/install/vectornav
[0.634s] -- The C compiler identification is GNU 11.4.0
[1.129s] -- The CXX compiler identification is GNU 11.4.0
[1.192s] -- Detecting C compiler ABI info
[2.094s] -- Detecting C compiler ABI info - done
[2.150s] -- Check for working C compiler: /usr/bin/cc - skipped
[2.154s] -- Detecting C compile features
[2.161s] -- Detecting C compile features - done
[2.212s] -- Detecting CXX compiler ABI info
[3.246s] -- Detecting CXX compiler ABI info - done
[3.287s] -- Check for working CXX compiler: /usr/bin/c++ - skipped
[3.292s] -- Detecting CXX compile features
[3.298s] -- Detecting CXX compile features - done
[3.417s] -- Found ament_cmake: 1.3.8 (/opt/ros/humble/share/ament_cmake/cmake)
[5.095s] -- Found Python3: /usr/bin/python3 (found version "3.10.12") found components: Interpreter 
[6.494s] -- Found rclcpp: 16.0.8 (/opt/ros/humble/share/rclcpp/cmake)
[7.591s] -- Found rosidl_generator_c: 3.1.5 (/opt/ros/humble/share/rosidl_generator_c/cmake)
[7.682s] -- Found rosidl_adapter: 3.1.5 (/opt/ros/humble/share/rosidl_adapter/cmake)
[7.864s] -- Found rosidl_generator_cpp: 3.1.5 (/opt/ros/humble/share/rosidl_generator_cpp/cmake)
[8.091s] -- Using all available rosidl_typesupport_c: rosidl_typesupport_fastrtps_c;rosidl_typesupport_introspection_c
[8.400s] -- Using all available rosidl_typesupport_cpp: rosidl_typesupport_fastrtps_cpp;rosidl_typesupport_introspection_cpp
[9.476s] -- Found rmw_implementation_cmake: 6.1.1 (/opt/ros/humble/share/rmw_implementation_cmake/cmake)
[9.527s] -- Found rmw_fastrtps_cpp: 6.2.6 (/opt/ros/humble/share/rmw_fastrtps_cpp/cmake)
[11.112s] -- Found OpenSSL: /usr/lib/aarch64-linux-gnu/libcrypto.so (found version "3.0.2")  
[11.720s] -- Found FastRTPS: /opt/ros/humble/include  
[12.945s] -- Using RMW implementation 'rmw_fastrtps_cpp' as default
[13.109s] -- Looking for pthread.h
[14.017s] -- Looking for pthread.h - found
[14.028s] -- Performing Test CMAKE_HAVE_LIBC_PTHREAD
[14.701s] -- Performing Test CMAKE_HAVE_LIBC_PTHREAD - Success
[14.708s] -- Found Threads: TRUE  
[16.281s] -- Found rclcpp_action: 16.0.8 (/opt/ros/humble/share/rclcpp_action/cmake)
[17.242s] -- Found sensor_msgs: 4.2.3 (/opt/ros/humble/share/sensor_msgs/cmake)
[18.385s] -- Found vectornav_msgs: 3.0.0 (/home/geomatics_in_house_system/ros2_ws/install/vectornav_msgs/share/vectornav_msgs/cmake)
[19.115s] -- Found tf2_geometry_msgs: 0.25.6 (/opt/ros/humble/share/tf2_geometry_msgs/cmake)
[19.547s] -- Found eigen3_cmake_module: 0.1.1 (/opt/ros/humble/share/eigen3_cmake_module/cmake)
[19.558s] -- Found Eigen3: TRUE (found version "3.4.0") 
[19.559s] -- Ensuring Eigen3 include directory is part of orocos-kdl CMake target
[22.147s] -- Found ament_lint_auto: 0.12.10 (/opt/ros/humble/share/ament_lint_auto/cmake)
[23.296s] -- Added test 'cppcheck' to perform static code analysis on C / C++ code
[23.297s] -- Configured cppcheck include dirs: 
[23.298s] -- Configured cppcheck exclude dirs and/or files: 
[23.370s] -- Added test 'cpplint' to check C / C++ code against the Google style
[23.371s] -- Configured cpplint exclude dirs and/or files: 
[23.398s] -- Added test 'flake8' to check Python code syntax and style conventions
[23.440s] -- Added test 'lint_cmake' to check CMake code style
[23.455s] -- Added test 'pep257' to check Python code against some of the docstring style conventions in PEP 257
[23.511s] -- Added test 'uncrustify' to check C / C++ code style
[23.511s] -- Configured uncrustify additional arguments: 
[23.523s] -- Added test 'xmllint' to check XML markup files
[23.545s] -- Configuring done
[23.848s] -- Generating done
[23.868s] -- Build files have been written to: /home/geomatics_in_house_system/ros2_ws/build/vectornav
[23.981s] Invoked command in '/home/geomatics_in_house_system/ros2_ws/build/vectornav' returned '0': CMAKE_PREFIX_PATH=/home/geomatics_in_house_system/ros2_ws/install/vectornav_msgs:/home/geomatics_in_house_system/ros2_ws/install/velodyne:/home/geomatics_in_house_system/ros2_ws/install/velodyne_pointcloud:/home/geomatics_in_house_system/ros2_ws/install/velodyne_driver:/home/geomatics_in_house_system/ros2_ws/install/velodyne_msgs:/home/geomatics_in_house_system/ros2_ws/install/velodyne_laserscan:/home/geomatics_in_house_system/ros2_ws/install/vectornav:/home/geomatics_in_house_system/ros2_ws/install/tcp_tunnel:/home/geomatics_in_house_system/ros2_ws/install/norlab_icp_mapper_ros:/home/geomatics_in_house_system/ros2_ws/install/norlab_icp_mapper:/home/geomatics_in_house_system/ros2_ws/install/mapper_config_template:/home/geomatics_in_house_system/ros2_ws/install/libpointmatcher_ros:/opt/ros/humble LD_LIBRARY_PATH=/home/geomatics_in_house_system/ros2_ws/install/vectornav_msgs/lib:/home/geomatics_in_house_system/ros2_ws/install/velodyne_pointcloud/lib:/home/geomatics_in_house_system/ros2_ws/install/velodyne_driver/lib:/home/geomatics_in_house_system/ros2_ws/install/velodyne_msgs/lib:/home/geomatics_in_house_system/ros2_ws/install/velodyne_laserscan/lib:/home/geomatics_in_house_system/ros2_ws/install/vectornav/lib:/home/geomatics_in_house_system/ros2_ws/install/tcp_tunnel/lib:/home/geomatics_in_house_system/ros2_ws/install/norlab_icp_mapper_ros/lib:/home/geomatics_in_house_system/ros2_ws/install/libpointmatcher_ros/lib:/opt/ros/humble/opt/rviz_ogre_vendor/lib:/opt/ros/humble/lib/aarch64-linux-gnu:/opt/ros/humble/lib /usr/bin/cmake /home/geomatics_in_house_system/ros2_ws/src/vectornav/vectornav -DCMAKE_INSTALL_PREFIX=/home/geomatics_in_house_system/ros2_ws/install/vectornav
[23.988s] Invoking command in '/home/geomatics_in_house_system/ros2_ws/build/vectornav': CMAKE_PREFIX_PATH=/home/geomatics_in_house_system/ros2_ws/install/vectornav_msgs:/home/geomatics_in_house_system/ros2_ws/install/velodyne:/home/geomatics_in_house_system/ros2_ws/install/velodyne_pointcloud:/home/geomatics_in_house_system/ros2_ws/install/velodyne_driver:/home/geomatics_in_house_system/ros2_ws/install/velodyne_msgs:/home/geomatics_in_house_system/ros2_ws/install/velodyne_laserscan:/home/geomatics_in_house_system/ros2_ws/install/vectornav:/home/geomatics_in_house_system/ros2_ws/install/tcp_tunnel:/home/geomatics_in_house_system/ros2_ws/install/norlab_icp_mapper_ros:/home/geomatics_in_house_system/ros2_ws/install/norlab_icp_mapper:/home/geomatics_in_house_system/ros2_ws/install/mapper_config_template:/home/geomatics_in_house_system/ros2_ws/install/libpointmatcher_ros:/opt/ros/humble LD_LIBRARY_PATH=/home/geomatics_in_house_system/ros2_ws/install/vectornav_msgs/lib:/home/geomatics_in_house_system/ros2_ws/install/velodyne_pointcloud/lib:/home/geomatics_in_house_system/ros2_ws/install/velodyne_driver/lib:/home/geomatics_in_house_system/ros2_ws/install/velodyne_msgs/lib:/home/geomatics_in_house_system/ros2_ws/install/velodyne_laserscan/lib:/home/geomatics_in_house_system/ros2_ws/install/vectornav/lib:/home/geomatics_in_house_system/ros2_ws/install/tcp_tunnel/lib:/home/geomatics_in_house_system/ros2_ws/install/norlab_icp_mapper_ros/lib:/home/geomatics_in_house_system/ros2_ws/install/libpointmatcher_ros/lib:/opt/ros/humble/opt/rviz_ogre_vendor/lib:/opt/ros/humble/lib/aarch64-linux-gnu:/opt/ros/humble/lib /usr/bin/cmake --build /home/geomatics_in_house_system/ros2_ws/build/vectornav -- -j4 -l4
[24.539s] [  3%] [32mBuilding CXX object vnproglib-1.2.0.0/cpp/CMakeFiles/vncxx.dir/src/attitude.cpp.o[0m
[27.510s] [  7%] [32mBuilding CXX object vnproglib-1.2.0.0/cpp/CMakeFiles/vncxx.dir/src/conversions.cpp.o[0m
[30.556s] [ 10%] [32mBuilding CXX object vnproglib-1.2.0.0/cpp/CMakeFiles/vncxx.dir/src/criticalsection.cpp.o[0m
[32.253s] [ 14%] [32mBuilding CXX object vnproglib-1.2.0.0/cpp/CMakeFiles/vncxx.dir/src/dllvalidator.cpp.o[0m
[32.454s] [ 17%] [32mBuilding CXX object vnproglib-1.2.0.0/cpp/CMakeFiles/vncxx.dir/src/error_detection.cpp.o[0m
[34.621s] [ 21%] [32mBuilding CXX object vnproglib-1.2.0.0/cpp/CMakeFiles/vncxx.dir/src/event.cpp.o[0m
[36.126s] [ 25%] [32mBuilding CXX object vnproglib-1.2.0.0/cpp/CMakeFiles/vncxx.dir/src/ezasyncdata.cpp.o[0m
[39.606s] [ 28%] [32mBuilding CXX object vnproglib-1.2.0.0/cpp/CMakeFiles/vncxx.dir/src/memoryport.cpp.o[0m
[41.498s] [ 32%] [32mBuilding CXX object vnproglib-1.2.0.0/cpp/CMakeFiles/vncxx.dir/src/packet.cpp.o[0m
[47.688s] [ 35%] [32mBuilding CXX object vnproglib-1.2.0.0/cpp/CMakeFiles/vncxx.dir/src/packetfinder.cpp.o[0m
[52.126s] [ 39%] [32mBuilding CXX object vnproglib-1.2.0.0/cpp/CMakeFiles/vncxx.dir/src/port.cpp.o[0m
[52.461s] [ 42%] [32mBuilding CXX object vnproglib-1.2.0.0/cpp/CMakeFiles/vncxx.dir/src/position.cpp.o[0m
[54.812s] [ 46%] [32mBuilding CXX object vnproglib-1.2.0.0/cpp/CMakeFiles/vncxx.dir/src/rtcmlistener.cpp.o[0m
[57.095s] [ 50%] [32mBuilding CXX object vnproglib-1.2.0.0/cpp/CMakeFiles/vncxx.dir/src/rtcmmessage.cpp.o[0m
[58.581s] [ 53%] [32mBuilding CXX object vnproglib-1.2.0.0/cpp/CMakeFiles/vncxx.dir/src/searcher.cpp.o[0m
[62.675s] [ 57%] [32mBuilding CXX object vnproglib-1.2.0.0/cpp/CMakeFiles/vncxx.dir/src/sensors.cpp.o[0m
[69.416s] [ 60%] [32mBuilding CXX object vnproglib-1.2.0.0/cpp/CMakeFiles/vncxx.dir/src/serialport.cpp.o[0m
[72.742s] [ 64%] [32mBuilding CXX object vnproglib-1.2.0.0/cpp/CMakeFiles/vncxx.dir/src/thread.cpp.o[0m
[74.676s] [ 67%] [32mBuilding CXX object vnproglib-1.2.0.0/cpp/CMakeFiles/vncxx.dir/src/types.cpp.o[0m
[74.910s] [ 71%] [32mBuilding CXX object vnproglib-1.2.0.0/cpp/CMakeFiles/vncxx.dir/src/util.cpp.o[0m
[77.927s] [ 75%] [32mBuilding CXX object vnproglib-1.2.0.0/cpp/CMakeFiles/vncxx.dir/src/utilities.cpp.o[0m
[80.642s] [ 78%] [32mBuilding CXX object vnproglib-1.2.0.0/cpp/CMakeFiles/vncxx.dir/src/vntime.cpp.o[0m
[82.299s] [ 82%] [32mBuilding CXX object vnproglib-1.2.0.0/cpp/CMakeFiles/vncxx.dir/src/compositedata.cpp.o[0m
[88.082s] [ 85%] [32m[1mLinking CXX shared library libvncxx.so[0m
[88.934s] [ 85%] Built target vncxx
[89.179s] [ 89%] [32mBuilding CXX object CMakeFiles/vn_sensor_msgs.dir/src/vn_sensor_msgs.cc.o[0m
[266.643s] [ 92%] [32m[1mLinking CXX executable vn_sensor_msgs[0m
[276.291s] [ 92%] Built target vn_sensor_msgs
[276.415s] [ 96%] [32mBuilding CXX object CMakeFiles/vectornav.dir/src/vectornav.cc.o[0m
[333.765s] [100%] [32m[1mLinking CXX executable vectornav[0m
[336.789s] [100%] Built target vectornav
[336.843s] Invoked command in '/home/geomatics_in_house_system/ros2_ws/build/vectornav' returned '0': CMAKE_PREFIX_PATH=/home/geomatics_in_house_system/ros2_ws/install/vectornav_msgs:/home/geomatics_in_house_system/ros2_ws/install/velodyne:/home/geomatics_in_house_system/ros2_ws/install/velodyne_pointcloud:/home/geomatics_in_house_system/ros2_ws/install/velodyne_driver:/home/geomatics_in_house_system/ros2_ws/install/velodyne_msgs:/home/geomatics_in_house_system/ros2_ws/install/velodyne_laserscan:/home/geomatics_in_house_system/ros2_ws/install/vectornav:/home/geomatics_in_house_system/ros2_ws/install/tcp_tunnel:/home/geomatics_in_house_system/ros2_ws/install/norlab_icp_mapper_ros:/home/geomatics_in_house_system/ros2_ws/install/norlab_icp_mapper:/home/geomatics_in_house_system/ros2_ws/install/mapper_config_template:/home/geomatics_in_house_system/ros2_ws/install/libpointmatcher_ros:/opt/ros/humble LD_LIBRARY_PATH=/home/geomatics_in_house_system/ros2_ws/install/vectornav_msgs/lib:/home/geomatics_in_house_system/ros2_ws/install/velodyne_pointcloud/lib:/home/geomatics_in_house_system/ros2_ws/install/velodyne_driver/lib:/home/geomatics_in_house_system/ros2_ws/install/velodyne_msgs/lib:/home/geomatics_in_house_system/ros2_ws/install/velodyne_laserscan/lib:/home/geomatics_in_house_system/ros2_ws/install/vectornav/lib:/home/geomatics_in_house_system/ros2_ws/install/tcp_tunnel/lib:/home/geomatics_in_house_system/ros2_ws/install/norlab_icp_mapper_ros/lib:/home/geomatics_in_house_system/ros2_ws/install/libpointmatcher_ros/lib:/opt/ros/humble/opt/rviz_ogre_vendor/lib:/opt/ros/humble/lib/aarch64-linux-gnu:/opt/ros/humble/lib /usr/bin/cmake --build /home/geomatics_in_house_system/ros2_ws/build/vectornav -- -j4 -l4
[337.040s] Invoking command in '/home/geomatics_in_house_system/ros2_ws/build/vectornav': CMAKE_PREFIX_PATH=/home/geomatics_in_house_system/ros2_ws/install/vectornav_msgs:/home/geomatics_in_house_system/ros2_ws/install/velodyne:/home/geomatics_in_house_system/ros2_ws/install/velodyne_pointcloud:/home/geomatics_in_house_system/ros2_ws/install/velodyne_driver:/home/geomatics_in_house_system/ros2_ws/install/velodyne_msgs:/home/geomatics_in_house_system/ros2_ws/install/velodyne_laserscan:/home/geomatics_in_house_system/ros2_ws/install/vectornav:/home/geomatics_in_house_system/ros2_ws/install/tcp_tunnel:/home/geomatics_in_house_system/ros2_ws/install/norlab_icp_mapper_ros:/home/geomatics_in_house_system/ros2_ws/install/norlab_icp_mapper:/home/geomatics_in_house_system/ros2_ws/install/mapper_config_template:/home/geomatics_in_house_system/ros2_ws/install/libpointmatcher_ros:/opt/ros/humble LD_LIBRARY_PATH=/home/geomatics_in_house_system/ros2_ws/install/vectornav_msgs/lib:/home/geomatics_in_house_system/ros2_ws/install/velodyne_pointcloud/lib:/home/geomatics_in_house_system/ros2_ws/install/velodyne_driver/lib:/home/geomatics_in_house_system/ros2_ws/install/velodyne_msgs/lib:/home/geomatics_in_house_system/ros2_ws/install/velodyne_laserscan/lib:/home/geomatics_in_house_system/ros2_ws/install/vectornav/lib:/home/geomatics_in_house_system/ros2_ws/install/tcp_tunnel/lib:/home/geomatics_in_house_system/ros2_ws/install/norlab_icp_mapper_ros/lib:/home/geomatics_in_house_system/ros2_ws/install/libpointmatcher_ros/lib:/opt/ros/humble/opt/rviz_ogre_vendor/lib:/opt/ros/humble/lib/aarch64-linux-gnu:/opt/ros/humble/lib /usr/bin/cmake --install /home/geomatics_in_house_system/ros2_ws/build/vectornav
[337.078s] -- Install configuration: ""
[337.079s] -- Installing: /home/geomatics_in_house_system/ros2_ws/install/vectornav/lib/vectornav/vectornav
[337.122s] -- Set runtime path of "/home/geomatics_in_house_system/ros2_ws/install/vectornav/lib/vectornav/vectornav" to ""
[337.123s] -- Installing: /home/geomatics_in_house_system/ros2_ws/install/vectornav/lib/vectornav/vn_sensor_msgs
[337.227s] -- Set runtime path of "/home/geomatics_in_house_system/ros2_ws/install/vectornav/lib/vectornav/vn_sensor_msgs" to ""
[337.228s] -- Installing: /home/geomatics_in_house_system/ros2_ws/install/vectornav/share/vectornav//config
[337.228s] -- Installing: /home/geomatics_in_house_system/ros2_ws/install/vectornav/share/vectornav//config/vn_100_800hz.yaml
[337.233s] -- Installing: /home/geomatics_in_house_system/ros2_ws/install/vectornav/share/vectornav//config/vectornav.yaml
[337.234s] -- Installing: /home/geomatics_in_house_system/ros2_ws/install/vectornav/share/vectornav//launch
[337.235s] -- Installing: /home/geomatics_in_house_system/ros2_ws/install/vectornav/share/vectornav//launch/__pycache__
[337.235s] -- Installing: /home/geomatics_in_house_system/ros2_ws/install/vectornav/share/vectornav//launch/__pycache__/vectornav.launch.cpython-310.pyc
[337.237s] -- Installing: /home/geomatics_in_house_system/ros2_ws/install/vectornav/share/vectornav//launch/vectornav.launch.py
[337.240s] -- Installing: /home/geomatics_in_house_system/ros2_ws/install/vectornav/share/ament_index/resource_index/package_run_dependencies/vectornav
[337.241s] -- Installing: /home/geomatics_in_house_system/ros2_ws/install/vectornav/share/ament_index/resource_index/parent_prefix_path/vectornav
[337.243s] -- Installing: /home/geomatics_in_house_system/ros2_ws/install/vectornav/share/vectornav/environment/ament_prefix_path.sh
[337.244s] -- Installing: /home/geomatics_in_house_system/ros2_ws/install/vectornav/share/vectornav/environment/ament_prefix_path.dsv
[337.245s] -- Installing: /home/geomatics_in_house_system/ros2_ws/install/vectornav/share/vectornav/environment/path.sh
[337.246s] -- Installing: /home/geomatics_in_house_system/ros2_ws/install/vectornav/share/vectornav/environment/path.dsv
[337.248s] -- Installing: /home/geomatics_in_house_system/ros2_ws/install/vectornav/share/vectornav/local_setup.bash
[337.249s] -- Installing: /home/geomatics_in_house_system/ros2_ws/install/vectornav/share/vectornav/local_setup.sh
[337.250s] -- Installing: /home/geomatics_in_house_system/ros2_ws/install/vectornav/share/vectornav/local_setup.zsh
[337.251s] -- Installing: /home/geomatics_in_house_system/ros2_ws/install/vectornav/share/vectornav/local_setup.dsv
[337.252s] -- Installing: /home/geomatics_in_house_system/ros2_ws/install/vectornav/share/vectornav/package.dsv
[337.254s] -- Installing: /home/geomatics_in_house_system/ros2_ws/install/vectornav/share/ament_index/resource_index/packages/vectornav
[337.256s] -- Installing: /home/geomatics_in_house_system/ros2_ws/install/vectornav/share/vectornav/cmake/ament_cmake_export_dependencies-extras.cmake
[337.257s] -- Installing: /home/geomatics_in_house_system/ros2_ws/install/vectornav/share/vectornav/cmake/vectornavConfig.cmake
[337.258s] -- Installing: /home/geomatics_in_house_system/ros2_ws/install/vectornav/share/vectornav/cmake/vectornavConfig-version.cmake
[337.259s] -- Installing: /home/geomatics_in_house_system/ros2_ws/install/vectornav/share/vectornav/package.xml
[337.261s] -- Installing: /home/geomatics_in_house_system/ros2_ws/install/vectornav/lib/libvncxx.so
[337.269s] -- Installing: /home/geomatics_in_house_system/ros2_ws/install/vectornav/include/vn
[337.270s] -- Installing: /home/geomatics_in_house_system/ros2_ws/install/vectornav/include/vn/registers.h
[337.271s] -- Installing: /home/geomatics_in_house_system/ros2_ws/install/vectornav/include/vn/event.h
[337.272s] -- Installing: /home/geomatics_in_house_system/ros2_ws/install/vectornav/include/vn/thread.h
[337.273s] -- Installing: /home/geomatics_in_house_system/ros2_ws/install/vectornav/include/vn/packet.h
[337.275s] -- Installing: /home/geomatics_in_house_system/ros2_ws/install/vectornav/include/vn/error_detection.h
[337.276s] -- Installing: /home/geomatics_in_house_system/ros2_ws/install/vectornav/include/vn/compiler.h
[337.277s] -- Installing: /home/geomatics_in_house_system/ros2_ws/install/vectornav/include/vn/memoryport.h
[337.278s] -- Installing: /home/geomatics_in_house_system/ros2_ws/install/vectornav/include/vn/attitude.h
[337.279s] -- Installing: /home/geomatics_in_house_system/ros2_ws/install/vectornav/include/vn/matrix.h
[337.280s] -- Installing: /home/geomatics_in_house_system/ros2_ws/install/vectornav/include/vn/boostpython.h
[337.282s] -- Installing: /home/geomatics_in_house_system/ros2_ws/install/vectornav/include/vn/dllvalidator.h
[337.283s] -- Installing: /home/geomatics_in_house_system/ros2_ws/install/vectornav/include/vn/ezasyncdata.h
[337.284s] -- Installing: /home/geomatics_in_house_system/ros2_ws/install/vectornav/include/vn/vntime.h
[337.285s] -- Installing: /home/geomatics_in_house_system/ros2_ws/install/vectornav/include/vn/nocopy.h
[337.286s] -- Installing: /home/geomatics_in_house_system/ros2_ws/install/vectornav/include/vn/export.h
[337.287s] -- Installing: /home/geomatics_in_house_system/ros2_ws/install/vectornav/include/vn/rtcmmessage.h
[337.288s] -- Installing: /home/geomatics_in_house_system/ros2_ws/install/vectornav/include/vn/searcher.h
[337.289s] -- Installing: /home/geomatics_in_house_system/ros2_ws/install/vectornav/include/vn/position.h
[337.290s] -- Installing: /home/geomatics_in_house_system/ros2_ws/install/vectornav/include/vn/exceptions.h
[337.291s] -- Installing: /home/geomatics_in_house_system/ros2_ws/install/vectornav/include/vn/conversions.h
[337.292s] -- Installing: /home/geomatics_in_house_system/ros2_ws/install/vectornav/include/vn/util.h
[337.294s] -- Installing: /home/geomatics_in_house_system/ros2_ws/install/vectornav/include/vn/int.h
[337.294s] -- Installing: /home/geomatics_in_house_system/ros2_ws/install/vectornav/include/vn/serialport.h
[337.295s] -- Installing: /home/geomatics_in_house_system/ros2_ws/install/vectornav/include/vn/types.h
[337.297s] -- Installing: /home/geomatics_in_house_system/ros2_ws/install/vectornav/include/vn/vector.h
[337.298s] -- Installing: /home/geomatics_in_house_system/ros2_ws/install/vectornav/include/vn/criticalsection.h
[337.299s] -- Installing: /home/geomatics_in_house_system/ros2_ws/install/vectornav/include/vn/sensors.h
[337.300s] -- Installing: /home/geomatics_in_house_system/ros2_ws/install/vectornav/include/vn/port.h
[337.301s] -- Installing: /home/geomatics_in_house_system/ros2_ws/install/vectornav/include/vn/signal.h
[337.303s] -- Installing: /home/geomatics_in_house_system/ros2_ws/install/vectornav/include/vn/consts.h
[337.304s] -- Installing: /home/geomatics_in_house_system/ros2_ws/install/vectornav/include/vn/rtcmlistener.h
[337.305s] -- Installing: /home/geomatics_in_house_system/ros2_ws/install/vectornav/include/vn/utilities.h
[337.306s] -- Installing: /home/geomatics_in_house_system/ros2_ws/install/vectornav/include/vn/packetfinder.h
[337.307s] -- Installing: /home/geomatics_in_house_system/ros2_ws/install/vectornav/include/vn/compositedata.h
[337.308s] -- Installing: /home/geomatics_in_house_system/ros2_ws/install/vectornav/include/vn/mock.h
[337.317s] Invoked command in '/home/geomatics_in_house_system/ros2_ws/build/vectornav' returned '0': CMAKE_PREFIX_PATH=/home/geomatics_in_house_system/ros2_ws/install/vectornav_msgs:/home/geomatics_in_house_system/ros2_ws/install/velodyne:/home/geomatics_in_house_system/ros2_ws/install/velodyne_pointcloud:/home/geomatics_in_house_system/ros2_ws/install/velodyne_driver:/home/geomatics_in_house_system/ros2_ws/install/velodyne_msgs:/home/geomatics_in_house_system/ros2_ws/install/velodyne_laserscan:/home/geomatics_in_house_system/ros2_ws/install/vectornav:/home/geomatics_in_house_system/ros2_ws/install/tcp_tunnel:/home/geomatics_in_house_system/ros2_ws/install/norlab_icp_mapper_ros:/home/geomatics_in_house_system/ros2_ws/install/norlab_icp_mapper:/home/geomatics_in_house_system/ros2_ws/install/mapper_config_template:/home/geomatics_in_house_system/ros2_ws/install/libpointmatcher_ros:/opt/ros/humble LD_LIBRARY_PATH=/home/geomatics_in_house_system/ros2_ws/install/vectornav_msgs/lib:/home/geomatics_in_house_system/ros2_ws/install/velodyne_pointcloud/lib:/home/geomatics_in_house_system/ros2_ws/install/velodyne_driver/lib:/home/geomatics_in_house_system/ros2_ws/install/velodyne_msgs/lib:/home/geomatics_in_house_system/ros2_ws/install/velodyne_laserscan/lib:/home/geomatics_in_house_system/ros2_ws/install/vectornav/lib:/home/geomatics_in_house_system/ros2_ws/install/tcp_tunnel/lib:/home/geomatics_in_house_system/ros2_ws/install/norlab_icp_mapper_ros/lib:/home/geomatics_in_house_system/ros2_ws/install/libpointmatcher_ros/lib:/opt/ros/humble/opt/rviz_ogre_vendor/lib:/opt/ros/humble/lib/aarch64-linux-gnu:/opt/ros/humble/lib /usr/bin/cmake --install /home/geomatics_in_house_system/ros2_ws/build/vectornav
