[0.059s] Invoking command in '/home/geomatics_in_house_system/ros2_ws/build/velodyne_pointcloud': CMAKE_PREFIX_PATH=${CMAKE_PREFIX_PATH}:/opt/ros/humble /usr/bin/cmake --build /home/geomatics_in_house_system/ros2_ws/build/velodyne_pointcloud -- -j4 -l4
[0.259s] [35m[1mConsolidate compiler generated dependencies of target velodyne_cloud_types[0m
[0.303s] [35m[1mConsolidate compiler generated dependencies of target velodyne_rawdata[0m
[0.314s] [35m[1mConsolidate compiler generated dependencies of target gtest_main[0m
[0.325s] [35m[1mConsolidate compiler generated dependencies of target gtest[0m
[0.398s] [ 11%] Built target gtest_main
[0.420s] [ 22%] Built target gtest
[0.442s] [ 38%] Built target velodyne_cloud_types
[0.481s] [35m[1mConsolidate compiler generated dependencies of target test_row_step[0m
[0.525s] [ 55%] Built target velodyne_rawdata
[0.575s] [35m[1mConsolidate compiler generated dependencies of target transform[0m
[0.597s] [35m[1mConsolidate compiler generated dependencies of target test_calibration[0m
[0.625s] [ 66%] Built target test_row_step
[0.674s] [ 77%] Built target test_calibration
[0.700s] [ 88%] Built target transform
[0.748s] [35m[1mConsolidate compiler generated dependencies of target velodyne_transform_node[0m
[0.874s] [100%] Built target velodyne_transform_node
[0.916s] Invoked command in '/home/geomatics_in_house_system/ros2_ws/build/velodyne_pointcloud' returned '0': CMAKE_PREFIX_PATH=${CMAKE_PREFIX_PATH}:/opt/ros/humble /usr/bin/cmake --build /home/geomatics_in_house_system/ros2_ws/build/velodyne_pointcloud -- -j4 -l4
[1.111s] Invoking command in '/home/geomatics_in_house_system/ros2_ws/build/velodyne_pointcloud': CMAKE_PREFIX_PATH=${CMAKE_PREFIX_PATH}:/opt/ros/humble /usr/bin/cmake --install /home/geomatics_in_house_system/ros2_ws/build/velodyne_pointcloud
[1.140s] -- Install configuration: ""
[1.142s] -- Up-to-date: /home/geomatics_in_house_system/ros2_ws/install/velodyne_pointcloud/lib/libtransform.so
[1.144s] -- Up-to-date: /home/geomatics_in_house_system/ros2_ws/install/velodyne_pointcloud/lib/velodyne_pointcloud/velodyne_transform_node
[1.146s] -- Up-to-date: /home/geomatics_in_house_system/ros2_ws/install/velodyne_pointcloud/include/velodyne_pointcloud
[1.147s] -- Up-to-date: /home/geomatics_in_house_system/ros2_ws/install/velodyne_pointcloud/include/velodyne_pointcloud/rawdata.hpp
[1.147s] -- Up-to-date: /home/geomatics_in_house_system/ros2_ws/install/velodyne_pointcloud/include/velodyne_pointcloud/organized_cloudXYZIRT.hpp
[1.148s] -- Up-to-date: /home/geomatics_in_house_system/ros2_ws/install/velodyne_pointcloud/include/velodyne_pointcloud/transform.hpp
[1.148s] -- Up-to-date: /home/geomatics_in_house_system/ros2_ws/install/velodyne_pointcloud/include/velodyne_pointcloud/datacontainerbase.hpp
[1.149s] -- Up-to-date: /home/geomatics_in_house_system/ros2_ws/install/velodyne_pointcloud/include/velodyne_pointcloud/calibration.hpp
[1.149s] -- Up-to-date: /home/geomatics_in_house_system/ros2_ws/install/velodyne_pointcloud/include/velodyne_pointcloud/pointcloudXYZIRT.hpp
[1.150s] -- Up-to-date: /home/geomatics_in_house_system/ros2_ws/install/velodyne_pointcloud/share/velodyne_pointcloud/config
[1.150s] -- Up-to-date: /home/geomatics_in_house_system/ros2_ws/install/velodyne_pointcloud/share/velodyne_pointcloud/config/VLP16-velodyne_transform_node-params.yaml
[1.151s] -- Up-to-date: /home/geomatics_in_house_system/ros2_ws/install/velodyne_pointcloud/share/velodyne_pointcloud/config/VLP32C-velodyne_transform_node-params.yaml
[1.152s] -- Up-to-date: /home/geomatics_in_house_system/ros2_ws/install/velodyne_pointcloud/share/velodyne_pointcloud/config/VLS128-velodyne_transform_node-params.yaml
[1.153s] -- Up-to-date: /home/geomatics_in_house_system/ros2_ws/install/velodyne_pointcloud/share/velodyne_pointcloud/launch
[1.153s] -- Up-to-date: /home/geomatics_in_house_system/ros2_ws/install/velodyne_pointcloud/share/velodyne_pointcloud/launch/velodyne_transform_node-VLP32C-launch.py
[1.154s] -- Up-to-date: /home/geomatics_in_house_system/ros2_ws/install/velodyne_pointcloud/share/velodyne_pointcloud/launch/velodyne_transform_node-VLS128-composed-launch.py
[1.154s] -- Up-to-date: /home/geomatics_in_house_system/ros2_ws/install/velodyne_pointcloud/share/velodyne_pointcloud/launch/velodyne_transform_node-VLP16-launch.py
[1.155s] -- Up-to-date: /home/geomatics_in_house_system/ros2_ws/install/velodyne_pointcloud/share/velodyne_pointcloud/launch/velodyne_transform_node-VLP16-composed-launch.py
[1.156s] -- Up-to-date: /home/geomatics_in_house_system/ros2_ws/install/velodyne_pointcloud/share/velodyne_pointcloud/launch/velodyne_transform_node-VLP32C-composed-launch.py
[1.157s] -- Up-to-date: /home/geomatics_in_house_system/ros2_ws/install/velodyne_pointcloud/share/velodyne_pointcloud/launch/velodyne_transform_node-VLS128-launch.py
[1.157s] -- Up-to-date: /home/geomatics_in_house_system/ros2_ws/install/velodyne_pointcloud/share/velodyne_pointcloud/params
[1.158s] -- Up-to-date: /home/geomatics_in_house_system/ros2_ws/install/velodyne_pointcloud/share/velodyne_pointcloud/params/64e_s3-xiesc.yaml
[1.158s] -- Up-to-date: /home/geomatics_in_house_system/ros2_ws/install/velodyne_pointcloud/share/velodyne_pointcloud/params/VLS128.yaml
[1.159s] -- Up-to-date: /home/geomatics_in_house_system/ros2_ws/install/velodyne_pointcloud/share/velodyne_pointcloud/params/64e_utexas.yaml
[1.159s] -- Up-to-date: /home/geomatics_in_house_system/ros2_ws/install/velodyne_pointcloud/share/velodyne_pointcloud/params/VeloView-VLP-32C.yaml
[1.160s] -- Up-to-date: /home/geomatics_in_house_system/ros2_ws/install/velodyne_pointcloud/share/velodyne_pointcloud/params/VLP16_hires_db.yaml
[1.161s] -- Up-to-date: /home/geomatics_in_house_system/ros2_ws/install/velodyne_pointcloud/share/velodyne_pointcloud/params/VLP16db.yaml
[1.161s] -- Up-to-date: /home/geomatics_in_house_system/ros2_ws/install/velodyne_pointcloud/share/velodyne_pointcloud/params/32db.yaml
[1.162s] -- Up-to-date: /home/geomatics_in_house_system/ros2_ws/install/velodyne_pointcloud/share/velodyne_pointcloud/params/rviz_points.vcg
[1.162s] -- Up-to-date: /home/geomatics_in_house_system/ros2_ws/install/velodyne_pointcloud/share/velodyne_pointcloud/params/issue_84_float_intensities.yaml
[1.163s] -- Up-to-date: /home/geomatics_in_house_system/ros2_ws/install/velodyne_pointcloud/share/velodyne_pointcloud/params/64e_s2.1-sztaki.yaml
[1.163s] -- Up-to-date: /home/geomatics_in_house_system/ros2_ws/install/velodyne_pointcloud/share/ament_index/resource_index/package_run_dependencies/velodyne_pointcloud
[1.164s] -- Up-to-date: /home/geomatics_in_house_system/ros2_ws/install/velodyne_pointcloud/share/ament_index/resource_index/parent_prefix_path/velodyne_pointcloud
[1.164s] -- Up-to-date: /home/geomatics_in_house_system/ros2_ws/install/velodyne_pointcloud/share/velodyne_pointcloud/environment/ament_prefix_path.sh
[1.165s] -- Up-to-date: /home/geomatics_in_house_system/ros2_ws/install/velodyne_pointcloud/share/velodyne_pointcloud/environment/ament_prefix_path.dsv
[1.165s] -- Up-to-date: /home/geomatics_in_house_system/ros2_ws/install/velodyne_pointcloud/share/velodyne_pointcloud/environment/path.sh
[1.166s] -- Up-to-date: /home/geomatics_in_house_system/ros2_ws/install/velodyne_pointcloud/share/velodyne_pointcloud/environment/path.dsv
[1.167s] -- Up-to-date: /home/geomatics_in_house_system/ros2_ws/install/velodyne_pointcloud/share/velodyne_pointcloud/local_setup.bash
[1.167s] -- Up-to-date: /home/geomatics_in_house_system/ros2_ws/install/velodyne_pointcloud/share/velodyne_pointcloud/local_setup.sh
[1.167s] -- Up-to-date: /home/geomatics_in_house_system/ros2_ws/install/velodyne_pointcloud/share/velodyne_pointcloud/local_setup.zsh
[1.168s] -- Up-to-date: /home/geomatics_in_house_system/ros2_ws/install/velodyne_pointcloud/share/velodyne_pointcloud/local_setup.dsv
[1.168s] -- Installing: /home/geomatics_in_house_system/ros2_ws/install/velodyne_pointcloud/share/velodyne_pointcloud/package.dsv
[1.168s] -- Up-to-date: /home/geomatics_in_house_system/ros2_ws/install/velodyne_pointcloud/share/ament_index/resource_index/packages/velodyne_pointcloud
[1.169s] -- Up-to-date: /home/geomatics_in_house_system/ros2_ws/install/velodyne_pointcloud/share/ament_index/resource_index/rclcpp_components/velodyne_pointcloud
[1.169s] -- Up-to-date: /home/geomatics_in_house_system/ros2_ws/install/velodyne_pointcloud/share/velodyne_pointcloud/cmake/velodyne_pointcloudConfig.cmake
[1.170s] -- Up-to-date: /home/geomatics_in_house_system/ros2_ws/install/velodyne_pointcloud/share/velodyne_pointcloud/cmake/velodyne_pointcloudConfig-version.cmake
[1.170s] -- Up-to-date: /home/geomatics_in_house_system/ros2_ws/install/velodyne_pointcloud/share/velodyne_pointcloud/package.xml
[1.171s] -- Up-to-date: /home/geomatics_in_house_system/ros2_ws/install/velodyne_pointcloud/lib/libvelodyne_cloud_types.so
[1.172s] -- Up-to-date: /home/geomatics_in_house_system/ros2_ws/install/velodyne_pointcloud/lib/libvelodyne_rawdata.so
[1.179s] Invoked command in '/home/geomatics_in_house_system/ros2_ws/build/velodyne_pointcloud' returned '0': CMAKE_PREFIX_PATH=${CMAKE_PREFIX_PATH}:/opt/ros/humble /usr/bin/cmake --install /home/geomatics_in_house_system/ros2_ws/build/velodyne_pointcloud
