[0.708s] DEBUG:colcon:Command line arguments: ['/usr/bin/colcon', 'build']
[0.708s] DEBUG:colcon:Parsed command line arguments: Namespace(log_base=None, log_level=None, verb_name='build', build_base='build', install_base='install', merge_install=False, symlink_install=False, test_result_base=None, continue_on_error=False, executor='parallel', parallel_workers=4, event_handlers=None, ignore_user_meta=False, metas=['./colcon.meta'], base_paths=['.'], packages_ignore=None, packages_ignore_regex=None, paths=None, packages_up_to=None, packages_up_to_regex=None, packages_above=None, packages_above_and_dependencies=None, packages_above_depth=None, packages_select_by_dep=None, packages_skip_by_dep=None, packages_skip_up_to=None, packages_select_build_failed=False, packages_skip_build_finished=False, packages_select_test_failures=False, packages_skip_test_passed=False, packages_select=None, packages_skip=None, packages_select_regex=None, packages_skip_regex=None, packages_start=None, packages_end=None, allow_overriding=[], cmake_args=None, cmake_target=None, cmake_target_skip_unavailable=False, cmake_clean_cache=False, cmake_clean_first=False, cmake_force_configure=False, ament_cmake_args=None, catkin_cmake_args=None, catkin_skip_building_tests=False, verb_parser=<colcon_defaults.argument_parser.defaults.DefaultArgumentsDecorator object at 0xffff9786c3d0>, verb_extension=<colcon_core.verb.build.BuildVerb object at 0xffff979d0fd0>, main=<bound method BuildVerb.main of <colcon_core.verb.build.BuildVerb object at 0xffff979d0fd0>>)
[2.149s] Level 1:colcon.colcon_core.package_discovery:discover_packages(colcon_meta) check parameters
[2.150s] Level 1:colcon.colcon_core.package_discovery:discover_packages(recursive) check parameters
[2.150s] Level 1:colcon.colcon_core.package_discovery:discover_packages(ignore) check parameters
[2.150s] Level 1:colcon.colcon_core.package_discovery:discover_packages(path) check parameters
[2.150s] Level 1:colcon.colcon_core.package_discovery:discover_packages(colcon_meta) discover
[2.150s] Level 1:colcon.colcon_core.package_discovery:discover_packages(recursive) discover
[2.150s] INFO:colcon.colcon_core.package_discovery:Crawling recursively for packages in '/home/geomatics_in_house_system/ros2_ws'
[2.151s] Level 1:colcon.colcon_core.package_identification:_identify(.) by extensions ['ignore', 'ignore_ament_install']
[2.151s] Level 1:colcon.colcon_core.package_identification:_identify(.) by extension 'ignore'
[2.151s] Level 1:colcon.colcon_core.package_identification:_identify(.) by extension 'ignore_ament_install'
[2.152s] Level 1:colcon.colcon_core.package_identification:_identify(.) by extensions ['colcon_pkg']
[2.152s] Level 1:colcon.colcon_core.package_identification:_identify(.) by extension 'colcon_pkg'
[2.152s] Level 1:colcon.colcon_core.package_identification:_identify(.) by extensions ['colcon_meta']
[2.152s] Level 1:colcon.colcon_core.package_identification:_identify(.) by extension 'colcon_meta'
[2.152s] Level 1:colcon.colcon_core.package_identification:_identify(.) by extensions ['ros']
[2.152s] Level 1:colcon.colcon_core.package_identification:_identify(.) by extension 'ros'
[2.206s] Level 1:colcon.colcon_core.package_identification:_identify(.) by extensions ['cmake', 'python']
[2.206s] Level 1:colcon.colcon_core.package_identification:_identify(.) by extension 'cmake'
[2.207s] Level 1:colcon.colcon_core.package_identification:_identify(.) by extension 'python'
[2.207s] Level 1:colcon.colcon_core.package_identification:_identify(.) by extensions ['python_setup_py']
[2.208s] Level 1:colcon.colcon_core.package_identification:_identify(.) by extension 'python_setup_py'
[2.226s] Level 1:colcon.colcon_core.package_identification:_identify(build) by extensions ['ignore', 'ignore_ament_install']
[2.227s] Level 1:colcon.colcon_core.package_identification:_identify(build) by extension 'ignore'
[2.228s] Level 1:colcon.colcon_core.package_identification:_identify(build) ignored
[2.229s] Level 1:colcon.colcon_core.package_identification:_identify(install) by extensions ['ignore', 'ignore_ament_install']
[2.230s] Level 1:colcon.colcon_core.package_identification:_identify(install) by extension 'ignore'
[2.231s] Level 1:colcon.colcon_core.package_identification:_identify(install) ignored
[2.232s] Level 1:colcon.colcon_core.package_identification:_identify(launch) by extensions ['ignore', 'ignore_ament_install']
[2.233s] Level 1:colcon.colcon_core.package_identification:_identify(launch) by extension 'ignore'
[2.233s] Level 1:colcon.colcon_core.package_identification:_identify(launch) by extension 'ignore_ament_install'
[2.234s] Level 1:colcon.colcon_core.package_identification:_identify(launch) by extensions ['colcon_pkg']
[2.234s] Level 1:colcon.colcon_core.package_identification:_identify(launch) by extension 'colcon_pkg'
[2.234s] Level 1:colcon.colcon_core.package_identification:_identify(launch) by extensions ['colcon_meta']
[2.235s] Level 1:colcon.colcon_core.package_identification:_identify(launch) by extension 'colcon_meta'
[2.235s] Level 1:colcon.colcon_core.package_identification:_identify(launch) by extensions ['ros']
[2.235s] Level 1:colcon.colcon_core.package_identification:_identify(launch) by extension 'ros'
[2.236s] Level 1:colcon.colcon_core.package_identification:_identify(launch) by extensions ['cmake', 'python']
[2.237s] Level 1:colcon.colcon_core.package_identification:_identify(launch) by extension 'cmake'
[2.237s] Level 1:colcon.colcon_core.package_identification:_identify(launch) by extension 'python'
[2.237s] Level 1:colcon.colcon_core.package_identification:_identify(launch) by extensions ['python_setup_py']
[2.238s] Level 1:colcon.colcon_core.package_identification:_identify(launch) by extension 'python_setup_py'
[2.262s] Level 1:colcon.colcon_core.package_identification:_identify(launch/__pycache__) by extensions ['ignore', 'ignore_ament_install']
[2.263s] Level 1:colcon.colcon_core.package_identification:_identify(launch/__pycache__) by extension 'ignore'
[2.263s] Level 1:colcon.colcon_core.package_identification:_identify(launch/__pycache__) by extension 'ignore_ament_install'
[2.263s] Level 1:colcon.colcon_core.package_identification:_identify(launch/__pycache__) by extensions ['colcon_pkg']
[2.263s] Level 1:colcon.colcon_core.package_identification:_identify(launch/__pycache__) by extension 'colcon_pkg'
[2.264s] Level 1:colcon.colcon_core.package_identification:_identify(launch/__pycache__) by extensions ['colcon_meta']
[2.264s] Level 1:colcon.colcon_core.package_identification:_identify(launch/__pycache__) by extension 'colcon_meta'
[2.264s] Level 1:colcon.colcon_core.package_identification:_identify(launch/__pycache__) by extensions ['ros']
[2.264s] Level 1:colcon.colcon_core.package_identification:_identify(launch/__pycache__) by extension 'ros'
[2.265s] Level 1:colcon.colcon_core.package_identification:_identify(launch/__pycache__) by extensions ['cmake', 'python']
[2.266s] Level 1:colcon.colcon_core.package_identification:_identify(launch/__pycache__) by extension 'cmake'
[2.267s] Level 1:colcon.colcon_core.package_identification:_identify(launch/__pycache__) by extension 'python'
[2.267s] Level 1:colcon.colcon_core.package_identification:_identify(launch/__pycache__) by extensions ['python_setup_py']
[2.267s] Level 1:colcon.colcon_core.package_identification:_identify(launch/__pycache__) by extension 'python_setup_py'
[2.268s] Level 1:colcon.colcon_core.package_identification:_identify(log) by extensions ['ignore', 'ignore_ament_install']
[2.269s] Level 1:colcon.colcon_core.package_identification:_identify(log) by extension 'ignore'
[2.269s] Level 1:colcon.colcon_core.package_identification:_identify(log) ignored
[2.270s] Level 1:colcon.colcon_core.package_identification:_identify(src) by extensions ['ignore', 'ignore_ament_install']
[2.270s] Level 1:colcon.colcon_core.package_identification:_identify(src) by extension 'ignore'
[2.270s] Level 1:colcon.colcon_core.package_identification:_identify(src) by extension 'ignore_ament_install'
[2.270s] Level 1:colcon.colcon_core.package_identification:_identify(src) by extensions ['colcon_pkg']
[2.271s] Level 1:colcon.colcon_core.package_identification:_identify(src) by extension 'colcon_pkg'
[2.271s] Level 1:colcon.colcon_core.package_identification:_identify(src) by extensions ['colcon_meta']
[2.271s] Level 1:colcon.colcon_core.package_identification:_identify(src) by extension 'colcon_meta'
[2.271s] Level 1:colcon.colcon_core.package_identification:_identify(src) by extensions ['ros']
[2.271s] Level 1:colcon.colcon_core.package_identification:_identify(src) by extension 'ros'
[2.272s] Level 1:colcon.colcon_core.package_identification:_identify(src) by extensions ['cmake', 'python']
[2.272s] Level 1:colcon.colcon_core.package_identification:_identify(src) by extension 'cmake'
[2.272s] Level 1:colcon.colcon_core.package_identification:_identify(src) by extension 'python'
[2.273s] Level 1:colcon.colcon_core.package_identification:_identify(src) by extensions ['python_setup_py']
[2.273s] Level 1:colcon.colcon_core.package_identification:_identify(src) by extension 'python_setup_py'
[2.273s] Level 1:colcon.colcon_core.package_identification:_identify(src/geo_system) by extensions ['ignore', 'ignore_ament_install']
[2.274s] Level 1:colcon.colcon_core.package_identification:_identify(src/geo_system) by extension 'ignore'
[2.274s] Level 1:colcon.colcon_core.package_identification:_identify(src/geo_system) by extension 'ignore_ament_install'
[2.274s] Level 1:colcon.colcon_core.package_identification:_identify(src/geo_system) by extensions ['colcon_pkg']
[2.274s] Level 1:colcon.colcon_core.package_identification:_identify(src/geo_system) by extension 'colcon_pkg'
[2.275s] Level 1:colcon.colcon_core.package_identification:_identify(src/geo_system) by extensions ['colcon_meta']
[2.275s] Level 1:colcon.colcon_core.package_identification:_identify(src/geo_system) by extension 'colcon_meta'
[2.275s] Level 1:colcon.colcon_core.package_identification:_identify(src/geo_system) by extensions ['ros']
[2.275s] Level 1:colcon.colcon_core.package_identification:_identify(src/geo_system) by extension 'ros'
[2.286s] DEBUG:colcon.colcon_core.package_identification:Package 'src/geo_system' with type 'ros.ament_cmake' and name 'geo_system'
[2.287s] Level 1:colcon.colcon_core.package_identification:_identify(src/imu_odom) by extensions ['ignore', 'ignore_ament_install']
[2.288s] Level 1:colcon.colcon_core.package_identification:_identify(src/imu_odom) by extension 'ignore'
[2.288s] Level 1:colcon.colcon_core.package_identification:_identify(src/imu_odom) by extension 'ignore_ament_install'
[2.288s] Level 1:colcon.colcon_core.package_identification:_identify(src/imu_odom) by extensions ['colcon_pkg']
[2.289s] Level 1:colcon.colcon_core.package_identification:_identify(src/imu_odom) by extension 'colcon_pkg'
[2.289s] Level 1:colcon.colcon_core.package_identification:_identify(src/imu_odom) by extensions ['colcon_meta']
[2.289s] Level 1:colcon.colcon_core.package_identification:_identify(src/imu_odom) by extension 'colcon_meta'
[2.289s] Level 1:colcon.colcon_core.package_identification:_identify(src/imu_odom) by extensions ['ros']
[2.289s] Level 1:colcon.colcon_core.package_identification:_identify(src/imu_odom) by extension 'ros'
[2.294s] DEBUG:colcon.colcon_core.package_identification:Package 'src/imu_odom' with type 'ros.ament_cmake' and name 'imu_odom'
[2.295s] Level 1:colcon.colcon_core.package_identification:_identify(src/libpointmatcher_ros) by extensions ['ignore', 'ignore_ament_install']
[2.296s] Level 1:colcon.colcon_core.package_identification:_identify(src/libpointmatcher_ros) by extension 'ignore'
[2.297s] Level 1:colcon.colcon_core.package_identification:_identify(src/libpointmatcher_ros) ignored
[2.297s] Level 1:colcon.colcon_core.package_identification:_identify(src/mapper_config_template) by extensions ['ignore', 'ignore_ament_install']
[2.298s] Level 1:colcon.colcon_core.package_identification:_identify(src/mapper_config_template) by extension 'ignore'
[2.298s] Level 1:colcon.colcon_core.package_identification:_identify(src/mapper_config_template) by extension 'ignore_ament_install'
[2.298s] Level 1:colcon.colcon_core.package_identification:_identify(src/mapper_config_template) by extensions ['colcon_pkg']
[2.298s] Level 1:colcon.colcon_core.package_identification:_identify(src/mapper_config_template) by extension 'colcon_pkg'
[2.298s] Level 1:colcon.colcon_core.package_identification:_identify(src/mapper_config_template) by extensions ['colcon_meta']
[2.299s] Level 1:colcon.colcon_core.package_identification:_identify(src/mapper_config_template) by extension 'colcon_meta'
[2.299s] Level 1:colcon.colcon_core.package_identification:_identify(src/mapper_config_template) by extensions ['ros']
[2.299s] Level 1:colcon.colcon_core.package_identification:_identify(src/mapper_config_template) by extension 'ros'
[2.302s] DEBUG:colcon.colcon_core.package_identification:Package 'src/mapper_config_template' with type 'ros.ament_cmake' and name 'mapper_config_template'
[2.304s] Level 1:colcon.colcon_core.package_identification:_identify(src/norlab_icp_mapper_ros) by extensions ['ignore', 'ignore_ament_install']
[2.304s] Level 1:colcon.colcon_core.package_identification:_identify(src/norlab_icp_mapper_ros) by extension 'ignore'
[2.305s] Level 1:colcon.colcon_core.package_identification:_identify(src/norlab_icp_mapper_ros) ignored
[2.306s] Level 1:colcon.colcon_core.package_identification:_identify(src/ros2_tcp_tunnel) by extensions ['ignore', 'ignore_ament_install']
[2.307s] Level 1:colcon.colcon_core.package_identification:_identify(src/ros2_tcp_tunnel) by extension 'ignore'
[2.307s] Level 1:colcon.colcon_core.package_identification:_identify(src/ros2_tcp_tunnel) ignored
[2.308s] Level 1:colcon.colcon_core.package_identification:_identify(src/vectornav) by extensions ['ignore', 'ignore_ament_install']
[2.309s] Level 1:colcon.colcon_core.package_identification:_identify(src/vectornav) by extension 'ignore'
[2.309s] Level 1:colcon.colcon_core.package_identification:_identify(src/vectornav) ignored
[2.310s] Level 1:colcon.colcon_core.package_identification:_identify(src/velodyne) by extensions ['ignore', 'ignore_ament_install']
[2.311s] Level 1:colcon.colcon_core.package_identification:_identify(src/velodyne) by extension 'ignore'
[2.311s] Level 1:colcon.colcon_core.package_identification:_identify(src/velodyne) ignored
[2.311s] Level 1:colcon.colcon_core.package_discovery:discover_packages(recursive) using defaults
[2.312s] Level 1:colcon.colcon_core.package_discovery:discover_packages(ignore) discover
[2.312s] Level 1:colcon.colcon_core.package_discovery:discover_packages(ignore) using defaults
[2.312s] Level 1:colcon.colcon_core.package_discovery:discover_packages(path) discover
[2.312s] Level 1:colcon.colcon_core.package_discovery:discover_packages(path) using defaults
[2.424s] Level 1:colcon.colcon_core.package_discovery:discover_packages(prefix_path) check parameters
[2.425s] Level 1:colcon.colcon_core.package_discovery:discover_packages(prefix_path) discover
[2.450s] DEBUG:colcon.colcon_installed_package_information.package_discovery:Found 14 installed packages in /home/geomatics_in_house_system/ros2_ws/install
[2.459s] DEBUG:colcon.colcon_installed_package_information.package_discovery:Found 279 installed packages in /opt/ros/humble
[2.506s] Level 1:colcon.colcon_core.package_discovery:discover_packages(prefix_path) using defaults
[2.718s] Level 5:colcon.colcon_core.verb:set package 'geo_system' build argument 'cmake_args' from command line to 'None'
[2.718s] Level 5:colcon.colcon_core.verb:set package 'geo_system' build argument 'cmake_target' from command line to 'None'
[2.718s] Level 5:colcon.colcon_core.verb:set package 'geo_system' build argument 'cmake_target_skip_unavailable' from command line to 'False'
[2.718s] Level 5:colcon.colcon_core.verb:set package 'geo_system' build argument 'cmake_clean_cache' from command line to 'False'
[2.718s] Level 5:colcon.colcon_core.verb:set package 'geo_system' build argument 'cmake_clean_first' from command line to 'False'
[2.718s] Level 5:colcon.colcon_core.verb:set package 'geo_system' build argument 'cmake_force_configure' from command line to 'False'
[2.718s] Level 5:colcon.colcon_core.verb:set package 'geo_system' build argument 'ament_cmake_args' from command line to 'None'
[2.719s] Level 5:colcon.colcon_core.verb:set package 'geo_system' build argument 'catkin_cmake_args' from command line to 'None'
[2.719s] Level 5:colcon.colcon_core.verb:set package 'geo_system' build argument 'catkin_skip_building_tests' from command line to 'False'
[2.719s] DEBUG:colcon.colcon_core.verb:Building package 'geo_system' with the following arguments: {'ament_cmake_args': None, 'build_base': '/home/geomatics_in_house_system/ros2_ws/build/geo_system', 'catkin_cmake_args': None, 'catkin_skip_building_tests': False, 'cmake_args': None, 'cmake_clean_cache': False, 'cmake_clean_first': False, 'cmake_force_configure': False, 'cmake_target': None, 'cmake_target_skip_unavailable': False, 'install_base': '/home/geomatics_in_house_system/ros2_ws/install/geo_system', 'merge_install': False, 'path': '/home/geomatics_in_house_system/ros2_ws/src/geo_system', 'symlink_install': False, 'test_result_base': None}
[2.720s] Level 5:colcon.colcon_core.verb:set package 'imu_odom' build argument 'cmake_args' from command line to 'None'
[2.721s] Level 5:colcon.colcon_core.verb:set package 'imu_odom' build argument 'cmake_target' from command line to 'None'
[2.721s] Level 5:colcon.colcon_core.verb:set package 'imu_odom' build argument 'cmake_target_skip_unavailable' from command line to 'False'
[2.721s] Level 5:colcon.colcon_core.verb:set package 'imu_odom' build argument 'cmake_clean_cache' from command line to 'False'
[2.721s] Level 5:colcon.colcon_core.verb:set package 'imu_odom' build argument 'cmake_clean_first' from command line to 'False'
[2.721s] Level 5:colcon.colcon_core.verb:set package 'imu_odom' build argument 'cmake_force_configure' from command line to 'False'
[2.721s] Level 5:colcon.colcon_core.verb:set package 'imu_odom' build argument 'ament_cmake_args' from command line to 'None'
[2.721s] Level 5:colcon.colcon_core.verb:set package 'imu_odom' build argument 'catkin_cmake_args' from command line to 'None'
[2.721s] Level 5:colcon.colcon_core.verb:set package 'imu_odom' build argument 'catkin_skip_building_tests' from command line to 'False'
[2.721s] DEBUG:colcon.colcon_core.verb:Building package 'imu_odom' with the following arguments: {'ament_cmake_args': None, 'build_base': '/home/geomatics_in_house_system/ros2_ws/build/imu_odom', 'catkin_cmake_args': None, 'catkin_skip_building_tests': False, 'cmake_args': None, 'cmake_clean_cache': False, 'cmake_clean_first': False, 'cmake_force_configure': False, 'cmake_target': None, 'cmake_target_skip_unavailable': False, 'install_base': '/home/geomatics_in_house_system/ros2_ws/install/imu_odom', 'merge_install': False, 'path': '/home/geomatics_in_house_system/ros2_ws/src/imu_odom', 'symlink_install': False, 'test_result_base': None}
[2.723s] Level 5:colcon.colcon_core.verb:set package 'mapper_config_template' build argument 'cmake_args' from command line to 'None'
[2.723s] Level 5:colcon.colcon_core.verb:set package 'mapper_config_template' build argument 'cmake_target' from command line to 'None'
[2.723s] Level 5:colcon.colcon_core.verb:set package 'mapper_config_template' build argument 'cmake_target_skip_unavailable' from command line to 'False'
[2.723s] Level 5:colcon.colcon_core.verb:set package 'mapper_config_template' build argument 'cmake_clean_cache' from command line to 'False'
[2.723s] Level 5:colcon.colcon_core.verb:set package 'mapper_config_template' build argument 'cmake_clean_first' from command line to 'False'
[2.724s] Level 5:colcon.colcon_core.verb:set package 'mapper_config_template' build argument 'cmake_force_configure' from command line to 'False'
[2.724s] Level 5:colcon.colcon_core.verb:set package 'mapper_config_template' build argument 'ament_cmake_args' from command line to 'None'
[2.724s] Level 5:colcon.colcon_core.verb:set package 'mapper_config_template' build argument 'catkin_cmake_args' from command line to 'None'
[2.724s] Level 5:colcon.colcon_core.verb:set package 'mapper_config_template' build argument 'catkin_skip_building_tests' from command line to 'False'
[2.724s] DEBUG:colcon.colcon_core.verb:Building package 'mapper_config_template' with the following arguments: {'ament_cmake_args': None, 'build_base': '/home/geomatics_in_house_system/ros2_ws/build/mapper_config_template', 'catkin_cmake_args': None, 'catkin_skip_building_tests': False, 'cmake_args': None, 'cmake_clean_cache': False, 'cmake_clean_first': False, 'cmake_force_configure': False, 'cmake_target': None, 'cmake_target_skip_unavailable': False, 'install_base': '/home/geomatics_in_house_system/ros2_ws/install/mapper_config_template', 'merge_install': False, 'path': '/home/geomatics_in_house_system/ros2_ws/src/mapper_config_template', 'symlink_install': False, 'test_result_base': None}
[2.725s] INFO:colcon.colcon_core.executor:Executing jobs using 'parallel' executor
[2.728s] DEBUG:colcon.colcon_parallel_executor.executor.parallel:run_until_complete
[2.730s] INFO:colcon.colcon_ros.task.ament_cmake.build:Building ROS package in '/home/geomatics_in_house_system/ros2_ws/src/geo_system' with build type 'ament_cmake'
[2.730s] INFO:colcon.colcon_cmake.task.cmake.build:Building CMake package in '/home/geomatics_in_house_system/ros2_ws/src/geo_system'
[2.755s] INFO:colcon.colcon_core.plugin_system:Skipping extension 'colcon_core.shell.bat': Not used on non-Windows systems
[2.756s] INFO:colcon.colcon_core.shell:Skip shell extension 'powershell' for command environment: Not usable outside of PowerShell
[2.756s] DEBUG:colcon.colcon_core.shell:Skip shell extension 'dsv' for command environment
[2.782s] INFO:colcon.colcon_ros.task.ament_cmake.build:Building ROS package in '/home/geomatics_in_house_system/ros2_ws/src/imu_odom' with build type 'ament_cmake'
[2.783s] INFO:colcon.colcon_cmake.task.cmake.build:Building CMake package in '/home/geomatics_in_house_system/ros2_ws/src/imu_odom'
[2.784s] INFO:colcon.colcon_core.shell:Skip shell extension 'powershell' for command environment: Not usable outside of PowerShell
[2.785s] DEBUG:colcon.colcon_core.shell:Skip shell extension 'dsv' for command environment
[2.814s] INFO:colcon.colcon_ros.task.ament_cmake.build:Building ROS package in '/home/geomatics_in_house_system/ros2_ws/src/mapper_config_template' with build type 'ament_cmake'
[2.814s] INFO:colcon.colcon_cmake.task.cmake.build:Building CMake package in '/home/geomatics_in_house_system/ros2_ws/src/mapper_config_template'
[2.815s] INFO:colcon.colcon_core.shell:Skip shell extension 'powershell' for command environment: Not usable outside of PowerShell
[2.816s] DEBUG:colcon.colcon_core.shell:Skip shell extension 'dsv' for command environment
[2.863s] DEBUG:colcon.colcon_core.event_handler.log_command:Invoking command in '/home/geomatics_in_house_system/ros2_ws/build/geo_system': CMAKE_PREFIX_PATH=${CMAKE_PREFIX_PATH}:/opt/ros/humble /usr/bin/cmake --build /home/geomatics_in_house_system/ros2_ws/build/geo_system -- -j4 -l4
[2.901s] DEBUG:colcon.colcon_core.event_handler.log_command:Invoking command in '/home/geomatics_in_house_system/ros2_ws/build/imu_odom': CMAKE_PREFIX_PATH=${CMAKE_PREFIX_PATH}:/opt/ros/humble /usr/bin/cmake --build /home/geomatics_in_house_system/ros2_ws/build/imu_odom -- -j4 -l4
[2.923s] DEBUG:colcon.colcon_core.event_handler.log_command:Invoking command in '/home/geomatics_in_house_system/ros2_ws/build/mapper_config_template': CMAKE_PREFIX_PATH=${CMAKE_PREFIX_PATH}:/opt/ros/humble /usr/bin/cmake --build /home/geomatics_in_house_system/ros2_ws/build/mapper_config_template -- -j4 -l4
[3.362s] DEBUG:colcon.colcon_core.event_handler.log_command:Invoked command in '/home/geomatics_in_house_system/ros2_ws/build/mapper_config_template' returned '0': CMAKE_PREFIX_PATH=${CMAKE_PREFIX_PATH}:/opt/ros/humble /usr/bin/cmake --build /home/geomatics_in_house_system/ros2_ws/build/mapper_config_template -- -j4 -l4
[3.383s] DEBUG:colcon.colcon_core.event_handler.log_command:Invoked command in '/home/geomatics_in_house_system/ros2_ws/build/geo_system' returned '0': CMAKE_PREFIX_PATH=${CMAKE_PREFIX_PATH}:/opt/ros/humble /usr/bin/cmake --build /home/geomatics_in_house_system/ros2_ws/build/geo_system -- -j4 -l4
[3.583s] DEBUG:colcon.colcon_core.event_handler.log_command:Invoking command in '/home/geomatics_in_house_system/ros2_ws/build/mapper_config_template': CMAKE_PREFIX_PATH=${CMAKE_PREFIX_PATH}:/opt/ros/humble /usr/bin/cmake --install /home/geomatics_in_house_system/ros2_ws/build/mapper_config_template
[3.598s] DEBUG:colcon.colcon_core.event_handler.log_command:Invoking command in '/home/geomatics_in_house_system/ros2_ws/build/geo_system': CMAKE_PREFIX_PATH=${CMAKE_PREFIX_PATH}:/opt/ros/humble /usr/bin/cmake --install /home/geomatics_in_house_system/ros2_ws/build/geo_system
[3.690s] Level 1:colcon.colcon_core.environment:create_environment_scripts_only(geo_system)
[3.694s] DEBUG:colcon.colcon_core.event_handler.log_command:Invoked command in '/home/geomatics_in_house_system/ros2_ws/build/geo_system' returned '0': CMAKE_PREFIX_PATH=${CMAKE_PREFIX_PATH}:/opt/ros/humble /usr/bin/cmake --install /home/geomatics_in_house_system/ros2_ws/build/geo_system
[3.723s] Level 1:colcon.colcon_core.environment:checking '/home/geomatics_in_house_system/ros2_ws/install/geo_system' for CMake module files
[3.726s] Level 1:colcon.colcon_core.environment:checking '/home/geomatics_in_house_system/ros2_ws/install/geo_system' for CMake config files
[3.729s] Level 1:colcon.colcon_core.shell:create_environment_hook('geo_system', 'cmake_prefix_path')
[3.730s] INFO:colcon.colcon_core.shell:Creating environment hook '/home/geomatics_in_house_system/ros2_ws/install/geo_system/share/geo_system/hook/cmake_prefix_path.ps1'
[3.735s] INFO:colcon.colcon_core.shell:Creating environment descriptor '/home/geomatics_in_house_system/ros2_ws/install/geo_system/share/geo_system/hook/cmake_prefix_path.dsv'
[3.739s] INFO:colcon.colcon_core.shell:Creating environment hook '/home/geomatics_in_house_system/ros2_ws/install/geo_system/share/geo_system/hook/cmake_prefix_path.sh'
[3.743s] Level 1:colcon.colcon_core.environment:checking '/home/geomatics_in_house_system/ros2_ws/install/geo_system/bin'
[3.744s] Level 1:colcon.colcon_core.environment:checking '/home/geomatics_in_house_system/ros2_ws/install/geo_system/lib/pkgconfig/geo_system.pc'
[3.746s] Level 1:colcon.colcon_core.environment:checking '/home/geomatics_in_house_system/ros2_ws/install/geo_system/lib/python3.10/site-packages'
[3.747s] Level 1:colcon.colcon_core.environment:checking '/home/geomatics_in_house_system/ros2_ws/install/geo_system/bin'
[3.749s] INFO:colcon.colcon_core.shell:Creating package script '/home/geomatics_in_house_system/ros2_ws/install/geo_system/share/geo_system/package.ps1'
[3.753s] INFO:colcon.colcon_core.shell:Creating package descriptor '/home/geomatics_in_house_system/ros2_ws/install/geo_system/share/geo_system/package.dsv'
[3.757s] INFO:colcon.colcon_core.shell:Creating package script '/home/geomatics_in_house_system/ros2_ws/install/geo_system/share/geo_system/package.sh'
[3.761s] INFO:colcon.colcon_core.shell:Creating package script '/home/geomatics_in_house_system/ros2_ws/install/geo_system/share/geo_system/package.bash'
[3.766s] INFO:colcon.colcon_core.shell:Creating package script '/home/geomatics_in_house_system/ros2_ws/install/geo_system/share/geo_system/package.zsh'
[3.770s] Level 1:colcon.colcon_core.environment:create_file_with_runtime_dependencies(/home/geomatics_in_house_system/ros2_ws/install/geo_system/share/colcon-core/packages/geo_system)
[3.777s] Level 1:colcon.colcon_core.environment:create_environment_scripts_only(mapper_config_template)
[3.778s] Level 1:colcon.colcon_core.environment:checking '/home/geomatics_in_house_system/ros2_ws/install/mapper_config_template' for CMake module files
[3.780s] DEBUG:colcon.colcon_core.event_handler.log_command:Invoked command in '/home/geomatics_in_house_system/ros2_ws/build/mapper_config_template' returned '0': CMAKE_PREFIX_PATH=${CMAKE_PREFIX_PATH}:/opt/ros/humble /usr/bin/cmake --install /home/geomatics_in_house_system/ros2_ws/build/mapper_config_template
[3.783s] Level 1:colcon.colcon_core.environment:checking '/home/geomatics_in_house_system/ros2_ws/install/mapper_config_template' for CMake config files
[3.786s] Level 1:colcon.colcon_core.shell:create_environment_hook('mapper_config_template', 'cmake_prefix_path')
[3.787s] INFO:colcon.colcon_core.shell:Creating environment hook '/home/geomatics_in_house_system/ros2_ws/install/mapper_config_template/share/mapper_config_template/hook/cmake_prefix_path.ps1'
[3.789s] INFO:colcon.colcon_core.shell:Creating environment descriptor '/home/geomatics_in_house_system/ros2_ws/install/mapper_config_template/share/mapper_config_template/hook/cmake_prefix_path.dsv'
[3.791s] INFO:colcon.colcon_core.shell:Creating environment hook '/home/geomatics_in_house_system/ros2_ws/install/mapper_config_template/share/mapper_config_template/hook/cmake_prefix_path.sh'
[3.795s] Level 1:colcon.colcon_core.environment:checking '/home/geomatics_in_house_system/ros2_ws/install/mapper_config_template/bin'
[3.795s] Level 1:colcon.colcon_core.environment:checking '/home/geomatics_in_house_system/ros2_ws/install/mapper_config_template/lib/pkgconfig/mapper_config_template.pc'
[3.797s] Level 1:colcon.colcon_core.environment:checking '/home/geomatics_in_house_system/ros2_ws/install/mapper_config_template/lib/python3.10/site-packages'
[3.798s] Level 1:colcon.colcon_core.environment:checking '/home/geomatics_in_house_system/ros2_ws/install/mapper_config_template/bin'
[3.799s] INFO:colcon.colcon_core.shell:Creating package script '/home/geomatics_in_house_system/ros2_ws/install/mapper_config_template/share/mapper_config_template/package.ps1'
[3.802s] INFO:colcon.colcon_core.shell:Creating package descriptor '/home/geomatics_in_house_system/ros2_ws/install/mapper_config_template/share/mapper_config_template/package.dsv'
[3.805s] INFO:colcon.colcon_core.shell:Creating package script '/home/geomatics_in_house_system/ros2_ws/install/mapper_config_template/share/mapper_config_template/package.sh'
[3.808s] INFO:colcon.colcon_core.shell:Creating package script '/home/geomatics_in_house_system/ros2_ws/install/mapper_config_template/share/mapper_config_template/package.bash'
[3.811s] INFO:colcon.colcon_core.shell:Creating package script '/home/geomatics_in_house_system/ros2_ws/install/mapper_config_template/share/mapper_config_template/package.zsh'
[3.813s] Level 1:colcon.colcon_core.environment:create_file_with_runtime_dependencies(/home/geomatics_in_house_system/ros2_ws/install/mapper_config_template/share/colcon-core/packages/mapper_config_template)
[3.823s] DEBUG:colcon.colcon_core.event_handler.log_command:Invoked command in '/home/geomatics_in_house_system/ros2_ws/build/imu_odom' returned '0': CMAKE_PREFIX_PATH=${CMAKE_PREFIX_PATH}:/opt/ros/humble /usr/bin/cmake --build /home/geomatics_in_house_system/ros2_ws/build/imu_odom -- -j4 -l4
[3.943s] Level 1:colcon.colcon_core.environment:create_environment_scripts_only(geo_system)
[3.944s] Level 1:colcon.colcon_core.environment:checking '/home/geomatics_in_house_system/ros2_ws/install/geo_system' for CMake module files
[3.947s] Level 1:colcon.colcon_core.environment:checking '/home/geomatics_in_house_system/ros2_ws/install/geo_system' for CMake config files
[3.952s] Level 1:colcon.colcon_core.shell:create_environment_hook('geo_system', 'cmake_prefix_path')
[3.953s] INFO:colcon.colcon_core.shell:Creating environment hook '/home/geomatics_in_house_system/ros2_ws/install/geo_system/share/geo_system/hook/cmake_prefix_path.ps1'
[3.955s] INFO:colcon.colcon_core.shell:Creating environment descriptor '/home/geomatics_in_house_system/ros2_ws/install/geo_system/share/geo_system/hook/cmake_prefix_path.dsv'
[3.957s] INFO:colcon.colcon_core.shell:Creating environment hook '/home/geomatics_in_house_system/ros2_ws/install/geo_system/share/geo_system/hook/cmake_prefix_path.sh'
[3.961s] Level 1:colcon.colcon_core.environment:checking '/home/geomatics_in_house_system/ros2_ws/install/geo_system/bin'
[3.961s] Level 1:colcon.colcon_core.environment:checking '/home/geomatics_in_house_system/ros2_ws/install/geo_system/lib/pkgconfig/geo_system.pc'
[3.962s] Level 1:colcon.colcon_core.environment:checking '/home/geomatics_in_house_system/ros2_ws/install/geo_system/lib/python3.10/site-packages'
[3.964s] Level 1:colcon.colcon_core.environment:checking '/home/geomatics_in_house_system/ros2_ws/install/geo_system/bin'
[3.966s] INFO:colcon.colcon_core.shell:Creating package script '/home/geomatics_in_house_system/ros2_ws/install/geo_system/share/geo_system/package.ps1'
[3.969s] INFO:colcon.colcon_core.shell:Creating package descriptor '/home/geomatics_in_house_system/ros2_ws/install/geo_system/share/geo_system/package.dsv'
[3.971s] INFO:colcon.colcon_core.shell:Creating package script '/home/geomatics_in_house_system/ros2_ws/install/geo_system/share/geo_system/package.sh'
[3.974s] INFO:colcon.colcon_core.shell:Creating package script '/home/geomatics_in_house_system/ros2_ws/install/geo_system/share/geo_system/package.bash'
[3.976s] INFO:colcon.colcon_core.shell:Creating package script '/home/geomatics_in_house_system/ros2_ws/install/geo_system/share/geo_system/package.zsh'
[3.979s] Level 1:colcon.colcon_core.environment:create_file_with_runtime_dependencies(/home/geomatics_in_house_system/ros2_ws/install/geo_system/share/colcon-core/packages/geo_system)
[3.986s] Level 1:colcon.colcon_core.environment:create_environment_scripts_only(mapper_config_template)
[3.988s] Level 1:colcon.colcon_core.environment:checking '/home/geomatics_in_house_system/ros2_ws/install/mapper_config_template' for CMake module files
[3.992s] Level 1:colcon.colcon_core.environment:checking '/home/geomatics_in_house_system/ros2_ws/install/mapper_config_template' for CMake config files
[3.994s] Level 1:colcon.colcon_core.shell:create_environment_hook('mapper_config_template', 'cmake_prefix_path')
[3.996s] INFO:colcon.colcon_core.shell:Creating environment hook '/home/geomatics_in_house_system/ros2_ws/install/mapper_config_template/share/mapper_config_template/hook/cmake_prefix_path.ps1'
[3.998s] INFO:colcon.colcon_core.shell:Creating environment descriptor '/home/geomatics_in_house_system/ros2_ws/install/mapper_config_template/share/mapper_config_template/hook/cmake_prefix_path.dsv'
[4.000s] INFO:colcon.colcon_core.shell:Creating environment hook '/home/geomatics_in_house_system/ros2_ws/install/mapper_config_template/share/mapper_config_template/hook/cmake_prefix_path.sh'
[4.004s] Level 1:colcon.colcon_core.environment:checking '/home/geomatics_in_house_system/ros2_ws/install/mapper_config_template/bin'
[4.004s] Level 1:colcon.colcon_core.environment:checking '/home/geomatics_in_house_system/ros2_ws/install/mapper_config_template/lib/pkgconfig/mapper_config_template.pc'
[4.005s] Level 1:colcon.colcon_core.environment:checking '/home/geomatics_in_house_system/ros2_ws/install/mapper_config_template/lib/python3.10/site-packages'
[4.006s] Level 1:colcon.colcon_core.environment:checking '/home/geomatics_in_house_system/ros2_ws/install/mapper_config_template/bin'
[4.007s] INFO:colcon.colcon_core.shell:Creating package script '/home/geomatics_in_house_system/ros2_ws/install/mapper_config_template/share/mapper_config_template/package.ps1'
[4.010s] INFO:colcon.colcon_core.shell:Creating package descriptor '/home/geomatics_in_house_system/ros2_ws/install/mapper_config_template/share/mapper_config_template/package.dsv'
[4.014s] INFO:colcon.colcon_core.shell:Creating package script '/home/geomatics_in_house_system/ros2_ws/install/mapper_config_template/share/mapper_config_template/package.sh'
[4.016s] INFO:colcon.colcon_core.shell:Creating package script '/home/geomatics_in_house_system/ros2_ws/install/mapper_config_template/share/mapper_config_template/package.bash'
[4.018s] INFO:colcon.colcon_core.shell:Creating package script '/home/geomatics_in_house_system/ros2_ws/install/mapper_config_template/share/mapper_config_template/package.zsh'
[4.021s] Level 1:colcon.colcon_core.environment:create_file_with_runtime_dependencies(/home/geomatics_in_house_system/ros2_ws/install/mapper_config_template/share/colcon-core/packages/mapper_config_template)
[4.033s] DEBUG:colcon.colcon_core.event_handler.log_command:Invoking command in '/home/geomatics_in_house_system/ros2_ws/build/imu_odom': CMAKE_PREFIX_PATH=${CMAKE_PREFIX_PATH}:/opt/ros/humble /usr/bin/cmake --install /home/geomatics_in_house_system/ros2_ws/build/imu_odom
[4.095s] Level 1:colcon.colcon_core.environment:create_environment_scripts_only(imu_odom)
[4.097s] Level 1:colcon.colcon_core.environment:checking '/home/geomatics_in_house_system/ros2_ws/install/imu_odom' for CMake module files
[4.098s] DEBUG:colcon.colcon_core.event_handler.log_command:Invoked command in '/home/geomatics_in_house_system/ros2_ws/build/imu_odom' returned '0': CMAKE_PREFIX_PATH=${CMAKE_PREFIX_PATH}:/opt/ros/humble /usr/bin/cmake --install /home/geomatics_in_house_system/ros2_ws/build/imu_odom
[4.101s] Level 1:colcon.colcon_core.environment:checking '/home/geomatics_in_house_system/ros2_ws/install/imu_odom' for CMake config files
[4.103s] Level 1:colcon.colcon_core.shell:create_environment_hook('imu_odom', 'cmake_prefix_path')
[4.104s] INFO:colcon.colcon_core.shell:Creating environment hook '/home/geomatics_in_house_system/ros2_ws/install/imu_odom/share/imu_odom/hook/cmake_prefix_path.ps1'
[4.106s] INFO:colcon.colcon_core.shell:Creating environment descriptor '/home/geomatics_in_house_system/ros2_ws/install/imu_odom/share/imu_odom/hook/cmake_prefix_path.dsv'
[4.107s] INFO:colcon.colcon_core.shell:Creating environment hook '/home/geomatics_in_house_system/ros2_ws/install/imu_odom/share/imu_odom/hook/cmake_prefix_path.sh'
[4.110s] Level 1:colcon.colcon_core.environment:checking '/home/geomatics_in_house_system/ros2_ws/install/imu_odom/lib'
[4.111s] Level 1:colcon.colcon_core.environment:checking '/home/geomatics_in_house_system/ros2_ws/install/imu_odom/bin'
[4.112s] Level 1:colcon.colcon_core.environment:checking '/home/geomatics_in_house_system/ros2_ws/install/imu_odom/lib/pkgconfig/imu_odom.pc'
[4.113s] Level 1:colcon.colcon_core.environment:checking '/home/geomatics_in_house_system/ros2_ws/install/imu_odom/lib/python3.10/site-packages'
[4.114s] Level 1:colcon.colcon_core.environment:checking '/home/geomatics_in_house_system/ros2_ws/install/imu_odom/bin'
[4.115s] INFO:colcon.colcon_core.shell:Creating package script '/home/geomatics_in_house_system/ros2_ws/install/imu_odom/share/imu_odom/package.ps1'
[4.117s] INFO:colcon.colcon_core.shell:Creating package descriptor '/home/geomatics_in_house_system/ros2_ws/install/imu_odom/share/imu_odom/package.dsv'
[4.119s] INFO:colcon.colcon_core.shell:Creating package script '/home/geomatics_in_house_system/ros2_ws/install/imu_odom/share/imu_odom/package.sh'
[4.121s] INFO:colcon.colcon_core.shell:Creating package script '/home/geomatics_in_house_system/ros2_ws/install/imu_odom/share/imu_odom/package.bash'
[4.123s] INFO:colcon.colcon_core.shell:Creating package script '/home/geomatics_in_house_system/ros2_ws/install/imu_odom/share/imu_odom/package.zsh'
[4.125s] Level 1:colcon.colcon_core.environment:create_file_with_runtime_dependencies(/home/geomatics_in_house_system/ros2_ws/install/imu_odom/share/colcon-core/packages/imu_odom)
[4.305s] Level 1:colcon.colcon_core.environment:create_environment_scripts_only(imu_odom)
[4.306s] Level 1:colcon.colcon_core.environment:checking '/home/geomatics_in_house_system/ros2_ws/install/imu_odom' for CMake module files
[4.309s] Level 1:colcon.colcon_core.environment:checking '/home/geomatics_in_house_system/ros2_ws/install/imu_odom' for CMake config files
[4.311s] Level 1:colcon.colcon_core.shell:create_environment_hook('imu_odom', 'cmake_prefix_path')
[4.312s] INFO:colcon.colcon_core.shell:Creating environment hook '/home/geomatics_in_house_system/ros2_ws/install/imu_odom/share/imu_odom/hook/cmake_prefix_path.ps1'
[4.314s] INFO:colcon.colcon_core.shell:Creating environment descriptor '/home/geomatics_in_house_system/ros2_ws/install/imu_odom/share/imu_odom/hook/cmake_prefix_path.dsv'
[4.316s] INFO:colcon.colcon_core.shell:Creating environment hook '/home/geomatics_in_house_system/ros2_ws/install/imu_odom/share/imu_odom/hook/cmake_prefix_path.sh'
[4.319s] Level 1:colcon.colcon_core.environment:checking '/home/geomatics_in_house_system/ros2_ws/install/imu_odom/lib'
[4.320s] Level 1:colcon.colcon_core.environment:checking '/home/geomatics_in_house_system/ros2_ws/install/imu_odom/bin'
[4.320s] Level 1:colcon.colcon_core.environment:checking '/home/geomatics_in_house_system/ros2_ws/install/imu_odom/lib/pkgconfig/imu_odom.pc'
[4.321s] Level 1:colcon.colcon_core.environment:checking '/home/geomatics_in_house_system/ros2_ws/install/imu_odom/lib/python3.10/site-packages'
[4.322s] Level 1:colcon.colcon_core.environment:checking '/home/geomatics_in_house_system/ros2_ws/install/imu_odom/bin'
[4.324s] INFO:colcon.colcon_core.shell:Creating package script '/home/geomatics_in_house_system/ros2_ws/install/imu_odom/share/imu_odom/package.ps1'
[4.326s] INFO:colcon.colcon_core.shell:Creating package descriptor '/home/geomatics_in_house_system/ros2_ws/install/imu_odom/share/imu_odom/package.dsv'
[4.329s] INFO:colcon.colcon_core.shell:Creating package script '/home/geomatics_in_house_system/ros2_ws/install/imu_odom/share/imu_odom/package.sh'
[4.331s] INFO:colcon.colcon_core.shell:Creating package script '/home/geomatics_in_house_system/ros2_ws/install/imu_odom/share/imu_odom/package.bash'
[4.333s] INFO:colcon.colcon_core.shell:Creating package script '/home/geomatics_in_house_system/ros2_ws/install/imu_odom/share/imu_odom/package.zsh'
[4.336s] Level 1:colcon.colcon_core.environment:create_file_with_runtime_dependencies(/home/geomatics_in_house_system/ros2_ws/install/imu_odom/share/colcon-core/packages/imu_odom)
[4.337s] DEBUG:colcon.colcon_parallel_executor.executor.parallel:closing loop
[4.338s] DEBUG:colcon.colcon_parallel_executor.executor.parallel:loop closed
[4.339s] DEBUG:colcon.colcon_parallel_executor.executor.parallel:run_until_complete finished with '0'
[4.339s] DEBUG:colcon.colcon_core.event_reactor:joining thread
[4.372s] INFO:colcon.colcon_core.plugin_system:Skipping extension 'colcon_notification.desktop_notification.terminal_notifier': Not used on non-Darwin systems
[4.373s] INFO:colcon.colcon_core.plugin_system:Skipping extension 'colcon_notification.desktop_notification.win32': Not used on non-Windows systems
[4.373s] INFO:colcon.colcon_notification.desktop_notification:Sending desktop notification using 'notify2'
[4.443s] DEBUG:colcon.colcon_core.event_reactor:joined thread
[4.444s] INFO:colcon.colcon_core.shell:Creating prefix script '/home/geomatics_in_house_system/ros2_ws/install/local_setup.ps1'
[4.450s] INFO:colcon.colcon_core.shell:Creating prefix util module '/home/geomatics_in_house_system/ros2_ws/install/_local_setup_util_ps1.py'
[4.456s] INFO:colcon.colcon_core.shell:Creating prefix chain script '/home/geomatics_in_house_system/ros2_ws/install/setup.ps1'
[4.466s] INFO:colcon.colcon_core.shell:Creating prefix script '/home/geomatics_in_house_system/ros2_ws/install/local_setup.sh'
[4.469s] INFO:colcon.colcon_core.shell:Creating prefix util module '/home/geomatics_in_house_system/ros2_ws/install/_local_setup_util_sh.py'
[4.471s] INFO:colcon.colcon_core.shell:Creating prefix chain script '/home/geomatics_in_house_system/ros2_ws/install/setup.sh'
[4.482s] INFO:colcon.colcon_core.shell:Creating prefix script '/home/geomatics_in_house_system/ros2_ws/install/local_setup.bash'
[4.487s] INFO:colcon.colcon_core.shell:Creating prefix chain script '/home/geomatics_in_house_system/ros2_ws/install/setup.bash'
[4.498s] INFO:colcon.colcon_core.shell:Creating prefix script '/home/geomatics_in_house_system/ros2_ws/install/local_setup.zsh'
[4.501s] INFO:colcon.colcon_core.shell:Creating prefix chain script '/home/geomatics_in_house_system/ros2_ws/install/setup.zsh'
