[0.053s] Invoking command in '/home/geomatics_in_house_system/ros2_ws/build/vectornav': AMENT_PREFIX_PATH=/home/geomatics_in_house_system/ros2_ws/install/vectornav_msgs:${AMENT_PREFIX_PATH} CMAKE_PREFIX_PATH=/home/geomatics_in_house_system/ros2_ws/install/vectornav_msgs:/home/geomatics_in_house_system/ros2_ws/install/velodyne:/home/geomatics_in_house_system/ros2_ws/install/velodyne_pointcloud:/home/geomatics_in_house_system/ros2_ws/install/velodyne_driver:/home/geomatics_in_house_system/ros2_ws/install/velodyne_msgs:/home/geomatics_in_house_system/ros2_ws/install/velodyne_laserscan:/opt/ros/humble LD_LIBRARY_PATH=/home/geomatics_in_house_system/ros2_ws/install/vectornav_msgs/lib:${LD_LIBRARY_PATH} PYTHONPATH=/home/geomatics_in_house_system/ros2_ws/install/vectornav_msgs/local/lib/python3.10/dist-packages:${PYTHONPATH} /usr/bin/cmake /home/geomatics_in_house_system/ros2_ws/src/vectornav/vectornav -DCMAKE_INSTALL_PREFIX=/home/geomatics_in_house_system/ros2_ws/install/vectornav
[0.326s] -- The C compiler identification is GNU 11.4.0
[0.587s] -- The CXX compiler identification is GNU 11.4.0
[0.619s] -- Detecting C compiler ABI info
[0.960s] -- Detecting C compiler ABI info - done
[0.987s] -- Check for working C compiler: /usr/bin/cc - skipped
[0.988s] -- Detecting C compile features
[0.989s] -- Detecting C compile features - done
[1.000s] -- Detecting CXX compiler ABI info
[1.377s] -- Detecting CXX compiler ABI info - done
[1.403s] -- Check for working CXX compiler: /usr/bin/c++ - skipped
[1.404s] -- Detecting CXX compile features
[1.405s] -- Detecting CXX compile features - done
[1.438s] -- Found ament_cmake: 1.3.8 (/opt/ros/humble/share/ament_cmake/cmake)
[2.214s] -- Found Python3: /usr/bin/python3 (found version "3.10.12") found components: Interpreter 
[2.857s] -- Found rclcpp: 16.0.8 (/opt/ros/humble/share/rclcpp/cmake)
[3.282s] -- Found rosidl_generator_c: 3.1.5 (/opt/ros/humble/share/rosidl_generator_c/cmake)
[3.338s] -- Found rosidl_adapter: 3.1.5 (/opt/ros/humble/share/rosidl_adapter/cmake)
[3.407s] -- Found rosidl_generator_cpp: 3.1.5 (/opt/ros/humble/share/rosidl_generator_cpp/cmake)
[3.497s] -- Using all available rosidl_typesupport_c: rosidl_typesupport_fastrtps_c;rosidl_typesupport_introspection_c
[3.629s] -- Using all available rosidl_typesupport_cpp: rosidl_typesupport_fastrtps_cpp;rosidl_typesupport_introspection_cpp
[4.120s] -- Found rmw_implementation_cmake: 6.1.1 (/opt/ros/humble/share/rmw_implementation_cmake/cmake)
[4.155s] -- Found rmw_fastrtps_cpp: 6.2.6 (/opt/ros/humble/share/rmw_fastrtps_cpp/cmake)
[4.895s] -- Found OpenSSL: /usr/lib/aarch64-linux-gnu/libcrypto.so (found version "3.0.2")  
[5.162s] -- Found FastRTPS: /opt/ros/humble/include  
[5.602s] -- Using RMW implementation 'rmw_fastrtps_cpp' as default
[5.712s] -- Looking for pthread.h
[6.080s] -- Looking for pthread.h - found
[6.083s] -- Performing Test CMAKE_HAVE_LIBC_PTHREAD
[6.436s] -- Performing Test CMAKE_HAVE_LIBC_PTHREAD - Success
[6.442s] -- Found Threads: TRUE  
[7.211s] -- Found rclcpp_action: 16.0.8 (/opt/ros/humble/share/rclcpp_action/cmake)
[7.666s] -- Found sensor_msgs: 4.2.3 (/opt/ros/humble/share/sensor_msgs/cmake)
[8.187s] -- Found vectornav_msgs: 3.0.0 (/home/geomatics_in_house_system/ros2_ws/install/vectornav_msgs/share/vectornav_msgs/cmake)
[8.539s] -- Found tf2_geometry_msgs: 0.25.6 (/opt/ros/humble/share/tf2_geometry_msgs/cmake)
[8.745s] -- Found eigen3_cmake_module: 0.1.1 (/opt/ros/humble/share/eigen3_cmake_module/cmake)
[8.751s] -- Found Eigen3: TRUE (found version "3.4.0") 
[8.751s] -- Ensuring Eigen3 include directory is part of orocos-kdl CMake target
[10.109s] -- Found ament_lint_auto: 0.12.10 (/opt/ros/humble/share/ament_lint_auto/cmake)
[10.706s] -- Added test 'cppcheck' to perform static code analysis on C / C++ code
[10.707s] -- Configured cppcheck include dirs: 
[10.707s] -- Configured cppcheck exclude dirs and/or files: 
[10.751s] -- Added test 'cpplint' to check C / C++ code against the Google style
[10.752s] -- Configured cpplint exclude dirs and/or files: 
[10.760s] -- Added test 'flake8' to check Python code syntax and style conventions
[10.775s] -- Added test 'lint_cmake' to check CMake code style
[10.784s] -- Added test 'pep257' to check Python code against some of the docstring style conventions in PEP 257
[10.829s] -- Added test 'uncrustify' to check C / C++ code style
[10.829s] -- Configured uncrustify additional arguments: 
[10.838s] -- Added test 'xmllint' to check XML markup files
[10.851s] -- Configuring done
[10.975s] -- Generating done
[10.985s] -- Build files have been written to: /home/geomatics_in_house_system/ros2_ws/build/vectornav
[11.033s] Invoked command in '/home/geomatics_in_house_system/ros2_ws/build/vectornav' returned '0': AMENT_PREFIX_PATH=/home/geomatics_in_house_system/ros2_ws/install/vectornav_msgs:${AMENT_PREFIX_PATH} CMAKE_PREFIX_PATH=/home/geomatics_in_house_system/ros2_ws/install/vectornav_msgs:/home/geomatics_in_house_system/ros2_ws/install/velodyne:/home/geomatics_in_house_system/ros2_ws/install/velodyne_pointcloud:/home/geomatics_in_house_system/ros2_ws/install/velodyne_driver:/home/geomatics_in_house_system/ros2_ws/install/velodyne_msgs:/home/geomatics_in_house_system/ros2_ws/install/velodyne_laserscan:/opt/ros/humble LD_LIBRARY_PATH=/home/geomatics_in_house_system/ros2_ws/install/vectornav_msgs/lib:${LD_LIBRARY_PATH} PYTHONPATH=/home/geomatics_in_house_system/ros2_ws/install/vectornav_msgs/local/lib/python3.10/dist-packages:${PYTHONPATH} /usr/bin/cmake /home/geomatics_in_house_system/ros2_ws/src/vectornav/vectornav -DCMAKE_INSTALL_PREFIX=/home/geomatics_in_house_system/ros2_ws/install/vectornav
[11.041s] Invoking command in '/home/geomatics_in_house_system/ros2_ws/build/vectornav': AMENT_PREFIX_PATH=/home/geomatics_in_house_system/ros2_ws/install/vectornav_msgs:${AMENT_PREFIX_PATH} CMAKE_PREFIX_PATH=/home/geomatics_in_house_system/ros2_ws/install/vectornav_msgs:/home/geomatics_in_house_system/ros2_ws/install/velodyne:/home/geomatics_in_house_system/ros2_ws/install/velodyne_pointcloud:/home/geomatics_in_house_system/ros2_ws/install/velodyne_driver:/home/geomatics_in_house_system/ros2_ws/install/velodyne_msgs:/home/geomatics_in_house_system/ros2_ws/install/velodyne_laserscan:/opt/ros/humble LD_LIBRARY_PATH=/home/geomatics_in_house_system/ros2_ws/install/vectornav_msgs/lib:${LD_LIBRARY_PATH} PYTHONPATH=/home/geomatics_in_house_system/ros2_ws/install/vectornav_msgs/local/lib/python3.10/dist-packages:${PYTHONPATH} /usr/bin/cmake --build /home/geomatics_in_house_system/ros2_ws/build/vectornav -- -j4 -l4
[11.302s] [  3%] [32mBuilding CXX object CMakeFiles/vn_sensor_msgs.dir/src/vn_sensor_msgs.cc.o[0m
[11.305s] [ 10%] [32mBuilding CXX object vnproglib-1.2.0.0/cpp/CMakeFiles/vncxx.dir/src/attitude.cpp.o[0m
[11.306s] [ 10%] [32mBuilding CXX object vnproglib-1.2.0.0/cpp/CMakeFiles/vncxx.dir/src/compositedata.cpp.o[0m
[11.310s] [ 14%] [32mBuilding CXX object vnproglib-1.2.0.0/cpp/CMakeFiles/vncxx.dir/src/conversions.cpp.o[0m
[12.953s] [ 17%] [32mBuilding CXX object vnproglib-1.2.0.0/cpp/CMakeFiles/vncxx.dir/src/criticalsection.cpp.o[0m
[12.982s] [ 21%] [32mBuilding CXX object vnproglib-1.2.0.0/cpp/CMakeFiles/vncxx.dir/src/dllvalidator.cpp.o[0m
[13.110s] [ 25%] [32mBuilding CXX object vnproglib-1.2.0.0/cpp/CMakeFiles/vncxx.dir/src/error_detection.cpp.o[0m
[13.869s] [ 28%] [32mBuilding CXX object vnproglib-1.2.0.0/cpp/CMakeFiles/vncxx.dir/src/event.cpp.o[0m
[14.420s] [ 32%] [32mBuilding CXX object vnproglib-1.2.0.0/cpp/CMakeFiles/vncxx.dir/src/ezasyncdata.cpp.o[0m
[14.825s] [ 35%] [32mBuilding CXX object vnproglib-1.2.0.0/cpp/CMakeFiles/vncxx.dir/src/memoryport.cpp.o[0m
[14.872s] [ 39%] [32mBuilding CXX object vnproglib-1.2.0.0/cpp/CMakeFiles/vncxx.dir/src/packet.cpp.o[0m
[16.015s] [ 42%] [32mBuilding CXX object vnproglib-1.2.0.0/cpp/CMakeFiles/vncxx.dir/src/packetfinder.cpp.o[0m
[16.556s] [ 46%] [32mBuilding CXX object vnproglib-1.2.0.0/cpp/CMakeFiles/vncxx.dir/src/port.cpp.o[0m
[16.743s] [ 50%] [32mBuilding CXX object vnproglib-1.2.0.0/cpp/CMakeFiles/vncxx.dir/src/position.cpp.o[0m
[18.449s] [ 53%] [32mBuilding CXX object vnproglib-1.2.0.0/cpp/CMakeFiles/vncxx.dir/src/rtcmlistener.cpp.o[0m
[18.818s] [ 57%] [32mBuilding CXX object vnproglib-1.2.0.0/cpp/CMakeFiles/vncxx.dir/src/rtcmmessage.cpp.o[0m
[19.276s] [ 60%] [32mBuilding CXX object vnproglib-1.2.0.0/cpp/CMakeFiles/vncxx.dir/src/searcher.cpp.o[0m
[19.793s] [ 64%] [32mBuilding CXX object vnproglib-1.2.0.0/cpp/CMakeFiles/vncxx.dir/src/sensors.cpp.o[0m
[19.867s] [ 67%] [32mBuilding CXX object vnproglib-1.2.0.0/cpp/CMakeFiles/vncxx.dir/src/serialport.cpp.o[0m
[22.144s] [ 71%] [32mBuilding CXX object vnproglib-1.2.0.0/cpp/CMakeFiles/vncxx.dir/src/thread.cpp.o[0m
[22.293s] [ 75%] [32mBuilding CXX object vnproglib-1.2.0.0/cpp/CMakeFiles/vncxx.dir/src/types.cpp.o[0m
[22.506s] [ 78%] [32mBuilding CXX object vnproglib-1.2.0.0/cpp/CMakeFiles/vncxx.dir/src/util.cpp.o[0m
[23.215s] [ 82%] [32mBuilding CXX object vnproglib-1.2.0.0/cpp/CMakeFiles/vncxx.dir/src/utilities.cpp.o[0m
[24.402s] [ 85%] [32mBuilding CXX object vnproglib-1.2.0.0/cpp/CMakeFiles/vncxx.dir/src/vntime.cpp.o[0m
[25.293s] [ 89%] [32m[1mLinking CXX shared library libvncxx.so[0m
[25.809s] [ 89%] Built target vncxx
[25.922s] [ 92%] [32mBuilding CXX object CMakeFiles/vectornav.dir/src/vectornav.cc.o[0m
[83.403s] [ 96%] [32m[1mLinking CXX executable vectornav[0m
[86.705s] [ 96%] Built target vectornav
[121.451s] [100%] [32m[1mLinking CXX executable vn_sensor_msgs[0m
[128.541s] [100%] Built target vn_sensor_msgs
[128.593s] Invoked command in '/home/geomatics_in_house_system/ros2_ws/build/vectornav' returned '0': AMENT_PREFIX_PATH=/home/geomatics_in_house_system/ros2_ws/install/vectornav_msgs:${AMENT_PREFIX_PATH} CMAKE_PREFIX_PATH=/home/geomatics_in_house_system/ros2_ws/install/vectornav_msgs:/home/geomatics_in_house_system/ros2_ws/install/velodyne:/home/geomatics_in_house_system/ros2_ws/install/velodyne_pointcloud:/home/geomatics_in_house_system/ros2_ws/install/velodyne_driver:/home/geomatics_in_house_system/ros2_ws/install/velodyne_msgs:/home/geomatics_in_house_system/ros2_ws/install/velodyne_laserscan:/opt/ros/humble LD_LIBRARY_PATH=/home/geomatics_in_house_system/ros2_ws/install/vectornav_msgs/lib:${LD_LIBRARY_PATH} PYTHONPATH=/home/geomatics_in_house_system/ros2_ws/install/vectornav_msgs/local/lib/python3.10/dist-packages:${PYTHONPATH} /usr/bin/cmake --build /home/geomatics_in_house_system/ros2_ws/build/vectornav -- -j4 -l4
[128.764s] Invoking command in '/home/geomatics_in_house_system/ros2_ws/build/vectornav': AMENT_PREFIX_PATH=/home/geomatics_in_house_system/ros2_ws/install/vectornav_msgs:${AMENT_PREFIX_PATH} CMAKE_PREFIX_PATH=/home/geomatics_in_house_system/ros2_ws/install/vectornav_msgs:/home/geomatics_in_house_system/ros2_ws/install/velodyne:/home/geomatics_in_house_system/ros2_ws/install/velodyne_pointcloud:/home/geomatics_in_house_system/ros2_ws/install/velodyne_driver:/home/geomatics_in_house_system/ros2_ws/install/velodyne_msgs:/home/geomatics_in_house_system/ros2_ws/install/velodyne_laserscan:/opt/ros/humble LD_LIBRARY_PATH=/home/geomatics_in_house_system/ros2_ws/install/vectornav_msgs/lib:${LD_LIBRARY_PATH} PYTHONPATH=/home/geomatics_in_house_system/ros2_ws/install/vectornav_msgs/local/lib/python3.10/dist-packages:${PYTHONPATH} /usr/bin/cmake --install /home/geomatics_in_house_system/ros2_ws/build/vectornav
[128.797s] -- Install configuration: ""
[128.798s] -- Installing: /home/geomatics_in_house_system/ros2_ws/install/vectornav/lib/vectornav/vectornav
[128.837s] -- Set runtime path of "/home/geomatics_in_house_system/ros2_ws/install/vectornav/lib/vectornav/vectornav" to ""
[128.837s] -- Installing: /home/geomatics_in_house_system/ros2_ws/install/vectornav/lib/vectornav/vn_sensor_msgs
[128.934s] -- Set runtime path of "/home/geomatics_in_house_system/ros2_ws/install/vectornav/lib/vectornav/vn_sensor_msgs" to ""
[128.935s] -- Installing: /home/geomatics_in_house_system/ros2_ws/install/vectornav/share/vectornav//config
[128.935s] -- Installing: /home/geomatics_in_house_system/ros2_ws/install/vectornav/share/vectornav//config/vn_100_800hz.yaml
[128.940s] -- Installing: /home/geomatics_in_house_system/ros2_ws/install/vectornav/share/vectornav//config/vectornav.yaml
[128.941s] -- Installing: /home/geomatics_in_house_system/ros2_ws/install/vectornav/share/vectornav//launch
[128.941s] -- Installing: /home/geomatics_in_house_system/ros2_ws/install/vectornav/share/vectornav//launch/__pycache__
[128.942s] -- Installing: /home/geomatics_in_house_system/ros2_ws/install/vectornav/share/vectornav//launch/__pycache__/vectornav.launch.cpython-310.pyc
[128.943s] -- Installing: /home/geomatics_in_house_system/ros2_ws/install/vectornav/share/vectornav//launch/vectornav.launch.py
[128.945s] -- Installing: /home/geomatics_in_house_system/ros2_ws/install/vectornav/share/ament_index/resource_index/package_run_dependencies/vectornav
[128.947s] -- Installing: /home/geomatics_in_house_system/ros2_ws/install/vectornav/share/ament_index/resource_index/parent_prefix_path/vectornav
[128.949s] -- Installing: /home/geomatics_in_house_system/ros2_ws/install/vectornav/share/vectornav/environment/ament_prefix_path.sh
[128.950s] -- Installing: /home/geomatics_in_house_system/ros2_ws/install/vectornav/share/vectornav/environment/ament_prefix_path.dsv
[128.952s] -- Installing: /home/geomatics_in_house_system/ros2_ws/install/vectornav/share/vectornav/environment/path.sh
[128.953s] -- Installing: /home/geomatics_in_house_system/ros2_ws/install/vectornav/share/vectornav/environment/path.dsv
[128.954s] -- Installing: /home/geomatics_in_house_system/ros2_ws/install/vectornav/share/vectornav/local_setup.bash
[128.956s] -- Installing: /home/geomatics_in_house_system/ros2_ws/install/vectornav/share/vectornav/local_setup.sh
[128.957s] -- Installing: /home/geomatics_in_house_system/ros2_ws/install/vectornav/share/vectornav/local_setup.zsh
[128.958s] -- Installing: /home/geomatics_in_house_system/ros2_ws/install/vectornav/share/vectornav/local_setup.dsv
[128.959s] -- Installing: /home/geomatics_in_house_system/ros2_ws/install/vectornav/share/vectornav/package.dsv
[128.961s] -- Installing: /home/geomatics_in_house_system/ros2_ws/install/vectornav/share/ament_index/resource_index/packages/vectornav
[128.962s] -- Installing: /home/geomatics_in_house_system/ros2_ws/install/vectornav/share/vectornav/cmake/ament_cmake_export_dependencies-extras.cmake
[128.963s] -- Installing: /home/geomatics_in_house_system/ros2_ws/install/vectornav/share/vectornav/cmake/vectornavConfig.cmake
[128.964s] -- Installing: /home/geomatics_in_house_system/ros2_ws/install/vectornav/share/vectornav/cmake/vectornavConfig-version.cmake
[128.965s] -- Installing: /home/geomatics_in_house_system/ros2_ws/install/vectornav/share/vectornav/package.xml
[128.967s] -- Installing: /home/geomatics_in_house_system/ros2_ws/install/vectornav/lib/libvncxx.so
[128.975s] -- Installing: /home/geomatics_in_house_system/ros2_ws/install/vectornav/include/vn
[128.976s] -- Installing: /home/geomatics_in_house_system/ros2_ws/install/vectornav/include/vn/registers.h
[128.977s] -- Installing: /home/geomatics_in_house_system/ros2_ws/install/vectornav/include/vn/event.h
[128.978s] -- Installing: /home/geomatics_in_house_system/ros2_ws/install/vectornav/include/vn/thread.h
[128.979s] -- Installing: /home/geomatics_in_house_system/ros2_ws/install/vectornav/include/vn/packet.h
[128.981s] -- Installing: /home/geomatics_in_house_system/ros2_ws/install/vectornav/include/vn/error_detection.h
[128.982s] -- Installing: /home/geomatics_in_house_system/ros2_ws/install/vectornav/include/vn/compiler.h
[128.983s] -- Installing: /home/geomatics_in_house_system/ros2_ws/install/vectornav/include/vn/memoryport.h
[128.984s] -- Installing: /home/geomatics_in_house_system/ros2_ws/install/vectornav/include/vn/attitude.h
[128.985s] -- Installing: /home/geomatics_in_house_system/ros2_ws/install/vectornav/include/vn/matrix.h
[128.986s] -- Installing: /home/geomatics_in_house_system/ros2_ws/install/vectornav/include/vn/boostpython.h
[128.988s] -- Installing: /home/geomatics_in_house_system/ros2_ws/install/vectornav/include/vn/dllvalidator.h
[128.989s] -- Installing: /home/geomatics_in_house_system/ros2_ws/install/vectornav/include/vn/ezasyncdata.h
[128.990s] -- Installing: /home/geomatics_in_house_system/ros2_ws/install/vectornav/include/vn/vntime.h
[128.991s] -- Installing: /home/geomatics_in_house_system/ros2_ws/install/vectornav/include/vn/nocopy.h
[128.992s] -- Installing: /home/geomatics_in_house_system/ros2_ws/install/vectornav/include/vn/export.h
[128.993s] -- Installing: /home/geomatics_in_house_system/ros2_ws/install/vectornav/include/vn/rtcmmessage.h
[128.994s] -- Installing: /home/geomatics_in_house_system/ros2_ws/install/vectornav/include/vn/searcher.h
[128.994s] -- Installing: /home/geomatics_in_house_system/ros2_ws/install/vectornav/include/vn/position.h
[128.996s] -- Installing: /home/geomatics_in_house_system/ros2_ws/install/vectornav/include/vn/exceptions.h
[128.996s] -- Installing: /home/geomatics_in_house_system/ros2_ws/install/vectornav/include/vn/conversions.h
[128.998s] -- Installing: /home/geomatics_in_house_system/ros2_ws/install/vectornav/include/vn/util.h
[128.999s] -- Installing: /home/geomatics_in_house_system/ros2_ws/install/vectornav/include/vn/int.h
[129.000s] -- Installing: /home/geomatics_in_house_system/ros2_ws/install/vectornav/include/vn/serialport.h
[129.001s] -- Installing: /home/geomatics_in_house_system/ros2_ws/install/vectornav/include/vn/types.h
[129.002s] -- Installing: /home/geomatics_in_house_system/ros2_ws/install/vectornav/include/vn/vector.h
[129.003s] -- Installing: /home/geomatics_in_house_system/ros2_ws/install/vectornav/include/vn/criticalsection.h
[129.004s] -- Installing: /home/geomatics_in_house_system/ros2_ws/install/vectornav/include/vn/sensors.h
[129.006s] -- Installing: /home/geomatics_in_house_system/ros2_ws/install/vectornav/include/vn/port.h
[129.006s] -- Installing: /home/geomatics_in_house_system/ros2_ws/install/vectornav/include/vn/signal.h
[129.008s] -- Installing: /home/geomatics_in_house_system/ros2_ws/install/vectornav/include/vn/consts.h
[129.009s] -- Installing: /home/geomatics_in_house_system/ros2_ws/install/vectornav/include/vn/rtcmlistener.h
[129.010s] -- Installing: /home/geomatics_in_house_system/ros2_ws/install/vectornav/include/vn/utilities.h
[129.011s] -- Installing: /home/geomatics_in_house_system/ros2_ws/install/vectornav/include/vn/packetfinder.h
[129.012s] -- Installing: /home/geomatics_in_house_system/ros2_ws/install/vectornav/include/vn/compositedata.h
[129.013s] -- Installing: /home/geomatics_in_house_system/ros2_ws/install/vectornav/include/vn/mock.h
[129.022s] Invoked command in '/home/geomatics_in_house_system/ros2_ws/build/vectornav' returned '0': AMENT_PREFIX_PATH=/home/geomatics_in_house_system/ros2_ws/install/vectornav_msgs:${AMENT_PREFIX_PATH} CMAKE_PREFIX_PATH=/home/geomatics_in_house_system/ros2_ws/install/vectornav_msgs:/home/geomatics_in_house_system/ros2_ws/install/velodyne:/home/geomatics_in_house_system/ros2_ws/install/velodyne_pointcloud:/home/geomatics_in_house_system/ros2_ws/install/velodyne_driver:/home/geomatics_in_house_system/ros2_ws/install/velodyne_msgs:/home/geomatics_in_house_system/ros2_ws/install/velodyne_laserscan:/opt/ros/humble LD_LIBRARY_PATH=/home/geomatics_in_house_system/ros2_ws/install/vectornav_msgs/lib:${LD_LIBRARY_PATH} PYTHONPATH=/home/geomatics_in_house_system/ros2_ws/install/vectornav_msgs/local/lib/python3.10/dist-packages:${PYTHONPATH} /usr/bin/cmake --install /home/geomatics_in_house_system/ros2_ws/build/vectornav
