[0.135s] Invoking command in '/home/geomatics_in_house_system/ros2_ws/build/velodyne': CMAKE_PREFIX_PATH=/home/geomatics_in_house_system/ros2_ws/install/velodyne_pointcloud:/home/geomatics_in_house_system/ros2_ws/install/velodyne_driver:/home/geomatics_in_house_system/ros2_ws/install/velodyne_msgs:/home/geomatics_in_house_system/ros2_ws/install/velodyne_laserscan:/home/geomatics_in_house_system/ros2_ws/install/velodyne:/home/geomatics_in_house_system/ros2_ws/install/vectornav:/home/geomatics_in_house_system/ros2_ws/install/vectornav_msgs:/home/geomatics_in_house_system/ros2_ws/install/tcp_tunnel:/home/geomatics_in_house_system/ros2_ws/install/norlab_icp_mapper_ros:/home/geomatics_in_house_system/ros2_ws/install/norlab_icp_mapper:/home/geomatics_in_house_system/ros2_ws/install/mapper_config_template:/home/geomatics_in_house_system/ros2_ws/install/libpointmatcher_ros:/home/geomatics_in_house_system/ros2_ws/install/imu_odom:/home/geomatics_in_house_system/ros2_ws/install/geo_system:/opt/ros/humble /usr/bin/cmake --build /home/geomatics_in_house_system/ros2_ws/build/velodyne -- -j4 -l4
[0.347s] Invoked command in '/home/geomatics_in_house_system/ros2_ws/build/velodyne' returned '0': CMAKE_PREFIX_PATH=/home/geomatics_in_house_system/ros2_ws/install/velodyne_pointcloud:/home/geomatics_in_house_system/ros2_ws/install/velodyne_driver:/home/geomatics_in_house_system/ros2_ws/install/velodyne_msgs:/home/geomatics_in_house_system/ros2_ws/install/velodyne_laserscan:/home/geomatics_in_house_system/ros2_ws/install/velodyne:/home/geomatics_in_house_system/ros2_ws/install/vectornav:/home/geomatics_in_house_system/ros2_ws/install/vectornav_msgs:/home/geomatics_in_house_system/ros2_ws/install/tcp_tunnel:/home/geomatics_in_house_system/ros2_ws/install/norlab_icp_mapper_ros:/home/geomatics_in_house_system/ros2_ws/install/norlab_icp_mapper:/home/geomatics_in_house_system/ros2_ws/install/mapper_config_template:/home/geomatics_in_house_system/ros2_ws/install/libpointmatcher_ros:/home/geomatics_in_house_system/ros2_ws/install/imu_odom:/home/geomatics_in_house_system/ros2_ws/install/geo_system:/opt/ros/humble /usr/bin/cmake --build /home/geomatics_in_house_system/ros2_ws/build/velodyne -- -j4 -l4
[0.581s] Invoking command in '/home/geomatics_in_house_system/ros2_ws/build/velodyne': CMAKE_PREFIX_PATH=/home/geomatics_in_house_system/ros2_ws/install/velodyne_pointcloud:/home/geomatics_in_house_system/ros2_ws/install/velodyne_driver:/home/geomatics_in_house_system/ros2_ws/install/velodyne_msgs:/home/geomatics_in_house_system/ros2_ws/install/velodyne_laserscan:/home/geomatics_in_house_system/ros2_ws/install/velodyne:/home/geomatics_in_house_system/ros2_ws/install/vectornav:/home/geomatics_in_house_system/ros2_ws/install/vectornav_msgs:/home/geomatics_in_house_system/ros2_ws/install/tcp_tunnel:/home/geomatics_in_house_system/ros2_ws/install/norlab_icp_mapper_ros:/home/geomatics_in_house_system/ros2_ws/install/norlab_icp_mapper:/home/geomatics_in_house_system/ros2_ws/install/mapper_config_template:/home/geomatics_in_house_system/ros2_ws/install/libpointmatcher_ros:/home/geomatics_in_house_system/ros2_ws/install/imu_odom:/home/geomatics_in_house_system/ros2_ws/install/geo_system:/opt/ros/humble /usr/bin/cmake --install /home/geomatics_in_house_system/ros2_ws/build/velodyne
[0.623s] -- Install configuration: ""
[0.624s] -- Up-to-date: /home/geomatics_in_house_system/ros2_ws/install/velodyne/share/velodyne/launch
[0.624s] -- Up-to-date: /home/geomatics_in_house_system/ros2_ws/install/velodyne/share/velodyne/launch/velodyne-all-nodes-VLP16-launch.py
[0.625s] -- Up-to-date: /home/geomatics_in_house_system/ros2_ws/install/velodyne/share/velodyne/launch/velodyne-all-nodes-VLS128-composed-launch.py
[0.625s] -- Up-to-date: /home/geomatics_in_house_system/ros2_ws/install/velodyne/share/velodyne/launch/velodyne-all-nodes-VLP32C-composed-launch.py
[0.626s] -- Up-to-date: /home/geomatics_in_house_system/ros2_ws/install/velodyne/share/velodyne/launch/velodyne-all-nodes-VLP16-composed-launch.py
[0.626s] -- Up-to-date: /home/geomatics_in_house_system/ros2_ws/install/velodyne/share/velodyne/launch/velodyne-all-nodes-VLP32C-launch.py
[0.627s] -- Up-to-date: /home/geomatics_in_house_system/ros2_ws/install/velodyne/share/velodyne/launch/velodyne-all-nodes-VLS128-launch.py
[0.627s] -- Up-to-date: /home/geomatics_in_house_system/ros2_ws/install/velodyne/share/ament_index/resource_index/package_run_dependencies/velodyne
[0.628s] -- Up-to-date: /home/geomatics_in_house_system/ros2_ws/install/velodyne/share/ament_index/resource_index/parent_prefix_path/velodyne
[0.628s] -- Up-to-date: /home/geomatics_in_house_system/ros2_ws/install/velodyne/share/velodyne/environment/ament_prefix_path.sh
[0.629s] -- Up-to-date: /home/geomatics_in_house_system/ros2_ws/install/velodyne/share/velodyne/environment/ament_prefix_path.dsv
[0.629s] -- Up-to-date: /home/geomatics_in_house_system/ros2_ws/install/velodyne/share/velodyne/environment/path.sh
[0.630s] -- Up-to-date: /home/geomatics_in_house_system/ros2_ws/install/velodyne/share/velodyne/environment/path.dsv
[0.630s] -- Up-to-date: /home/geomatics_in_house_system/ros2_ws/install/velodyne/share/velodyne/local_setup.bash
[0.630s] -- Up-to-date: /home/geomatics_in_house_system/ros2_ws/install/velodyne/share/velodyne/local_setup.sh
[0.631s] -- Up-to-date: /home/geomatics_in_house_system/ros2_ws/install/velodyne/share/velodyne/local_setup.zsh
[0.631s] -- Up-to-date: /home/geomatics_in_house_system/ros2_ws/install/velodyne/share/velodyne/local_setup.dsv
[0.632s] -- Installing: /home/geomatics_in_house_system/ros2_ws/install/velodyne/share/velodyne/package.dsv
[0.633s] -- Up-to-date: /home/geomatics_in_house_system/ros2_ws/install/velodyne/share/ament_index/resource_index/packages/velodyne
[0.633s] -- Up-to-date: /home/geomatics_in_house_system/ros2_ws/install/velodyne/share/velodyne/cmake/velodyneConfig.cmake
[0.634s] -- Up-to-date: /home/geomatics_in_house_system/ros2_ws/install/velodyne/share/velodyne/cmake/velodyneConfig-version.cmake
[0.634s] -- Up-to-date: /home/geomatics_in_house_system/ros2_ws/install/velodyne/share/velodyne/package.xml
[0.642s] Invoked command in '/home/geomatics_in_house_system/ros2_ws/build/velodyne' returned '0': CMAKE_PREFIX_PATH=/home/geomatics_in_house_system/ros2_ws/install/velodyne_pointcloud:/home/geomatics_in_house_system/ros2_ws/install/velodyne_driver:/home/geomatics_in_house_system/ros2_ws/install/velodyne_msgs:/home/geomatics_in_house_system/ros2_ws/install/velodyne_laserscan:/home/geomatics_in_house_system/ros2_ws/install/velodyne:/home/geomatics_in_house_system/ros2_ws/install/vectornav:/home/geomatics_in_house_system/ros2_ws/install/vectornav_msgs:/home/geomatics_in_house_system/ros2_ws/install/tcp_tunnel:/home/geomatics_in_house_system/ros2_ws/install/norlab_icp_mapper_ros:/home/geomatics_in_house_system/ros2_ws/install/norlab_icp_mapper:/home/geomatics_in_house_system/ros2_ws/install/mapper_config_template:/home/geomatics_in_house_system/ros2_ws/install/libpointmatcher_ros:/home/geomatics_in_house_system/ros2_ws/install/imu_odom:/home/geomatics_in_house_system/ros2_ws/install/geo_system:/opt/ros/humble /usr/bin/cmake --install /home/geomatics_in_house_system/ros2_ws/build/velodyne
