[0.108s] Invoking command in '/home/geomatics_in_house_system/ros2_ws/build/mapper_config_template': CMAKE_PREFIX_PATH=${CMAKE_PREFIX_PATH}:/opt/ros/humble /usr/bin/cmake --build /home/geomatics_in_house_system/ros2_ws/build/mapper_config_template -- -j4 -l4
[0.547s] Invoked command in '/home/geomatics_in_house_system/ros2_ws/build/mapper_config_template' returned '0': CMAKE_PREFIX_PATH=${CMAKE_PREFIX_PATH}:/opt/ros/humble /usr/bin/cmake --build /home/geomatics_in_house_system/ros2_ws/build/mapper_config_template -- -j4 -l4
[0.768s] Invoking command in '/home/geomatics_in_house_system/ros2_ws/build/mapper_config_template': CMAKE_PREFIX_PATH=${CMAKE_PREFIX_PATH}:/opt/ros/humble /usr/bin/cmake --install /home/geomatics_in_house_system/ros2_ws/build/mapper_config_template
[0.818s] -- Install configuration: ""
[0.821s] -- Up-to-date: /home/geomatics_in_house_system/ros2_ws/install/mapper_config_template/share/mapper_config_template/launch
[0.822s] -- Installing: /home/geomatics_in_house_system/ros2_ws/install/mapper_config_template/share/mapper_config_template/launch/mapper.launch
[0.824s] -- Up-to-date: /home/geomatics_in_house_system/ros2_ws/install/mapper_config_template/share/mapper_config_template/params
[0.827s] -- Installing: /home/geomatics_in_house_system/ros2_ws/install/mapper_config_template/share/mapper_config_template/params/map_post_filters_config.yaml
[0.836s] -- Up-to-date: /home/geomatics_in_house_system/ros2_ws/install/mapper_config_template/share/mapper_config_template/params/input_filters_config.yaml
[0.839s] -- Up-to-date: /home/geomatics_in_house_system/ros2_ws/install/mapper_config_template/share/mapper_config_template/params/icp_config.yaml
[0.840s] -- Up-to-date: /home/geomatics_in_house_system/ros2_ws/install/mapper_config_template/share/ament_index/resource_index/package_run_dependencies/mapper_config_template
[0.845s] -- Up-to-date: /home/geomatics_in_house_system/ros2_ws/install/mapper_config_template/share/ament_index/resource_index/parent_prefix_path/mapper_config_template
[0.846s] -- Up-to-date: /home/geomatics_in_house_system/ros2_ws/install/mapper_config_template/share/mapper_config_template/environment/ament_prefix_path.sh
[0.849s] -- Up-to-date: /home/geomatics_in_house_system/ros2_ws/install/mapper_config_template/share/mapper_config_template/environment/ament_prefix_path.dsv
[0.850s] -- Up-to-date: /home/geomatics_in_house_system/ros2_ws/install/mapper_config_template/share/mapper_config_template/environment/path.sh
[0.850s] -- Up-to-date: /home/geomatics_in_house_system/ros2_ws/install/mapper_config_template/share/mapper_config_template/environment/path.dsv
[0.851s] -- Up-to-date: /home/geomatics_in_house_system/ros2_ws/install/mapper_config_template/share/mapper_config_template/local_setup.bash
[0.852s] -- Up-to-date: /home/geomatics_in_house_system/ros2_ws/install/mapper_config_template/share/mapper_config_template/local_setup.sh
[0.853s] -- Up-to-date: /home/geomatics_in_house_system/ros2_ws/install/mapper_config_template/share/mapper_config_template/local_setup.zsh
[0.855s] -- Up-to-date: /home/geomatics_in_house_system/ros2_ws/install/mapper_config_template/share/mapper_config_template/local_setup.dsv
[0.861s] -- Installing: /home/geomatics_in_house_system/ros2_ws/install/mapper_config_template/share/mapper_config_template/package.dsv
[0.866s] -- Up-to-date: /home/geomatics_in_house_system/ros2_ws/install/mapper_config_template/share/ament_index/resource_index/packages/mapper_config_template
[0.868s] -- Up-to-date: /home/geomatics_in_house_system/ros2_ws/install/mapper_config_template/share/mapper_config_template/cmake/mapper_config_templateConfig.cmake
[0.869s] -- Up-to-date: /home/geomatics_in_house_system/ros2_ws/install/mapper_config_template/share/mapper_config_template/cmake/mapper_config_templateConfig-version.cmake
[0.872s] -- Up-to-date: /home/geomatics_in_house_system/ros2_ws/install/mapper_config_template/share/mapper_config_template/package.xml
[0.966s] Invoked command in '/home/geomatics_in_house_system/ros2_ws/build/mapper_config_template' returned '0': CMAKE_PREFIX_PATH=${CMAKE_PREFIX_PATH}:/opt/ros/humble /usr/bin/cmake --install /home/geomatics_in_house_system/ros2_ws/build/mapper_config_template
