[0mCMake Deprecation Warning at CMakeLists.txt:1 (cmake_minimum_required):
  Compatibility with CMake < 2.8.12 will be removed from a future version of
  CMake.

  Update the VERSION argument <min> value or use a ...<max> suffix to tell
  CMake that the project does not need compatibility with older versions.

[0m
-- The C compiler identification is GNU 11.4.0
-- The CXX compiler identification is GNU 11.4.0
-- Detecting C compiler ABI info
-- Detecting C compiler ABI info - done
-- Check for working C compiler: /usr/bin/cc - skipped
-- Detecting C compile features
-- Detecting C compile features - done
-- Detecting CXX compiler ABI info
-- Detecting CXX compiler ABI info - done
-- Check for working CXX compiler: /usr/bin/c++ - skipped
-- Detecting CXX compile features
-- Detecting CXX compile features - done
-- Found Boost: /usr/lib/aarch64-linux-gnu/cmake/Boost-1.74.0/BoostConfig.cmake (found version "1.74.0") found components: thread filesystem system program_options date_time 
-- Found Boost: /usr/lib/aarch64-linux-gnu/cmake/Boost-1.74.0/BoostConfig.cmake (found version "1.74.0") found components: thread filesystem system program_options date_time chrono 
-- Configuring done
-- Generating done
-- Build files have been written to: /home/geomatics_in_house_system/ros2_ws/build/norlab_icp_mapper
[ 16%] [32mBuilding CXX object CMakeFiles/norlab_icp_mapper.dir/norlab_icp_mapper/Mapper.cpp.o[0m
[ 33%] [32mBuilding CXX object CMakeFiles/norlab_icp_mapper.dir/norlab_icp_mapper/RAMCellManager.cpp.o[0m
[ 50%] [32mBuilding CXX object CMakeFiles/norlab_icp_mapper.dir/norlab_icp_mapper/HardDriveCellManager.cpp.o[0m
[ 66%] [32mBuilding CXX object CMakeFiles/norlab_icp_mapper.dir/norlab_icp_mapper/Trajectory.cpp.o[0m
[ 83%] [32mBuilding CXX object CMakeFiles/norlab_icp_mapper.dir/norlab_icp_mapper/Map.cpp.o[0m
[100%] [32m[1mLinking CXX static library libnorlab_icp_mapper.a[0m
[100%] Built target norlab_icp_mapper
-- Install configuration: ""
-- Installing: /home/geomatics_in_house_system/ros2_ws/install/norlab_icp_mapper/lib/libnorlab_icp_mapper.a
-- Installing: /home/geomatics_in_house_system/ros2_ws/install/norlab_icp_mapper/include/norlab_icp_mapper/Mapper.h
-- Installing: /home/geomatics_in_house_system/ros2_ws/install/norlab_icp_mapper/include/norlab_icp_mapper/Map.h
-- Installing: /home/geomatics_in_house_system/ros2_ws/install/norlab_icp_mapper/include/norlab_icp_mapper/Trajectory.h
-- Installing: /home/geomatics_in_house_system/ros2_ws/install/norlab_icp_mapper/include/norlab_icp_mapper/CellManager.h
-- Installing: /home/geomatics_in_house_system/ros2_ws/install/norlab_icp_mapper/lib/cmake/norlab_icp_mapper/norlab_icp_mapperConfig.cmake
