[0.098s] Invoking command in '/home/geomatics_in_house_system/ros2_ws/build/imu_odom': CMAKE_PREFIX_PATH=${CMAKE_PREFIX_PATH}:/opt/ros/humble /usr/bin/cmake /home/geomatics_in_house_system/ros2_ws/src/imu_odom -DCMAKE_INSTALL_PREFIX=/home/geomatics_in_house_system/ros2_ws/install/imu_odom
[0.996s] -- The C compiler identification is GNU 11.4.0
[1.783s] -- The CXX compiler identification is GNU 11.4.0
[1.825s] -- Detecting C compiler ABI info
[2.333s] -- Detecting C compiler ABI info - done
[2.360s] -- Check for working C compiler: /usr/bin/cc - skipped
[2.361s] -- Detecting C compile features
[2.378s] -- Detecting C compile features - done
[2.492s] -- Detecting CXX compiler ABI info
[2.992s] -- Detecting CXX compiler ABI info - done
[3.020s] -- Check for working CXX compiler: /usr/bin/c++ - skipped
[3.021s] -- Detecting CXX compile features
[3.023s] -- Detecting CXX compile features - done
[3.063s] -- Found ament_cmake: 1.3.8 (/opt/ros/humble/share/ament_cmake/cmake)
[4.110s] -- Found Python3: /usr/bin/python3 (found version "3.10.12") found components: Interpreter 
[5.064s] -- Found rclcpp: 16.0.8 (/opt/ros/humble/share/rclcpp/cmake)
[5.639s] -- Found rosidl_generator_c: 3.1.5 (/opt/ros/humble/share/rosidl_generator_c/cmake)
[5.716s] -- Found rosidl_adapter: 3.1.5 (/opt/ros/humble/share/rosidl_adapter/cmake)
[5.809s] -- Found rosidl_generator_cpp: 3.1.5 (/opt/ros/humble/share/rosidl_generator_cpp/cmake)
[5.933s] -- Using all available rosidl_typesupport_c: rosidl_typesupport_fastrtps_c;rosidl_typesupport_introspection_c
[6.112s] -- Using all available rosidl_typesupport_cpp: rosidl_typesupport_fastrtps_cpp;rosidl_typesupport_introspection_cpp
[6.795s] -- Found rmw_implementation_cmake: 6.1.1 (/opt/ros/humble/share/rmw_implementation_cmake/cmake)
[6.850s] -- Found rmw_fastrtps_cpp: 6.2.6 (/opt/ros/humble/share/rmw_fastrtps_cpp/cmake)
[7.787s] -- Found OpenSSL: /usr/lib/aarch64-linux-gnu/libcrypto.so (found version "3.0.2")  
[8.078s] -- Found FastRTPS: /opt/ros/humble/include  
[8.560s] -- Using RMW implementation 'rmw_fastrtps_cpp' as default
[8.702s] -- Looking for pthread.h
[9.138s] -- Looking for pthread.h - found
[9.140s] -- Performing Test CMAKE_HAVE_LIBC_PTHREAD
[9.539s] -- Performing Test CMAKE_HAVE_LIBC_PTHREAD - Success
[9.544s] -- Found Threads: TRUE  
[10.379s] -- Found sensor_msgs: 4.2.3 (/opt/ros/humble/share/sensor_msgs/cmake)
[10.981s] -- Found tf2_geometry_msgs: 0.25.6 (/opt/ros/humble/share/tf2_geometry_msgs/cmake)
[11.229s] -- Found eigen3_cmake_module: 0.1.1 (/opt/ros/humble/share/eigen3_cmake_module/cmake)
[11.236s] -- Found Eigen3: TRUE (found version "3.4.0") 
[11.236s] -- Ensuring Eigen3 include directory is part of orocos-kdl CMake target
[13.248s] -- Found nav_msgs: 4.2.3 (/opt/ros/humble/share/nav_msgs/cmake)
[13.921s] -- Configuring done
[14.006s] -- Generating done
[14.014s] -- Build files have been written to: /home/geomatics_in_house_system/ros2_ws/build/imu_odom
[14.057s] Invoked command in '/home/geomatics_in_house_system/ros2_ws/build/imu_odom' returned '0': CMAKE_PREFIX_PATH=${CMAKE_PREFIX_PATH}:/opt/ros/humble /usr/bin/cmake /home/geomatics_in_house_system/ros2_ws/src/imu_odom -DCMAKE_INSTALL_PREFIX=/home/geomatics_in_house_system/ros2_ws/install/imu_odom
[14.066s] Invoking command in '/home/geomatics_in_house_system/ros2_ws/build/imu_odom': CMAKE_PREFIX_PATH=${CMAKE_PREFIX_PATH}:/opt/ros/humble /usr/bin/cmake --build /home/geomatics_in_house_system/ros2_ws/build/imu_odom -- -j4 -l4
[14.343s] [ 50%] [32mBuilding CXX object CMakeFiles/imu_odom_node.dir/src/imu_odom_node.cpp.o[0m
[68.442s] [100%] [32m[1mLinking CXX executable imu_odom_node[0m
[71.860s] [100%] Built target imu_odom_node
[71.918s] Invoked command in '/home/geomatics_in_house_system/ros2_ws/build/imu_odom' returned '0': CMAKE_PREFIX_PATH=${CMAKE_PREFIX_PATH}:/opt/ros/humble /usr/bin/cmake --build /home/geomatics_in_house_system/ros2_ws/build/imu_odom -- -j4 -l4
[72.101s] Invoking command in '/home/geomatics_in_house_system/ros2_ws/build/imu_odom': CMAKE_PREFIX_PATH=${CMAKE_PREFIX_PATH}:/opt/ros/humble /usr/bin/cmake --install /home/geomatics_in_house_system/ros2_ws/build/imu_odom
[72.138s] -- Install configuration: ""
[72.139s] -- Installing: /home/geomatics_in_house_system/ros2_ws/install/imu_odom/lib/imu_odom/imu_odom_node
[72.181s] -- Set runtime path of "/home/geomatics_in_house_system/ros2_ws/install/imu_odom/lib/imu_odom/imu_odom_node" to ""
[72.182s] -- Installing: /home/geomatics_in_house_system/ros2_ws/install/imu_odom/share/ament_index/resource_index/package_run_dependencies/imu_odom
[72.184s] -- Installing: /home/geomatics_in_house_system/ros2_ws/install/imu_odom/share/ament_index/resource_index/parent_prefix_path/imu_odom
[72.186s] -- Installing: /home/geomatics_in_house_system/ros2_ws/install/imu_odom/share/imu_odom/environment/ament_prefix_path.sh
[72.187s] -- Installing: /home/geomatics_in_house_system/ros2_ws/install/imu_odom/share/imu_odom/environment/ament_prefix_path.dsv
[72.189s] -- Installing: /home/geomatics_in_house_system/ros2_ws/install/imu_odom/share/imu_odom/environment/path.sh
[72.190s] -- Installing: /home/geomatics_in_house_system/ros2_ws/install/imu_odom/share/imu_odom/environment/path.dsv
[72.191s] -- Installing: /home/geomatics_in_house_system/ros2_ws/install/imu_odom/share/imu_odom/local_setup.bash
[72.193s] -- Installing: /home/geomatics_in_house_system/ros2_ws/install/imu_odom/share/imu_odom/local_setup.sh
[72.194s] -- Installing: /home/geomatics_in_house_system/ros2_ws/install/imu_odom/share/imu_odom/local_setup.zsh
[72.195s] -- Installing: /home/geomatics_in_house_system/ros2_ws/install/imu_odom/share/imu_odom/local_setup.dsv
[72.197s] -- Installing: /home/geomatics_in_house_system/ros2_ws/install/imu_odom/share/imu_odom/package.dsv
[72.199s] -- Installing: /home/geomatics_in_house_system/ros2_ws/install/imu_odom/share/ament_index/resource_index/packages/imu_odom
[72.201s] -- Installing: /home/geomatics_in_house_system/ros2_ws/install/imu_odom/share/imu_odom/cmake/imu_odomConfig.cmake
[72.202s] -- Installing: /home/geomatics_in_house_system/ros2_ws/install/imu_odom/share/imu_odom/cmake/imu_odomConfig-version.cmake
[72.204s] -- Installing: /home/geomatics_in_house_system/ros2_ws/install/imu_odom/share/imu_odom/package.xml
[72.212s] Invoked command in '/home/geomatics_in_house_system/ros2_ws/build/imu_odom' returned '0': CMAKE_PREFIX_PATH=${CMAKE_PREFIX_PATH}:/opt/ros/humble /usr/bin/cmake --install /home/geomatics_in_house_system/ros2_ws/build/imu_odom
