[0.143s] Invoking command in '/home/geomatics_in_house_system/ros2_ws/build/velodyne_msgs': CMAKE_PREFIX_PATH=${CMAKE_PREFIX_PATH}:/opt/ros/humble /usr/bin/cmake --build /home/geomatics_in_house_system/ros2_ws/build/velodyne_msgs -- -j4 -l4
[0.529s] [  2%] Built target velodyne_msgs__cpp
[0.778s] [  2%] Built target ament_cmake_python_copy_velodyne_msgs
[0.850s] [35m[1mConsolidate compiler generated dependencies of target velodyne_msgs__rosidl_typesupport_fastrtps_cpp[0m
[0.953s] [ 12%] Built target velodyne_msgs__rosidl_typesupport_fastrtps_cpp
[1.039s] [35m[1mConsolidate compiler generated dependencies of target velodyne_msgs__rosidl_typesupport_introspection_cpp[0m
[1.141s] [ 23%] Built target velodyne_msgs__rosidl_typesupport_introspection_cpp
[2.767s] running egg_info
[2.770s] writing velodyne_msgs.egg-info/PKG-INFO
[2.771s] writing dependency_links to velodyne_msgs.egg-info/dependency_links.txt
[2.772s] writing top-level names to velodyne_msgs.egg-info/top_level.txt
[2.786s] reading manifest file 'velodyne_msgs.egg-info/SOURCES.txt'
[2.790s] writing manifest file 'velodyne_msgs.egg-info/SOURCES.txt'
[2.943s] [ 23%] Built target ament_cmake_python_build_velodyne_msgs_egg
[3.017s] [35m[1mConsolidate compiler generated dependencies of target velodyne_msgs__rosidl_typesupport_cpp[0m
[3.096s] [ 33%] Built target velodyne_msgs__rosidl_typesupport_cpp
[3.166s] [35m[1mConsolidate compiler generated dependencies of target velodyne_msgs__rosidl_generator_c[0m
[3.233s] [ 43%] Built target velodyne_msgs__rosidl_generator_c
[3.303s] [35m[1mConsolidate compiler generated dependencies of target velodyne_msgs__rosidl_typesupport_fastrtps_c[0m
[3.383s] [ 53%] Built target velodyne_msgs__rosidl_typesupport_fastrtps_c
[3.452s] [35m[1mConsolidate compiler generated dependencies of target velodyne_msgs__rosidl_typesupport_c[0m
[3.518s] [ 64%] Built target velodyne_msgs__rosidl_typesupport_c
[3.590s] [35m[1mConsolidate compiler generated dependencies of target velodyne_msgs__rosidl_typesupport_introspection_c[0m
[3.662s] [ 74%] Built target velodyne_msgs__rosidl_typesupport_introspection_c
[3.792s] [ 74%] Built target velodyne_msgs
[3.914s] [ 76%] Built target velodyne_msgs__py
[3.979s] [35m[1mConsolidate compiler generated dependencies of target velodyne_msgs__rosidl_generator_py[0m
[4.065s] [ 84%] Built target velodyne_msgs__rosidl_generator_py
[4.131s] [35m[1mConsolidate compiler generated dependencies of target velodyne_msgs__rosidl_typesupport_fastrtps_c__pyext[0m
[4.208s] [ 89%] Built target velodyne_msgs__rosidl_typesupport_fastrtps_c__pyext
[4.272s] [35m[1mConsolidate compiler generated dependencies of target velodyne_msgs__rosidl_typesupport_c__pyext[0m
[4.347s] [ 94%] Built target velodyne_msgs__rosidl_typesupport_c__pyext
[4.411s] [35m[1mConsolidate compiler generated dependencies of target velodyne_msgs__rosidl_typesupport_introspection_c__pyext[0m
[4.489s] [100%] Built target velodyne_msgs__rosidl_typesupport_introspection_c__pyext
[4.546s] Invoked command in '/home/geomatics_in_house_system/ros2_ws/build/velodyne_msgs' returned '0': CMAKE_PREFIX_PATH=${CMAKE_PREFIX_PATH}:/opt/ros/humble /usr/bin/cmake --build /home/geomatics_in_house_system/ros2_ws/build/velodyne_msgs -- -j4 -l4
[5.173s] Invoking command in '/home/geomatics_in_house_system/ros2_ws/build/velodyne_msgs': CMAKE_PREFIX_PATH=${CMAKE_PREFIX_PATH}:/opt/ros/humble /usr/bin/cmake --install /home/geomatics_in_house_system/ros2_ws/build/velodyne_msgs
[5.221s] -- Install configuration: ""
[5.222s] -- Up-to-date: /home/geomatics_in_house_system/ros2_ws/install/velodyne_msgs/share/ament_index/resource_index/rosidl_interfaces/velodyne_msgs
[5.223s] -- Up-to-date: /home/geomatics_in_house_system/ros2_ws/install/velodyne_msgs/include/velodyne_msgs/velodyne_msgs
[5.224s] -- Up-to-date: /home/geomatics_in_house_system/ros2_ws/install/velodyne_msgs/include/velodyne_msgs/velodyne_msgs/msg
[5.225s] -- Up-to-date: /home/geomatics_in_house_system/ros2_ws/install/velodyne_msgs/include/velodyne_msgs/velodyne_msgs/msg/velodyne_packet.h
[5.226s] -- Up-to-date: /home/geomatics_in_house_system/ros2_ws/install/velodyne_msgs/include/velodyne_msgs/velodyne_msgs/msg/detail
[5.227s] -- Up-to-date: /home/geomatics_in_house_system/ros2_ws/install/velodyne_msgs/include/velodyne_msgs/velodyne_msgs/msg/detail/velodyne_scan__struct.h
[5.227s] -- Up-to-date: /home/geomatics_in_house_system/ros2_ws/install/velodyne_msgs/include/velodyne_msgs/velodyne_msgs/msg/detail/velodyne_scan__functions.c
[5.228s] -- Up-to-date: /home/geomatics_in_house_system/ros2_ws/install/velodyne_msgs/include/velodyne_msgs/velodyne_msgs/msg/detail/velodyne_scan__type_support.h
[5.228s] -- Up-to-date: /home/geomatics_in_house_system/ros2_ws/install/velodyne_msgs/include/velodyne_msgs/velodyne_msgs/msg/detail/velodyne_scan__functions.h
[5.229s] -- Up-to-date: /home/geomatics_in_house_system/ros2_ws/install/velodyne_msgs/include/velodyne_msgs/velodyne_msgs/msg/detail/velodyne_packet__functions.h
[5.229s] -- Up-to-date: /home/geomatics_in_house_system/ros2_ws/install/velodyne_msgs/include/velodyne_msgs/velodyne_msgs/msg/detail/velodyne_packet__struct.h
[5.230s] -- Up-to-date: /home/geomatics_in_house_system/ros2_ws/install/velodyne_msgs/include/velodyne_msgs/velodyne_msgs/msg/detail/velodyne_packet__functions.c
[5.230s] -- Up-to-date: /home/geomatics_in_house_system/ros2_ws/install/velodyne_msgs/include/velodyne_msgs/velodyne_msgs/msg/detail/velodyne_packet__type_support.h
[5.230s] -- Up-to-date: /home/geomatics_in_house_system/ros2_ws/install/velodyne_msgs/include/velodyne_msgs/velodyne_msgs/msg/velodyne_scan.h
[5.231s] -- Up-to-date: /home/geomatics_in_house_system/ros2_ws/install/velodyne_msgs/include/velodyne_msgs/velodyne_msgs/msg/rosidl_generator_c__visibility_control.h
[5.231s] -- Up-to-date: /home/geomatics_in_house_system/ros2_ws/install/velodyne_msgs/share/velodyne_msgs/environment/library_path.sh
[5.232s] -- Up-to-date: /home/geomatics_in_house_system/ros2_ws/install/velodyne_msgs/share/velodyne_msgs/environment/library_path.dsv
[5.235s] -- Up-to-date: /home/geomatics_in_house_system/ros2_ws/install/velodyne_msgs/lib/libvelodyne_msgs__rosidl_generator_c.so
[5.236s] -- Up-to-date: /home/geomatics_in_house_system/ros2_ws/install/velodyne_msgs/include/velodyne_msgs/velodyne_msgs
[5.237s] -- Up-to-date: /home/geomatics_in_house_system/ros2_ws/install/velodyne_msgs/include/velodyne_msgs/velodyne_msgs/msg
[5.237s] -- Up-to-date: /home/geomatics_in_house_system/ros2_ws/install/velodyne_msgs/include/velodyne_msgs/velodyne_msgs/msg/detail
[5.238s] -- Up-to-date: /home/geomatics_in_house_system/ros2_ws/install/velodyne_msgs/include/velodyne_msgs/velodyne_msgs/msg/detail/velodyne_scan__rosidl_typesupport_fastrtps_c.h
[5.238s] -- Up-to-date: /home/geomatics_in_house_system/ros2_ws/install/velodyne_msgs/include/velodyne_msgs/velodyne_msgs/msg/detail/velodyne_packet__rosidl_typesupport_fastrtps_c.h
[5.239s] -- Up-to-date: /home/geomatics_in_house_system/ros2_ws/install/velodyne_msgs/include/velodyne_msgs/velodyne_msgs/msg/rosidl_typesupport_fastrtps_c__visibility_control.h
[5.242s] -- Up-to-date: /home/geomatics_in_house_system/ros2_ws/install/velodyne_msgs/lib/libvelodyne_msgs__rosidl_typesupport_fastrtps_c.so
[5.244s] -- Up-to-date: /home/geomatics_in_house_system/ros2_ws/install/velodyne_msgs/include/velodyne_msgs/velodyne_msgs
[5.244s] -- Up-to-date: /home/geomatics_in_house_system/ros2_ws/install/velodyne_msgs/include/velodyne_msgs/velodyne_msgs/msg
[5.245s] -- Up-to-date: /home/geomatics_in_house_system/ros2_ws/install/velodyne_msgs/include/velodyne_msgs/velodyne_msgs/msg/velodyne_packet.hpp
[5.245s] -- Up-to-date: /home/geomatics_in_house_system/ros2_ws/install/velodyne_msgs/include/velodyne_msgs/velodyne_msgs/msg/detail
[5.246s] -- Up-to-date: /home/geomatics_in_house_system/ros2_ws/install/velodyne_msgs/include/velodyne_msgs/velodyne_msgs/msg/detail/velodyne_packet__builder.hpp
[5.246s] -- Up-to-date: /home/geomatics_in_house_system/ros2_ws/install/velodyne_msgs/include/velodyne_msgs/velodyne_msgs/msg/detail/velodyne_scan__struct.hpp
[5.247s] -- Up-to-date: /home/geomatics_in_house_system/ros2_ws/install/velodyne_msgs/include/velodyne_msgs/velodyne_msgs/msg/detail/velodyne_scan__builder.hpp
[5.247s] -- Up-to-date: /home/geomatics_in_house_system/ros2_ws/install/velodyne_msgs/include/velodyne_msgs/velodyne_msgs/msg/detail/velodyne_packet__struct.hpp
[5.247s] -- Up-to-date: /home/geomatics_in_house_system/ros2_ws/install/velodyne_msgs/include/velodyne_msgs/velodyne_msgs/msg/detail/velodyne_scan__traits.hpp
[5.248s] -- Up-to-date: /home/geomatics_in_house_system/ros2_ws/install/velodyne_msgs/include/velodyne_msgs/velodyne_msgs/msg/detail/velodyne_packet__traits.hpp
[5.248s] -- Up-to-date: /home/geomatics_in_house_system/ros2_ws/install/velodyne_msgs/include/velodyne_msgs/velodyne_msgs/msg/velodyne_scan.hpp
[5.249s] -- Up-to-date: /home/geomatics_in_house_system/ros2_ws/install/velodyne_msgs/include/velodyne_msgs/velodyne_msgs
[5.249s] -- Up-to-date: /home/geomatics_in_house_system/ros2_ws/install/velodyne_msgs/include/velodyne_msgs/velodyne_msgs/msg
[5.250s] -- Up-to-date: /home/geomatics_in_house_system/ros2_ws/install/velodyne_msgs/include/velodyne_msgs/velodyne_msgs/msg/detail
[5.250s] -- Up-to-date: /home/geomatics_in_house_system/ros2_ws/install/velodyne_msgs/include/velodyne_msgs/velodyne_msgs/msg/detail/velodyne_scan__rosidl_typesupport_fastrtps_cpp.hpp
[5.251s] -- Up-to-date: /home/geomatics_in_house_system/ros2_ws/install/velodyne_msgs/include/velodyne_msgs/velodyne_msgs/msg/detail/dds_fastrtps
[5.251s] -- Up-to-date: /home/geomatics_in_house_system/ros2_ws/install/velodyne_msgs/include/velodyne_msgs/velodyne_msgs/msg/detail/velodyne_packet__rosidl_typesupport_fastrtps_cpp.hpp
[5.252s] -- Up-to-date: /home/geomatics_in_house_system/ros2_ws/install/velodyne_msgs/include/velodyne_msgs/velodyne_msgs/msg/rosidl_typesupport_fastrtps_cpp__visibility_control.h
[5.253s] -- Up-to-date: /home/geomatics_in_house_system/ros2_ws/install/velodyne_msgs/lib/libvelodyne_msgs__rosidl_typesupport_fastrtps_cpp.so
[5.254s] -- Up-to-date: /home/geomatics_in_house_system/ros2_ws/install/velodyne_msgs/include/velodyne_msgs/velodyne_msgs
[5.255s] -- Up-to-date: /home/geomatics_in_house_system/ros2_ws/install/velodyne_msgs/include/velodyne_msgs/velodyne_msgs/msg
[5.255s] -- Up-to-date: /home/geomatics_in_house_system/ros2_ws/install/velodyne_msgs/include/velodyne_msgs/velodyne_msgs/msg/rosidl_typesupport_introspection_c__visibility_control.h
[5.256s] -- Up-to-date: /home/geomatics_in_house_system/ros2_ws/install/velodyne_msgs/include/velodyne_msgs/velodyne_msgs/msg/detail
[5.256s] -- Up-to-date: /home/geomatics_in_house_system/ros2_ws/install/velodyne_msgs/include/velodyne_msgs/velodyne_msgs/msg/detail/velodyne_scan__type_support.c
[5.257s] -- Up-to-date: /home/geomatics_in_house_system/ros2_ws/install/velodyne_msgs/include/velodyne_msgs/velodyne_msgs/msg/detail/velodyne_packet__type_support.c
[5.257s] -- Up-to-date: /home/geomatics_in_house_system/ros2_ws/install/velodyne_msgs/include/velodyne_msgs/velodyne_msgs/msg/detail/velodyne_scan__rosidl_typesupport_introspection_c.h
[5.258s] -- Up-to-date: /home/geomatics_in_house_system/ros2_ws/install/velodyne_msgs/include/velodyne_msgs/velodyne_msgs/msg/detail/velodyne_packet__rosidl_typesupport_introspection_c.h
[5.261s] -- Up-to-date: /home/geomatics_in_house_system/ros2_ws/install/velodyne_msgs/lib/libvelodyne_msgs__rosidl_typesupport_introspection_c.so
[5.264s] -- Up-to-date: /home/geomatics_in_house_system/ros2_ws/install/velodyne_msgs/lib/libvelodyne_msgs__rosidl_typesupport_c.so
[5.266s] -- Up-to-date: /home/geomatics_in_house_system/ros2_ws/install/velodyne_msgs/include/velodyne_msgs/velodyne_msgs
[5.266s] -- Up-to-date: /home/geomatics_in_house_system/ros2_ws/install/velodyne_msgs/include/velodyne_msgs/velodyne_msgs/msg
[5.267s] -- Up-to-date: /home/geomatics_in_house_system/ros2_ws/install/velodyne_msgs/include/velodyne_msgs/velodyne_msgs/msg/detail
[5.267s] -- Up-to-date: /home/geomatics_in_house_system/ros2_ws/install/velodyne_msgs/include/velodyne_msgs/velodyne_msgs/msg/detail/velodyne_scan__type_support.cpp
[5.267s] -- Up-to-date: /home/geomatics_in_house_system/ros2_ws/install/velodyne_msgs/include/velodyne_msgs/velodyne_msgs/msg/detail/velodyne_packet__type_support.cpp
[5.268s] -- Up-to-date: /home/geomatics_in_house_system/ros2_ws/install/velodyne_msgs/include/velodyne_msgs/velodyne_msgs/msg/detail/velodyne_packet__rosidl_typesupport_introspection_cpp.hpp
[5.268s] -- Up-to-date: /home/geomatics_in_house_system/ros2_ws/install/velodyne_msgs/include/velodyne_msgs/velodyne_msgs/msg/detail/velodyne_scan__rosidl_typesupport_introspection_cpp.hpp
[5.270s] -- Up-to-date: /home/geomatics_in_house_system/ros2_ws/install/velodyne_msgs/lib/libvelodyne_msgs__rosidl_typesupport_introspection_cpp.so
[5.272s] -- Up-to-date: /home/geomatics_in_house_system/ros2_ws/install/velodyne_msgs/lib/libvelodyne_msgs__rosidl_typesupport_cpp.so
[5.274s] -- Up-to-date: /home/geomatics_in_house_system/ros2_ws/install/velodyne_msgs/share/velodyne_msgs/environment/pythonpath.sh
[5.274s] -- Up-to-date: /home/geomatics_in_house_system/ros2_ws/install/velodyne_msgs/share/velodyne_msgs/environment/pythonpath.dsv
[5.274s] -- Up-to-date: /home/geomatics_in_house_system/ros2_ws/install/velodyne_msgs/local/lib/python3.10/dist-packages/velodyne_msgs-2.4.0-py3.10.egg-info
[5.275s] -- Installing: /home/geomatics_in_house_system/ros2_ws/install/velodyne_msgs/local/lib/python3.10/dist-packages/velodyne_msgs-2.4.0-py3.10.egg-info/dependency_links.txt
[5.277s] -- Installing: /home/geomatics_in_house_system/ros2_ws/install/velodyne_msgs/local/lib/python3.10/dist-packages/velodyne_msgs-2.4.0-py3.10.egg-info/SOURCES.txt
[5.278s] -- Installing: /home/geomatics_in_house_system/ros2_ws/install/velodyne_msgs/local/lib/python3.10/dist-packages/velodyne_msgs-2.4.0-py3.10.egg-info/top_level.txt
[5.279s] -- Installing: /home/geomatics_in_house_system/ros2_ws/install/velodyne_msgs/local/lib/python3.10/dist-packages/velodyne_msgs-2.4.0-py3.10.egg-info/PKG-INFO
[5.281s] -- Up-to-date: /home/geomatics_in_house_system/ros2_ws/install/velodyne_msgs/local/lib/python3.10/dist-packages/velodyne_msgs
[5.283s] -- Up-to-date: /home/geomatics_in_house_system/ros2_ws/install/velodyne_msgs/local/lib/python3.10/dist-packages/velodyne_msgs/_velodyne_msgs_s.ep.rosidl_typesupport_fastrtps_c.c
[5.283s] -- Up-to-date: /home/geomatics_in_house_system/ros2_ws/install/velodyne_msgs/local/lib/python3.10/dist-packages/velodyne_msgs/_velodyne_msgs_s.ep.rosidl_typesupport_introspection_c.c
[5.283s] -- Up-to-date: /home/geomatics_in_house_system/ros2_ws/install/velodyne_msgs/local/lib/python3.10/dist-packages/velodyne_msgs/msg
[5.284s] -- Up-to-date: /home/geomatics_in_house_system/ros2_ws/install/velodyne_msgs/local/lib/python3.10/dist-packages/velodyne_msgs/msg/_velodyne_packet.py
[5.285s] -- Up-to-date: /home/geomatics_in_house_system/ros2_ws/install/velodyne_msgs/local/lib/python3.10/dist-packages/velodyne_msgs/msg/__init__.py
[5.285s] -- Up-to-date: /home/geomatics_in_house_system/ros2_ws/install/velodyne_msgs/local/lib/python3.10/dist-packages/velodyne_msgs/msg/_velodyne_scan.py
[5.286s] -- Up-to-date: /home/geomatics_in_house_system/ros2_ws/install/velodyne_msgs/local/lib/python3.10/dist-packages/velodyne_msgs/msg/_velodyne_scan_s.c
[5.286s] -- Up-to-date: /home/geomatics_in_house_system/ros2_ws/install/velodyne_msgs/local/lib/python3.10/dist-packages/velodyne_msgs/msg/_velodyne_packet_s.c
[5.286s] -- Up-to-date: /home/geomatics_in_house_system/ros2_ws/install/velodyne_msgs/local/lib/python3.10/dist-packages/velodyne_msgs/velodyne_msgs_s__rosidl_typesupport_fastrtps_c.cpython-310-aarch64-linux-gnu.so
[5.287s] -- Up-to-date: /home/geomatics_in_house_system/ros2_ws/install/velodyne_msgs/local/lib/python3.10/dist-packages/velodyne_msgs/_velodyne_msgs_s.ep.rosidl_typesupport_c.c
[5.287s] -- Up-to-date: /home/geomatics_in_house_system/ros2_ws/install/velodyne_msgs/local/lib/python3.10/dist-packages/velodyne_msgs/libvelodyne_msgs__rosidl_generator_py.so
[5.288s] -- Up-to-date: /home/geomatics_in_house_system/ros2_ws/install/velodyne_msgs/local/lib/python3.10/dist-packages/velodyne_msgs/velodyne_msgs_s__rosidl_typesupport_introspection_c.cpython-310-aarch64-linux-gnu.so
[5.288s] -- Up-to-date: /home/geomatics_in_house_system/ros2_ws/install/velodyne_msgs/local/lib/python3.10/dist-packages/velodyne_msgs/__init__.py
[5.289s] -- Up-to-date: /home/geomatics_in_house_system/ros2_ws/install/velodyne_msgs/local/lib/python3.10/dist-packages/velodyne_msgs/velodyne_msgs_s__rosidl_typesupport_c.cpython-310-aarch64-linux-gnu.so
[5.462s] Listing '/home/geomatics_in_house_system/ros2_ws/install/velodyne_msgs/local/lib/python3.10/dist-packages/velodyne_msgs'...
[5.463s] Listing '/home/geomatics_in_house_system/ros2_ws/install/velodyne_msgs/local/lib/python3.10/dist-packages/velodyne_msgs/msg'...
[5.488s] -- Up-to-date: /home/geomatics_in_house_system/ros2_ws/install/velodyne_msgs/local/lib/python3.10/dist-packages/velodyne_msgs/velodyne_msgs_s__rosidl_typesupport_fastrtps_c.cpython-310-aarch64-linux-gnu.so
[5.491s] -- Up-to-date: /home/geomatics_in_house_system/ros2_ws/install/velodyne_msgs/local/lib/python3.10/dist-packages/velodyne_msgs/velodyne_msgs_s__rosidl_typesupport_introspection_c.cpython-310-aarch64-linux-gnu.so
[5.495s] -- Up-to-date: /home/geomatics_in_house_system/ros2_ws/install/velodyne_msgs/local/lib/python3.10/dist-packages/velodyne_msgs/velodyne_msgs_s__rosidl_typesupport_c.cpython-310-aarch64-linux-gnu.so
[5.499s] -- Up-to-date: /home/geomatics_in_house_system/ros2_ws/install/velodyne_msgs/lib/libvelodyne_msgs__rosidl_generator_py.so
[5.500s] -- Up-to-date: /home/geomatics_in_house_system/ros2_ws/install/velodyne_msgs/share/velodyne_msgs/msg/VelodynePacket.idl
[5.501s] -- Up-to-date: /home/geomatics_in_house_system/ros2_ws/install/velodyne_msgs/share/velodyne_msgs/msg/VelodyneScan.idl
[5.501s] -- Up-to-date: /home/geomatics_in_house_system/ros2_ws/install/velodyne_msgs/share/velodyne_msgs/msg/VelodynePacket.msg
[5.502s] -- Up-to-date: /home/geomatics_in_house_system/ros2_ws/install/velodyne_msgs/share/velodyne_msgs/msg/VelodyneScan.msg
[5.502s] -- Up-to-date: /home/geomatics_in_house_system/ros2_ws/install/velodyne_msgs/share/ament_index/resource_index/package_run_dependencies/velodyne_msgs
[5.503s] -- Up-to-date: /home/geomatics_in_house_system/ros2_ws/install/velodyne_msgs/share/ament_index/resource_index/parent_prefix_path/velodyne_msgs
[5.503s] -- Up-to-date: /home/geomatics_in_house_system/ros2_ws/install/velodyne_msgs/share/velodyne_msgs/environment/ament_prefix_path.sh
[5.504s] -- Up-to-date: /home/geomatics_in_house_system/ros2_ws/install/velodyne_msgs/share/velodyne_msgs/environment/ament_prefix_path.dsv
[5.504s] -- Up-to-date: /home/geomatics_in_house_system/ros2_ws/install/velodyne_msgs/share/velodyne_msgs/environment/path.sh
[5.505s] -- Up-to-date: /home/geomatics_in_house_system/ros2_ws/install/velodyne_msgs/share/velodyne_msgs/environment/path.dsv
[5.505s] -- Up-to-date: /home/geomatics_in_house_system/ros2_ws/install/velodyne_msgs/share/velodyne_msgs/local_setup.bash
[5.506s] -- Up-to-date: /home/geomatics_in_house_system/ros2_ws/install/velodyne_msgs/share/velodyne_msgs/local_setup.sh
[5.506s] -- Up-to-date: /home/geomatics_in_house_system/ros2_ws/install/velodyne_msgs/share/velodyne_msgs/local_setup.zsh
[5.507s] -- Up-to-date: /home/geomatics_in_house_system/ros2_ws/install/velodyne_msgs/share/velodyne_msgs/local_setup.dsv
[5.507s] -- Installing: /home/geomatics_in_house_system/ros2_ws/install/velodyne_msgs/share/velodyne_msgs/package.dsv
[5.510s] -- Up-to-date: /home/geomatics_in_house_system/ros2_ws/install/velodyne_msgs/share/ament_index/resource_index/packages/velodyne_msgs
[5.514s] -- Up-to-date: /home/geomatics_in_house_system/ros2_ws/install/velodyne_msgs/share/velodyne_msgs/cmake/export_velodyne_msgs__rosidl_generator_cExport.cmake
[5.514s] -- Up-to-date: /home/geomatics_in_house_system/ros2_ws/install/velodyne_msgs/share/velodyne_msgs/cmake/export_velodyne_msgs__rosidl_generator_cExport-noconfig.cmake
[5.516s] -- Up-to-date: /home/geomatics_in_house_system/ros2_ws/install/velodyne_msgs/share/velodyne_msgs/cmake/export_velodyne_msgs__rosidl_typesupport_fastrtps_cExport.cmake
[5.517s] -- Up-to-date: /home/geomatics_in_house_system/ros2_ws/install/velodyne_msgs/share/velodyne_msgs/cmake/export_velodyne_msgs__rosidl_typesupport_fastrtps_cExport-noconfig.cmake
[5.519s] -- Up-to-date: /home/geomatics_in_house_system/ros2_ws/install/velodyne_msgs/share/velodyne_msgs/cmake/export_velodyne_msgs__rosidl_generator_cppExport.cmake
[5.521s] -- Up-to-date: /home/geomatics_in_house_system/ros2_ws/install/velodyne_msgs/share/velodyne_msgs/cmake/export_velodyne_msgs__rosidl_typesupport_fastrtps_cppExport.cmake
[5.522s] -- Up-to-date: /home/geomatics_in_house_system/ros2_ws/install/velodyne_msgs/share/velodyne_msgs/cmake/export_velodyne_msgs__rosidl_typesupport_fastrtps_cppExport-noconfig.cmake
[5.524s] -- Up-to-date: /home/geomatics_in_house_system/ros2_ws/install/velodyne_msgs/share/velodyne_msgs/cmake/velodyne_msgs__rosidl_typesupport_introspection_cExport.cmake
[5.525s] -- Up-to-date: /home/geomatics_in_house_system/ros2_ws/install/velodyne_msgs/share/velodyne_msgs/cmake/velodyne_msgs__rosidl_typesupport_introspection_cExport-noconfig.cmake
[5.527s] -- Up-to-date: /home/geomatics_in_house_system/ros2_ws/install/velodyne_msgs/share/velodyne_msgs/cmake/velodyne_msgs__rosidl_typesupport_cExport.cmake
[5.528s] -- Up-to-date: /home/geomatics_in_house_system/ros2_ws/install/velodyne_msgs/share/velodyne_msgs/cmake/velodyne_msgs__rosidl_typesupport_cExport-noconfig.cmake
[5.530s] -- Up-to-date: /home/geomatics_in_house_system/ros2_ws/install/velodyne_msgs/share/velodyne_msgs/cmake/velodyne_msgs__rosidl_typesupport_introspection_cppExport.cmake
[5.531s] -- Up-to-date: /home/geomatics_in_house_system/ros2_ws/install/velodyne_msgs/share/velodyne_msgs/cmake/velodyne_msgs__rosidl_typesupport_introspection_cppExport-noconfig.cmake
[5.533s] -- Up-to-date: /home/geomatics_in_house_system/ros2_ws/install/velodyne_msgs/share/velodyne_msgs/cmake/velodyne_msgs__rosidl_typesupport_cppExport.cmake
[5.534s] -- Up-to-date: /home/geomatics_in_house_system/ros2_ws/install/velodyne_msgs/share/velodyne_msgs/cmake/velodyne_msgs__rosidl_typesupport_cppExport-noconfig.cmake
[5.536s] -- Up-to-date: /home/geomatics_in_house_system/ros2_ws/install/velodyne_msgs/share/velodyne_msgs/cmake/export_velodyne_msgs__rosidl_generator_pyExport.cmake
[5.537s] -- Up-to-date: /home/geomatics_in_house_system/ros2_ws/install/velodyne_msgs/share/velodyne_msgs/cmake/export_velodyne_msgs__rosidl_generator_pyExport-noconfig.cmake
[5.537s] -- Up-to-date: /home/geomatics_in_house_system/ros2_ws/install/velodyne_msgs/share/velodyne_msgs/cmake/rosidl_cmake-extras.cmake
[5.538s] -- Up-to-date: /home/geomatics_in_house_system/ros2_ws/install/velodyne_msgs/share/velodyne_msgs/cmake/ament_cmake_export_dependencies-extras.cmake
[5.538s] -- Up-to-date: /home/geomatics_in_house_system/ros2_ws/install/velodyne_msgs/share/velodyne_msgs/cmake/ament_cmake_export_include_directories-extras.cmake
[5.539s] -- Up-to-date: /home/geomatics_in_house_system/ros2_ws/install/velodyne_msgs/share/velodyne_msgs/cmake/ament_cmake_export_libraries-extras.cmake
[5.540s] -- Up-to-date: /home/geomatics_in_house_system/ros2_ws/install/velodyne_msgs/share/velodyne_msgs/cmake/ament_cmake_export_targets-extras.cmake
[5.540s] -- Up-to-date: /home/geomatics_in_house_system/ros2_ws/install/velodyne_msgs/share/velodyne_msgs/cmake/rosidl_cmake_export_typesupport_targets-extras.cmake
[5.541s] -- Up-to-date: /home/geomatics_in_house_system/ros2_ws/install/velodyne_msgs/share/velodyne_msgs/cmake/rosidl_cmake_export_typesupport_libraries-extras.cmake
[5.541s] -- Up-to-date: /home/geomatics_in_house_system/ros2_ws/install/velodyne_msgs/share/velodyne_msgs/cmake/velodyne_msgsConfig.cmake
[5.542s] -- Up-to-date: /home/geomatics_in_house_system/ros2_ws/install/velodyne_msgs/share/velodyne_msgs/cmake/velodyne_msgsConfig-version.cmake
[5.542s] -- Up-to-date: /home/geomatics_in_house_system/ros2_ws/install/velodyne_msgs/share/velodyne_msgs/package.xml
[5.553s] Invoked command in '/home/geomatics_in_house_system/ros2_ws/build/velodyne_msgs' returned '0': CMAKE_PREFIX_PATH=${CMAKE_PREFIX_PATH}:/opt/ros/humble /usr/bin/cmake --install /home/geomatics_in_house_system/ros2_ws/build/velodyne_msgs
