[0.448s] DEBUG:colcon:Command line arguments: ['/usr/bin/colcon', 'build']
[0.448s] DEBUG:colcon:Parsed command line arguments: Namespace(log_base=None, log_level=None, verb_name='build', build_base='build', install_base='install', merge_install=False, symlink_install=False, test_result_base=None, continue_on_error=False, executor='parallel', parallel_workers=4, event_handlers=None, ignore_user_meta=False, metas=['./colcon.meta'], base_paths=['.'], packages_ignore=None, packages_ignore_regex=None, paths=None, packages_up_to=None, packages_up_to_regex=None, packages_above=None, packages_above_and_dependencies=None, packages_above_depth=None, packages_select_by_dep=None, packages_skip_by_dep=None, packages_skip_up_to=None, packages_select_build_failed=False, packages_skip_build_finished=False, packages_select_test_failures=False, packages_skip_test_passed=False, packages_select=None, packages_skip=None, packages_select_regex=None, packages_skip_regex=None, packages_start=None, packages_end=None, allow_overriding=[], cmake_args=None, cmake_target=None, cmake_target_skip_unavailable=False, cmake_clean_cache=False, cmake_clean_first=False, cmake_force_configure=False, ament_cmake_args=None, catkin_cmake_args=None, catkin_skip_building_tests=False, verb_parser=<colcon_defaults.argument_parser.defaults.DefaultArgumentsDecorator object at 0xffff909ac370>, verb_extension=<colcon_core.verb.build.BuildVerb object at 0xffff90b10f70>, main=<bound method BuildVerb.main of <colcon_core.verb.build.BuildVerb object at 0xffff90b10f70>>)
[1.285s] Level 1:colcon.colcon_core.package_discovery:discover_packages(colcon_meta) check parameters
[1.286s] Level 1:colcon.colcon_core.package_discovery:discover_packages(recursive) check parameters
[1.286s] Level 1:colcon.colcon_core.package_discovery:discover_packages(ignore) check parameters
[1.286s] Level 1:colcon.colcon_core.package_discovery:discover_packages(path) check parameters
[1.286s] Level 1:colcon.colcon_core.package_discovery:discover_packages(colcon_meta) discover
[1.286s] Level 1:colcon.colcon_core.package_discovery:discover_packages(recursive) discover
[1.286s] INFO:colcon.colcon_core.package_discovery:Crawling recursively for packages in '/home/geomatics_in_house_system/ros2_ws'
[1.287s] Level 1:colcon.colcon_core.package_identification:_identify(.) by extensions ['ignore', 'ignore_ament_install']
[1.287s] Level 1:colcon.colcon_core.package_identification:_identify(.) by extension 'ignore'
[1.287s] Level 1:colcon.colcon_core.package_identification:_identify(.) by extension 'ignore_ament_install'
[1.287s] Level 1:colcon.colcon_core.package_identification:_identify(.) by extensions ['colcon_pkg']
[1.288s] Level 1:colcon.colcon_core.package_identification:_identify(.) by extension 'colcon_pkg'
[1.288s] Level 1:colcon.colcon_core.package_identification:_identify(.) by extensions ['colcon_meta']
[1.288s] Level 1:colcon.colcon_core.package_identification:_identify(.) by extension 'colcon_meta'
[1.288s] Level 1:colcon.colcon_core.package_identification:_identify(.) by extensions ['ros']
[1.288s] Level 1:colcon.colcon_core.package_identification:_identify(.) by extension 'ros'
[1.335s] Level 1:colcon.colcon_core.package_identification:_identify(.) by extensions ['cmake', 'python']
[1.335s] Level 1:colcon.colcon_core.package_identification:_identify(.) by extension 'cmake'
[1.335s] Level 1:colcon.colcon_core.package_identification:_identify(.) by extension 'python'
[1.335s] Level 1:colcon.colcon_core.package_identification:_identify(.) by extensions ['python_setup_py']
[1.335s] Level 1:colcon.colcon_core.package_identification:_identify(.) by extension 'python_setup_py'
[1.336s] Level 1:colcon.colcon_core.package_identification:_identify(build) by extensions ['ignore', 'ignore_ament_install']
[1.336s] Level 1:colcon.colcon_core.package_identification:_identify(build) by extension 'ignore'
[1.337s] Level 1:colcon.colcon_core.package_identification:_identify(build) ignored
[1.337s] Level 1:colcon.colcon_core.package_identification:_identify(install) by extensions ['ignore', 'ignore_ament_install']
[1.338s] Level 1:colcon.colcon_core.package_identification:_identify(install) by extension 'ignore'
[1.338s] Level 1:colcon.colcon_core.package_identification:_identify(install) ignored
[1.338s] Level 1:colcon.colcon_core.package_identification:_identify(launch) by extensions ['ignore', 'ignore_ament_install']
[1.338s] Level 1:colcon.colcon_core.package_identification:_identify(launch) by extension 'ignore'
[1.339s] Level 1:colcon.colcon_core.package_identification:_identify(launch) by extension 'ignore_ament_install'
[1.339s] Level 1:colcon.colcon_core.package_identification:_identify(launch) by extensions ['colcon_pkg']
[1.339s] Level 1:colcon.colcon_core.package_identification:_identify(launch) by extension 'colcon_pkg'
[1.339s] Level 1:colcon.colcon_core.package_identification:_identify(launch) by extensions ['colcon_meta']
[1.339s] Level 1:colcon.colcon_core.package_identification:_identify(launch) by extension 'colcon_meta'
[1.339s] Level 1:colcon.colcon_core.package_identification:_identify(launch) by extensions ['ros']
[1.340s] Level 1:colcon.colcon_core.package_identification:_identify(launch) by extension 'ros'
[1.340s] Level 1:colcon.colcon_core.package_identification:_identify(launch) by extensions ['cmake', 'python']
[1.340s] Level 1:colcon.colcon_core.package_identification:_identify(launch) by extension 'cmake'
[1.340s] Level 1:colcon.colcon_core.package_identification:_identify(launch) by extension 'python'
[1.340s] Level 1:colcon.colcon_core.package_identification:_identify(launch) by extensions ['python_setup_py']
[1.340s] Level 1:colcon.colcon_core.package_identification:_identify(launch) by extension 'python_setup_py'
[1.341s] Level 1:colcon.colcon_core.package_identification:_identify(launch/__pycache__) by extensions ['ignore', 'ignore_ament_install']
[1.341s] Level 1:colcon.colcon_core.package_identification:_identify(launch/__pycache__) by extension 'ignore'
[1.341s] Level 1:colcon.colcon_core.package_identification:_identify(launch/__pycache__) by extension 'ignore_ament_install'
[1.342s] Level 1:colcon.colcon_core.package_identification:_identify(launch/__pycache__) by extensions ['colcon_pkg']
[1.342s] Level 1:colcon.colcon_core.package_identification:_identify(launch/__pycache__) by extension 'colcon_pkg'
[1.342s] Level 1:colcon.colcon_core.package_identification:_identify(launch/__pycache__) by extensions ['colcon_meta']
[1.342s] Level 1:colcon.colcon_core.package_identification:_identify(launch/__pycache__) by extension 'colcon_meta'
[1.342s] Level 1:colcon.colcon_core.package_identification:_identify(launch/__pycache__) by extensions ['ros']
[1.342s] Level 1:colcon.colcon_core.package_identification:_identify(launch/__pycache__) by extension 'ros'
[1.343s] Level 1:colcon.colcon_core.package_identification:_identify(launch/__pycache__) by extensions ['cmake', 'python']
[1.343s] Level 1:colcon.colcon_core.package_identification:_identify(launch/__pycache__) by extension 'cmake'
[1.343s] Level 1:colcon.colcon_core.package_identification:_identify(launch/__pycache__) by extension 'python'
[1.343s] Level 1:colcon.colcon_core.package_identification:_identify(launch/__pycache__) by extensions ['python_setup_py']
[1.343s] Level 1:colcon.colcon_core.package_identification:_identify(launch/__pycache__) by extension 'python_setup_py'
[1.344s] Level 1:colcon.colcon_core.package_identification:_identify(log) by extensions ['ignore', 'ignore_ament_install']
[1.344s] Level 1:colcon.colcon_core.package_identification:_identify(log) by extension 'ignore'
[1.344s] Level 1:colcon.colcon_core.package_identification:_identify(log) ignored
[1.345s] Level 1:colcon.colcon_core.package_identification:_identify(src) by extensions ['ignore', 'ignore_ament_install']
[1.345s] Level 1:colcon.colcon_core.package_identification:_identify(src) by extension 'ignore'
[1.345s] Level 1:colcon.colcon_core.package_identification:_identify(src) by extension 'ignore_ament_install'
[1.345s] Level 1:colcon.colcon_core.package_identification:_identify(src) by extensions ['colcon_pkg']
[1.345s] Level 1:colcon.colcon_core.package_identification:_identify(src) by extension 'colcon_pkg'
[1.346s] Level 1:colcon.colcon_core.package_identification:_identify(src) by extensions ['colcon_meta']
[1.346s] Level 1:colcon.colcon_core.package_identification:_identify(src) by extension 'colcon_meta'
[1.346s] Level 1:colcon.colcon_core.package_identification:_identify(src) by extensions ['ros']
[1.346s] Level 1:colcon.colcon_core.package_identification:_identify(src) by extension 'ros'
[1.346s] Level 1:colcon.colcon_core.package_identification:_identify(src) by extensions ['cmake', 'python']
[1.346s] Level 1:colcon.colcon_core.package_identification:_identify(src) by extension 'cmake'
[1.347s] Level 1:colcon.colcon_core.package_identification:_identify(src) by extension 'python'
[1.347s] Level 1:colcon.colcon_core.package_identification:_identify(src) by extensions ['python_setup_py']
[1.347s] Level 1:colcon.colcon_core.package_identification:_identify(src) by extension 'python_setup_py'
[1.347s] Level 1:colcon.colcon_core.package_identification:_identify(src/geo_system) by extensions ['ignore', 'ignore_ament_install']
[1.348s] Level 1:colcon.colcon_core.package_identification:_identify(src/geo_system) by extension 'ignore'
[1.348s] Level 1:colcon.colcon_core.package_identification:_identify(src/geo_system) by extension 'ignore_ament_install'
[1.348s] Level 1:colcon.colcon_core.package_identification:_identify(src/geo_system) by extensions ['colcon_pkg']
[1.348s] Level 1:colcon.colcon_core.package_identification:_identify(src/geo_system) by extension 'colcon_pkg'
[1.348s] Level 1:colcon.colcon_core.package_identification:_identify(src/geo_system) by extensions ['colcon_meta']
[1.348s] Level 1:colcon.colcon_core.package_identification:_identify(src/geo_system) by extension 'colcon_meta'
[1.349s] Level 1:colcon.colcon_core.package_identification:_identify(src/geo_system) by extensions ['ros']
[1.349s] Level 1:colcon.colcon_core.package_identification:_identify(src/geo_system) by extension 'ros'
[1.357s] DEBUG:colcon.colcon_core.package_identification:Package 'src/geo_system' with type 'ros.ament_cmake' and name 'geo_system'
[1.358s] Level 1:colcon.colcon_core.package_identification:_identify(src/imu_odom) by extensions ['ignore', 'ignore_ament_install']
[1.358s] Level 1:colcon.colcon_core.package_identification:_identify(src/imu_odom) by extension 'ignore'
[1.358s] Level 1:colcon.colcon_core.package_identification:_identify(src/imu_odom) by extension 'ignore_ament_install'
[1.358s] Level 1:colcon.colcon_core.package_identification:_identify(src/imu_odom) by extensions ['colcon_pkg']
[1.359s] Level 1:colcon.colcon_core.package_identification:_identify(src/imu_odom) by extension 'colcon_pkg'
[1.359s] Level 1:colcon.colcon_core.package_identification:_identify(src/imu_odom) by extensions ['colcon_meta']
[1.359s] Level 1:colcon.colcon_core.package_identification:_identify(src/imu_odom) by extension 'colcon_meta'
[1.359s] Level 1:colcon.colcon_core.package_identification:_identify(src/imu_odom) by extensions ['ros']
[1.359s] Level 1:colcon.colcon_core.package_identification:_identify(src/imu_odom) by extension 'ros'
[1.363s] DEBUG:colcon.colcon_core.package_identification:Package 'src/imu_odom' with type 'ros.ament_cmake' and name 'imu_odom'
[1.363s] Level 1:colcon.colcon_core.package_identification:_identify(src/libpointmatcher_ros) by extensions ['ignore', 'ignore_ament_install']
[1.364s] Level 1:colcon.colcon_core.package_identification:_identify(src/libpointmatcher_ros) by extension 'ignore'
[1.364s] Level 1:colcon.colcon_core.package_identification:_identify(src/libpointmatcher_ros) ignored
[1.364s] Level 1:colcon.colcon_core.package_identification:_identify(src/mapper_config_template) by extensions ['ignore', 'ignore_ament_install']
[1.365s] Level 1:colcon.colcon_core.package_identification:_identify(src/mapper_config_template) by extension 'ignore'
[1.365s] Level 1:colcon.colcon_core.package_identification:_identify(src/mapper_config_template) by extension 'ignore_ament_install'
[1.365s] Level 1:colcon.colcon_core.package_identification:_identify(src/mapper_config_template) by extensions ['colcon_pkg']
[1.365s] Level 1:colcon.colcon_core.package_identification:_identify(src/mapper_config_template) by extension 'colcon_pkg'
[1.365s] Level 1:colcon.colcon_core.package_identification:_identify(src/mapper_config_template) by extensions ['colcon_meta']
[1.366s] Level 1:colcon.colcon_core.package_identification:_identify(src/mapper_config_template) by extension 'colcon_meta'
[1.366s] Level 1:colcon.colcon_core.package_identification:_identify(src/mapper_config_template) by extensions ['ros']
[1.366s] Level 1:colcon.colcon_core.package_identification:_identify(src/mapper_config_template) by extension 'ros'
[1.368s] DEBUG:colcon.colcon_core.package_identification:Package 'src/mapper_config_template' with type 'ros.ament_cmake' and name 'mapper_config_template'
[1.369s] Level 1:colcon.colcon_core.package_identification:_identify(src/norlab_icp_mapper_ros) by extensions ['ignore', 'ignore_ament_install']
[1.369s] Level 1:colcon.colcon_core.package_identification:_identify(src/norlab_icp_mapper_ros) by extension 'ignore'
[1.369s] Level 1:colcon.colcon_core.package_identification:_identify(src/norlab_icp_mapper_ros) ignored
[1.370s] Level 1:colcon.colcon_core.package_identification:_identify(src/ros2_tcp_tunnel) by extensions ['ignore', 'ignore_ament_install']
[1.370s] Level 1:colcon.colcon_core.package_identification:_identify(src/ros2_tcp_tunnel) by extension 'ignore'
[1.370s] Level 1:colcon.colcon_core.package_identification:_identify(src/ros2_tcp_tunnel) ignored
[1.371s] Level 1:colcon.colcon_core.package_identification:_identify(src/vectornav) by extensions ['ignore', 'ignore_ament_install']
[1.371s] Level 1:colcon.colcon_core.package_identification:_identify(src/vectornav) by extension 'ignore'
[1.371s] Level 1:colcon.colcon_core.package_identification:_identify(src/vectornav) ignored
[1.372s] Level 1:colcon.colcon_core.package_identification:_identify(src/velodyne) by extensions ['ignore', 'ignore_ament_install']
[1.372s] Level 1:colcon.colcon_core.package_identification:_identify(src/velodyne) by extension 'ignore'
[1.372s] Level 1:colcon.colcon_core.package_identification:_identify(src/velodyne) ignored
[1.372s] Level 1:colcon.colcon_core.package_discovery:discover_packages(recursive) using defaults
[1.372s] Level 1:colcon.colcon_core.package_discovery:discover_packages(ignore) discover
[1.372s] Level 1:colcon.colcon_core.package_discovery:discover_packages(ignore) using defaults
[1.373s] Level 1:colcon.colcon_core.package_discovery:discover_packages(path) discover
[1.373s] Level 1:colcon.colcon_core.package_discovery:discover_packages(path) using defaults
[1.453s] Level 1:colcon.colcon_core.package_discovery:discover_packages(prefix_path) check parameters
[1.454s] Level 1:colcon.colcon_core.package_discovery:discover_packages(prefix_path) discover
[1.467s] DEBUG:colcon.colcon_installed_package_information.package_discovery:Found 14 installed packages in /home/geomatics_in_house_system/ros2_ws/install
[1.476s] DEBUG:colcon.colcon_installed_package_information.package_discovery:Found 279 installed packages in /opt/ros/humble
[1.519s] Level 1:colcon.colcon_core.package_discovery:discover_packages(prefix_path) using defaults
[1.686s] Level 5:colcon.colcon_core.verb:set package 'geo_system' build argument 'cmake_args' from command line to 'None'
[1.687s] Level 5:colcon.colcon_core.verb:set package 'geo_system' build argument 'cmake_target' from command line to 'None'
[1.687s] Level 5:colcon.colcon_core.verb:set package 'geo_system' build argument 'cmake_target_skip_unavailable' from command line to 'False'
[1.687s] Level 5:colcon.colcon_core.verb:set package 'geo_system' build argument 'cmake_clean_cache' from command line to 'False'
[1.687s] Level 5:colcon.colcon_core.verb:set package 'geo_system' build argument 'cmake_clean_first' from command line to 'False'
[1.687s] Level 5:colcon.colcon_core.verb:set package 'geo_system' build argument 'cmake_force_configure' from command line to 'False'
[1.687s] Level 5:colcon.colcon_core.verb:set package 'geo_system' build argument 'ament_cmake_args' from command line to 'None'
[1.687s] Level 5:colcon.colcon_core.verb:set package 'geo_system' build argument 'catkin_cmake_args' from command line to 'None'
[1.687s] Level 5:colcon.colcon_core.verb:set package 'geo_system' build argument 'catkin_skip_building_tests' from command line to 'False'
[1.688s] DEBUG:colcon.colcon_core.verb:Building package 'geo_system' with the following arguments: {'ament_cmake_args': None, 'build_base': '/home/geomatics_in_house_system/ros2_ws/build/geo_system', 'catkin_cmake_args': None, 'catkin_skip_building_tests': False, 'cmake_args': None, 'cmake_clean_cache': False, 'cmake_clean_first': False, 'cmake_force_configure': False, 'cmake_target': None, 'cmake_target_skip_unavailable': False, 'install_base': '/home/geomatics_in_house_system/ros2_ws/install/geo_system', 'merge_install': False, 'path': '/home/geomatics_in_house_system/ros2_ws/src/geo_system', 'symlink_install': False, 'test_result_base': None}
[1.689s] Level 5:colcon.colcon_core.verb:set package 'imu_odom' build argument 'cmake_args' from command line to 'None'
[1.689s] Level 5:colcon.colcon_core.verb:set package 'imu_odom' build argument 'cmake_target' from command line to 'None'
[1.690s] Level 5:colcon.colcon_core.verb:set package 'imu_odom' build argument 'cmake_target_skip_unavailable' from command line to 'False'
[1.690s] Level 5:colcon.colcon_core.verb:set package 'imu_odom' build argument 'cmake_clean_cache' from command line to 'False'
[1.690s] Level 5:colcon.colcon_core.verb:set package 'imu_odom' build argument 'cmake_clean_first' from command line to 'False'
[1.690s] Level 5:colcon.colcon_core.verb:set package 'imu_odom' build argument 'cmake_force_configure' from command line to 'False'
[1.690s] Level 5:colcon.colcon_core.verb:set package 'imu_odom' build argument 'ament_cmake_args' from command line to 'None'
[1.690s] Level 5:colcon.colcon_core.verb:set package 'imu_odom' build argument 'catkin_cmake_args' from command line to 'None'
[1.690s] Level 5:colcon.colcon_core.verb:set package 'imu_odom' build argument 'catkin_skip_building_tests' from command line to 'False'
[1.690s] DEBUG:colcon.colcon_core.verb:Building package 'imu_odom' with the following arguments: {'ament_cmake_args': None, 'build_base': '/home/geomatics_in_house_system/ros2_ws/build/imu_odom', 'catkin_cmake_args': None, 'catkin_skip_building_tests': False, 'cmake_args': None, 'cmake_clean_cache': False, 'cmake_clean_first': False, 'cmake_force_configure': False, 'cmake_target': None, 'cmake_target_skip_unavailable': False, 'install_base': '/home/geomatics_in_house_system/ros2_ws/install/imu_odom', 'merge_install': False, 'path': '/home/geomatics_in_house_system/ros2_ws/src/imu_odom', 'symlink_install': False, 'test_result_base': None}
[1.692s] Level 5:colcon.colcon_core.verb:set package 'mapper_config_template' build argument 'cmake_args' from command line to 'None'
[1.692s] Level 5:colcon.colcon_core.verb:set package 'mapper_config_template' build argument 'cmake_target' from command line to 'None'
[1.692s] Level 5:colcon.colcon_core.verb:set package 'mapper_config_template' build argument 'cmake_target_skip_unavailable' from command line to 'False'
[1.692s] Level 5:colcon.colcon_core.verb:set package 'mapper_config_template' build argument 'cmake_clean_cache' from command line to 'False'
[1.692s] Level 5:colcon.colcon_core.verb:set package 'mapper_config_template' build argument 'cmake_clean_first' from command line to 'False'
[1.692s] Level 5:colcon.colcon_core.verb:set package 'mapper_config_template' build argument 'cmake_force_configure' from command line to 'False'
[1.692s] Level 5:colcon.colcon_core.verb:set package 'mapper_config_template' build argument 'ament_cmake_args' from command line to 'None'
[1.692s] Level 5:colcon.colcon_core.verb:set package 'mapper_config_template' build argument 'catkin_cmake_args' from command line to 'None'
[1.692s] Level 5:colcon.colcon_core.verb:set package 'mapper_config_template' build argument 'catkin_skip_building_tests' from command line to 'False'
[1.693s] DEBUG:colcon.colcon_core.verb:Building package 'mapper_config_template' with the following arguments: {'ament_cmake_args': None, 'build_base': '/home/geomatics_in_house_system/ros2_ws/build/mapper_config_template', 'catkin_cmake_args': None, 'catkin_skip_building_tests': False, 'cmake_args': None, 'cmake_clean_cache': False, 'cmake_clean_first': False, 'cmake_force_configure': False, 'cmake_target': None, 'cmake_target_skip_unavailable': False, 'install_base': '/home/geomatics_in_house_system/ros2_ws/install/mapper_config_template', 'merge_install': False, 'path': '/home/geomatics_in_house_system/ros2_ws/src/mapper_config_template', 'symlink_install': False, 'test_result_base': None}
[1.693s] INFO:colcon.colcon_core.executor:Executing jobs using 'parallel' executor
[1.696s] DEBUG:colcon.colcon_parallel_executor.executor.parallel:run_until_complete
[1.697s] INFO:colcon.colcon_ros.task.ament_cmake.build:Building ROS package in '/home/geomatics_in_house_system/ros2_ws/src/geo_system' with build type 'ament_cmake'
[1.698s] INFO:colcon.colcon_cmake.task.cmake.build:Building CMake package in '/home/geomatics_in_house_system/ros2_ws/src/geo_system'
[1.707s] INFO:colcon.colcon_core.plugin_system:Skipping extension 'colcon_core.shell.bat': Not used on non-Windows systems
[1.708s] INFO:colcon.colcon_core.shell:Skip shell extension 'powershell' for command environment: Not usable outside of PowerShell
[1.709s] DEBUG:colcon.colcon_core.shell:Skip shell extension 'dsv' for command environment
[1.734s] INFO:colcon.colcon_ros.task.ament_cmake.build:Building ROS package in '/home/geomatics_in_house_system/ros2_ws/src/imu_odom' with build type 'ament_cmake'
[1.734s] INFO:colcon.colcon_cmake.task.cmake.build:Building CMake package in '/home/geomatics_in_house_system/ros2_ws/src/imu_odom'
[1.736s] INFO:colcon.colcon_core.shell:Skip shell extension 'powershell' for command environment: Not usable outside of PowerShell
[1.736s] DEBUG:colcon.colcon_core.shell:Skip shell extension 'dsv' for command environment
[1.761s] INFO:colcon.colcon_ros.task.ament_cmake.build:Building ROS package in '/home/geomatics_in_house_system/ros2_ws/src/mapper_config_template' with build type 'ament_cmake'
[1.761s] INFO:colcon.colcon_cmake.task.cmake.build:Building CMake package in '/home/geomatics_in_house_system/ros2_ws/src/mapper_config_template'
[1.762s] INFO:colcon.colcon_core.shell:Skip shell extension 'powershell' for command environment: Not usable outside of PowerShell
[1.763s] DEBUG:colcon.colcon_core.shell:Skip shell extension 'dsv' for command environment
[1.805s] DEBUG:colcon.colcon_core.event_handler.log_command:Invoking command in '/home/geomatics_in_house_system/ros2_ws/build/geo_system': CMAKE_PREFIX_PATH=${CMAKE_PREFIX_PATH}:/opt/ros/humble /usr/bin/cmake --build /home/geomatics_in_house_system/ros2_ws/build/geo_system -- -j4 -l4
[1.831s] DEBUG:colcon.colcon_core.event_handler.log_command:Invoking command in '/home/geomatics_in_house_system/ros2_ws/build/imu_odom': CMAKE_PREFIX_PATH=${CMAKE_PREFIX_PATH}:/opt/ros/humble /usr/bin/cmake --build /home/geomatics_in_house_system/ros2_ws/build/imu_odom -- -j4 -l4
[1.853s] DEBUG:colcon.colcon_core.event_handler.log_command:Invoking command in '/home/geomatics_in_house_system/ros2_ws/build/mapper_config_template': CMAKE_PREFIX_PATH=${CMAKE_PREFIX_PATH}:/opt/ros/humble /usr/bin/cmake --build /home/geomatics_in_house_system/ros2_ws/build/mapper_config_template -- -j4 -l4
[2.031s] DEBUG:colcon.colcon_core.event_handler.log_command:Invoked command in '/home/geomatics_in_house_system/ros2_ws/build/geo_system' returned '0': CMAKE_PREFIX_PATH=${CMAKE_PREFIX_PATH}:/opt/ros/humble /usr/bin/cmake --build /home/geomatics_in_house_system/ros2_ws/build/geo_system -- -j4 -l4
[2.065s] DEBUG:colcon.colcon_core.event_handler.log_command:Invoked command in '/home/geomatics_in_house_system/ros2_ws/build/mapper_config_template' returned '0': CMAKE_PREFIX_PATH=${CMAKE_PREFIX_PATH}:/opt/ros/humble /usr/bin/cmake --build /home/geomatics_in_house_system/ros2_ws/build/mapper_config_template -- -j4 -l4
[2.228s] DEBUG:colcon.colcon_core.event_handler.log_command:Invoking command in '/home/geomatics_in_house_system/ros2_ws/build/geo_system': CMAKE_PREFIX_PATH=${CMAKE_PREFIX_PATH}:/opt/ros/humble /usr/bin/cmake --install /home/geomatics_in_house_system/ros2_ws/build/geo_system
[2.241s] DEBUG:colcon.colcon_core.event_handler.log_command:Invoking command in '/home/geomatics_in_house_system/ros2_ws/build/mapper_config_template': CMAKE_PREFIX_PATH=${CMAKE_PREFIX_PATH}:/opt/ros/humble /usr/bin/cmake --install /home/geomatics_in_house_system/ros2_ws/build/mapper_config_template
[2.244s] DEBUG:colcon.colcon_core.event_handler.log_command:Invoked command in '/home/geomatics_in_house_system/ros2_ws/build/imu_odom' returned '0': CMAKE_PREFIX_PATH=${CMAKE_PREFIX_PATH}:/opt/ros/humble /usr/bin/cmake --build /home/geomatics_in_house_system/ros2_ws/build/imu_odom -- -j4 -l4
[2.291s] Level 1:colcon.colcon_core.environment:create_environment_scripts_only(geo_system)
[2.315s] DEBUG:colcon.colcon_core.event_handler.log_command:Invoked command in '/home/geomatics_in_house_system/ros2_ws/build/geo_system' returned '0': CMAKE_PREFIX_PATH=${CMAKE_PREFIX_PATH}:/opt/ros/humble /usr/bin/cmake --install /home/geomatics_in_house_system/ros2_ws/build/geo_system
[2.324s] Level 1:colcon.colcon_core.environment:checking '/home/geomatics_in_house_system/ros2_ws/install/geo_system' for CMake module files
[2.328s] Level 1:colcon.colcon_core.environment:checking '/home/geomatics_in_house_system/ros2_ws/install/geo_system' for CMake config files
[2.331s] Level 1:colcon.colcon_core.shell:create_environment_hook('geo_system', 'cmake_prefix_path')
[2.332s] INFO:colcon.colcon_core.shell:Creating environment hook '/home/geomatics_in_house_system/ros2_ws/install/geo_system/share/geo_system/hook/cmake_prefix_path.ps1'
[2.335s] INFO:colcon.colcon_core.shell:Creating environment descriptor '/home/geomatics_in_house_system/ros2_ws/install/geo_system/share/geo_system/hook/cmake_prefix_path.dsv'
[2.337s] INFO:colcon.colcon_core.shell:Creating environment hook '/home/geomatics_in_house_system/ros2_ws/install/geo_system/share/geo_system/hook/cmake_prefix_path.sh'
[2.341s] Level 1:colcon.colcon_core.environment:checking '/home/geomatics_in_house_system/ros2_ws/install/geo_system/bin'
[2.341s] Level 1:colcon.colcon_core.environment:checking '/home/geomatics_in_house_system/ros2_ws/install/geo_system/lib/pkgconfig/geo_system.pc'
[2.343s] Level 1:colcon.colcon_core.environment:checking '/home/geomatics_in_house_system/ros2_ws/install/geo_system/lib/python3.10/site-packages'
[2.343s] Level 1:colcon.colcon_core.environment:checking '/home/geomatics_in_house_system/ros2_ws/install/geo_system/bin'
[2.345s] INFO:colcon.colcon_core.shell:Creating package script '/home/geomatics_in_house_system/ros2_ws/install/geo_system/share/geo_system/package.ps1'
[2.348s] INFO:colcon.colcon_core.shell:Creating package descriptor '/home/geomatics_in_house_system/ros2_ws/install/geo_system/share/geo_system/package.dsv'
[2.351s] INFO:colcon.colcon_core.shell:Creating package script '/home/geomatics_in_house_system/ros2_ws/install/geo_system/share/geo_system/package.sh'
[2.354s] INFO:colcon.colcon_core.shell:Creating package script '/home/geomatics_in_house_system/ros2_ws/install/geo_system/share/geo_system/package.bash'
[2.357s] INFO:colcon.colcon_core.shell:Creating package script '/home/geomatics_in_house_system/ros2_ws/install/geo_system/share/geo_system/package.zsh'
[2.360s] Level 1:colcon.colcon_core.environment:create_file_with_runtime_dependencies(/home/geomatics_in_house_system/ros2_ws/install/geo_system/share/colcon-core/packages/geo_system)
[2.369s] Level 1:colcon.colcon_core.environment:create_environment_scripts_only(mapper_config_template)
[2.370s] Level 1:colcon.colcon_core.environment:checking '/home/geomatics_in_house_system/ros2_ws/install/mapper_config_template' for CMake module files
[2.372s] DEBUG:colcon.colcon_core.event_handler.log_command:Invoked command in '/home/geomatics_in_house_system/ros2_ws/build/mapper_config_template' returned '0': CMAKE_PREFIX_PATH=${CMAKE_PREFIX_PATH}:/opt/ros/humble /usr/bin/cmake --install /home/geomatics_in_house_system/ros2_ws/build/mapper_config_template
[2.375s] Level 1:colcon.colcon_core.environment:checking '/home/geomatics_in_house_system/ros2_ws/install/mapper_config_template' for CMake config files
[2.377s] Level 1:colcon.colcon_core.shell:create_environment_hook('mapper_config_template', 'cmake_prefix_path')
[2.378s] INFO:colcon.colcon_core.shell:Creating environment hook '/home/geomatics_in_house_system/ros2_ws/install/mapper_config_template/share/mapper_config_template/hook/cmake_prefix_path.ps1'
[2.381s] INFO:colcon.colcon_core.shell:Creating environment descriptor '/home/geomatics_in_house_system/ros2_ws/install/mapper_config_template/share/mapper_config_template/hook/cmake_prefix_path.dsv'
[2.383s] INFO:colcon.colcon_core.shell:Creating environment hook '/home/geomatics_in_house_system/ros2_ws/install/mapper_config_template/share/mapper_config_template/hook/cmake_prefix_path.sh'
[2.386s] Level 1:colcon.colcon_core.environment:checking '/home/geomatics_in_house_system/ros2_ws/install/mapper_config_template/bin'
[2.387s] Level 1:colcon.colcon_core.environment:checking '/home/geomatics_in_house_system/ros2_ws/install/mapper_config_template/lib/pkgconfig/mapper_config_template.pc'
[2.388s] Level 1:colcon.colcon_core.environment:checking '/home/geomatics_in_house_system/ros2_ws/install/mapper_config_template/lib/python3.10/site-packages'
[2.390s] Level 1:colcon.colcon_core.environment:checking '/home/geomatics_in_house_system/ros2_ws/install/mapper_config_template/bin'
[2.391s] INFO:colcon.colcon_core.shell:Creating package script '/home/geomatics_in_house_system/ros2_ws/install/mapper_config_template/share/mapper_config_template/package.ps1'
[2.394s] INFO:colcon.colcon_core.shell:Creating package descriptor '/home/geomatics_in_house_system/ros2_ws/install/mapper_config_template/share/mapper_config_template/package.dsv'
[2.397s] INFO:colcon.colcon_core.shell:Creating package script '/home/geomatics_in_house_system/ros2_ws/install/mapper_config_template/share/mapper_config_template/package.sh'
[2.401s] INFO:colcon.colcon_core.shell:Creating package script '/home/geomatics_in_house_system/ros2_ws/install/mapper_config_template/share/mapper_config_template/package.bash'
[2.403s] INFO:colcon.colcon_core.shell:Creating package script '/home/geomatics_in_house_system/ros2_ws/install/mapper_config_template/share/mapper_config_template/package.zsh'
[2.406s] Level 1:colcon.colcon_core.environment:create_file_with_runtime_dependencies(/home/geomatics_in_house_system/ros2_ws/install/mapper_config_template/share/colcon-core/packages/mapper_config_template)
[2.428s] DEBUG:colcon.colcon_core.event_handler.log_command:Invoking command in '/home/geomatics_in_house_system/ros2_ws/build/imu_odom': CMAKE_PREFIX_PATH=${CMAKE_PREFIX_PATH}:/opt/ros/humble /usr/bin/cmake --install /home/geomatics_in_house_system/ros2_ws/build/imu_odom
[2.491s] Level 1:colcon.colcon_core.environment:create_environment_scripts_only(imu_odom)
[2.493s] Level 1:colcon.colcon_core.environment:checking '/home/geomatics_in_house_system/ros2_ws/install/imu_odom' for CMake module files
[2.495s] DEBUG:colcon.colcon_core.event_handler.log_command:Invoked command in '/home/geomatics_in_house_system/ros2_ws/build/imu_odom' returned '0': CMAKE_PREFIX_PATH=${CMAKE_PREFIX_PATH}:/opt/ros/humble /usr/bin/cmake --install /home/geomatics_in_house_system/ros2_ws/build/imu_odom
[2.498s] Level 1:colcon.colcon_core.environment:checking '/home/geomatics_in_house_system/ros2_ws/install/imu_odom' for CMake config files
[2.500s] Level 1:colcon.colcon_core.shell:create_environment_hook('imu_odom', 'cmake_prefix_path')
[2.501s] INFO:colcon.colcon_core.shell:Creating environment hook '/home/geomatics_in_house_system/ros2_ws/install/imu_odom/share/imu_odom/hook/cmake_prefix_path.ps1'
[2.504s] INFO:colcon.colcon_core.shell:Creating environment descriptor '/home/geomatics_in_house_system/ros2_ws/install/imu_odom/share/imu_odom/hook/cmake_prefix_path.dsv'
[2.507s] INFO:colcon.colcon_core.shell:Creating environment hook '/home/geomatics_in_house_system/ros2_ws/install/imu_odom/share/imu_odom/hook/cmake_prefix_path.sh'
[2.511s] Level 1:colcon.colcon_core.environment:checking '/home/geomatics_in_house_system/ros2_ws/install/imu_odom/lib'
[2.512s] Level 1:colcon.colcon_core.environment:checking '/home/geomatics_in_house_system/ros2_ws/install/imu_odom/bin'
[2.512s] Level 1:colcon.colcon_core.environment:checking '/home/geomatics_in_house_system/ros2_ws/install/imu_odom/lib/pkgconfig/imu_odom.pc'
[2.513s] Level 1:colcon.colcon_core.environment:checking '/home/geomatics_in_house_system/ros2_ws/install/imu_odom/lib/python3.10/site-packages'
[2.514s] Level 1:colcon.colcon_core.environment:checking '/home/geomatics_in_house_system/ros2_ws/install/imu_odom/bin'
[2.515s] INFO:colcon.colcon_core.shell:Creating package script '/home/geomatics_in_house_system/ros2_ws/install/imu_odom/share/imu_odom/package.ps1'
[2.518s] INFO:colcon.colcon_core.shell:Creating package descriptor '/home/geomatics_in_house_system/ros2_ws/install/imu_odom/share/imu_odom/package.dsv'
[2.520s] INFO:colcon.colcon_core.shell:Creating package script '/home/geomatics_in_house_system/ros2_ws/install/imu_odom/share/imu_odom/package.sh'
[2.522s] INFO:colcon.colcon_core.shell:Creating package script '/home/geomatics_in_house_system/ros2_ws/install/imu_odom/share/imu_odom/package.bash'
[2.524s] INFO:colcon.colcon_core.shell:Creating package script '/home/geomatics_in_house_system/ros2_ws/install/imu_odom/share/imu_odom/package.zsh'
[2.526s] Level 1:colcon.colcon_core.environment:create_file_with_runtime_dependencies(/home/geomatics_in_house_system/ros2_ws/install/imu_odom/share/colcon-core/packages/imu_odom)
[2.535s] Level 1:colcon.colcon_core.environment:create_environment_scripts_only(geo_system)
[2.536s] Level 1:colcon.colcon_core.environment:checking '/home/geomatics_in_house_system/ros2_ws/install/geo_system' for CMake module files
[2.539s] Level 1:colcon.colcon_core.environment:checking '/home/geomatics_in_house_system/ros2_ws/install/geo_system' for CMake config files
[2.542s] Level 1:colcon.colcon_core.shell:create_environment_hook('geo_system', 'cmake_prefix_path')
[2.543s] INFO:colcon.colcon_core.shell:Creating environment hook '/home/geomatics_in_house_system/ros2_ws/install/geo_system/share/geo_system/hook/cmake_prefix_path.ps1'
[2.545s] INFO:colcon.colcon_core.shell:Creating environment descriptor '/home/geomatics_in_house_system/ros2_ws/install/geo_system/share/geo_system/hook/cmake_prefix_path.dsv'
[2.547s] INFO:colcon.colcon_core.shell:Creating environment hook '/home/geomatics_in_house_system/ros2_ws/install/geo_system/share/geo_system/hook/cmake_prefix_path.sh'
[2.550s] Level 1:colcon.colcon_core.environment:checking '/home/geomatics_in_house_system/ros2_ws/install/geo_system/bin'
[2.551s] Level 1:colcon.colcon_core.environment:checking '/home/geomatics_in_house_system/ros2_ws/install/geo_system/lib/pkgconfig/geo_system.pc'
[2.552s] Level 1:colcon.colcon_core.environment:checking '/home/geomatics_in_house_system/ros2_ws/install/geo_system/lib/python3.10/site-packages'
[2.553s] Level 1:colcon.colcon_core.environment:checking '/home/geomatics_in_house_system/ros2_ws/install/geo_system/bin'
[2.556s] INFO:colcon.colcon_core.shell:Creating package script '/home/geomatics_in_house_system/ros2_ws/install/geo_system/share/geo_system/package.ps1'
[2.559s] INFO:colcon.colcon_core.shell:Creating package descriptor '/home/geomatics_in_house_system/ros2_ws/install/geo_system/share/geo_system/package.dsv'
[2.562s] INFO:colcon.colcon_core.shell:Creating package script '/home/geomatics_in_house_system/ros2_ws/install/geo_system/share/geo_system/package.sh'
[2.565s] INFO:colcon.colcon_core.shell:Creating package script '/home/geomatics_in_house_system/ros2_ws/install/geo_system/share/geo_system/package.bash'
[2.568s] INFO:colcon.colcon_core.shell:Creating package script '/home/geomatics_in_house_system/ros2_ws/install/geo_system/share/geo_system/package.zsh'
[2.570s] Level 1:colcon.colcon_core.environment:create_file_with_runtime_dependencies(/home/geomatics_in_house_system/ros2_ws/install/geo_system/share/colcon-core/packages/geo_system)
[2.575s] Level 1:colcon.colcon_core.environment:create_environment_scripts_only(mapper_config_template)
[2.577s] Level 1:colcon.colcon_core.environment:checking '/home/geomatics_in_house_system/ros2_ws/install/mapper_config_template' for CMake module files
[2.580s] Level 1:colcon.colcon_core.environment:checking '/home/geomatics_in_house_system/ros2_ws/install/mapper_config_template' for CMake config files
[2.582s] Level 1:colcon.colcon_core.shell:create_environment_hook('mapper_config_template', 'cmake_prefix_path')
[2.583s] INFO:colcon.colcon_core.shell:Creating environment hook '/home/geomatics_in_house_system/ros2_ws/install/mapper_config_template/share/mapper_config_template/hook/cmake_prefix_path.ps1'
[2.586s] INFO:colcon.colcon_core.shell:Creating environment descriptor '/home/geomatics_in_house_system/ros2_ws/install/mapper_config_template/share/mapper_config_template/hook/cmake_prefix_path.dsv'
[2.588s] INFO:colcon.colcon_core.shell:Creating environment hook '/home/geomatics_in_house_system/ros2_ws/install/mapper_config_template/share/mapper_config_template/hook/cmake_prefix_path.sh'
[2.591s] Level 1:colcon.colcon_core.environment:checking '/home/geomatics_in_house_system/ros2_ws/install/mapper_config_template/bin'
[2.591s] Level 1:colcon.colcon_core.environment:checking '/home/geomatics_in_house_system/ros2_ws/install/mapper_config_template/lib/pkgconfig/mapper_config_template.pc'
[2.592s] Level 1:colcon.colcon_core.environment:checking '/home/geomatics_in_house_system/ros2_ws/install/mapper_config_template/lib/python3.10/site-packages'
[2.593s] Level 1:colcon.colcon_core.environment:checking '/home/geomatics_in_house_system/ros2_ws/install/mapper_config_template/bin'
[2.594s] INFO:colcon.colcon_core.shell:Creating package script '/home/geomatics_in_house_system/ros2_ws/install/mapper_config_template/share/mapper_config_template/package.ps1'
[2.597s] INFO:colcon.colcon_core.shell:Creating package descriptor '/home/geomatics_in_house_system/ros2_ws/install/mapper_config_template/share/mapper_config_template/package.dsv'
[2.599s] INFO:colcon.colcon_core.shell:Creating package script '/home/geomatics_in_house_system/ros2_ws/install/mapper_config_template/share/mapper_config_template/package.sh'
[2.602s] INFO:colcon.colcon_core.shell:Creating package script '/home/geomatics_in_house_system/ros2_ws/install/mapper_config_template/share/mapper_config_template/package.bash'
[2.605s] INFO:colcon.colcon_core.shell:Creating package script '/home/geomatics_in_house_system/ros2_ws/install/mapper_config_template/share/mapper_config_template/package.zsh'
[2.607s] Level 1:colcon.colcon_core.environment:create_file_with_runtime_dependencies(/home/geomatics_in_house_system/ros2_ws/install/mapper_config_template/share/colcon-core/packages/mapper_config_template)
[2.692s] Level 1:colcon.colcon_core.environment:create_environment_scripts_only(imu_odom)
[2.694s] Level 1:colcon.colcon_core.environment:checking '/home/geomatics_in_house_system/ros2_ws/install/imu_odom' for CMake module files
[2.698s] Level 1:colcon.colcon_core.environment:checking '/home/geomatics_in_house_system/ros2_ws/install/imu_odom' for CMake config files
[2.700s] Level 1:colcon.colcon_core.shell:create_environment_hook('imu_odom', 'cmake_prefix_path')
[2.701s] INFO:colcon.colcon_core.shell:Creating environment hook '/home/geomatics_in_house_system/ros2_ws/install/imu_odom/share/imu_odom/hook/cmake_prefix_path.ps1'
[2.704s] INFO:colcon.colcon_core.shell:Creating environment descriptor '/home/geomatics_in_house_system/ros2_ws/install/imu_odom/share/imu_odom/hook/cmake_prefix_path.dsv'
[2.706s] INFO:colcon.colcon_core.shell:Creating environment hook '/home/geomatics_in_house_system/ros2_ws/install/imu_odom/share/imu_odom/hook/cmake_prefix_path.sh'
[2.708s] Level 1:colcon.colcon_core.environment:checking '/home/geomatics_in_house_system/ros2_ws/install/imu_odom/lib'
[2.709s] Level 1:colcon.colcon_core.environment:checking '/home/geomatics_in_house_system/ros2_ws/install/imu_odom/bin'
[2.709s] Level 1:colcon.colcon_core.environment:checking '/home/geomatics_in_house_system/ros2_ws/install/imu_odom/lib/pkgconfig/imu_odom.pc'
[2.710s] Level 1:colcon.colcon_core.environment:checking '/home/geomatics_in_house_system/ros2_ws/install/imu_odom/lib/python3.10/site-packages'
[2.711s] Level 1:colcon.colcon_core.environment:checking '/home/geomatics_in_house_system/ros2_ws/install/imu_odom/bin'
[2.712s] INFO:colcon.colcon_core.shell:Creating package script '/home/geomatics_in_house_system/ros2_ws/install/imu_odom/share/imu_odom/package.ps1'
[2.714s] INFO:colcon.colcon_core.shell:Creating package descriptor '/home/geomatics_in_house_system/ros2_ws/install/imu_odom/share/imu_odom/package.dsv'
[2.716s] INFO:colcon.colcon_core.shell:Creating package script '/home/geomatics_in_house_system/ros2_ws/install/imu_odom/share/imu_odom/package.sh'
[2.718s] INFO:colcon.colcon_core.shell:Creating package script '/home/geomatics_in_house_system/ros2_ws/install/imu_odom/share/imu_odom/package.bash'
[2.720s] INFO:colcon.colcon_core.shell:Creating package script '/home/geomatics_in_house_system/ros2_ws/install/imu_odom/share/imu_odom/package.zsh'
[2.722s] Level 1:colcon.colcon_core.environment:create_file_with_runtime_dependencies(/home/geomatics_in_house_system/ros2_ws/install/imu_odom/share/colcon-core/packages/imu_odom)
[2.724s] DEBUG:colcon.colcon_parallel_executor.executor.parallel:closing loop
[2.725s] DEBUG:colcon.colcon_parallel_executor.executor.parallel:loop closed
[2.725s] DEBUG:colcon.colcon_parallel_executor.executor.parallel:run_until_complete finished with '0'
[2.725s] DEBUG:colcon.colcon_core.event_reactor:joining thread
[2.750s] INFO:colcon.colcon_core.plugin_system:Skipping extension 'colcon_notification.desktop_notification.terminal_notifier': Not used on non-Darwin systems
[2.750s] INFO:colcon.colcon_core.plugin_system:Skipping extension 'colcon_notification.desktop_notification.win32': Not used on non-Windows systems
[2.750s] INFO:colcon.colcon_notification.desktop_notification:Sending desktop notification using 'notify2'
[2.790s] DEBUG:colcon.colcon_core.event_reactor:joined thread
[2.791s] INFO:colcon.colcon_core.shell:Creating prefix script '/home/geomatics_in_house_system/ros2_ws/install/local_setup.ps1'
[2.795s] INFO:colcon.colcon_core.shell:Creating prefix util module '/home/geomatics_in_house_system/ros2_ws/install/_local_setup_util_ps1.py'
[2.800s] INFO:colcon.colcon_core.shell:Creating prefix chain script '/home/geomatics_in_house_system/ros2_ws/install/setup.ps1'
[2.808s] INFO:colcon.colcon_core.shell:Creating prefix script '/home/geomatics_in_house_system/ros2_ws/install/local_setup.sh'
[2.811s] INFO:colcon.colcon_core.shell:Creating prefix util module '/home/geomatics_in_house_system/ros2_ws/install/_local_setup_util_sh.py'
[2.813s] INFO:colcon.colcon_core.shell:Creating prefix chain script '/home/geomatics_in_house_system/ros2_ws/install/setup.sh'
[2.821s] INFO:colcon.colcon_core.shell:Creating prefix script '/home/geomatics_in_house_system/ros2_ws/install/local_setup.bash'
[2.823s] INFO:colcon.colcon_core.shell:Creating prefix chain script '/home/geomatics_in_house_system/ros2_ws/install/setup.bash'
[2.831s] INFO:colcon.colcon_core.shell:Creating prefix script '/home/geomatics_in_house_system/ros2_ws/install/local_setup.zsh'
[2.834s] INFO:colcon.colcon_core.shell:Creating prefix chain script '/home/geomatics_in_house_system/ros2_ws/install/setup.zsh'
