[0.068s] Invoking command in '/home/geomatics_in_house_system/ros2_ws/build/mapper_config_template': CMAKE_PREFIX_PATH=${CMAKE_PREFIX_PATH}:/opt/ros/humble /usr/bin/cmake --build /home/geomatics_in_house_system/ros2_ws/build/mapper_config_template -- -j4 -l4
[0.398s] Invoked command in '/home/geomatics_in_house_system/ros2_ws/build/mapper_config_template' returned '0': CMAKE_PREFIX_PATH=${CMAKE_PREFIX_PATH}:/opt/ros/humble /usr/bin/cmake --build /home/geomatics_in_house_system/ros2_ws/build/mapper_config_template -- -j4 -l4
[0.584s] Invoking command in '/home/geomatics_in_house_system/ros2_ws/build/mapper_config_template': CMAKE_PREFIX_PATH=${CMAKE_PREFIX_PATH}:/opt/ros/humble /usr/bin/cmake --install /home/geomatics_in_house_system/ros2_ws/build/mapper_config_template
[0.628s] -- Install configuration: ""
[0.629s] -- Up-to-date: /home/geomatics_in_house_system/ros2_ws/install/mapper_config_template/share/mapper_config_template/launch
[0.630s] -- Up-to-date: /home/geomatics_in_house_system/ros2_ws/install/mapper_config_template/share/mapper_config_template/launch/mapper.launch
[0.631s] -- Up-to-date: /home/geomatics_in_house_system/ros2_ws/install/mapper_config_template/share/mapper_config_template/params
[0.631s] -- Up-to-date: /home/geomatics_in_house_system/ros2_ws/install/mapper_config_template/share/mapper_config_template/params/map_post_filters_config.yaml
[0.632s] -- Up-to-date: /home/geomatics_in_house_system/ros2_ws/install/mapper_config_template/share/mapper_config_template/params/input_filters_config.yaml
[0.633s] -- Up-to-date: /home/geomatics_in_house_system/ros2_ws/install/mapper_config_template/share/mapper_config_template/params/icp_config.yaml
[0.633s] -- Up-to-date: /home/geomatics_in_house_system/ros2_ws/install/mapper_config_template/share/ament_index/resource_index/package_run_dependencies/mapper_config_template
[0.634s] -- Up-to-date: /home/geomatics_in_house_system/ros2_ws/install/mapper_config_template/share/ament_index/resource_index/parent_prefix_path/mapper_config_template
[0.635s] -- Up-to-date: /home/geomatics_in_house_system/ros2_ws/install/mapper_config_template/share/mapper_config_template/environment/ament_prefix_path.sh
[0.636s] -- Up-to-date: /home/geomatics_in_house_system/ros2_ws/install/mapper_config_template/share/mapper_config_template/environment/ament_prefix_path.dsv
[0.637s] -- Up-to-date: /home/geomatics_in_house_system/ros2_ws/install/mapper_config_template/share/mapper_config_template/environment/path.sh
[0.637s] -- Up-to-date: /home/geomatics_in_house_system/ros2_ws/install/mapper_config_template/share/mapper_config_template/environment/path.dsv
[0.638s] -- Up-to-date: /home/geomatics_in_house_system/ros2_ws/install/mapper_config_template/share/mapper_config_template/local_setup.bash
[0.638s] -- Up-to-date: /home/geomatics_in_house_system/ros2_ws/install/mapper_config_template/share/mapper_config_template/local_setup.sh
[0.639s] -- Up-to-date: /home/geomatics_in_house_system/ros2_ws/install/mapper_config_template/share/mapper_config_template/local_setup.zsh
[0.639s] -- Up-to-date: /home/geomatics_in_house_system/ros2_ws/install/mapper_config_template/share/mapper_config_template/local_setup.dsv
[0.640s] -- Installing: /home/geomatics_in_house_system/ros2_ws/install/mapper_config_template/share/mapper_config_template/package.dsv
[0.641s] -- Up-to-date: /home/geomatics_in_house_system/ros2_ws/install/mapper_config_template/share/ament_index/resource_index/packages/mapper_config_template
[0.642s] -- Up-to-date: /home/geomatics_in_house_system/ros2_ws/install/mapper_config_template/share/mapper_config_template/cmake/mapper_config_templateConfig.cmake
[0.642s] -- Up-to-date: /home/geomatics_in_house_system/ros2_ws/install/mapper_config_template/share/mapper_config_template/cmake/mapper_config_templateConfig-version.cmake
[0.643s] -- Up-to-date: /home/geomatics_in_house_system/ros2_ws/install/mapper_config_template/share/mapper_config_template/package.xml
[0.650s] Invoked command in '/home/geomatics_in_house_system/ros2_ws/build/mapper_config_template' returned '0': CMAKE_PREFIX_PATH=${CMAKE_PREFIX_PATH}:/opt/ros/humble /usr/bin/cmake --install /home/geomatics_in_house_system/ros2_ws/build/mapper_config_template
