[0.066s] Invoking command in '/home/geomatics_in_house_system/ros2_ws/build/velodyne_pointcloud': CMAKE_PREFIX_PATH=${CMAKE_PREFIX_PATH}:/opt/ros/humble /usr/bin/cmake /home/geomatics_in_house_system/ros2_ws/src/velodyne/velodyne_pointcloud -DCMAKE_INSTALL_PREFIX=/home/geomatics_in_house_system/ros2_ws/install/velodyne_pointcloud
[0.367s] -- The C compiler identification is GNU 11.4.0
[0.661s] -- The CXX compiler identification is GNU 11.4.0
[0.693s] -- Detecting C compiler ABI info
[1.082s] -- Detecting C compiler ABI info - done
[1.112s] -- Check for working C compiler: /usr/bin/cc - skipped
[1.113s] -- Detecting C compile features
[1.114s] -- Detecting C compile features - done
[1.129s] -- Detecting CXX compiler ABI info
[1.545s] -- Detecting CXX compiler ABI info - done
[1.573s] -- Check for working CXX compiler: /usr/bin/c++ - skipped
[1.574s] -- Detecting CXX compile features
[1.576s] -- Detecting CXX compile features - done
[1.605s] -- Found ament_cmake: 1.3.8 (/opt/ros/humble/share/ament_cmake/cmake)
[2.686s] -- Found Python3: /usr/bin/python3 (found version "3.10.12") found components: Interpreter 
[3.407s] -- Found angles: 1.15.0 (/opt/ros/humble/share/angles/cmake)
[3.436s] -- Found diagnostic_updater: 3.1.2 (/opt/ros/humble/share/diagnostic_updater/cmake)
[3.806s] -- Found rosidl_generator_c: 3.1.5 (/opt/ros/humble/share/rosidl_generator_c/cmake)
[3.853s] -- Found rosidl_adapter: 3.1.5 (/opt/ros/humble/share/rosidl_adapter/cmake)
[3.917s] -- Found rosidl_generator_cpp: 3.1.5 (/opt/ros/humble/share/rosidl_generator_cpp/cmake)
[4.005s] -- Using all available rosidl_typesupport_c: rosidl_typesupport_fastrtps_c;rosidl_typesupport_introspection_c
[4.135s] -- Using all available rosidl_typesupport_cpp: rosidl_typesupport_fastrtps_cpp;rosidl_typesupport_introspection_cpp
[5.110s] -- Found rmw_implementation_cmake: 6.1.1 (/opt/ros/humble/share/rmw_implementation_cmake/cmake)
[5.135s] -- Found rmw_fastrtps_cpp: 6.2.6 (/opt/ros/humble/share/rmw_fastrtps_cpp/cmake)
[5.784s] -- Found OpenSSL: /usr/lib/aarch64-linux-gnu/libcrypto.so (found version "3.0.2")  
[6.049s] -- Found FastRTPS: /opt/ros/humble/include  
[6.499s] -- Using RMW implementation 'rmw_fastrtps_cpp' as default
[6.592s] -- Looking for pthread.h
[6.978s] -- Looking for pthread.h - found
[6.981s] -- Performing Test CMAKE_HAVE_LIBC_PTHREAD
[7.405s] -- Performing Test CMAKE_HAVE_LIBC_PTHREAD - Success
[7.410s] -- Found Threads: TRUE  
[8.284s] -- Found geometry_msgs: 4.2.3 (/opt/ros/humble/share/geometry_msgs/cmake)
[8.495s] -- Found message_filters: 4.3.3 (/opt/ros/humble/share/message_filters/cmake)
[8.603s] -- Checking for module 'eigen3'
[8.671s] --   Found eigen3, version 3.4.0
[8.853s] -- Found Eigen: /usr/include/eigen3 (Required is at least version "3.1") 
[8.854s] -- Eigen found (include: /usr/include/eigen3, version: 3.4.0)
[9.093s] -- Found Boost: /usr/lib/aarch64-linux-gnu/cmake/Boost-1.74.0/BoostConfig.cmake (found suitable version "1.74.0", minimum required is "1.65.0") found components: system filesystem date_time iostreams serialization 
[9.102s] -- looking for PCL_COMMON
[9.106s] -- Found PCL_COMMON: /usr/lib/aarch64-linux-gnu/libpcl_common.so  
[9.109s] -- Found PCL: pcl_common;Boost::system;Boost::filesystem;Boost::date_time;Boost::iostreams;Boost::serialization  
[9.133s] -- Found rclcpp_components: 16.0.8 (/opt/ros/humble/share/rclcpp_components/cmake)
[9.543s] -- Found sensor_msgs: 4.2.3 (/opt/ros/humble/share/sensor_msgs/cmake)
[9.923s] -- Found tf2: 0.25.6 (/opt/ros/humble/share/tf2/cmake)
[9.975s] -- Found tf2_ros: 0.25.6 (/opt/ros/humble/share/tf2_ros/cmake)
[11.186s] -- Found velodyne_msgs: 2.4.0 (/home/geomatics_in_house_system/ros2_ws/install/velodyne_msgs/share/velodyne_msgs/cmake)
[11.456s] -- Found PkgConfig: /usr/bin/pkg-config (found version "0.29.2") 
[11.460s] -- Checking for module 'yaml-cpp'
[11.531s] --   Found yaml-cpp, version 0.7.0
[11.823s] -- Found ament_lint_auto: 0.12.10 (/opt/ros/humble/share/ament_lint_auto/cmake)
[12.573s] -- Found gtest sources under '/opt/ros/humble/src/gtest_vendor': C++ tests using 'Google Test' will be built
[12.627s] -- Added test 'copyright' to check source files copyright and LICENSE
[12.675s] -- Added test 'cppcheck' to perform static code analysis on C / C++ code
[12.678s] -- Configured cppcheck include dirs: /home/geomatics_in_house_system/ros2_ws/src/velodyne/velodyne_pointcloud/include
[12.680s] -- Configured cppcheck exclude dirs and/or files: 
[12.733s] -- Added test 'cpplint' to check C / C++ code against the Google style
[12.741s] -- Configured cpplint exclude dirs and/or files: 
[12.759s] -- Added test 'flake8' to check Python code syntax and style conventions
[12.785s] -- Added test 'lint_cmake' to check CMake code style
[12.795s] -- Added test 'pep257' to check Python code against some of the docstring style conventions in PEP 257
[12.893s] -- Added test 'uncrustify' to check C / C++ code style
[12.894s] -- Configured uncrustify additional arguments: 
[12.920s] -- Configuring done
[13.513s] -- Generating done
[13.536s] -- Build files have been written to: /home/geomatics_in_house_system/ros2_ws/build/velodyne_pointcloud
[13.635s] Invoked command in '/home/geomatics_in_house_system/ros2_ws/build/velodyne_pointcloud' returned '0': CMAKE_PREFIX_PATH=${CMAKE_PREFIX_PATH}:/opt/ros/humble /usr/bin/cmake /home/geomatics_in_house_system/ros2_ws/src/velodyne/velodyne_pointcloud -DCMAKE_INSTALL_PREFIX=/home/geomatics_in_house_system/ros2_ws/install/velodyne_pointcloud
[13.638s] Invoking command in '/home/geomatics_in_house_system/ros2_ws/build/velodyne_pointcloud': CMAKE_PREFIX_PATH=${CMAKE_PREFIX_PATH}:/opt/ros/humble /usr/bin/cmake --build /home/geomatics_in_house_system/ros2_ws/build/velodyne_pointcloud -- -j4 -l4
[14.242s] [  5%] [32mBuilding CXX object gtest/CMakeFiles/gtest_main.dir/src/gtest_main.cc.o[0m
[14.269s] [ 11%] [32mBuilding CXX object src/lib/CMakeFiles/velodyne_rawdata.dir/rawdata.cpp.o[0m
[14.305s] [ 16%] [32mBuilding CXX object src/lib/CMakeFiles/velodyne_cloud_types.dir/pointcloudXYZIRT.cpp.o[0m
[14.337s] [ 22%] [32mBuilding CXX object gtest/CMakeFiles/gtest.dir/src/gtest-all.cc.o[0m
[21.285s] [ 27%] [32m[1mLinking CXX static library libgtest_main.a[0m
[21.750s] [ 27%] Built target gtest_main
[21.837s] [ 33%] [32mBuilding CXX object src/lib/CMakeFiles/velodyne_cloud_types.dir/organized_cloudXYZIRT.cpp.o[0m
[48.398s] [ 38%] [32m[1mLinking CXX static library libgtest.a[0m
[48.816s] [ 38%] Built target gtest
[69.554s] [ 44%] [32mBuilding CXX object src/lib/CMakeFiles/velodyne_rawdata.dir/calibration.cpp.o[0m
[71.358s] [ 50%] [32m[1mLinking CXX shared library libvelodyne_cloud_types.so[0m
[72.177s] [ 50%] Built target velodyne_cloud_types
[87.512s] [ 55%] [32m[1mLinking CXX shared library libvelodyne_rawdata.so[0m
[88.416s] [ 55%] Built target velodyne_rawdata
[88.515s] [ 61%] [32mBuilding CXX object tests/CMakeFiles/test_row_step.dir/test_row_step.cpp.o[0m
[108.233s] In file included from [01m[K/usr/include/eigen3/Eigen/Core:214[m[K,
[108.234s]                  from [01m[K/home/geomatics_in_house_system/ros2_ws/src/velodyne/velodyne_pointcloud/include/velodyne_pointcloud/datacontainerbase.hpp:43[m[K,
[108.235s]                  from [01m[K/home/geomatics_in_house_system/ros2_ws/src/velodyne/velodyne_pointcloud/tests/test_row_step.cpp:39[m[K:
[108.235s] [01m[K/usr/include/eigen3/Eigen/src/Core/arch/NEON/PacketMath.h:[m[K In function ‘[01m[KPacket Eigen::internal::pload(const typename Eigen::internal::unpacket_traits<T>::type*) [with Packet = Eigen::internal::eigen_packet_wrapper<int, 2>; typename Eigen::internal::unpacket_traits<T>::type = signed char][m[K’:
[108.236s] [01m[K/usr/include/eigen3/Eigen/src/Core/arch/NEON/PacketMath.h:1671:9:[m[K [01;35m[Kwarning: [m[K‘[01m[Kvoid* memcpy(void*, const void*, size_t)[m[K’ copying an object of non-trivial type ‘[01m[KEigen::internal::Packet4c[m[K’ {aka ‘[01m[Kstruct Eigen::internal::eigen_packet_wrapper<int, 2>[m[K’} from an array of ‘[01m[Kconst int8_t[m[K’ {aka ‘[01m[Kconst signed char[m[K’} [[01;35m[K]8;;https://gcc.gnu.org/onlinedocs/gcc/Warning-Options.html#index-Wclass-memaccess-Wclass-memaccess]8;;[m[K]
[108.237s]  1671 |   [01;35m[Kmemcpy(&res, from, sizeof(Packet4c))[m[K;
[108.238s]       |   [01;35m[K~~~~~~^~~~~~~~~~~~~~~~~~~~~~~~~~~~~~[m[K
[108.238s] In file included from [01m[K/usr/include/eigen3/Eigen/Core:172[m[K,
[108.239s]                  from [01m[K/home/geomatics_in_house_system/ros2_ws/src/velodyne/velodyne_pointcloud/include/velodyne_pointcloud/datacontainerbase.hpp:43[m[K,
[108.239s]                  from [01m[K/home/geomatics_in_house_system/ros2_ws/src/velodyne/velodyne_pointcloud/tests/test_row_step.cpp:39[m[K:
[108.240s] [01m[K/usr/include/eigen3/Eigen/src/Core/GenericPacketMath.h:159:8:[m[K [01;36m[Knote: [m[K‘[01m[KEigen::internal::Packet4c[m[K’ {aka ‘[01m[Kstruct Eigen::internal::eigen_packet_wrapper<int, 2>[m[K’} declared here
[108.241s]   159 | struct [01;36m[Keigen_packet_wrapper[m[K
[108.241s]       |        [01;36m[K^~~~~~~~~~~~~~~~~~~~[m[K
[108.245s] In file included from [01m[K/usr/include/eigen3/Eigen/Core:214[m[K,
[108.245s]                  from [01m[K/home/geomatics_in_house_system/ros2_ws/src/velodyne/velodyne_pointcloud/include/velodyne_pointcloud/datacontainerbase.hpp:43[m[K,
[108.246s]                  from [01m[K/home/geomatics_in_house_system/ros2_ws/src/velodyne/velodyne_pointcloud/tests/test_row_step.cpp:39[m[K:
[108.246s] [01m[K/usr/include/eigen3/Eigen/src/Core/arch/NEON/PacketMath.h:[m[K In function ‘[01m[KPacket Eigen::internal::ploadu(const typename Eigen::internal::unpacket_traits<T>::type*) [with Packet = Eigen::internal::eigen_packet_wrapper<int, 2>; typename Eigen::internal::unpacket_traits<T>::type = signed char][m[K’:
[108.247s] [01m[K/usr/include/eigen3/Eigen/src/Core/arch/NEON/PacketMath.h:1716:9:[m[K [01;35m[Kwarning: [m[K‘[01m[Kvoid* memcpy(void*, const void*, size_t)[m[K’ copying an object of non-trivial type ‘[01m[KEigen::internal::Packet4c[m[K’ {aka ‘[01m[Kstruct Eigen::internal::eigen_packet_wrapper<int, 2>[m[K’} from an array of ‘[01m[Kconst int8_t[m[K’ {aka ‘[01m[Kconst signed char[m[K’} [[01;35m[K]8;;https://gcc.gnu.org/onlinedocs/gcc/Warning-Options.html#index-Wclass-memaccess-Wclass-memaccess]8;;[m[K]
[108.247s]  1716 |   [01;35m[Kmemcpy(&res, from, sizeof(Packet4c))[m[K;
[108.248s]       |   [01;35m[K~~~~~~^~~~~~~~~~~~~~~~~~~~~~~~~~~~~~[m[K
[108.248s] In file included from [01m[K/usr/include/eigen3/Eigen/Core:172[m[K,
[108.249s]                  from [01m[K/home/geomatics_in_house_system/ros2_ws/src/velodyne/velodyne_pointcloud/include/velodyne_pointcloud/datacontainerbase.hpp:43[m[K,
[108.250s]                  from [01m[K/home/geomatics_in_house_system/ros2_ws/src/velodyne/velodyne_pointcloud/tests/test_row_step.cpp:39[m[K:
[108.250s] [01m[K/usr/include/eigen3/Eigen/src/Core/GenericPacketMath.h:159:8:[m[K [01;36m[Knote: [m[K‘[01m[KEigen::internal::Packet4c[m[K’ {aka ‘[01m[Kstruct Eigen::internal::eigen_packet_wrapper<int, 2>[m[K’} declared here
[108.251s]   159 | struct [01;36m[Keigen_packet_wrapper[m[K
[108.251s]       |        [01;36m[K^~~~~~~~~~~~~~~~~~~~[m[K
[118.291s] [ 66%] [32m[1mLinking CXX executable test_row_step[0m
[119.732s] [ 66%] Built target test_row_step
[119.831s] [ 72%] [32mBuilding CXX object tests/CMakeFiles/test_calibration.dir/test_calibration.cpp.o[0m
[119.838s] [ 77%] [32mBuilding CXX object CMakeFiles/transform.dir/src/conversions/transform.cpp.o[0m
[127.102s] [ 83%] [32m[1mLinking CXX executable test_calibration[0m
[128.579s] [ 83%] Built target test_calibration
[170.640s] [ 88%] [32m[1mLinking CXX shared library libtransform.so[0m
[174.023s] [ 88%] Built target transform
[174.117s] [ 94%] [32mBuilding CXX object CMakeFiles/velodyne_transform_node.dir/src/conversions/transform_node.cpp.o[0m
[197.735s] [100%] [32m[1mLinking CXX executable velodyne_transform_node[0m
[199.925s] [100%] Built target velodyne_transform_node
[199.968s] Invoked command in '/home/geomatics_in_house_system/ros2_ws/build/velodyne_pointcloud' returned '0': CMAKE_PREFIX_PATH=${CMAKE_PREFIX_PATH}:/opt/ros/humble /usr/bin/cmake --build /home/geomatics_in_house_system/ros2_ws/build/velodyne_pointcloud -- -j4 -l4
[200.164s] Invoking command in '/home/geomatics_in_house_system/ros2_ws/build/velodyne_pointcloud': CMAKE_PREFIX_PATH=${CMAKE_PREFIX_PATH}:/opt/ros/humble /usr/bin/cmake --install /home/geomatics_in_house_system/ros2_ws/build/velodyne_pointcloud
[200.196s] -- Install configuration: ""
[200.196s] -- Installing: /home/geomatics_in_house_system/ros2_ws/install/velodyne_pointcloud/lib/libtransform.so
[200.252s] -- Set runtime path of "/home/geomatics_in_house_system/ros2_ws/install/velodyne_pointcloud/lib/libtransform.so" to ""
[200.260s] -- Installing: /home/geomatics_in_house_system/ros2_ws/install/velodyne_pointcloud/lib/velodyne_pointcloud/velodyne_transform_node
[200.268s] -- Set runtime path of "/home/geomatics_in_house_system/ros2_ws/install/velodyne_pointcloud/lib/velodyne_pointcloud/velodyne_transform_node" to ""
[200.269s] -- Installing: /home/geomatics_in_house_system/ros2_ws/install/velodyne_pointcloud/include/velodyne_pointcloud
[200.269s] -- Installing: /home/geomatics_in_house_system/ros2_ws/install/velodyne_pointcloud/include/velodyne_pointcloud/rawdata.hpp
[200.271s] -- Installing: /home/geomatics_in_house_system/ros2_ws/install/velodyne_pointcloud/include/velodyne_pointcloud/organized_cloudXYZIRT.hpp
[200.273s] -- Installing: /home/geomatics_in_house_system/ros2_ws/install/velodyne_pointcloud/include/velodyne_pointcloud/transform.hpp
[200.275s] -- Installing: /home/geomatics_in_house_system/ros2_ws/install/velodyne_pointcloud/include/velodyne_pointcloud/datacontainerbase.hpp
[200.276s] -- Installing: /home/geomatics_in_house_system/ros2_ws/install/velodyne_pointcloud/include/velodyne_pointcloud/calibration.hpp
[200.278s] -- Installing: /home/geomatics_in_house_system/ros2_ws/install/velodyne_pointcloud/include/velodyne_pointcloud/pointcloudXYZIRT.hpp
[200.279s] -- Installing: /home/geomatics_in_house_system/ros2_ws/install/velodyne_pointcloud/share/velodyne_pointcloud/config
[200.279s] -- Installing: /home/geomatics_in_house_system/ros2_ws/install/velodyne_pointcloud/share/velodyne_pointcloud/config/VLP16-velodyne_transform_node-params.yaml
[200.281s] -- Installing: /home/geomatics_in_house_system/ros2_ws/install/velodyne_pointcloud/share/velodyne_pointcloud/config/VLP32C-velodyne_transform_node-params.yaml
[200.282s] -- Installing: /home/geomatics_in_house_system/ros2_ws/install/velodyne_pointcloud/share/velodyne_pointcloud/config/VLS128-velodyne_transform_node-params.yaml
[200.283s] -- Installing: /home/geomatics_in_house_system/ros2_ws/install/velodyne_pointcloud/share/velodyne_pointcloud/launch
[200.283s] -- Installing: /home/geomatics_in_house_system/ros2_ws/install/velodyne_pointcloud/share/velodyne_pointcloud/launch/velodyne_transform_node-VLP32C-launch.py
[200.285s] -- Installing: /home/geomatics_in_house_system/ros2_ws/install/velodyne_pointcloud/share/velodyne_pointcloud/launch/velodyne_transform_node-VLS128-composed-launch.py
[200.286s] -- Installing: /home/geomatics_in_house_system/ros2_ws/install/velodyne_pointcloud/share/velodyne_pointcloud/launch/velodyne_transform_node-VLP16-launch.py
[200.287s] -- Installing: /home/geomatics_in_house_system/ros2_ws/install/velodyne_pointcloud/share/velodyne_pointcloud/launch/velodyne_transform_node-VLP16-composed-launch.py
[200.288s] -- Installing: /home/geomatics_in_house_system/ros2_ws/install/velodyne_pointcloud/share/velodyne_pointcloud/launch/velodyne_transform_node-VLP32C-composed-launch.py
[200.289s] -- Installing: /home/geomatics_in_house_system/ros2_ws/install/velodyne_pointcloud/share/velodyne_pointcloud/launch/velodyne_transform_node-VLS128-launch.py
[200.290s] -- Installing: /home/geomatics_in_house_system/ros2_ws/install/velodyne_pointcloud/share/velodyne_pointcloud/params
[200.291s] -- Installing: /home/geomatics_in_house_system/ros2_ws/install/velodyne_pointcloud/share/velodyne_pointcloud/params/64e_s3-xiesc.yaml
[200.292s] -- Installing: /home/geomatics_in_house_system/ros2_ws/install/velodyne_pointcloud/share/velodyne_pointcloud/params/VLS128.yaml
[200.294s] -- Installing: /home/geomatics_in_house_system/ros2_ws/install/velodyne_pointcloud/share/velodyne_pointcloud/params/64e_utexas.yaml
[200.295s] -- Installing: /home/geomatics_in_house_system/ros2_ws/install/velodyne_pointcloud/share/velodyne_pointcloud/params/VeloView-VLP-32C.yaml
[200.296s] -- Installing: /home/geomatics_in_house_system/ros2_ws/install/velodyne_pointcloud/share/velodyne_pointcloud/params/VLP16_hires_db.yaml
[200.297s] -- Installing: /home/geomatics_in_house_system/ros2_ws/install/velodyne_pointcloud/share/velodyne_pointcloud/params/VLP16db.yaml
[200.298s] -- Installing: /home/geomatics_in_house_system/ros2_ws/install/velodyne_pointcloud/share/velodyne_pointcloud/params/32db.yaml
[200.299s] -- Installing: /home/geomatics_in_house_system/ros2_ws/install/velodyne_pointcloud/share/velodyne_pointcloud/params/rviz_points.vcg
[200.300s] -- Installing: /home/geomatics_in_house_system/ros2_ws/install/velodyne_pointcloud/share/velodyne_pointcloud/params/issue_84_float_intensities.yaml
[200.301s] -- Installing: /home/geomatics_in_house_system/ros2_ws/install/velodyne_pointcloud/share/velodyne_pointcloud/params/64e_s2.1-sztaki.yaml
[200.303s] -- Installing: /home/geomatics_in_house_system/ros2_ws/install/velodyne_pointcloud/share/ament_index/resource_index/package_run_dependencies/velodyne_pointcloud
[200.305s] -- Installing: /home/geomatics_in_house_system/ros2_ws/install/velodyne_pointcloud/share/ament_index/resource_index/parent_prefix_path/velodyne_pointcloud
[200.307s] -- Installing: /home/geomatics_in_house_system/ros2_ws/install/velodyne_pointcloud/share/velodyne_pointcloud/environment/ament_prefix_path.sh
[200.308s] -- Installing: /home/geomatics_in_house_system/ros2_ws/install/velodyne_pointcloud/share/velodyne_pointcloud/environment/ament_prefix_path.dsv
[200.309s] -- Installing: /home/geomatics_in_house_system/ros2_ws/install/velodyne_pointcloud/share/velodyne_pointcloud/environment/path.sh
[200.311s] -- Installing: /home/geomatics_in_house_system/ros2_ws/install/velodyne_pointcloud/share/velodyne_pointcloud/environment/path.dsv
[200.312s] -- Installing: /home/geomatics_in_house_system/ros2_ws/install/velodyne_pointcloud/share/velodyne_pointcloud/local_setup.bash
[200.313s] -- Installing: /home/geomatics_in_house_system/ros2_ws/install/velodyne_pointcloud/share/velodyne_pointcloud/local_setup.sh
[200.314s] -- Installing: /home/geomatics_in_house_system/ros2_ws/install/velodyne_pointcloud/share/velodyne_pointcloud/local_setup.zsh
[200.315s] -- Installing: /home/geomatics_in_house_system/ros2_ws/install/velodyne_pointcloud/share/velodyne_pointcloud/local_setup.dsv
[200.317s] -- Installing: /home/geomatics_in_house_system/ros2_ws/install/velodyne_pointcloud/share/velodyne_pointcloud/package.dsv
[200.318s] -- Installing: /home/geomatics_in_house_system/ros2_ws/install/velodyne_pointcloud/share/ament_index/resource_index/packages/velodyne_pointcloud
[200.320s] -- Installing: /home/geomatics_in_house_system/ros2_ws/install/velodyne_pointcloud/share/ament_index/resource_index/rclcpp_components/velodyne_pointcloud
[200.321s] -- Installing: /home/geomatics_in_house_system/ros2_ws/install/velodyne_pointcloud/share/velodyne_pointcloud/cmake/velodyne_pointcloudConfig.cmake
[200.323s] -- Installing: /home/geomatics_in_house_system/ros2_ws/install/velodyne_pointcloud/share/velodyne_pointcloud/cmake/velodyne_pointcloudConfig-version.cmake
[200.324s] -- Installing: /home/geomatics_in_house_system/ros2_ws/install/velodyne_pointcloud/share/velodyne_pointcloud/package.xml
[200.326s] -- Installing: /home/geomatics_in_house_system/ros2_ws/install/velodyne_pointcloud/lib/libvelodyne_cloud_types.so
[200.332s] -- Set runtime path of "/home/geomatics_in_house_system/ros2_ws/install/velodyne_pointcloud/lib/libvelodyne_cloud_types.so" to ""
[200.332s] -- Installing: /home/geomatics_in_house_system/ros2_ws/install/velodyne_pointcloud/lib/libvelodyne_rawdata.so
[200.338s] -- Set runtime path of "/home/geomatics_in_house_system/ros2_ws/install/velodyne_pointcloud/lib/libvelodyne_rawdata.so" to ""
[200.345s] Invoked command in '/home/geomatics_in_house_system/ros2_ws/build/velodyne_pointcloud' returned '0': CMAKE_PREFIX_PATH=${CMAKE_PREFIX_PATH}:/opt/ros/humble /usr/bin/cmake --install /home/geomatics_in_house_system/ros2_ws/build/velodyne_pointcloud
