-- Install configuration: ""
-- Up-to-date: /home/geomatics_in_house_system/ros2_ws/install/mapper_config_template/share/mapper_config_template/launch
-- Up-to-date: /home/geomatics_in_house_system/ros2_ws/install/mapper_config_template/share/mapper_config_template/launch/mapper.launch
-- Up-to-date: /home/geomatics_in_house_system/ros2_ws/install/mapper_config_template/share/mapper_config_template/params
-- Up-to-date: /home/geomatics_in_house_system/ros2_ws/install/mapper_config_template/share/mapper_config_template/params/map_post_filters_config.yaml
-- Up-to-date: /home/geomatics_in_house_system/ros2_ws/install/mapper_config_template/share/mapper_config_template/params/input_filters_config.yaml
-- Up-to-date: /home/geomatics_in_house_system/ros2_ws/install/mapper_config_template/share/mapper_config_template/params/icp_config.yaml
-- Up-to-date: /home/geomatics_in_house_system/ros2_ws/install/mapper_config_template/share/ament_index/resource_index/package_run_dependencies/mapper_config_template
-- Up-to-date: /home/geomatics_in_house_system/ros2_ws/install/mapper_config_template/share/ament_index/resource_index/parent_prefix_path/mapper_config_template
-- Up-to-date: /home/geomatics_in_house_system/ros2_ws/install/mapper_config_template/share/mapper_config_template/environment/ament_prefix_path.sh
-- Up-to-date: /home/geomatics_in_house_system/ros2_ws/install/mapper_config_template/share/mapper_config_template/environment/ament_prefix_path.dsv
-- Up-to-date: /home/geomatics_in_house_system/ros2_ws/install/mapper_config_template/share/mapper_config_template/environment/path.sh
-- Up-to-date: /home/geomatics_in_house_system/ros2_ws/install/mapper_config_template/share/mapper_config_template/environment/path.dsv
-- Up-to-date: /home/geomatics_in_house_system/ros2_ws/install/mapper_config_template/share/mapper_config_template/local_setup.bash
-- Up-to-date: /home/geomatics_in_house_system/ros2_ws/install/mapper_config_template/share/mapper_config_template/local_setup.sh
-- Up-to-date: /home/geomatics_in_house_system/ros2_ws/install/mapper_config_template/share/mapper_config_template/local_setup.zsh
-- Up-to-date: /home/geomatics_in_house_system/ros2_ws/install/mapper_config_template/share/mapper_config_template/local_setup.dsv
-- Installing: /home/geomatics_in_house_system/ros2_ws/install/mapper_config_template/share/mapper_config_template/package.dsv
-- Up-to-date: /home/geomatics_in_house_system/ros2_ws/install/mapper_config_template/share/ament_index/resource_index/packages/mapper_config_template
-- Up-to-date: /home/geomatics_in_house_system/ros2_ws/install/mapper_config_template/share/mapper_config_template/cmake/mapper_config_templateConfig.cmake
-- Up-to-date: /home/geomatics_in_house_system/ros2_ws/install/mapper_config_template/share/mapper_config_template/cmake/mapper_config_templateConfig-version.cmake
-- Up-to-date: /home/geomatics_in_house_system/ros2_ws/install/mapper_config_template/share/mapper_config_template/package.xml
