[0.089s] Invoking command in '/home/geomatics_in_house_system/ros2_ws/build/vectornav_msgs': CMAKE_PREFIX_PATH=${CMAKE_PREFIX_PATH}:/opt/ros/humble /usr/bin/cmake /home/geomatics_in_house_system/ros2_ws/src/vectornav/vectornav_msgs -DCMAKE_INSTALL_PREFIX=/home/geomatics_in_house_system/ros2_ws/install/vectornav_msgs
[0.459s] -- The C compiler identification is GNU 11.4.0
[0.828s] -- The CXX compiler identification is GNU 11.4.0
[0.862s] -- Detecting C compiler ABI info
[1.300s] -- Detecting C compiler ABI info - done
[1.330s] -- Check for working C compiler: /usr/bin/cc - skipped
[1.335s] -- Detecting C compile features
[1.336s] -- Detecting C compile features - done
[1.349s] -- Detecting CXX compiler ABI info
[1.848s] -- Detecting CXX compiler ABI info - done
[1.887s] -- Check for working CXX compiler: /usr/bin/c++ - skipped
[1.888s] -- Detecting CXX compile features
[1.890s] -- Detecting CXX compile features - done
[1.916s] -- Found ament_cmake: 1.3.8 (/opt/ros/humble/share/ament_cmake/cmake)
[3.170s] -- Found Python3: /usr/bin/python3 (found version "3.10.12") found components: Interpreter 
[3.950s] -- Found geometry_msgs: 4.2.3 (/opt/ros/humble/share/geometry_msgs/cmake)
[4.260s] -- Found rosidl_generator_c: 3.1.5 (/opt/ros/humble/share/rosidl_generator_c/cmake)
[4.303s] -- Found rosidl_adapter: 3.1.5 (/opt/ros/humble/share/rosidl_adapter/cmake)
[4.361s] -- Found rosidl_generator_cpp: 3.1.5 (/opt/ros/humble/share/rosidl_generator_cpp/cmake)
[4.443s] -- Using all available rosidl_typesupport_c: rosidl_typesupport_fastrtps_c;rosidl_typesupport_introspection_c
[4.562s] -- Using all available rosidl_typesupport_cpp: rosidl_typesupport_fastrtps_cpp;rosidl_typesupport_introspection_cpp
[5.126s] -- Found rosidl_default_generators: 1.2.0 (/opt/ros/humble/share/rosidl_default_generators/cmake)
[5.183s] [0mGrabbing messages action/MagCal.action[0m
[7.875s] -- Found ament_cmake_ros: 0.10.0 (/opt/ros/humble/share/ament_cmake_ros/cmake)
[10.743s] -- Using all available rosidl_typesupport_c: rosidl_typesupport_fastrtps_c;rosidl_typesupport_introspection_c
[12.051s] -- Using all available rosidl_typesupport_cpp: rosidl_typesupport_fastrtps_cpp;rosidl_typesupport_introspection_cpp
[12.384s] -- Found PythonInterp: /usr/bin/python3 (found suitable version "3.10.12", minimum required is "3.6") 
[12.420s] -- Found python_cmake_module: 0.10.0 (/opt/ros/humble/share/python_cmake_module/cmake)
[12.648s] -- Found PythonLibs: /usr/lib/aarch64-linux-gnu/libpython3.10.so (found suitable version "3.10.12", minimum required is "3.5") 
[12.650s] -- Using PYTHON_EXECUTABLE: /usr/bin/python3
[12.651s] -- Using PYTHON_INCLUDE_DIRS: /usr/include/python3.10
[12.652s] -- Using PYTHON_LIBRARIES: /usr/lib/aarch64-linux-gnu/libpython3.10.so
[12.795s] -- Found PythonExtra: .so  
[13.443s] -- Configuring done
[14.144s] -- Generating done
[14.179s] -- Build files have been written to: /home/geomatics_in_house_system/ros2_ws/build/vectornav_msgs
[14.323s] Invoked command in '/home/geomatics_in_house_system/ros2_ws/build/vectornav_msgs' returned '0': CMAKE_PREFIX_PATH=${CMAKE_PREFIX_PATH}:/opt/ros/humble /usr/bin/cmake /home/geomatics_in_house_system/ros2_ws/src/vectornav/vectornav_msgs -DCMAKE_INSTALL_PREFIX=/home/geomatics_in_house_system/ros2_ws/install/vectornav_msgs
[14.327s] Invoking command in '/home/geomatics_in_house_system/ros2_ws/build/vectornav_msgs': CMAKE_PREFIX_PATH=${CMAKE_PREFIX_PATH}:/opt/ros/humble /usr/bin/cmake --build /home/geomatics_in_house_system/ros2_ws/build/vectornav_msgs -- -j4 -l4
[14.872s] [  1%] [34m[1mGenerating C code for ROS interfaces[0m
[14.959s] [  1%] [34m[1mGenerating C++ code for ROS interfaces[0m
[15.126s] [  1%] Built target ament_cmake_python_copy_vectornav_msgs
[20.491s] running egg_info
[20.495s] creating vectornav_msgs.egg-info
[20.497s] writing vectornav_msgs.egg-info/PKG-INFO
[20.499s] writing dependency_links to vectornav_msgs.egg-info/dependency_links.txt
[20.501s] writing top-level names to vectornav_msgs.egg-info/top_level.txt
[20.502s] writing manifest file 'vectornav_msgs.egg-info/SOURCES.txt'
[20.516s] reading manifest file 'vectornav_msgs.egg-info/SOURCES.txt'
[20.521s] writing manifest file 'vectornav_msgs.egg-info/SOURCES.txt'
[20.879s] [  1%] Built target ament_cmake_python_build_vectornav_msgs_egg
[41.922s] [  1%] Built target vectornav_msgs__cpp
[42.360s] [  2%] [32mBuilding C object CMakeFiles/vectornav_msgs__rosidl_generator_c.dir/rosidl_generator_c/vectornav_msgs/msg/detail/attitude_group__functions.c.o[0m
[42.779s] [  3%] [32mBuilding C object CMakeFiles/vectornav_msgs__rosidl_generator_c.dir/rosidl_generator_c/vectornav_msgs/msg/detail/common_group__functions.c.o[0m
[43.254s] [  4%] [32mBuilding C object CMakeFiles/vectornav_msgs__rosidl_generator_c.dir/rosidl_generator_c/vectornav_msgs/msg/detail/dop__functions.c.o[0m
[43.637s] [  4%] [32mBuilding C object CMakeFiles/vectornav_msgs__rosidl_generator_c.dir/rosidl_generator_c/vectornav_msgs/msg/detail/gps_group__functions.c.o[0m
[44.107s] [  5%] [32mBuilding C object CMakeFiles/vectornav_msgs__rosidl_generator_c.dir/rosidl_generator_c/vectornav_msgs/msg/detail/imu_group__functions.c.o[0m
[44.583s] [  6%] [32mBuilding C object CMakeFiles/vectornav_msgs__rosidl_generator_c.dir/rosidl_generator_c/vectornav_msgs/msg/detail/ins_group__functions.c.o[0m
[45.080s] [  7%] [32mBuilding C object CMakeFiles/vectornav_msgs__rosidl_generator_c.dir/rosidl_generator_c/vectornav_msgs/msg/detail/ins_status__functions.c.o[0m
[45.477s] [  8%] [32mBuilding C object CMakeFiles/vectornav_msgs__rosidl_generator_c.dir/rosidl_generator_c/vectornav_msgs/msg/detail/time_group__functions.c.o[0m
[45.868s] [  9%] [32mBuilding C object CMakeFiles/vectornav_msgs__rosidl_generator_c.dir/rosidl_generator_c/vectornav_msgs/msg/detail/time_status__functions.c.o[0m
[46.274s] [  9%] [32mBuilding C object CMakeFiles/vectornav_msgs__rosidl_generator_c.dir/rosidl_generator_c/vectornav_msgs/msg/detail/time_utc__functions.c.o[0m
[46.620s] [ 10%] [32mBuilding C object CMakeFiles/vectornav_msgs__rosidl_generator_c.dir/rosidl_generator_c/vectornav_msgs/msg/detail/vpe_status__functions.c.o[0m
[47.002s] [ 11%] [32mBuilding C object CMakeFiles/vectornav_msgs__rosidl_generator_c.dir/rosidl_generator_c/vectornav_msgs/action/detail/mag_cal__functions.c.o[0m
[47.992s] [ 12%] [32m[1mLinking C shared library libvectornav_msgs__rosidl_generator_c.so[0m
[48.278s] [ 12%] Built target vectornav_msgs__rosidl_generator_c
[48.353s] [ 13%] [34m[1mGenerating C++ introspection for ROS interfaces[0m
[60.018s] [ 13%] [32mBuilding CXX object CMakeFiles/vectornav_msgs__rosidl_typesupport_introspection_cpp.dir/rosidl_typesupport_introspection_cpp/vectornav_msgs/msg/detail/attitude_group__type_support.cpp.o[0m
[63.074s] [ 14%] [32mBuilding CXX object CMakeFiles/vectornav_msgs__rosidl_typesupport_introspection_cpp.dir/rosidl_typesupport_introspection_cpp/vectornav_msgs/msg/detail/common_group__type_support.cpp.o[0m
[66.302s] [ 15%] [32mBuilding CXX object CMakeFiles/vectornav_msgs__rosidl_typesupport_introspection_cpp.dir/rosidl_typesupport_introspection_cpp/vectornav_msgs/msg/detail/dop__type_support.cpp.o[0m
[69.191s] [ 16%] [32mBuilding CXX object CMakeFiles/vectornav_msgs__rosidl_typesupport_introspection_cpp.dir/rosidl_typesupport_introspection_cpp/vectornav_msgs/msg/detail/gps_group__type_support.cpp.o[0m
[72.258s] [ 17%] [32mBuilding CXX object CMakeFiles/vectornav_msgs__rosidl_typesupport_introspection_cpp.dir/rosidl_typesupport_introspection_cpp/vectornav_msgs/msg/detail/imu_group__type_support.cpp.o[0m
[75.272s] [ 18%] [32mBuilding CXX object CMakeFiles/vectornav_msgs__rosidl_typesupport_introspection_cpp.dir/rosidl_typesupport_introspection_cpp/vectornav_msgs/msg/detail/ins_group__type_support.cpp.o[0m
[78.273s] [ 18%] [32mBuilding CXX object CMakeFiles/vectornav_msgs__rosidl_typesupport_introspection_cpp.dir/rosidl_typesupport_introspection_cpp/vectornav_msgs/msg/detail/ins_status__type_support.cpp.o[0m
[81.295s] [ 19%] [32mBuilding CXX object CMakeFiles/vectornav_msgs__rosidl_typesupport_introspection_cpp.dir/rosidl_typesupport_introspection_cpp/vectornav_msgs/msg/detail/time_group__type_support.cpp.o[0m
[84.780s] [ 20%] [32mBuilding CXX object CMakeFiles/vectornav_msgs__rosidl_typesupport_introspection_cpp.dir/rosidl_typesupport_introspection_cpp/vectornav_msgs/msg/detail/time_status__type_support.cpp.o[0m
[88.665s] [ 21%] [32mBuilding CXX object CMakeFiles/vectornav_msgs__rosidl_typesupport_introspection_cpp.dir/rosidl_typesupport_introspection_cpp/vectornav_msgs/msg/detail/time_utc__type_support.cpp.o[0m
[91.945s] [ 22%] [32mBuilding CXX object CMakeFiles/vectornav_msgs__rosidl_typesupport_introspection_cpp.dir/rosidl_typesupport_introspection_cpp/vectornav_msgs/msg/detail/vpe_status__type_support.cpp.o[0m
[95.035s] [ 23%] [32mBuilding CXX object CMakeFiles/vectornav_msgs__rosidl_typesupport_introspection_cpp.dir/rosidl_typesupport_introspection_cpp/vectornav_msgs/action/detail/mag_cal__type_support.cpp.o[0m
[100.286s] [ 24%] [32m[1mLinking CXX shared library libvectornav_msgs__rosidl_typesupport_introspection_cpp.so[0m
[100.801s] [ 24%] Built target vectornav_msgs__rosidl_typesupport_introspection_cpp
[100.875s] [ 25%] [34m[1mGenerating C type support for eProsima Fast-RTPS[0m
[115.022s] [ 26%] [32mBuilding CXX object CMakeFiles/vectornav_msgs__rosidl_typesupport_fastrtps_c.dir/rosidl_typesupport_fastrtps_c/vectornav_msgs/msg/detail/attitude_group__type_support_c.cpp.o[0m
[118.542s] [ 27%] [32mBuilding CXX object CMakeFiles/vectornav_msgs__rosidl_typesupport_fastrtps_c.dir/rosidl_typesupport_fastrtps_c/vectornav_msgs/msg/detail/common_group__type_support_c.cpp.o[0m
[121.936s] [ 27%] [32mBuilding CXX object CMakeFiles/vectornav_msgs__rosidl_typesupport_fastrtps_c.dir/rosidl_typesupport_fastrtps_c/vectornav_msgs/msg/detail/dop__type_support_c.cpp.o[0m
[125.057s] [ 28%] [32mBuilding CXX object CMakeFiles/vectornav_msgs__rosidl_typesupport_fastrtps_c.dir/rosidl_typesupport_fastrtps_c/vectornav_msgs/msg/detail/gps_group__type_support_c.cpp.o[0m
[128.398s] [ 29%] [32mBuilding CXX object CMakeFiles/vectornav_msgs__rosidl_typesupport_fastrtps_c.dir/rosidl_typesupport_fastrtps_c/vectornav_msgs/msg/detail/imu_group__type_support_c.cpp.o[0m
[131.749s] [ 30%] [32mBuilding CXX object CMakeFiles/vectornav_msgs__rosidl_typesupport_fastrtps_c.dir/rosidl_typesupport_fastrtps_c/vectornav_msgs/msg/detail/ins_group__type_support_c.cpp.o[0m
[135.294s] [ 31%] [32mBuilding CXX object CMakeFiles/vectornav_msgs__rosidl_typesupport_fastrtps_c.dir/rosidl_typesupport_fastrtps_c/vectornav_msgs/msg/detail/ins_status__type_support_c.cpp.o[0m
[138.397s] [ 32%] [32mBuilding CXX object CMakeFiles/vectornav_msgs__rosidl_typesupport_fastrtps_c.dir/rosidl_typesupport_fastrtps_c/vectornav_msgs/msg/detail/time_group__type_support_c.cpp.o[0m
[141.527s] [ 32%] [32mBuilding CXX object CMakeFiles/vectornav_msgs__rosidl_typesupport_fastrtps_c.dir/rosidl_typesupport_fastrtps_c/vectornav_msgs/msg/detail/time_status__type_support_c.cpp.o[0m
[144.822s] [ 33%] [32mBuilding CXX object CMakeFiles/vectornav_msgs__rosidl_typesupport_fastrtps_c.dir/rosidl_typesupport_fastrtps_c/vectornav_msgs/msg/detail/time_utc__type_support_c.cpp.o[0m
[148.330s] [ 34%] [32mBuilding CXX object CMakeFiles/vectornav_msgs__rosidl_typesupport_fastrtps_c.dir/rosidl_typesupport_fastrtps_c/vectornav_msgs/msg/detail/vpe_status__type_support_c.cpp.o[0m
[151.972s] [ 35%] [32mBuilding CXX object CMakeFiles/vectornav_msgs__rosidl_typesupport_fastrtps_c.dir/rosidl_typesupport_fastrtps_c/vectornav_msgs/action/detail/mag_cal__type_support_c.cpp.o[0m
[156.026s] [ 36%] [32m[1mLinking CXX shared library libvectornav_msgs__rosidl_typesupport_fastrtps_c.so[0m
[156.667s] [ 36%] Built target vectornav_msgs__rosidl_typesupport_fastrtps_c
[156.756s] [ 37%] [34m[1mGenerating C introspection for ROS interfaces[0m
[171.719s] [ 38%] [32mBuilding C object CMakeFiles/vectornav_msgs__rosidl_typesupport_introspection_c.dir/rosidl_typesupport_introspection_c/vectornav_msgs/msg/detail/attitude_group__type_support.c.o[0m
[172.137s] [ 39%] [32mBuilding C object CMakeFiles/vectornav_msgs__rosidl_typesupport_introspection_c.dir/rosidl_typesupport_introspection_c/vectornav_msgs/msg/detail/common_group__type_support.c.o[0m
[172.600s] [ 40%] [32mBuilding C object CMakeFiles/vectornav_msgs__rosidl_typesupport_introspection_c.dir/rosidl_typesupport_introspection_c/vectornav_msgs/msg/detail/dop__type_support.c.o[0m
[172.848s] [ 40%] [32mBuilding C object CMakeFiles/vectornav_msgs__rosidl_typesupport_introspection_c.dir/rosidl_typesupport_introspection_c/vectornav_msgs/msg/detail/gps_group__type_support.c.o[0m
[173.245s] [ 41%] [32mBuilding C object CMakeFiles/vectornav_msgs__rosidl_typesupport_introspection_c.dir/rosidl_typesupport_introspection_c/vectornav_msgs/msg/detail/imu_group__type_support.c.o[0m
[173.712s] [ 42%] [32mBuilding C object CMakeFiles/vectornav_msgs__rosidl_typesupport_introspection_c.dir/rosidl_typesupport_introspection_c/vectornav_msgs/msg/detail/ins_group__type_support.c.o[0m
[174.064s] [ 43%] [32mBuilding C object CMakeFiles/vectornav_msgs__rosidl_typesupport_introspection_c.dir/rosidl_typesupport_introspection_c/vectornav_msgs/msg/detail/ins_status__type_support.c.o[0m
[174.405s] [ 44%] [32mBuilding C object CMakeFiles/vectornav_msgs__rosidl_typesupport_introspection_c.dir/rosidl_typesupport_introspection_c/vectornav_msgs/msg/detail/time_group__type_support.c.o[0m
[174.693s] [ 45%] [32mBuilding C object CMakeFiles/vectornav_msgs__rosidl_typesupport_introspection_c.dir/rosidl_typesupport_introspection_c/vectornav_msgs/msg/detail/time_status__type_support.c.o[0m
[175.013s] [ 46%] [32mBuilding C object CMakeFiles/vectornav_msgs__rosidl_typesupport_introspection_c.dir/rosidl_typesupport_introspection_c/vectornav_msgs/msg/detail/time_utc__type_support.c.o[0m
[175.382s] [ 46%] [32mBuilding C object CMakeFiles/vectornav_msgs__rosidl_typesupport_introspection_c.dir/rosidl_typesupport_introspection_c/vectornav_msgs/msg/detail/vpe_status__type_support.c.o[0m
[175.786s] [ 47%] [32mBuilding C object CMakeFiles/vectornav_msgs__rosidl_typesupport_introspection_c.dir/rosidl_typesupport_introspection_c/vectornav_msgs/action/detail/mag_cal__type_support.c.o[0m
[176.454s] [ 48%] [32m[1mLinking C shared library libvectornav_msgs__rosidl_typesupport_introspection_c.so[0m
[176.731s] [ 48%] Built target vectornav_msgs__rosidl_typesupport_introspection_c
[176.849s] [ 49%] [34m[1mGenerating C type support dispatch for ROS interfaces[0m
[188.534s] [ 50%] [32mBuilding CXX object CMakeFiles/vectornav_msgs__rosidl_typesupport_c.dir/rosidl_typesupport_c/vectornav_msgs/msg/attitude_group__type_support.cpp.o[0m
[188.942s] [ 50%] [32mBuilding CXX object CMakeFiles/vectornav_msgs__rosidl_typesupport_c.dir/rosidl_typesupport_c/vectornav_msgs/msg/common_group__type_support.cpp.o[0m
[189.242s] [ 51%] [32mBuilding CXX object CMakeFiles/vectornav_msgs__rosidl_typesupport_c.dir/rosidl_typesupport_c/vectornav_msgs/msg/dop__type_support.cpp.o[0m
[189.601s] [ 52%] [32mBuilding CXX object CMakeFiles/vectornav_msgs__rosidl_typesupport_c.dir/rosidl_typesupport_c/vectornav_msgs/msg/gps_group__type_support.cpp.o[0m
[189.910s] [ 53%] [32mBuilding CXX object CMakeFiles/vectornav_msgs__rosidl_typesupport_c.dir/rosidl_typesupport_c/vectornav_msgs/msg/imu_group__type_support.cpp.o[0m
[190.303s] [ 54%] [32mBuilding CXX object CMakeFiles/vectornav_msgs__rosidl_typesupport_c.dir/rosidl_typesupport_c/vectornav_msgs/msg/ins_group__type_support.cpp.o[0m
[190.545s] [ 55%] [32mBuilding CXX object CMakeFiles/vectornav_msgs__rosidl_typesupport_c.dir/rosidl_typesupport_c/vectornav_msgs/msg/ins_status__type_support.cpp.o[0m
[190.849s] [ 55%] [32mBuilding CXX object CMakeFiles/vectornav_msgs__rosidl_typesupport_c.dir/rosidl_typesupport_c/vectornav_msgs/msg/time_group__type_support.cpp.o[0m
[191.222s] [ 56%] [32mBuilding CXX object CMakeFiles/vectornav_msgs__rosidl_typesupport_c.dir/rosidl_typesupport_c/vectornav_msgs/msg/time_status__type_support.cpp.o[0m
[191.576s] [ 57%] [32mBuilding CXX object CMakeFiles/vectornav_msgs__rosidl_typesupport_c.dir/rosidl_typesupport_c/vectornav_msgs/msg/time_utc__type_support.cpp.o[0m
[191.946s] [ 58%] [32mBuilding CXX object CMakeFiles/vectornav_msgs__rosidl_typesupport_c.dir/rosidl_typesupport_c/vectornav_msgs/msg/vpe_status__type_support.cpp.o[0m
[192.281s] [ 59%] [32mBuilding CXX object CMakeFiles/vectornav_msgs__rosidl_typesupport_c.dir/rosidl_typesupport_c/vectornav_msgs/action/mag_cal__type_support.cpp.o[0m
[192.810s] [ 60%] [32m[1mLinking CXX shared library libvectornav_msgs__rosidl_typesupport_c.so[0m
[193.268s] [ 60%] Built target vectornav_msgs__rosidl_typesupport_c
[193.423s] [ 60%] [34m[1mGenerating C++ type support for eProsima Fast-RTPS[0m
[211.120s] [ 61%] [32mBuilding CXX object CMakeFiles/vectornav_msgs__rosidl_typesupport_fastrtps_cpp.dir/rosidl_typesupport_fastrtps_cpp/vectornav_msgs/msg/detail/dds_fastrtps/attitude_group__type_support.cpp.o[0m
[216.480s] [ 62%] [32mBuilding CXX object CMakeFiles/vectornav_msgs__rosidl_typesupport_fastrtps_cpp.dir/rosidl_typesupport_fastrtps_cpp/vectornav_msgs/msg/detail/dds_fastrtps/dop__type_support.cpp.o[0m
[220.413s] [ 63%] [32mBuilding CXX object CMakeFiles/vectornav_msgs__rosidl_typesupport_fastrtps_cpp.dir/rosidl_typesupport_fastrtps_cpp/vectornav_msgs/msg/detail/dds_fastrtps/gps_group__type_support.cpp.o[0m
[224.596s] [ 64%] [32mBuilding CXX object CMakeFiles/vectornav_msgs__rosidl_typesupport_fastrtps_cpp.dir/rosidl_typesupport_fastrtps_cpp/vectornav_msgs/msg/detail/dds_fastrtps/imu_group__type_support.cpp.o[0m
[228.944s] [ 64%] [32mBuilding CXX object CMakeFiles/vectornav_msgs__rosidl_typesupport_fastrtps_cpp.dir/rosidl_typesupport_fastrtps_cpp/vectornav_msgs/msg/detail/dds_fastrtps/ins_group__type_support.cpp.o[0m
[232.904s] [ 65%] [32mBuilding CXX object CMakeFiles/vectornav_msgs__rosidl_typesupport_fastrtps_cpp.dir/rosidl_typesupport_fastrtps_cpp/vectornav_msgs/msg/detail/dds_fastrtps/ins_status__type_support.cpp.o[0m
[237.165s] [ 66%] [32mBuilding CXX object CMakeFiles/vectornav_msgs__rosidl_typesupport_fastrtps_cpp.dir/rosidl_typesupport_fastrtps_cpp/vectornav_msgs/msg/detail/dds_fastrtps/time_group__type_support.cpp.o[0m
[241.634s] [ 67%] [32mBuilding CXX object CMakeFiles/vectornav_msgs__rosidl_typesupport_fastrtps_cpp.dir/rosidl_typesupport_fastrtps_cpp/vectornav_msgs/msg/detail/dds_fastrtps/time_status__type_support.cpp.o[0m
[245.620s] [ 68%] [32mBuilding CXX object CMakeFiles/vectornav_msgs__rosidl_typesupport_fastrtps_cpp.dir/rosidl_typesupport_fastrtps_cpp/vectornav_msgs/msg/detail/dds_fastrtps/time_utc__type_support.cpp.o[0m
[249.314s] [ 69%] [32mBuilding CXX object CMakeFiles/vectornav_msgs__rosidl_typesupport_fastrtps_cpp.dir/rosidl_typesupport_fastrtps_cpp/vectornav_msgs/msg/detail/dds_fastrtps/vpe_status__type_support.cpp.o[0m
[253.178s] [ 69%] [32mBuilding CXX object CMakeFiles/vectornav_msgs__rosidl_typesupport_fastrtps_cpp.dir/rosidl_typesupport_fastrtps_cpp/vectornav_msgs/action/detail/dds_fastrtps/mag_cal__type_support.cpp.o[0m
[258.645s] [ 70%] [32mBuilding CXX object CMakeFiles/vectornav_msgs__rosidl_typesupport_fastrtps_cpp.dir/rosidl_typesupport_fastrtps_cpp/vectornav_msgs/msg/detail/dds_fastrtps/common_group__type_support.cpp.o[0m
[262.343s] [ 71%] [32m[1mLinking CXX shared library libvectornav_msgs__rosidl_typesupport_fastrtps_cpp.so[0m
[263.008s] [ 71%] Built target vectornav_msgs__rosidl_typesupport_fastrtps_cpp
[263.086s] [ 72%] [34m[1mGenerating C++ type support dispatch for ROS interfaces[0m
[276.172s] [ 73%] [32mBuilding CXX object CMakeFiles/vectornav_msgs__rosidl_typesupport_cpp.dir/rosidl_typesupport_cpp/vectornav_msgs/msg/attitude_group__type_support.cpp.o[0m
[278.782s] [ 74%] [32mBuilding CXX object CMakeFiles/vectornav_msgs__rosidl_typesupport_cpp.dir/rosidl_typesupport_cpp/vectornav_msgs/msg/gps_group__type_support.cpp.o[0m
[281.271s] [ 74%] [32mBuilding CXX object CMakeFiles/vectornav_msgs__rosidl_typesupport_cpp.dir/rosidl_typesupport_cpp/vectornav_msgs/msg/imu_group__type_support.cpp.o[0m
[283.809s] [ 75%] [32mBuilding CXX object CMakeFiles/vectornav_msgs__rosidl_typesupport_cpp.dir/rosidl_typesupport_cpp/vectornav_msgs/msg/ins_group__type_support.cpp.o[0m
[286.478s] [ 76%] [32mBuilding CXX object CMakeFiles/vectornav_msgs__rosidl_typesupport_cpp.dir/rosidl_typesupport_cpp/vectornav_msgs/msg/ins_status__type_support.cpp.o[0m
[289.088s] [ 77%] [32mBuilding CXX object CMakeFiles/vectornav_msgs__rosidl_typesupport_cpp.dir/rosidl_typesupport_cpp/vectornav_msgs/msg/time_group__type_support.cpp.o[0m
[291.852s] [ 78%] [32mBuilding CXX object CMakeFiles/vectornav_msgs__rosidl_typesupport_cpp.dir/rosidl_typesupport_cpp/vectornav_msgs/msg/time_status__type_support.cpp.o[0m
[294.566s] [ 79%] [32mBuilding CXX object CMakeFiles/vectornav_msgs__rosidl_typesupport_cpp.dir/rosidl_typesupport_cpp/vectornav_msgs/msg/time_utc__type_support.cpp.o[0m
[297.379s] [ 79%] [32mBuilding CXX object CMakeFiles/vectornav_msgs__rosidl_typesupport_cpp.dir/rosidl_typesupport_cpp/vectornav_msgs/msg/vpe_status__type_support.cpp.o[0m
[299.980s] [ 80%] [32mBuilding CXX object CMakeFiles/vectornav_msgs__rosidl_typesupport_cpp.dir/rosidl_typesupport_cpp/vectornav_msgs/action/mag_cal__type_support.cpp.o[0m
[304.887s] [ 81%] [32mBuilding CXX object CMakeFiles/vectornav_msgs__rosidl_typesupport_cpp.dir/rosidl_typesupport_cpp/vectornav_msgs/msg/dop__type_support.cpp.o[0m
[307.604s] [ 82%] [32mBuilding CXX object CMakeFiles/vectornav_msgs__rosidl_typesupport_cpp.dir/rosidl_typesupport_cpp/vectornav_msgs/msg/common_group__type_support.cpp.o[0m
[310.464s] [ 83%] [32m[1mLinking CXX shared library libvectornav_msgs__rosidl_typesupport_cpp.so[0m
[310.819s] [ 83%] Built target vectornav_msgs__rosidl_typesupport_cpp
[311.091s] [ 83%] Built target vectornav_msgs
[311.408s] [ 84%] [34m[1mGenerating Python code for ROS interfaces[0m
[347.543s] [ 84%] Built target vectornav_msgs__py
[347.770s] [ 85%] [32mBuilding C object CMakeFiles/vectornav_msgs__rosidl_generator_py.dir/rosidl_generator_py/vectornav_msgs/msg/_attitude_group_s.c.o[0m
[349.047s] [ 86%] [32mBuilding C object CMakeFiles/vectornav_msgs__rosidl_generator_py.dir/rosidl_generator_py/vectornav_msgs/msg/_gps_group_s.c.o[0m
[350.250s] [ 87%] [32mBuilding C object CMakeFiles/vectornav_msgs__rosidl_generator_py.dir/rosidl_generator_py/vectornav_msgs/msg/_imu_group_s.c.o[0m
[351.533s] [ 88%] [32mBuilding C object CMakeFiles/vectornav_msgs__rosidl_generator_py.dir/rosidl_generator_py/vectornav_msgs/msg/_ins_group_s.c.o[0m
[352.542s] [ 89%] [32mBuilding C object CMakeFiles/vectornav_msgs__rosidl_generator_py.dir/rosidl_generator_py/vectornav_msgs/msg/_ins_status_s.c.o[0m
[353.685s] [ 90%] [32mBuilding C object CMakeFiles/vectornav_msgs__rosidl_generator_py.dir/rosidl_generator_py/vectornav_msgs/msg/_time_group_s.c.o[0m
[354.773s] [ 91%] [32mBuilding C object CMakeFiles/vectornav_msgs__rosidl_generator_py.dir/rosidl_generator_py/vectornav_msgs/msg/_time_status_s.c.o[0m
[355.733s] [ 91%] [32mBuilding C object CMakeFiles/vectornav_msgs__rosidl_generator_py.dir/rosidl_generator_py/vectornav_msgs/msg/_time_utc_s.c.o[0m
[356.708s] [ 92%] [32mBuilding C object CMakeFiles/vectornav_msgs__rosidl_generator_py.dir/rosidl_generator_py/vectornav_msgs/msg/_vpe_status_s.c.o[0m
[357.781s] [ 93%] [32mBuilding C object CMakeFiles/vectornav_msgs__rosidl_generator_py.dir/rosidl_generator_py/vectornav_msgs/action/_mag_cal_s.c.o[0m
[359.076s] [ 93%] [32mBuilding C object CMakeFiles/vectornav_msgs__rosidl_generator_py.dir/rosidl_generator_py/vectornav_msgs/msg/_dop_s.c.o[0m
[360.116s] [ 94%] [32mBuilding C object CMakeFiles/vectornav_msgs__rosidl_generator_py.dir/rosidl_generator_py/vectornav_msgs/msg/_common_group_s.c.o[0m
[361.338s] [ 95%] [32m[1mLinking C shared library rosidl_generator_py/vectornav_msgs/libvectornav_msgs__rosidl_generator_py.so[0m
[361.831s] [ 95%] Built target vectornav_msgs__rosidl_generator_py
[362.062s] [ 96%] [32mBuilding C object CMakeFiles/vectornav_msgs__rosidl_typesupport_fastrtps_c__pyext.dir/rosidl_generator_py/vectornav_msgs/_vectornav_msgs_s.ep.rosidl_typesupport_fastrtps_c.c.o[0m
[363.676s] [ 97%] [32m[1mLinking C shared library rosidl_generator_py/vectornav_msgs/vectornav_msgs_s__rosidl_typesupport_fastrtps_c.cpython-310-aarch64-linux-gnu.so[0m
[364.228s] [ 97%] Built target vectornav_msgs__rosidl_typesupport_fastrtps_c__pyext
[364.441s] [ 97%] [32mBuilding C object CMakeFiles/vectornav_msgs__rosidl_typesupport_c__pyext.dir/rosidl_generator_py/vectornav_msgs/_vectornav_msgs_s.ep.rosidl_typesupport_c.c.o[0m
[366.101s] [ 98%] [32m[1mLinking C shared library rosidl_generator_py/vectornav_msgs/vectornav_msgs_s__rosidl_typesupport_c.cpython-310-aarch64-linux-gnu.so[0m
[366.662s] [ 98%] Built target vectornav_msgs__rosidl_typesupport_c__pyext
[366.855s] [ 99%] [32mBuilding C object CMakeFiles/vectornav_msgs__rosidl_typesupport_introspection_c__pyext.dir/rosidl_generator_py/vectornav_msgs/_vectornav_msgs_s.ep.rosidl_typesupport_introspection_c.c.o[0m
[368.474s] [100%] [32m[1mLinking C shared library rosidl_generator_py/vectornav_msgs/vectornav_msgs_s__rosidl_typesupport_introspection_c.cpython-310-aarch64-linux-gnu.so[0m
[368.926s] [100%] Built target vectornav_msgs__rosidl_typesupport_introspection_c__pyext
[369.018s] Invoked command in '/home/geomatics_in_house_system/ros2_ws/build/vectornav_msgs' returned '0': CMAKE_PREFIX_PATH=${CMAKE_PREFIX_PATH}:/opt/ros/humble /usr/bin/cmake --build /home/geomatics_in_house_system/ros2_ws/build/vectornav_msgs -- -j4 -l4
[373.123s] Invoking command in '/home/geomatics_in_house_system/ros2_ws/build/vectornav_msgs': CMAKE_PREFIX_PATH=${CMAKE_PREFIX_PATH}:/opt/ros/humble /usr/bin/cmake --install /home/geomatics_in_house_system/ros2_ws/build/vectornav_msgs
[373.188s] -- Install configuration: ""
[373.190s] -- Installing: /home/geomatics_in_house_system/ros2_ws/install/vectornav_msgs/share/ament_index/resource_index/rosidl_interfaces/vectornav_msgs
[373.192s] -- Installing: /home/geomatics_in_house_system/ros2_ws/install/vectornav_msgs/include/vectornav_msgs/vectornav_msgs
[373.193s] -- Installing: /home/geomatics_in_house_system/ros2_ws/install/vectornav_msgs/include/vectornav_msgs/vectornav_msgs/msg
[373.194s] -- Installing: /home/geomatics_in_house_system/ros2_ws/install/vectornav_msgs/include/vectornav_msgs/vectornav_msgs/msg/common_group.h
[373.196s] -- Installing: /home/geomatics_in_house_system/ros2_ws/install/vectornav_msgs/include/vectornav_msgs/vectornav_msgs/msg/time_utc.h
[373.198s] -- Installing: /home/geomatics_in_house_system/ros2_ws/install/vectornav_msgs/include/vectornav_msgs/vectornav_msgs/msg/dop.h
[373.199s] -- Installing: /home/geomatics_in_house_system/ros2_ws/install/vectornav_msgs/include/vectornav_msgs/vectornav_msgs/msg/gps_group.h
[373.202s] -- Installing: /home/geomatics_in_house_system/ros2_ws/install/vectornav_msgs/include/vectornav_msgs/vectornav_msgs/msg/ins_group.h
[373.204s] -- Installing: /home/geomatics_in_house_system/ros2_ws/install/vectornav_msgs/include/vectornav_msgs/vectornav_msgs/msg/detail
[373.205s] -- Installing: /home/geomatics_in_house_system/ros2_ws/install/vectornav_msgs/include/vectornav_msgs/vectornav_msgs/msg/detail/vpe_status__struct.h
[373.207s] -- Installing: /home/geomatics_in_house_system/ros2_ws/install/vectornav_msgs/include/vectornav_msgs/vectornav_msgs/msg/detail/time_utc__functions.c
[373.209s] -- Installing: /home/geomatics_in_house_system/ros2_ws/install/vectornav_msgs/include/vectornav_msgs/vectornav_msgs/msg/detail/common_group__type_support.h
[373.211s] -- Installing: /home/geomatics_in_house_system/ros2_ws/install/vectornav_msgs/include/vectornav_msgs/vectornav_msgs/msg/detail/time_utc__struct.h
[373.213s] -- Installing: /home/geomatics_in_house_system/ros2_ws/install/vectornav_msgs/include/vectornav_msgs/vectornav_msgs/msg/detail/time_status__functions.h
[373.215s] -- Installing: /home/geomatics_in_house_system/ros2_ws/install/vectornav_msgs/include/vectornav_msgs/vectornav_msgs/msg/detail/attitude_group__functions.c
[373.217s] -- Installing: /home/geomatics_in_house_system/ros2_ws/install/vectornav_msgs/include/vectornav_msgs/vectornav_msgs/msg/detail/common_group__functions.c
[373.219s] -- Installing: /home/geomatics_in_house_system/ros2_ws/install/vectornav_msgs/include/vectornav_msgs/vectornav_msgs/msg/detail/ins_group__functions.c
[373.221s] -- Installing: /home/geomatics_in_house_system/ros2_ws/install/vectornav_msgs/include/vectornav_msgs/vectornav_msgs/msg/detail/ins_group__functions.h
[373.223s] -- Installing: /home/geomatics_in_house_system/ros2_ws/install/vectornav_msgs/include/vectornav_msgs/vectornav_msgs/msg/detail/time_utc__type_support.h
[373.225s] -- Installing: /home/geomatics_in_house_system/ros2_ws/install/vectornav_msgs/include/vectornav_msgs/vectornav_msgs/msg/detail/ins_status__functions.h
[373.227s] -- Installing: /home/geomatics_in_house_system/ros2_ws/install/vectornav_msgs/include/vectornav_msgs/vectornav_msgs/msg/detail/attitude_group__struct.h
[373.229s] -- Installing: /home/geomatics_in_house_system/ros2_ws/install/vectornav_msgs/include/vectornav_msgs/vectornav_msgs/msg/detail/imu_group__type_support.h
[373.231s] -- Installing: /home/geomatics_in_house_system/ros2_ws/install/vectornav_msgs/include/vectornav_msgs/vectornav_msgs/msg/detail/vpe_status__functions.h
[373.233s] -- Installing: /home/geomatics_in_house_system/ros2_ws/install/vectornav_msgs/include/vectornav_msgs/vectornav_msgs/msg/detail/time_status__functions.c
[373.235s] -- Installing: /home/geomatics_in_house_system/ros2_ws/install/vectornav_msgs/include/vectornav_msgs/vectornav_msgs/msg/detail/dop__functions.h
[373.237s] -- Installing: /home/geomatics_in_house_system/ros2_ws/install/vectornav_msgs/include/vectornav_msgs/vectornav_msgs/msg/detail/time_utc__functions.h
[373.239s] -- Installing: /home/geomatics_in_house_system/ros2_ws/install/vectornav_msgs/include/vectornav_msgs/vectornav_msgs/msg/detail/common_group__functions.h
[373.241s] -- Installing: /home/geomatics_in_house_system/ros2_ws/install/vectornav_msgs/include/vectornav_msgs/vectornav_msgs/msg/detail/gps_group__functions.h
[373.243s] -- Installing: /home/geomatics_in_house_system/ros2_ws/install/vectornav_msgs/include/vectornav_msgs/vectornav_msgs/msg/detail/ins_status__type_support.h
[373.245s] -- Installing: /home/geomatics_in_house_system/ros2_ws/install/vectornav_msgs/include/vectornav_msgs/vectornav_msgs/msg/detail/gps_group__type_support.h
[373.247s] -- Installing: /home/geomatics_in_house_system/ros2_ws/install/vectornav_msgs/include/vectornav_msgs/vectornav_msgs/msg/detail/vpe_status__type_support.h
[373.249s] -- Installing: /home/geomatics_in_house_system/ros2_ws/install/vectornav_msgs/include/vectornav_msgs/vectornav_msgs/msg/detail/imu_group__struct.h
[373.251s] -- Installing: /home/geomatics_in_house_system/ros2_ws/install/vectornav_msgs/include/vectornav_msgs/vectornav_msgs/msg/detail/time_group__functions.h
[373.253s] -- Installing: /home/geomatics_in_house_system/ros2_ws/install/vectornav_msgs/include/vectornav_msgs/vectornav_msgs/msg/detail/time_status__type_support.h
[373.255s] -- Installing: /home/geomatics_in_house_system/ros2_ws/install/vectornav_msgs/include/vectornav_msgs/vectornav_msgs/msg/detail/common_group__struct.h
[373.256s] -- Installing: /home/geomatics_in_house_system/ros2_ws/install/vectornav_msgs/include/vectornav_msgs/vectornav_msgs/msg/detail/attitude_group__functions.h
[373.258s] -- Installing: /home/geomatics_in_house_system/ros2_ws/install/vectornav_msgs/include/vectornav_msgs/vectornav_msgs/msg/detail/ins_status__functions.c
[373.260s] -- Installing: /home/geomatics_in_house_system/ros2_ws/install/vectornav_msgs/include/vectornav_msgs/vectornav_msgs/msg/detail/gps_group__struct.h
[373.262s] -- Installing: /home/geomatics_in_house_system/ros2_ws/install/vectornav_msgs/include/vectornav_msgs/vectornav_msgs/msg/detail/time_group__functions.c
[373.264s] -- Installing: /home/geomatics_in_house_system/ros2_ws/install/vectornav_msgs/include/vectornav_msgs/vectornav_msgs/msg/detail/dop__type_support.h
[373.266s] -- Installing: /home/geomatics_in_house_system/ros2_ws/install/vectornav_msgs/include/vectornav_msgs/vectornav_msgs/msg/detail/dop__functions.c
[373.268s] -- Installing: /home/geomatics_in_house_system/ros2_ws/install/vectornav_msgs/include/vectornav_msgs/vectornav_msgs/msg/detail/imu_group__functions.h
[373.270s] -- Installing: /home/geomatics_in_house_system/ros2_ws/install/vectornav_msgs/include/vectornav_msgs/vectornav_msgs/msg/detail/gps_group__functions.c
[373.271s] -- Installing: /home/geomatics_in_house_system/ros2_ws/install/vectornav_msgs/include/vectornav_msgs/vectornav_msgs/msg/detail/time_group__struct.h
[373.273s] -- Installing: /home/geomatics_in_house_system/ros2_ws/install/vectornav_msgs/include/vectornav_msgs/vectornav_msgs/msg/detail/time_group__type_support.h
[373.275s] -- Installing: /home/geomatics_in_house_system/ros2_ws/install/vectornav_msgs/include/vectornav_msgs/vectornav_msgs/msg/detail/imu_group__functions.c
[373.277s] -- Installing: /home/geomatics_in_house_system/ros2_ws/install/vectornav_msgs/include/vectornav_msgs/vectornav_msgs/msg/detail/dop__struct.h
[373.279s] -- Installing: /home/geomatics_in_house_system/ros2_ws/install/vectornav_msgs/include/vectornav_msgs/vectornav_msgs/msg/detail/time_status__struct.h
[373.281s] -- Installing: /home/geomatics_in_house_system/ros2_ws/install/vectornav_msgs/include/vectornav_msgs/vectornav_msgs/msg/detail/attitude_group__type_support.h
[373.282s] -- Installing: /home/geomatics_in_house_system/ros2_ws/install/vectornav_msgs/include/vectornav_msgs/vectornav_msgs/msg/detail/ins_status__struct.h
[373.284s] -- Installing: /home/geomatics_in_house_system/ros2_ws/install/vectornav_msgs/include/vectornav_msgs/vectornav_msgs/msg/detail/ins_group__struct.h
[373.286s] -- Installing: /home/geomatics_in_house_system/ros2_ws/install/vectornav_msgs/include/vectornav_msgs/vectornav_msgs/msg/detail/ins_group__type_support.h
[373.288s] -- Installing: /home/geomatics_in_house_system/ros2_ws/install/vectornav_msgs/include/vectornav_msgs/vectornav_msgs/msg/detail/vpe_status__functions.c
[373.290s] -- Installing: /home/geomatics_in_house_system/ros2_ws/install/vectornav_msgs/include/vectornav_msgs/vectornav_msgs/msg/rosidl_generator_c__visibility_control.h
[373.291s] -- Installing: /home/geomatics_in_house_system/ros2_ws/install/vectornav_msgs/include/vectornav_msgs/vectornav_msgs/msg/ins_status.h
[373.293s] -- Installing: /home/geomatics_in_house_system/ros2_ws/install/vectornav_msgs/include/vectornav_msgs/vectornav_msgs/msg/time_group.h
[373.295s] -- Installing: /home/geomatics_in_house_system/ros2_ws/install/vectornav_msgs/include/vectornav_msgs/vectornav_msgs/msg/attitude_group.h
[373.297s] -- Installing: /home/geomatics_in_house_system/ros2_ws/install/vectornav_msgs/include/vectornav_msgs/vectornav_msgs/msg/imu_group.h
[373.299s] -- Installing: /home/geomatics_in_house_system/ros2_ws/install/vectornav_msgs/include/vectornav_msgs/vectornav_msgs/msg/time_status.h
[373.300s] -- Installing: /home/geomatics_in_house_system/ros2_ws/install/vectornav_msgs/include/vectornav_msgs/vectornav_msgs/msg/vpe_status.h
[373.302s] -- Installing: /home/geomatics_in_house_system/ros2_ws/install/vectornav_msgs/include/vectornav_msgs/vectornav_msgs/action
[373.303s] -- Installing: /home/geomatics_in_house_system/ros2_ws/install/vectornav_msgs/include/vectornav_msgs/vectornav_msgs/action/detail
[373.304s] -- Installing: /home/geomatics_in_house_system/ros2_ws/install/vectornav_msgs/include/vectornav_msgs/vectornav_msgs/action/detail/mag_cal__functions.c
[373.307s] -- Installing: /home/geomatics_in_house_system/ros2_ws/install/vectornav_msgs/include/vectornav_msgs/vectornav_msgs/action/detail/mag_cal__functions.h
[373.309s] -- Installing: /home/geomatics_in_house_system/ros2_ws/install/vectornav_msgs/include/vectornav_msgs/vectornav_msgs/action/detail/mag_cal__type_support.h
[373.311s] -- Installing: /home/geomatics_in_house_system/ros2_ws/install/vectornav_msgs/include/vectornav_msgs/vectornav_msgs/action/detail/mag_cal__struct.h
[373.313s] -- Installing: /home/geomatics_in_house_system/ros2_ws/install/vectornav_msgs/include/vectornav_msgs/vectornav_msgs/action/mag_cal.h
[373.316s] -- Installing: /home/geomatics_in_house_system/ros2_ws/install/vectornav_msgs/share/vectornav_msgs/environment/library_path.sh
[373.318s] -- Installing: /home/geomatics_in_house_system/ros2_ws/install/vectornav_msgs/share/vectornav_msgs/environment/library_path.dsv
[373.321s] -- Installing: /home/geomatics_in_house_system/ros2_ws/install/vectornav_msgs/lib/libvectornav_msgs__rosidl_generator_c.so
[373.327s] -- Set runtime path of "/home/geomatics_in_house_system/ros2_ws/install/vectornav_msgs/lib/libvectornav_msgs__rosidl_generator_c.so" to ""
[373.328s] -- Up-to-date: /home/geomatics_in_house_system/ros2_ws/install/vectornav_msgs/include/vectornav_msgs/vectornav_msgs
[373.329s] -- Up-to-date: /home/geomatics_in_house_system/ros2_ws/install/vectornav_msgs/include/vectornav_msgs/vectornav_msgs/msg
[373.329s] -- Up-to-date: /home/geomatics_in_house_system/ros2_ws/install/vectornav_msgs/include/vectornav_msgs/vectornav_msgs/msg/detail
[373.330s] -- Installing: /home/geomatics_in_house_system/ros2_ws/install/vectornav_msgs/include/vectornav_msgs/vectornav_msgs/msg/detail/time_utc__rosidl_typesupport_fastrtps_c.h
[373.331s] -- Installing: /home/geomatics_in_house_system/ros2_ws/install/vectornav_msgs/include/vectornav_msgs/vectornav_msgs/msg/detail/time_status__rosidl_typesupport_fastrtps_c.h
[373.333s] -- Installing: /home/geomatics_in_house_system/ros2_ws/install/vectornav_msgs/include/vectornav_msgs/vectornav_msgs/msg/detail/ins_group__rosidl_typesupport_fastrtps_c.h
[373.336s] -- Installing: /home/geomatics_in_house_system/ros2_ws/install/vectornav_msgs/include/vectornav_msgs/vectornav_msgs/msg/detail/common_group__rosidl_typesupport_fastrtps_c.h
[373.338s] -- Installing: /home/geomatics_in_house_system/ros2_ws/install/vectornav_msgs/include/vectornav_msgs/vectornav_msgs/msg/detail/vpe_status__rosidl_typesupport_fastrtps_c.h
[373.340s] -- Installing: /home/geomatics_in_house_system/ros2_ws/install/vectornav_msgs/include/vectornav_msgs/vectornav_msgs/msg/detail/attitude_group__rosidl_typesupport_fastrtps_c.h
[373.341s] -- Installing: /home/geomatics_in_house_system/ros2_ws/install/vectornav_msgs/include/vectornav_msgs/vectornav_msgs/msg/detail/time_group__rosidl_typesupport_fastrtps_c.h
[373.344s] -- Installing: /home/geomatics_in_house_system/ros2_ws/install/vectornav_msgs/include/vectornav_msgs/vectornav_msgs/msg/detail/ins_status__rosidl_typesupport_fastrtps_c.h
[373.346s] -- Installing: /home/geomatics_in_house_system/ros2_ws/install/vectornav_msgs/include/vectornav_msgs/vectornav_msgs/msg/detail/imu_group__rosidl_typesupport_fastrtps_c.h
[373.348s] -- Installing: /home/geomatics_in_house_system/ros2_ws/install/vectornav_msgs/include/vectornav_msgs/vectornav_msgs/msg/detail/gps_group__rosidl_typesupport_fastrtps_c.h
[373.350s] -- Installing: /home/geomatics_in_house_system/ros2_ws/install/vectornav_msgs/include/vectornav_msgs/vectornav_msgs/msg/detail/dop__rosidl_typesupport_fastrtps_c.h
[373.352s] -- Installing: /home/geomatics_in_house_system/ros2_ws/install/vectornav_msgs/include/vectornav_msgs/vectornav_msgs/msg/rosidl_typesupport_fastrtps_c__visibility_control.h
[373.354s] -- Up-to-date: /home/geomatics_in_house_system/ros2_ws/install/vectornav_msgs/include/vectornav_msgs/vectornav_msgs/action
[373.355s] -- Up-to-date: /home/geomatics_in_house_system/ros2_ws/install/vectornav_msgs/include/vectornav_msgs/vectornav_msgs/action/detail
[373.355s] -- Installing: /home/geomatics_in_house_system/ros2_ws/install/vectornav_msgs/include/vectornav_msgs/vectornav_msgs/action/detail/mag_cal__rosidl_typesupport_fastrtps_c.h
[373.358s] -- Installing: /home/geomatics_in_house_system/ros2_ws/install/vectornav_msgs/lib/libvectornav_msgs__rosidl_typesupport_fastrtps_c.so
[373.363s] -- Set runtime path of "/home/geomatics_in_house_system/ros2_ws/install/vectornav_msgs/lib/libvectornav_msgs__rosidl_typesupport_fastrtps_c.so" to ""
[373.363s] -- Up-to-date: /home/geomatics_in_house_system/ros2_ws/install/vectornav_msgs/include/vectornav_msgs/vectornav_msgs
[373.364s] -- Up-to-date: /home/geomatics_in_house_system/ros2_ws/install/vectornav_msgs/include/vectornav_msgs/vectornav_msgs/msg
[373.365s] -- Installing: /home/geomatics_in_house_system/ros2_ws/install/vectornav_msgs/include/vectornav_msgs/vectornav_msgs/msg/dop.hpp
[373.369s] -- Installing: /home/geomatics_in_house_system/ros2_ws/install/vectornav_msgs/include/vectornav_msgs/vectornav_msgs/msg/time_status.hpp
[373.373s] -- Installing: /home/geomatics_in_house_system/ros2_ws/install/vectornav_msgs/include/vectornav_msgs/vectornav_msgs/msg/time_group.hpp
[373.377s] -- Installing: /home/geomatics_in_house_system/ros2_ws/install/vectornav_msgs/include/vectornav_msgs/vectornav_msgs/msg/common_group.hpp
[373.380s] -- Up-to-date: /home/geomatics_in_house_system/ros2_ws/install/vectornav_msgs/include/vectornav_msgs/vectornav_msgs/msg/detail
[373.382s] -- Installing: /home/geomatics_in_house_system/ros2_ws/install/vectornav_msgs/include/vectornav_msgs/vectornav_msgs/msg/detail/time_utc__traits.hpp
[373.387s] -- Installing: /home/geomatics_in_house_system/ros2_ws/install/vectornav_msgs/include/vectornav_msgs/vectornav_msgs/msg/detail/time_group__struct.hpp
[373.391s] -- Installing: /home/geomatics_in_house_system/ros2_ws/install/vectornav_msgs/include/vectornav_msgs/vectornav_msgs/msg/detail/attitude_group__struct.hpp
[373.396s] -- Installing: /home/geomatics_in_house_system/ros2_ws/install/vectornav_msgs/include/vectornav_msgs/vectornav_msgs/msg/detail/time_status__struct.hpp
[373.400s] -- Installing: /home/geomatics_in_house_system/ros2_ws/install/vectornav_msgs/include/vectornav_msgs/vectornav_msgs/msg/detail/ins_status__traits.hpp
[373.404s] -- Installing: /home/geomatics_in_house_system/ros2_ws/install/vectornav_msgs/include/vectornav_msgs/vectornav_msgs/msg/detail/dop__builder.hpp
[373.408s] -- Installing: /home/geomatics_in_house_system/ros2_ws/install/vectornav_msgs/include/vectornav_msgs/vectornav_msgs/msg/detail/common_group__struct.hpp
[373.428s] -- Installing: /home/geomatics_in_house_system/ros2_ws/install/vectornav_msgs/include/vectornav_msgs/vectornav_msgs/msg/detail/time_group__builder.hpp
[373.434s] -- Installing: /home/geomatics_in_house_system/ros2_ws/install/vectornav_msgs/include/vectornav_msgs/vectornav_msgs/msg/detail/attitude_group__builder.hpp
[373.440s] -- Installing: /home/geomatics_in_house_system/ros2_ws/install/vectornav_msgs/include/vectornav_msgs/vectornav_msgs/msg/detail/time_status__builder.hpp
[373.447s] -- Installing: /home/geomatics_in_house_system/ros2_ws/install/vectornav_msgs/include/vectornav_msgs/vectornav_msgs/msg/detail/ins_status__struct.hpp
[373.452s] -- Installing: /home/geomatics_in_house_system/ros2_ws/install/vectornav_msgs/include/vectornav_msgs/vectornav_msgs/msg/detail/dop__traits.hpp
[373.457s] -- Installing: /home/geomatics_in_house_system/ros2_ws/install/vectornav_msgs/include/vectornav_msgs/vectornav_msgs/msg/detail/gps_group__struct.hpp
[373.463s] -- Installing: /home/geomatics_in_house_system/ros2_ws/install/vectornav_msgs/include/vectornav_msgs/vectornav_msgs/msg/detail/ins_group__struct.hpp
[373.469s] -- Installing: /home/geomatics_in_house_system/ros2_ws/install/vectornav_msgs/include/vectornav_msgs/vectornav_msgs/msg/detail/vpe_status__traits.hpp
[373.472s] -- Installing: /home/geomatics_in_house_system/ros2_ws/install/vectornav_msgs/include/vectornav_msgs/vectornav_msgs/msg/detail/time_utc__builder.hpp
[373.475s] -- Installing: /home/geomatics_in_house_system/ros2_ws/install/vectornav_msgs/include/vectornav_msgs/vectornav_msgs/msg/detail/gps_group__builder.hpp
[373.478s] -- Installing: /home/geomatics_in_house_system/ros2_ws/install/vectornav_msgs/include/vectornav_msgs/vectornav_msgs/msg/detail/gps_group__traits.hpp
[373.480s] -- Installing: /home/geomatics_in_house_system/ros2_ws/install/vectornav_msgs/include/vectornav_msgs/vectornav_msgs/msg/detail/dop__struct.hpp
[373.483s] -- Installing: /home/geomatics_in_house_system/ros2_ws/install/vectornav_msgs/include/vectornav_msgs/vectornav_msgs/msg/detail/attitude_group__traits.hpp
[373.486s] -- Installing: /home/geomatics_in_house_system/ros2_ws/install/vectornav_msgs/include/vectornav_msgs/vectornav_msgs/msg/detail/time_status__traits.hpp
[373.488s] -- Installing: /home/geomatics_in_house_system/ros2_ws/install/vectornav_msgs/include/vectornav_msgs/vectornav_msgs/msg/detail/ins_status__builder.hpp
[373.491s] -- Installing: /home/geomatics_in_house_system/ros2_ws/install/vectornav_msgs/include/vectornav_msgs/vectornav_msgs/msg/detail/time_utc__struct.hpp
[373.493s] -- Installing: /home/geomatics_in_house_system/ros2_ws/install/vectornav_msgs/include/vectornav_msgs/vectornav_msgs/msg/detail/imu_group__traits.hpp
[373.496s] -- Installing: /home/geomatics_in_house_system/ros2_ws/install/vectornav_msgs/include/vectornav_msgs/vectornav_msgs/msg/detail/ins_group__builder.hpp
[373.498s] -- Installing: /home/geomatics_in_house_system/ros2_ws/install/vectornav_msgs/include/vectornav_msgs/vectornav_msgs/msg/detail/ins_group__traits.hpp
[373.500s] -- Installing: /home/geomatics_in_house_system/ros2_ws/install/vectornav_msgs/include/vectornav_msgs/vectornav_msgs/msg/detail/imu_group__struct.hpp
[373.503s] -- Installing: /home/geomatics_in_house_system/ros2_ws/install/vectornav_msgs/include/vectornav_msgs/vectornav_msgs/msg/detail/imu_group__builder.hpp
[373.506s] -- Installing: /home/geomatics_in_house_system/ros2_ws/install/vectornav_msgs/include/vectornav_msgs/vectornav_msgs/msg/detail/common_group__builder.hpp
[373.508s] -- Installing: /home/geomatics_in_house_system/ros2_ws/install/vectornav_msgs/include/vectornav_msgs/vectornav_msgs/msg/detail/common_group__traits.hpp
[373.510s] -- Installing: /home/geomatics_in_house_system/ros2_ws/install/vectornav_msgs/include/vectornav_msgs/vectornav_msgs/msg/detail/vpe_status__struct.hpp
[373.513s] -- Installing: /home/geomatics_in_house_system/ros2_ws/install/vectornav_msgs/include/vectornav_msgs/vectornav_msgs/msg/detail/time_group__traits.hpp
[373.515s] -- Installing: /home/geomatics_in_house_system/ros2_ws/install/vectornav_msgs/include/vectornav_msgs/vectornav_msgs/msg/detail/vpe_status__builder.hpp
[373.518s] -- Installing: /home/geomatics_in_house_system/ros2_ws/install/vectornav_msgs/include/vectornav_msgs/vectornav_msgs/msg/ins_group.hpp
[373.520s] -- Installing: /home/geomatics_in_house_system/ros2_ws/install/vectornav_msgs/include/vectornav_msgs/vectornav_msgs/msg/ins_status.hpp
[373.522s] -- Installing: /home/geomatics_in_house_system/ros2_ws/install/vectornav_msgs/include/vectornav_msgs/vectornav_msgs/msg/time_utc.hpp
[373.525s] -- Installing: /home/geomatics_in_house_system/ros2_ws/install/vectornav_msgs/include/vectornav_msgs/vectornav_msgs/msg/imu_group.hpp
[373.527s] -- Installing: /home/geomatics_in_house_system/ros2_ws/install/vectornav_msgs/include/vectornav_msgs/vectornav_msgs/msg/vpe_status.hpp
[373.529s] -- Installing: /home/geomatics_in_house_system/ros2_ws/install/vectornav_msgs/include/vectornav_msgs/vectornav_msgs/msg/attitude_group.hpp
[373.532s] -- Installing: /home/geomatics_in_house_system/ros2_ws/install/vectornav_msgs/include/vectornav_msgs/vectornav_msgs/msg/gps_group.hpp
[373.534s] -- Up-to-date: /home/geomatics_in_house_system/ros2_ws/install/vectornav_msgs/include/vectornav_msgs/vectornav_msgs/action
[373.535s] -- Up-to-date: /home/geomatics_in_house_system/ros2_ws/install/vectornav_msgs/include/vectornav_msgs/vectornav_msgs/action/detail
[373.537s] -- Installing: /home/geomatics_in_house_system/ros2_ws/install/vectornav_msgs/include/vectornav_msgs/vectornav_msgs/action/detail/mag_cal__struct.hpp
[373.540s] -- Installing: /home/geomatics_in_house_system/ros2_ws/install/vectornav_msgs/include/vectornav_msgs/vectornav_msgs/action/detail/mag_cal__builder.hpp
[373.543s] -- Installing: /home/geomatics_in_house_system/ros2_ws/install/vectornav_msgs/include/vectornav_msgs/vectornav_msgs/action/detail/mag_cal__traits.hpp
[373.545s] -- Installing: /home/geomatics_in_house_system/ros2_ws/install/vectornav_msgs/include/vectornav_msgs/vectornav_msgs/action/mag_cal.hpp
[373.548s] -- Up-to-date: /home/geomatics_in_house_system/ros2_ws/install/vectornav_msgs/include/vectornav_msgs/vectornav_msgs
[373.549s] -- Up-to-date: /home/geomatics_in_house_system/ros2_ws/install/vectornav_msgs/include/vectornav_msgs/vectornav_msgs/msg
[373.550s] -- Up-to-date: /home/geomatics_in_house_system/ros2_ws/install/vectornav_msgs/include/vectornav_msgs/vectornav_msgs/msg/detail
[373.552s] -- Installing: /home/geomatics_in_house_system/ros2_ws/install/vectornav_msgs/include/vectornav_msgs/vectornav_msgs/msg/detail/time_utc__rosidl_typesupport_fastrtps_cpp.hpp
[373.554s] -- Installing: /home/geomatics_in_house_system/ros2_ws/install/vectornav_msgs/include/vectornav_msgs/vectornav_msgs/msg/detail/time_status__rosidl_typesupport_fastrtps_cpp.hpp
[373.557s] -- Installing: /home/geomatics_in_house_system/ros2_ws/install/vectornav_msgs/include/vectornav_msgs/vectornav_msgs/msg/detail/dop__rosidl_typesupport_fastrtps_cpp.hpp
[373.561s] -- Installing: /home/geomatics_in_house_system/ros2_ws/install/vectornav_msgs/include/vectornav_msgs/vectornav_msgs/msg/detail/ins_group__rosidl_typesupport_fastrtps_cpp.hpp
[373.564s] -- Installing: /home/geomatics_in_house_system/ros2_ws/install/vectornav_msgs/include/vectornav_msgs/vectornav_msgs/msg/detail/common_group__rosidl_typesupport_fastrtps_cpp.hpp
[373.566s] -- Installing: /home/geomatics_in_house_system/ros2_ws/install/vectornav_msgs/include/vectornav_msgs/vectornav_msgs/msg/detail/attitude_group__rosidl_typesupport_fastrtps_cpp.hpp
[373.569s] -- Installing: /home/geomatics_in_house_system/ros2_ws/install/vectornav_msgs/include/vectornav_msgs/vectornav_msgs/msg/detail/imu_group__rosidl_typesupport_fastrtps_cpp.hpp
[373.572s] -- Installing: /home/geomatics_in_house_system/ros2_ws/install/vectornav_msgs/include/vectornav_msgs/vectornav_msgs/msg/detail/vpe_status__rosidl_typesupport_fastrtps_cpp.hpp
[373.577s] -- Installing: /home/geomatics_in_house_system/ros2_ws/install/vectornav_msgs/include/vectornav_msgs/vectornav_msgs/msg/detail/dds_fastrtps
[373.582s] -- Installing: /home/geomatics_in_house_system/ros2_ws/install/vectornav_msgs/include/vectornav_msgs/vectornav_msgs/msg/detail/time_group__rosidl_typesupport_fastrtps_cpp.hpp
[373.588s] -- Installing: /home/geomatics_in_house_system/ros2_ws/install/vectornav_msgs/include/vectornav_msgs/vectornav_msgs/msg/detail/ins_status__rosidl_typesupport_fastrtps_cpp.hpp
[373.594s] -- Installing: /home/geomatics_in_house_system/ros2_ws/install/vectornav_msgs/include/vectornav_msgs/vectornav_msgs/msg/detail/gps_group__rosidl_typesupport_fastrtps_cpp.hpp
[373.601s] -- Installing: /home/geomatics_in_house_system/ros2_ws/install/vectornav_msgs/include/vectornav_msgs/vectornav_msgs/msg/rosidl_typesupport_fastrtps_cpp__visibility_control.h
[373.606s] -- Up-to-date: /home/geomatics_in_house_system/ros2_ws/install/vectornav_msgs/include/vectornav_msgs/vectornav_msgs/action
[373.608s] -- Up-to-date: /home/geomatics_in_house_system/ros2_ws/install/vectornav_msgs/include/vectornav_msgs/vectornav_msgs/action/detail
[373.611s] -- Installing: /home/geomatics_in_house_system/ros2_ws/install/vectornav_msgs/include/vectornav_msgs/vectornav_msgs/action/detail/dds_fastrtps
[373.615s] -- Installing: /home/geomatics_in_house_system/ros2_ws/install/vectornav_msgs/include/vectornav_msgs/vectornav_msgs/action/detail/mag_cal__rosidl_typesupport_fastrtps_cpp.hpp
[373.623s] -- Installing: /home/geomatics_in_house_system/ros2_ws/install/vectornav_msgs/lib/libvectornav_msgs__rosidl_typesupport_fastrtps_cpp.so
[373.638s] -- Set runtime path of "/home/geomatics_in_house_system/ros2_ws/install/vectornav_msgs/lib/libvectornav_msgs__rosidl_typesupport_fastrtps_cpp.so" to ""
[373.640s] -- Up-to-date: /home/geomatics_in_house_system/ros2_ws/install/vectornav_msgs/include/vectornav_msgs/vectornav_msgs
[373.642s] -- Up-to-date: /home/geomatics_in_house_system/ros2_ws/install/vectornav_msgs/include/vectornav_msgs/vectornav_msgs/msg
[373.645s] -- Installing: /home/geomatics_in_house_system/ros2_ws/install/vectornav_msgs/include/vectornav_msgs/vectornav_msgs/msg/rosidl_typesupport_introspection_c__visibility_control.h
[373.651s] -- Up-to-date: /home/geomatics_in_house_system/ros2_ws/install/vectornav_msgs/include/vectornav_msgs/vectornav_msgs/msg/detail
[373.654s] -- Installing: /home/geomatics_in_house_system/ros2_ws/install/vectornav_msgs/include/vectornav_msgs/vectornav_msgs/msg/detail/time_utc__type_support.c
[373.659s] -- Installing: /home/geomatics_in_house_system/ros2_ws/install/vectornav_msgs/include/vectornav_msgs/vectornav_msgs/msg/detail/imu_group__rosidl_typesupport_introspection_c.h
[373.666s] -- Installing: /home/geomatics_in_house_system/ros2_ws/install/vectornav_msgs/include/vectornav_msgs/vectornav_msgs/msg/detail/vpe_status__type_support.c
[373.674s] -- Installing: /home/geomatics_in_house_system/ros2_ws/install/vectornav_msgs/include/vectornav_msgs/vectornav_msgs/msg/detail/imu_group__type_support.c
[373.680s] -- Installing: /home/geomatics_in_house_system/ros2_ws/install/vectornav_msgs/include/vectornav_msgs/vectornav_msgs/msg/detail/dop__rosidl_typesupport_introspection_c.h
[373.687s] -- Installing: /home/geomatics_in_house_system/ros2_ws/install/vectornav_msgs/include/vectornav_msgs/vectornav_msgs/msg/detail/time_group__rosidl_typesupport_introspection_c.h
[373.692s] -- Installing: /home/geomatics_in_house_system/ros2_ws/install/vectornav_msgs/include/vectornav_msgs/vectornav_msgs/msg/detail/time_group__type_support.c
[373.699s] -- Installing: /home/geomatics_in_house_system/ros2_ws/install/vectornav_msgs/include/vectornav_msgs/vectornav_msgs/msg/detail/common_group__rosidl_typesupport_introspection_c.h
[373.705s] -- Installing: /home/geomatics_in_house_system/ros2_ws/install/vectornav_msgs/include/vectornav_msgs/vectornav_msgs/msg/detail/ins_group__rosidl_typesupport_introspection_c.h
[373.712s] -- Installing: /home/geomatics_in_house_system/ros2_ws/install/vectornav_msgs/include/vectornav_msgs/vectornav_msgs/msg/detail/vpe_status__rosidl_typesupport_introspection_c.h
[373.719s] -- Installing: /home/geomatics_in_house_system/ros2_ws/install/vectornav_msgs/include/vectornav_msgs/vectornav_msgs/msg/detail/ins_status__rosidl_typesupport_introspection_c.h
[373.725s] -- Installing: /home/geomatics_in_house_system/ros2_ws/install/vectornav_msgs/include/vectornav_msgs/vectornav_msgs/msg/detail/attitude_group__rosidl_typesupport_introspection_c.h
[373.732s] -- Installing: /home/geomatics_in_house_system/ros2_ws/install/vectornav_msgs/include/vectornav_msgs/vectornav_msgs/msg/detail/ins_group__type_support.c
[373.738s] -- Installing: /home/geomatics_in_house_system/ros2_ws/install/vectornav_msgs/include/vectornav_msgs/vectornav_msgs/msg/detail/gps_group__rosidl_typesupport_introspection_c.h
[373.744s] -- Installing: /home/geomatics_in_house_system/ros2_ws/install/vectornav_msgs/include/vectornav_msgs/vectornav_msgs/msg/detail/common_group__type_support.c
[373.750s] -- Installing: /home/geomatics_in_house_system/ros2_ws/install/vectornav_msgs/include/vectornav_msgs/vectornav_msgs/msg/detail/time_utc__rosidl_typesupport_introspection_c.h
[373.755s] -- Installing: /home/geomatics_in_house_system/ros2_ws/install/vectornav_msgs/include/vectornav_msgs/vectornav_msgs/msg/detail/dop__type_support.c
[373.761s] -- Installing: /home/geomatics_in_house_system/ros2_ws/install/vectornav_msgs/include/vectornav_msgs/vectornav_msgs/msg/detail/time_status__type_support.c
[373.767s] -- Installing: /home/geomatics_in_house_system/ros2_ws/install/vectornav_msgs/include/vectornav_msgs/vectornav_msgs/msg/detail/ins_status__type_support.c
[373.773s] -- Installing: /home/geomatics_in_house_system/ros2_ws/install/vectornav_msgs/include/vectornav_msgs/vectornav_msgs/msg/detail/gps_group__type_support.c
[373.779s] -- Installing: /home/geomatics_in_house_system/ros2_ws/install/vectornav_msgs/include/vectornav_msgs/vectornav_msgs/msg/detail/attitude_group__type_support.c
[373.782s] -- Installing: /home/geomatics_in_house_system/ros2_ws/install/vectornav_msgs/include/vectornav_msgs/vectornav_msgs/msg/detail/time_status__rosidl_typesupport_introspection_c.h
[373.785s] -- Up-to-date: /home/geomatics_in_house_system/ros2_ws/install/vectornav_msgs/include/vectornav_msgs/vectornav_msgs/action
[373.786s] -- Up-to-date: /home/geomatics_in_house_system/ros2_ws/install/vectornav_msgs/include/vectornav_msgs/vectornav_msgs/action/detail
[373.787s] -- Installing: /home/geomatics_in_house_system/ros2_ws/install/vectornav_msgs/include/vectornav_msgs/vectornav_msgs/action/detail/mag_cal__rosidl_typesupport_introspection_c.h
[373.790s] -- Installing: /home/geomatics_in_house_system/ros2_ws/install/vectornav_msgs/include/vectornav_msgs/vectornav_msgs/action/detail/mag_cal__type_support.c
[373.793s] -- Installing: /home/geomatics_in_house_system/ros2_ws/install/vectornav_msgs/lib/libvectornav_msgs__rosidl_typesupport_introspection_c.so
[373.799s] -- Set runtime path of "/home/geomatics_in_house_system/ros2_ws/install/vectornav_msgs/lib/libvectornav_msgs__rosidl_typesupport_introspection_c.so" to ""
[373.801s] -- Installing: /home/geomatics_in_house_system/ros2_ws/install/vectornav_msgs/lib/libvectornav_msgs__rosidl_typesupport_c.so
[373.806s] -- Set runtime path of "/home/geomatics_in_house_system/ros2_ws/install/vectornav_msgs/lib/libvectornav_msgs__rosidl_typesupport_c.so" to ""
[373.806s] -- Up-to-date: /home/geomatics_in_house_system/ros2_ws/install/vectornav_msgs/include/vectornav_msgs/vectornav_msgs
[373.807s] -- Up-to-date: /home/geomatics_in_house_system/ros2_ws/install/vectornav_msgs/include/vectornav_msgs/vectornav_msgs/msg
[373.808s] -- Up-to-date: /home/geomatics_in_house_system/ros2_ws/install/vectornav_msgs/include/vectornav_msgs/vectornav_msgs/msg/detail
[373.810s] -- Installing: /home/geomatics_in_house_system/ros2_ws/install/vectornav_msgs/include/vectornav_msgs/vectornav_msgs/msg/detail/ins_status__rosidl_typesupport_introspection_cpp.hpp
[373.813s] -- Installing: /home/geomatics_in_house_system/ros2_ws/install/vectornav_msgs/include/vectornav_msgs/vectornav_msgs/msg/detail/common_group__type_support.cpp
[373.815s] -- Installing: /home/geomatics_in_house_system/ros2_ws/install/vectornav_msgs/include/vectornav_msgs/vectornav_msgs/msg/detail/dop__type_support.cpp
[373.818s] -- Installing: /home/geomatics_in_house_system/ros2_ws/install/vectornav_msgs/include/vectornav_msgs/vectornav_msgs/msg/detail/imu_group__rosidl_typesupport_introspection_cpp.hpp
[373.821s] -- Installing: /home/geomatics_in_house_system/ros2_ws/install/vectornav_msgs/include/vectornav_msgs/vectornav_msgs/msg/detail/time_utc__rosidl_typesupport_introspection_cpp.hpp
[373.823s] -- Installing: /home/geomatics_in_house_system/ros2_ws/install/vectornav_msgs/include/vectornav_msgs/vectornav_msgs/msg/detail/time_utc__type_support.cpp
[373.826s] -- Installing: /home/geomatics_in_house_system/ros2_ws/install/vectornav_msgs/include/vectornav_msgs/vectornav_msgs/msg/detail/time_status__type_support.cpp
[373.829s] -- Installing: /home/geomatics_in_house_system/ros2_ws/install/vectornav_msgs/include/vectornav_msgs/vectornav_msgs/msg/detail/attitude_group__type_support.cpp
[373.831s] -- Installing: /home/geomatics_in_house_system/ros2_ws/install/vectornav_msgs/include/vectornav_msgs/vectornav_msgs/msg/detail/ins_group__rosidl_typesupport_introspection_cpp.hpp
[373.834s] -- Installing: /home/geomatics_in_house_system/ros2_ws/install/vectornav_msgs/include/vectornav_msgs/vectornav_msgs/msg/detail/common_group__rosidl_typesupport_introspection_cpp.hpp
[373.837s] -- Installing: /home/geomatics_in_house_system/ros2_ws/install/vectornav_msgs/include/vectornav_msgs/vectornav_msgs/msg/detail/time_group__type_support.cpp
[373.839s] -- Installing: /home/geomatics_in_house_system/ros2_ws/install/vectornav_msgs/include/vectornav_msgs/vectornav_msgs/msg/detail/time_group__rosidl_typesupport_introspection_cpp.hpp
[373.842s] -- Installing: /home/geomatics_in_house_system/ros2_ws/install/vectornav_msgs/include/vectornav_msgs/vectornav_msgs/msg/detail/gps_group__rosidl_typesupport_introspection_cpp.hpp
[373.845s] -- Installing: /home/geomatics_in_house_system/ros2_ws/install/vectornav_msgs/include/vectornav_msgs/vectornav_msgs/msg/detail/time_status__rosidl_typesupport_introspection_cpp.hpp
[373.848s] -- Installing: /home/geomatics_in_house_system/ros2_ws/install/vectornav_msgs/include/vectornav_msgs/vectornav_msgs/msg/detail/gps_group__type_support.cpp
[373.852s] -- Installing: /home/geomatics_in_house_system/ros2_ws/install/vectornav_msgs/include/vectornav_msgs/vectornav_msgs/msg/detail/dop__rosidl_typesupport_introspection_cpp.hpp
[373.854s] -- Installing: /home/geomatics_in_house_system/ros2_ws/install/vectornav_msgs/include/vectornav_msgs/vectornav_msgs/msg/detail/ins_group__type_support.cpp
[373.858s] -- Installing: /home/geomatics_in_house_system/ros2_ws/install/vectornav_msgs/include/vectornav_msgs/vectornav_msgs/msg/detail/imu_group__type_support.cpp
[373.861s] -- Installing: /home/geomatics_in_house_system/ros2_ws/install/vectornav_msgs/include/vectornav_msgs/vectornav_msgs/msg/detail/vpe_status__rosidl_typesupport_introspection_cpp.hpp
[373.864s] -- Installing: /home/geomatics_in_house_system/ros2_ws/install/vectornav_msgs/include/vectornav_msgs/vectornav_msgs/msg/detail/ins_status__type_support.cpp
[373.867s] -- Installing: /home/geomatics_in_house_system/ros2_ws/install/vectornav_msgs/include/vectornav_msgs/vectornav_msgs/msg/detail/vpe_status__type_support.cpp
[373.871s] -- Installing: /home/geomatics_in_house_system/ros2_ws/install/vectornav_msgs/include/vectornav_msgs/vectornav_msgs/msg/detail/attitude_group__rosidl_typesupport_introspection_cpp.hpp
[373.874s] -- Up-to-date: /home/geomatics_in_house_system/ros2_ws/install/vectornav_msgs/include/vectornav_msgs/vectornav_msgs/action
[373.875s] -- Up-to-date: /home/geomatics_in_house_system/ros2_ws/install/vectornav_msgs/include/vectornav_msgs/vectornav_msgs/action/detail
[373.876s] -- Installing: /home/geomatics_in_house_system/ros2_ws/install/vectornav_msgs/include/vectornav_msgs/vectornav_msgs/action/detail/mag_cal__type_support.cpp
[373.880s] -- Installing: /home/geomatics_in_house_system/ros2_ws/install/vectornav_msgs/include/vectornav_msgs/vectornav_msgs/action/detail/mag_cal__rosidl_typesupport_introspection_cpp.hpp
[373.887s] -- Installing: /home/geomatics_in_house_system/ros2_ws/install/vectornav_msgs/lib/libvectornav_msgs__rosidl_typesupport_introspection_cpp.so
[373.903s] -- Set runtime path of "/home/geomatics_in_house_system/ros2_ws/install/vectornav_msgs/lib/libvectornav_msgs__rosidl_typesupport_introspection_cpp.so" to ""
[373.905s] -- Installing: /home/geomatics_in_house_system/ros2_ws/install/vectornav_msgs/lib/libvectornav_msgs__rosidl_typesupport_cpp.so
[373.916s] -- Set runtime path of "/home/geomatics_in_house_system/ros2_ws/install/vectornav_msgs/lib/libvectornav_msgs__rosidl_typesupport_cpp.so" to ""
[373.918s] -- Installing: /home/geomatics_in_house_system/ros2_ws/install/vectornav_msgs/share/vectornav_msgs/environment/pythonpath.sh
[373.924s] -- Installing: /home/geomatics_in_house_system/ros2_ws/install/vectornav_msgs/share/vectornav_msgs/environment/pythonpath.dsv
[373.930s] -- Installing: /home/geomatics_in_house_system/ros2_ws/install/vectornav_msgs/local/lib/python3.10/dist-packages/vectornav_msgs-3.0.0-py3.10.egg-info
[373.935s] -- Installing: /home/geomatics_in_house_system/ros2_ws/install/vectornav_msgs/local/lib/python3.10/dist-packages/vectornav_msgs-3.0.0-py3.10.egg-info/dependency_links.txt
[373.941s] -- Installing: /home/geomatics_in_house_system/ros2_ws/install/vectornav_msgs/local/lib/python3.10/dist-packages/vectornav_msgs-3.0.0-py3.10.egg-info/SOURCES.txt
[373.947s] -- Installing: /home/geomatics_in_house_system/ros2_ws/install/vectornav_msgs/local/lib/python3.10/dist-packages/vectornav_msgs-3.0.0-py3.10.egg-info/top_level.txt
[373.952s] -- Installing: /home/geomatics_in_house_system/ros2_ws/install/vectornav_msgs/local/lib/python3.10/dist-packages/vectornav_msgs-3.0.0-py3.10.egg-info/PKG-INFO
[373.958s] -- Installing: /home/geomatics_in_house_system/ros2_ws/install/vectornav_msgs/local/lib/python3.10/dist-packages/vectornav_msgs
[373.962s] -- Installing: /home/geomatics_in_house_system/ros2_ws/install/vectornav_msgs/local/lib/python3.10/dist-packages/vectornav_msgs/msg
[373.966s] -- Installing: /home/geomatics_in_house_system/ros2_ws/install/vectornav_msgs/local/lib/python3.10/dist-packages/vectornav_msgs/msg/_time_utc_s.c
[373.973s] -- Installing: /home/geomatics_in_house_system/ros2_ws/install/vectornav_msgs/local/lib/python3.10/dist-packages/vectornav_msgs/msg/_imu_group.py
[373.980s] -- Installing: /home/geomatics_in_house_system/ros2_ws/install/vectornav_msgs/local/lib/python3.10/dist-packages/vectornav_msgs/msg/_attitude_group_s.c
[373.986s] -- Installing: /home/geomatics_in_house_system/ros2_ws/install/vectornav_msgs/local/lib/python3.10/dist-packages/vectornav_msgs/msg/_common_group_s.c
[373.990s] -- Installing: /home/geomatics_in_house_system/ros2_ws/install/vectornav_msgs/local/lib/python3.10/dist-packages/vectornav_msgs/msg/_ins_group_s.c
[373.992s] -- Installing: /home/geomatics_in_house_system/ros2_ws/install/vectornav_msgs/local/lib/python3.10/dist-packages/vectornav_msgs/msg/_attitude_group.py
[373.995s] -- Installing: /home/geomatics_in_house_system/ros2_ws/install/vectornav_msgs/local/lib/python3.10/dist-packages/vectornav_msgs/msg/_time_group.py
[373.997s] -- Installing: /home/geomatics_in_house_system/ros2_ws/install/vectornav_msgs/local/lib/python3.10/dist-packages/vectornav_msgs/msg/_ins_status_s.c
[374.000s] -- Installing: /home/geomatics_in_house_system/ros2_ws/install/vectornav_msgs/local/lib/python3.10/dist-packages/vectornav_msgs/msg/_time_status.py
[374.002s] -- Installing: /home/geomatics_in_house_system/ros2_ws/install/vectornav_msgs/local/lib/python3.10/dist-packages/vectornav_msgs/msg/_time_status_s.c
[374.004s] -- Installing: /home/geomatics_in_house_system/ros2_ws/install/vectornav_msgs/local/lib/python3.10/dist-packages/vectornav_msgs/msg/_gps_group.py
[374.006s] -- Installing: /home/geomatics_in_house_system/ros2_ws/install/vectornav_msgs/local/lib/python3.10/dist-packages/vectornav_msgs/msg/_gps_group_s.c
[374.009s] -- Installing: /home/geomatics_in_house_system/ros2_ws/install/vectornav_msgs/local/lib/python3.10/dist-packages/vectornav_msgs/msg/__init__.py
[374.011s] -- Installing: /home/geomatics_in_house_system/ros2_ws/install/vectornav_msgs/local/lib/python3.10/dist-packages/vectornav_msgs/msg/_vpe_status.py
[374.013s] -- Installing: /home/geomatics_in_house_system/ros2_ws/install/vectornav_msgs/local/lib/python3.10/dist-packages/vectornav_msgs/msg/_ins_group.py
[374.016s] -- Installing: /home/geomatics_in_house_system/ros2_ws/install/vectornav_msgs/local/lib/python3.10/dist-packages/vectornav_msgs/msg/_dop_s.c
[374.018s] -- Installing: /home/geomatics_in_house_system/ros2_ws/install/vectornav_msgs/local/lib/python3.10/dist-packages/vectornav_msgs/msg/_imu_group_s.c
[374.020s] -- Installing: /home/geomatics_in_house_system/ros2_ws/install/vectornav_msgs/local/lib/python3.10/dist-packages/vectornav_msgs/msg/_vpe_status_s.c
[374.023s] -- Installing: /home/geomatics_in_house_system/ros2_ws/install/vectornav_msgs/local/lib/python3.10/dist-packages/vectornav_msgs/msg/_ins_status.py
[374.025s] -- Installing: /home/geomatics_in_house_system/ros2_ws/install/vectornav_msgs/local/lib/python3.10/dist-packages/vectornav_msgs/msg/_dop.py
[374.027s] -- Installing: /home/geomatics_in_house_system/ros2_ws/install/vectornav_msgs/local/lib/python3.10/dist-packages/vectornav_msgs/msg/_common_group.py
[374.030s] -- Installing: /home/geomatics_in_house_system/ros2_ws/install/vectornav_msgs/local/lib/python3.10/dist-packages/vectornav_msgs/msg/_time_group_s.c
[374.032s] -- Installing: /home/geomatics_in_house_system/ros2_ws/install/vectornav_msgs/local/lib/python3.10/dist-packages/vectornav_msgs/msg/_time_utc.py
[374.035s] -- Installing: /home/geomatics_in_house_system/ros2_ws/install/vectornav_msgs/local/lib/python3.10/dist-packages/vectornav_msgs/_vectornav_msgs_s.ep.rosidl_typesupport_c.c
[374.038s] -- Installing: /home/geomatics_in_house_system/ros2_ws/install/vectornav_msgs/local/lib/python3.10/dist-packages/vectornav_msgs/action
[374.039s] -- Installing: /home/geomatics_in_house_system/ros2_ws/install/vectornav_msgs/local/lib/python3.10/dist-packages/vectornav_msgs/action/__init__.py
[374.042s] -- Installing: /home/geomatics_in_house_system/ros2_ws/install/vectornav_msgs/local/lib/python3.10/dist-packages/vectornav_msgs/action/_mag_cal_s.c
[374.045s] -- Installing: /home/geomatics_in_house_system/ros2_ws/install/vectornav_msgs/local/lib/python3.10/dist-packages/vectornav_msgs/action/_mag_cal.py
[374.047s] -- Installing: /home/geomatics_in_house_system/ros2_ws/install/vectornav_msgs/local/lib/python3.10/dist-packages/vectornav_msgs/libvectornav_msgs__rosidl_generator_py.so
[374.051s] -- Installing: /home/geomatics_in_house_system/ros2_ws/install/vectornav_msgs/local/lib/python3.10/dist-packages/vectornav_msgs/_vectornav_msgs_s.ep.rosidl_typesupport_fastrtps_c.c
[374.055s] -- Installing: /home/geomatics_in_house_system/ros2_ws/install/vectornav_msgs/local/lib/python3.10/dist-packages/vectornav_msgs/vectornav_msgs_s__rosidl_typesupport_fastrtps_c.cpython-310-aarch64-linux-gnu.so
[374.059s] -- Installing: /home/geomatics_in_house_system/ros2_ws/install/vectornav_msgs/local/lib/python3.10/dist-packages/vectornav_msgs/vectornav_msgs_s__rosidl_typesupport_c.cpython-310-aarch64-linux-gnu.so
[374.062s] -- Installing: /home/geomatics_in_house_system/ros2_ws/install/vectornav_msgs/local/lib/python3.10/dist-packages/vectornav_msgs/_vectornav_msgs_s.ep.rosidl_typesupport_introspection_c.c
[374.065s] -- Installing: /home/geomatics_in_house_system/ros2_ws/install/vectornav_msgs/local/lib/python3.10/dist-packages/vectornav_msgs/__init__.py
[374.067s] -- Installing: /home/geomatics_in_house_system/ros2_ws/install/vectornav_msgs/local/lib/python3.10/dist-packages/vectornav_msgs/vectornav_msgs_s__rosidl_typesupport_introspection_c.cpython-310-aarch64-linux-gnu.so
[374.577s] Listing '/home/geomatics_in_house_system/ros2_ws/install/vectornav_msgs/local/lib/python3.10/dist-packages/vectornav_msgs'...
[374.579s] Compiling '/home/geomatics_in_house_system/ros2_ws/install/vectornav_msgs/local/lib/python3.10/dist-packages/vectornav_msgs/__init__.py'...
[374.581s] Listing '/home/geomatics_in_house_system/ros2_ws/install/vectornav_msgs/local/lib/python3.10/dist-packages/vectornav_msgs/action'...
[374.582s] Compiling '/home/geomatics_in_house_system/ros2_ws/install/vectornav_msgs/local/lib/python3.10/dist-packages/vectornav_msgs/action/__init__.py'...
[374.584s] Compiling '/home/geomatics_in_house_system/ros2_ws/install/vectornav_msgs/local/lib/python3.10/dist-packages/vectornav_msgs/action/_mag_cal.py'...
[374.585s] Listing '/home/geomatics_in_house_system/ros2_ws/install/vectornav_msgs/local/lib/python3.10/dist-packages/vectornav_msgs/msg'...
[374.586s] Compiling '/home/geomatics_in_house_system/ros2_ws/install/vectornav_msgs/local/lib/python3.10/dist-packages/vectornav_msgs/msg/__init__.py'...
[374.588s] Compiling '/home/geomatics_in_house_system/ros2_ws/install/vectornav_msgs/local/lib/python3.10/dist-packages/vectornav_msgs/msg/_attitude_group.py'...
[374.589s] Compiling '/home/geomatics_in_house_system/ros2_ws/install/vectornav_msgs/local/lib/python3.10/dist-packages/vectornav_msgs/msg/_common_group.py'...
[374.599s] Compiling '/home/geomatics_in_house_system/ros2_ws/install/vectornav_msgs/local/lib/python3.10/dist-packages/vectornav_msgs/msg/_dop.py'...
[374.600s] Compiling '/home/geomatics_in_house_system/ros2_ws/install/vectornav_msgs/local/lib/python3.10/dist-packages/vectornav_msgs/msg/_gps_group.py'...
[374.601s] Compiling '/home/geomatics_in_house_system/ros2_ws/install/vectornav_msgs/local/lib/python3.10/dist-packages/vectornav_msgs/msg/_imu_group.py'...
[374.602s] Compiling '/home/geomatics_in_house_system/ros2_ws/install/vectornav_msgs/local/lib/python3.10/dist-packages/vectornav_msgs/msg/_ins_group.py'...
[374.604s] Compiling '/home/geomatics_in_house_system/ros2_ws/install/vectornav_msgs/local/lib/python3.10/dist-packages/vectornav_msgs/msg/_ins_status.py'...
[374.605s] Compiling '/home/geomatics_in_house_system/ros2_ws/install/vectornav_msgs/local/lib/python3.10/dist-packages/vectornav_msgs/msg/_time_group.py'...
[374.607s] Compiling '/home/geomatics_in_house_system/ros2_ws/install/vectornav_msgs/local/lib/python3.10/dist-packages/vectornav_msgs/msg/_time_status.py'...
[374.608s] Compiling '/home/geomatics_in_house_system/ros2_ws/install/vectornav_msgs/local/lib/python3.10/dist-packages/vectornav_msgs/msg/_time_utc.py'...
[374.622s] Compiling '/home/geomatics_in_house_system/ros2_ws/install/vectornav_msgs/local/lib/python3.10/dist-packages/vectornav_msgs/msg/_vpe_status.py'...
[374.640s] -- Installing: /home/geomatics_in_house_system/ros2_ws/install/vectornav_msgs/local/lib/python3.10/dist-packages/vectornav_msgs/vectornav_msgs_s__rosidl_typesupport_fastrtps_c.cpython-310-aarch64-linux-gnu.so
[374.655s] -- Set runtime path of "/home/geomatics_in_house_system/ros2_ws/install/vectornav_msgs/local/lib/python3.10/dist-packages/vectornav_msgs/vectornav_msgs_s__rosidl_typesupport_fastrtps_c.cpython-310-aarch64-linux-gnu.so" to ""
[374.664s] -- Installing: /home/geomatics_in_house_system/ros2_ws/install/vectornav_msgs/local/lib/python3.10/dist-packages/vectornav_msgs/vectornav_msgs_s__rosidl_typesupport_introspection_c.cpython-310-aarch64-linux-gnu.so
[374.678s] -- Set runtime path of "/home/geomatics_in_house_system/ros2_ws/install/vectornav_msgs/local/lib/python3.10/dist-packages/vectornav_msgs/vectornav_msgs_s__rosidl_typesupport_introspection_c.cpython-310-aarch64-linux-gnu.so" to ""
[374.691s] -- Installing: /home/geomatics_in_house_system/ros2_ws/install/vectornav_msgs/local/lib/python3.10/dist-packages/vectornav_msgs/vectornav_msgs_s__rosidl_typesupport_c.cpython-310-aarch64-linux-gnu.so
[374.706s] -- Set runtime path of "/home/geomatics_in_house_system/ros2_ws/install/vectornav_msgs/local/lib/python3.10/dist-packages/vectornav_msgs/vectornav_msgs_s__rosidl_typesupport_c.cpython-310-aarch64-linux-gnu.so" to ""
[374.710s] -- Installing: /home/geomatics_in_house_system/ros2_ws/install/vectornav_msgs/lib/libvectornav_msgs__rosidl_generator_py.so
[374.717s] -- Set runtime path of "/home/geomatics_in_house_system/ros2_ws/install/vectornav_msgs/lib/libvectornav_msgs__rosidl_generator_py.so" to ""
[374.719s] -- Installing: /home/geomatics_in_house_system/ros2_ws/install/vectornav_msgs/share/vectornav_msgs/msg/AttitudeGroup.idl
[374.723s] -- Installing: /home/geomatics_in_house_system/ros2_ws/install/vectornav_msgs/share/vectornav_msgs/msg/CommonGroup.idl
[374.727s] -- Installing: /home/geomatics_in_house_system/ros2_ws/install/vectornav_msgs/share/vectornav_msgs/msg/DOP.idl
[374.731s] -- Installing: /home/geomatics_in_house_system/ros2_ws/install/vectornav_msgs/share/vectornav_msgs/msg/GpsGroup.idl
[374.735s] -- Installing: /home/geomatics_in_house_system/ros2_ws/install/vectornav_msgs/share/vectornav_msgs/msg/ImuGroup.idl
[374.739s] -- Installing: /home/geomatics_in_house_system/ros2_ws/install/vectornav_msgs/share/vectornav_msgs/msg/InsGroup.idl
[374.742s] -- Installing: /home/geomatics_in_house_system/ros2_ws/install/vectornav_msgs/share/vectornav_msgs/msg/InsStatus.idl
[374.746s] -- Installing: /home/geomatics_in_house_system/ros2_ws/install/vectornav_msgs/share/vectornav_msgs/msg/TimeGroup.idl
[374.751s] -- Installing: /home/geomatics_in_house_system/ros2_ws/install/vectornav_msgs/share/vectornav_msgs/msg/TimeStatus.idl
[374.755s] -- Installing: /home/geomatics_in_house_system/ros2_ws/install/vectornav_msgs/share/vectornav_msgs/msg/TimeUTC.idl
[374.760s] -- Installing: /home/geomatics_in_house_system/ros2_ws/install/vectornav_msgs/share/vectornav_msgs/msg/VpeStatus.idl
[374.764s] -- Installing: /home/geomatics_in_house_system/ros2_ws/install/vectornav_msgs/share/vectornav_msgs/action/MagCal.idl
[374.769s] -- Installing: /home/geomatics_in_house_system/ros2_ws/install/vectornav_msgs/share/vectornav_msgs/msg/AttitudeGroup.msg
[374.773s] -- Installing: /home/geomatics_in_house_system/ros2_ws/install/vectornav_msgs/share/vectornav_msgs/msg/CommonGroup.msg
[374.778s] -- Installing: /home/geomatics_in_house_system/ros2_ws/install/vectornav_msgs/share/vectornav_msgs/msg/DOP.msg
[374.785s] -- Installing: /home/geomatics_in_house_system/ros2_ws/install/vectornav_msgs/share/vectornav_msgs/msg/GpsGroup.msg
[374.793s] -- Installing: /home/geomatics_in_house_system/ros2_ws/install/vectornav_msgs/share/vectornav_msgs/msg/ImuGroup.msg
[374.801s] -- Installing: /home/geomatics_in_house_system/ros2_ws/install/vectornav_msgs/share/vectornav_msgs/msg/InsGroup.msg
[374.809s] -- Installing: /home/geomatics_in_house_system/ros2_ws/install/vectornav_msgs/share/vectornav_msgs/msg/InsStatus.msg
[374.816s] -- Installing: /home/geomatics_in_house_system/ros2_ws/install/vectornav_msgs/share/vectornav_msgs/msg/TimeGroup.msg
[374.823s] -- Installing: /home/geomatics_in_house_system/ros2_ws/install/vectornav_msgs/share/vectornav_msgs/msg/TimeStatus.msg
[374.831s] -- Installing: /home/geomatics_in_house_system/ros2_ws/install/vectornav_msgs/share/vectornav_msgs/msg/TimeUTC.msg
[374.838s] -- Installing: /home/geomatics_in_house_system/ros2_ws/install/vectornav_msgs/share/vectornav_msgs/msg/VpeStatus.msg
[374.846s] -- Installing: /home/geomatics_in_house_system/ros2_ws/install/vectornav_msgs/share/vectornav_msgs/action/MagCal.action
[374.854s] -- Installing: /home/geomatics_in_house_system/ros2_ws/install/vectornav_msgs/share/ament_index/resource_index/package_run_dependencies/vectornav_msgs
[374.863s] -- Installing: /home/geomatics_in_house_system/ros2_ws/install/vectornav_msgs/share/ament_index/resource_index/parent_prefix_path/vectornav_msgs
[374.870s] -- Installing: /home/geomatics_in_house_system/ros2_ws/install/vectornav_msgs/share/vectornav_msgs/environment/ament_prefix_path.sh
[374.876s] -- Installing: /home/geomatics_in_house_system/ros2_ws/install/vectornav_msgs/share/vectornav_msgs/environment/ament_prefix_path.dsv
[374.886s] -- Installing: /home/geomatics_in_house_system/ros2_ws/install/vectornav_msgs/share/vectornav_msgs/environment/path.sh
[374.893s] -- Installing: /home/geomatics_in_house_system/ros2_ws/install/vectornav_msgs/share/vectornav_msgs/environment/path.dsv
[374.899s] -- Installing: /home/geomatics_in_house_system/ros2_ws/install/vectornav_msgs/share/vectornav_msgs/local_setup.bash
[374.907s] -- Installing: /home/geomatics_in_house_system/ros2_ws/install/vectornav_msgs/share/vectornav_msgs/local_setup.sh
[374.913s] -- Installing: /home/geomatics_in_house_system/ros2_ws/install/vectornav_msgs/share/vectornav_msgs/local_setup.zsh
[374.919s] -- Installing: /home/geomatics_in_house_system/ros2_ws/install/vectornav_msgs/share/vectornav_msgs/local_setup.dsv
[374.923s] -- Installing: /home/geomatics_in_house_system/ros2_ws/install/vectornav_msgs/share/vectornav_msgs/package.dsv
[374.925s] -- Installing: /home/geomatics_in_house_system/ros2_ws/install/vectornav_msgs/share/ament_index/resource_index/packages/vectornav_msgs
[374.928s] -- Installing: /home/geomatics_in_house_system/ros2_ws/install/vectornav_msgs/share/vectornav_msgs/cmake/export_vectornav_msgs__rosidl_generator_cExport.cmake
[374.931s] -- Installing: /home/geomatics_in_house_system/ros2_ws/install/vectornav_msgs/share/vectornav_msgs/cmake/export_vectornav_msgs__rosidl_generator_cExport-noconfig.cmake
[374.935s] -- Installing: /home/geomatics_in_house_system/ros2_ws/install/vectornav_msgs/share/vectornav_msgs/cmake/export_vectornav_msgs__rosidl_typesupport_fastrtps_cExport.cmake
[374.937s] -- Installing: /home/geomatics_in_house_system/ros2_ws/install/vectornav_msgs/share/vectornav_msgs/cmake/export_vectornav_msgs__rosidl_typesupport_fastrtps_cExport-noconfig.cmake
[374.941s] -- Installing: /home/geomatics_in_house_system/ros2_ws/install/vectornav_msgs/share/vectornav_msgs/cmake/export_vectornav_msgs__rosidl_generator_cppExport.cmake
[374.944s] -- Installing: /home/geomatics_in_house_system/ros2_ws/install/vectornav_msgs/share/vectornav_msgs/cmake/export_vectornav_msgs__rosidl_typesupport_fastrtps_cppExport.cmake
[374.947s] -- Installing: /home/geomatics_in_house_system/ros2_ws/install/vectornav_msgs/share/vectornav_msgs/cmake/export_vectornav_msgs__rosidl_typesupport_fastrtps_cppExport-noconfig.cmake
[374.950s] -- Installing: /home/geomatics_in_house_system/ros2_ws/install/vectornav_msgs/share/vectornav_msgs/cmake/vectornav_msgs__rosidl_typesupport_introspection_cExport.cmake
[374.953s] -- Installing: /home/geomatics_in_house_system/ros2_ws/install/vectornav_msgs/share/vectornav_msgs/cmake/vectornav_msgs__rosidl_typesupport_introspection_cExport-noconfig.cmake
[374.956s] -- Installing: /home/geomatics_in_house_system/ros2_ws/install/vectornav_msgs/share/vectornav_msgs/cmake/vectornav_msgs__rosidl_typesupport_cExport.cmake
[374.959s] -- Installing: /home/geomatics_in_house_system/ros2_ws/install/vectornav_msgs/share/vectornav_msgs/cmake/vectornav_msgs__rosidl_typesupport_cExport-noconfig.cmake
[374.962s] -- Installing: /home/geomatics_in_house_system/ros2_ws/install/vectornav_msgs/share/vectornav_msgs/cmake/vectornav_msgs__rosidl_typesupport_introspection_cppExport.cmake
[374.965s] -- Installing: /home/geomatics_in_house_system/ros2_ws/install/vectornav_msgs/share/vectornav_msgs/cmake/vectornav_msgs__rosidl_typesupport_introspection_cppExport-noconfig.cmake
[374.968s] -- Installing: /home/geomatics_in_house_system/ros2_ws/install/vectornav_msgs/share/vectornav_msgs/cmake/vectornav_msgs__rosidl_typesupport_cppExport.cmake
[374.971s] -- Installing: /home/geomatics_in_house_system/ros2_ws/install/vectornav_msgs/share/vectornav_msgs/cmake/vectornav_msgs__rosidl_typesupport_cppExport-noconfig.cmake
[374.974s] -- Installing: /home/geomatics_in_house_system/ros2_ws/install/vectornav_msgs/share/vectornav_msgs/cmake/export_vectornav_msgs__rosidl_generator_pyExport.cmake
[374.977s] -- Installing: /home/geomatics_in_house_system/ros2_ws/install/vectornav_msgs/share/vectornav_msgs/cmake/export_vectornav_msgs__rosidl_generator_pyExport-noconfig.cmake
[374.980s] -- Installing: /home/geomatics_in_house_system/ros2_ws/install/vectornav_msgs/share/vectornav_msgs/cmake/rosidl_cmake-extras.cmake
[374.984s] -- Installing: /home/geomatics_in_house_system/ros2_ws/install/vectornav_msgs/share/vectornav_msgs/cmake/ament_cmake_export_dependencies-extras.cmake
[374.987s] -- Installing: /home/geomatics_in_house_system/ros2_ws/install/vectornav_msgs/share/vectornav_msgs/cmake/ament_cmake_export_include_directories-extras.cmake
[374.989s] -- Installing: /home/geomatics_in_house_system/ros2_ws/install/vectornav_msgs/share/vectornav_msgs/cmake/ament_cmake_export_libraries-extras.cmake
[374.992s] -- Installing: /home/geomatics_in_house_system/ros2_ws/install/vectornav_msgs/share/vectornav_msgs/cmake/ament_cmake_export_targets-extras.cmake
[374.995s] -- Installing: /home/geomatics_in_house_system/ros2_ws/install/vectornav_msgs/share/vectornav_msgs/cmake/rosidl_cmake_export_typesupport_targets-extras.cmake
[374.998s] -- Installing: /home/geomatics_in_house_system/ros2_ws/install/vectornav_msgs/share/vectornav_msgs/cmake/rosidl_cmake_export_typesupport_libraries-extras.cmake
[375.001s] -- Installing: /home/geomatics_in_house_system/ros2_ws/install/vectornav_msgs/share/vectornav_msgs/cmake/vectornav_msgsConfig.cmake
[375.004s] -- Installing: /home/geomatics_in_house_system/ros2_ws/install/vectornav_msgs/share/vectornav_msgs/cmake/vectornav_msgsConfig-version.cmake
[375.006s] -- Installing: /home/geomatics_in_house_system/ros2_ws/install/vectornav_msgs/share/vectornav_msgs/package.xml
[375.027s] Invoked command in '/home/geomatics_in_house_system/ros2_ws/build/vectornav_msgs' returned '0': CMAKE_PREFIX_PATH=${CMAKE_PREFIX_PATH}:/opt/ros/humble /usr/bin/cmake --install /home/geomatics_in_house_system/ros2_ws/build/vectornav_msgs
