-- Found ament_cmake: 1.3.8 (/opt/ros/humble/share/ament_cmake/cmake)
-- Found rclcpp: 16.0.8 (/opt/ros/humble/share/rclcpp/cmake)
-- Found rosidl_generator_c: 3.1.5 (/opt/ros/humble/share/rosidl_generator_c/cmake)
-- Found rosidl_adapter: 3.1.5 (/opt/ros/humble/share/rosidl_adapter/cmake)
-- Found rosidl_generator_cpp: 3.1.5 (/opt/ros/humble/share/rosidl_generator_cpp/cmake)
-- Using all available rosidl_typesupport_c: rosidl_typesupport_fastrtps_c;rosidl_typesupport_introspection_c
-- Using all available rosidl_typesupport_cpp: rosidl_typesupport_fastrtps_cpp;rosidl_typesupport_introspection_cpp
-- Found rmw_implementation_cmake: 6.1.1 (/opt/ros/humble/share/rmw_implementation_cmake/cmake)
-- Found rmw_fastrtps_cpp: 6.2.6 (/opt/ros/humble/share/rmw_fastrtps_cpp/cmake)
-- Using RMW implementation 'rmw_fastrtps_cpp' as default
-- Found sensor_msgs: 4.2.3 (/opt/ros/humble/share/sensor_msgs/cmake)
-- Found tf2_geometry_msgs: 0.25.6 (/opt/ros/humble/share/tf2_geometry_msgs/cmake)
-- Found eigen3_cmake_module: 0.1.1 (/opt/ros/humble/share/eigen3_cmake_module/cmake)
-- Ensuring Eigen3 include directory is part of orocos-kdl CMake target
-- Found nav_msgs: 4.2.3 (/opt/ros/humble/share/nav_msgs/cmake)
-- Configuring done
-- Generating done
-- Build files have been written to: /home/geomatics_in_house_system/ros2_ws/build/imu_odom
[35m[1mConsolidate compiler generated dependencies of target imu_odom_node[0m
[100%] Built target imu_odom_node
-- Install configuration: ""
-- Up-to-date: /home/geomatics_in_house_system/ros2_ws/install/imu_odom/lib/imu_odom/imu_odom_node
-- Installing: /home/geomatics_in_house_system/ros2_ws/install/imu_odom/share/imu_odom/launch
-- Installing: /home/geomatics_in_house_system/ros2_ws/install/imu_odom/share/imu_odom/launch/imu_odom.launch
-- Up-to-date: /home/geomatics_in_house_system/ros2_ws/install/imu_odom/share/ament_index/resource_index/package_run_dependencies/imu_odom
-- Installing: /home/geomatics_in_house_system/ros2_ws/install/imu_odom/share/ament_index/resource_index/parent_prefix_path/imu_odom
-- Up-to-date: /home/geomatics_in_house_system/ros2_ws/install/imu_odom/share/imu_odom/environment/ament_prefix_path.sh
-- Installing: /home/geomatics_in_house_system/ros2_ws/install/imu_odom/share/imu_odom/environment/ament_prefix_path.dsv
-- Up-to-date: /home/geomatics_in_house_system/ros2_ws/install/imu_odom/share/imu_odom/environment/path.sh
-- Installing: /home/geomatics_in_house_system/ros2_ws/install/imu_odom/share/imu_odom/environment/path.dsv
-- Up-to-date: /home/geomatics_in_house_system/ros2_ws/install/imu_odom/share/imu_odom/local_setup.bash
-- Up-to-date: /home/geomatics_in_house_system/ros2_ws/install/imu_odom/share/imu_odom/local_setup.sh
-- Up-to-date: /home/geomatics_in_house_system/ros2_ws/install/imu_odom/share/imu_odom/local_setup.zsh
-- Installing: /home/geomatics_in_house_system/ros2_ws/install/imu_odom/share/imu_odom/local_setup.dsv
-- Installing: /home/geomatics_in_house_system/ros2_ws/install/imu_odom/share/imu_odom/package.dsv
-- Up-to-date: /home/geomatics_in_house_system/ros2_ws/install/imu_odom/share/ament_index/resource_index/packages/imu_odom
-- Up-to-date: /home/geomatics_in_house_system/ros2_ws/install/imu_odom/share/imu_odom/cmake/imu_odomConfig.cmake
-- Up-to-date: /home/geomatics_in_house_system/ros2_ws/install/imu_odom/share/imu_odom/cmake/imu_odomConfig-version.cmake
-- Up-to-date: /home/geomatics_in_house_system/ros2_ws/install/imu_odom/share/imu_odom/package.xml
