[0.129s] Invoking command in '/home/geomatics_in_house_system/ros2_ws/build/velodyne_laserscan': CMAKE_PREFIX_PATH=${CMAKE_PREFIX_PATH}:/opt/ros/humble /usr/bin/cmake --build /home/geomatics_in_house_system/ros2_ws/build/velodyne_laserscan -- -j4 -l4
[0.415s] [35m[1mConsolidate compiler generated dependencies of target velodyne_laserscan[0m
[0.552s] [ 50%] Built target velodyne_laserscan
[0.633s] [35m[1mConsolidate compiler generated dependencies of target velodyne_laserscan_node[0m
[0.771s] [100%] Built target velodyne_laserscan_node
[0.834s] Invoked command in '/home/geomatics_in_house_system/ros2_ws/build/velodyne_laserscan' returned '0': CMAKE_PREFIX_PATH=${CMAKE_PREFIX_PATH}:/opt/ros/humble /usr/bin/cmake --build /home/geomatics_in_house_system/ros2_ws/build/velodyne_laserscan -- -j4 -l4
[1.084s] Invoking command in '/home/geomatics_in_house_system/ros2_ws/build/velodyne_laserscan': CMAKE_PREFIX_PATH=${CMAKE_PREFIX_PATH}:/opt/ros/humble /usr/bin/cmake --install /home/geomatics_in_house_system/ros2_ws/build/velodyne_laserscan
[1.142s] -- Install configuration: ""
[1.144s] -- Up-to-date: /home/geomatics_in_house_system/ros2_ws/install/velodyne_laserscan/lib/libvelodyne_laserscan.so
[1.147s] -- Up-to-date: /home/geomatics_in_house_system/ros2_ws/install/velodyne_laserscan/lib/velodyne_laserscan/velodyne_laserscan_node
[1.150s] -- Up-to-date: /home/geomatics_in_house_system/ros2_ws/install/velodyne_laserscan/include/velodyne_laserscan
[1.152s] -- Up-to-date: /home/geomatics_in_house_system/ros2_ws/install/velodyne_laserscan/include/velodyne_laserscan/velodyne_laserscan.hpp
[1.154s] -- Up-to-date: /home/geomatics_in_house_system/ros2_ws/install/velodyne_laserscan/share/velodyne_laserscan/config
[1.156s] -- Up-to-date: /home/geomatics_in_house_system/ros2_ws/install/velodyne_laserscan/share/velodyne_laserscan/config/default-velodyne_laserscan_node-params.yaml
[1.157s] -- Up-to-date: /home/geomatics_in_house_system/ros2_ws/install/velodyne_laserscan/share/velodyne_laserscan/launch
[1.159s] -- Up-to-date: /home/geomatics_in_house_system/ros2_ws/install/velodyne_laserscan/share/velodyne_laserscan/launch/velodyne_laserscan_node-composed-launch.py
[1.160s] -- Up-to-date: /home/geomatics_in_house_system/ros2_ws/install/velodyne_laserscan/share/velodyne_laserscan/launch/velodyne_laserscan_node-launch.py
[1.161s] -- Up-to-date: /home/geomatics_in_house_system/ros2_ws/install/velodyne_laserscan/share/ament_index/resource_index/package_run_dependencies/velodyne_laserscan
[1.163s] -- Up-to-date: /home/geomatics_in_house_system/ros2_ws/install/velodyne_laserscan/share/ament_index/resource_index/parent_prefix_path/velodyne_laserscan
[1.163s] -- Up-to-date: /home/geomatics_in_house_system/ros2_ws/install/velodyne_laserscan/share/velodyne_laserscan/environment/ament_prefix_path.sh
[1.165s] -- Up-to-date: /home/geomatics_in_house_system/ros2_ws/install/velodyne_laserscan/share/velodyne_laserscan/environment/ament_prefix_path.dsv
[1.168s] -- Up-to-date: /home/geomatics_in_house_system/ros2_ws/install/velodyne_laserscan/share/velodyne_laserscan/environment/path.sh
[1.169s] -- Up-to-date: /home/geomatics_in_house_system/ros2_ws/install/velodyne_laserscan/share/velodyne_laserscan/environment/path.dsv
[1.169s] -- Up-to-date: /home/geomatics_in_house_system/ros2_ws/install/velodyne_laserscan/share/velodyne_laserscan/local_setup.bash
[1.170s] -- Up-to-date: /home/geomatics_in_house_system/ros2_ws/install/velodyne_laserscan/share/velodyne_laserscan/local_setup.sh
[1.171s] -- Up-to-date: /home/geomatics_in_house_system/ros2_ws/install/velodyne_laserscan/share/velodyne_laserscan/local_setup.zsh
[1.173s] -- Up-to-date: /home/geomatics_in_house_system/ros2_ws/install/velodyne_laserscan/share/velodyne_laserscan/local_setup.dsv
[1.174s] -- Installing: /home/geomatics_in_house_system/ros2_ws/install/velodyne_laserscan/share/velodyne_laserscan/package.dsv
[1.175s] -- Up-to-date: /home/geomatics_in_house_system/ros2_ws/install/velodyne_laserscan/share/ament_index/resource_index/packages/velodyne_laserscan
[1.177s] -- Up-to-date: /home/geomatics_in_house_system/ros2_ws/install/velodyne_laserscan/share/ament_index/resource_index/rclcpp_components/velodyne_laserscan
[1.178s] -- Up-to-date: /home/geomatics_in_house_system/ros2_ws/install/velodyne_laserscan/share/velodyne_laserscan/cmake/velodyne_laserscanConfig.cmake
[1.182s] -- Up-to-date: /home/geomatics_in_house_system/ros2_ws/install/velodyne_laserscan/share/velodyne_laserscan/cmake/velodyne_laserscanConfig-version.cmake
[1.184s] -- Up-to-date: /home/geomatics_in_house_system/ros2_ws/install/velodyne_laserscan/share/velodyne_laserscan/package.xml
[1.192s] Invoked command in '/home/geomatics_in_house_system/ros2_ws/build/velodyne_laserscan' returned '0': CMAKE_PREFIX_PATH=${CMAKE_PREFIX_PATH}:/opt/ros/humble /usr/bin/cmake --install /home/geomatics_in_house_system/ros2_ws/build/velodyne_laserscan
