[0.084s] Invoking command in '/home/geomatics_in_house_system/ros2_ws/build/velodyne_msgs': CMAKE_PREFIX_PATH=${CMAKE_PREFIX_PATH}:/opt/ros/humble /usr/bin/cmake --build /home/geomatics_in_house_system/ros2_ws/build/velodyne_msgs -- -j4 -l4
[0.618s] [  2%] Built target velodyne_msgs__cpp
[0.655s] [ 12%] Built target velodyne_msgs__rosidl_generator_c
[0.703s] [ 12%] Built target ament_cmake_python_copy_velodyne_msgs
[0.769s] [ 23%] Built target velodyne_msgs__rosidl_typesupport_cpp
[0.794s] [ 33%] Built target velodyne_msgs__rosidl_typesupport_fastrtps_cpp
[0.817s] [ 43%] Built target velodyne_msgs__rosidl_typesupport_introspection_cpp
[0.869s] [ 53%] Built target velodyne_msgs__rosidl_typesupport_fastrtps_c
[0.923s] [ 64%] Built target velodyne_msgs__rosidl_typesupport_introspection_c
[0.936s] [ 74%] Built target velodyne_msgs__rosidl_typesupport_c
[1.043s] [ 74%] Built target velodyne_msgs
[1.153s] [ 76%] Built target velodyne_msgs__py
[1.293s] [ 84%] Built target velodyne_msgs__rosidl_generator_py
[1.456s] [ 89%] Built target velodyne_msgs__rosidl_typesupport_fastrtps_c__pyext
[1.469s] [ 94%] Built target velodyne_msgs__rosidl_typesupport_c__pyext
[1.472s] [100%] Built target velodyne_msgs__rosidl_typesupport_introspection_c__pyext
[2.202s] running egg_info
[2.205s] writing velodyne_msgs.egg-info/PKG-INFO
[2.207s] writing dependency_links to velodyne_msgs.egg-info/dependency_links.txt
[2.208s] writing top-level names to velodyne_msgs.egg-info/top_level.txt
[2.221s] reading manifest file 'velodyne_msgs.egg-info/SOURCES.txt'
[2.225s] writing manifest file 'velodyne_msgs.egg-info/SOURCES.txt'
[2.364s] [100%] Built target ament_cmake_python_build_velodyne_msgs_egg
[2.411s] Invoked command in '/home/geomatics_in_house_system/ros2_ws/build/velodyne_msgs' returned '0': CMAKE_PREFIX_PATH=${CMAKE_PREFIX_PATH}:/opt/ros/humble /usr/bin/cmake --build /home/geomatics_in_house_system/ros2_ws/build/velodyne_msgs -- -j4 -l4
[2.905s] Invoking command in '/home/geomatics_in_house_system/ros2_ws/build/velodyne_msgs': CMAKE_PREFIX_PATH=${CMAKE_PREFIX_PATH}:/opt/ros/humble /usr/bin/cmake --install /home/geomatics_in_house_system/ros2_ws/build/velodyne_msgs
[2.945s] -- Install configuration: ""
[2.946s] -- Up-to-date: /home/geomatics_in_house_system/ros2_ws/install/velodyne_msgs/share/ament_index/resource_index/rosidl_interfaces/velodyne_msgs
[2.946s] -- Up-to-date: /home/geomatics_in_house_system/ros2_ws/install/velodyne_msgs/include/velodyne_msgs/velodyne_msgs
[2.947s] -- Up-to-date: /home/geomatics_in_house_system/ros2_ws/install/velodyne_msgs/include/velodyne_msgs/velodyne_msgs/msg
[2.947s] -- Up-to-date: /home/geomatics_in_house_system/ros2_ws/install/velodyne_msgs/include/velodyne_msgs/velodyne_msgs/msg/velodyne_packet.h
[2.948s] -- Up-to-date: /home/geomatics_in_house_system/ros2_ws/install/velodyne_msgs/include/velodyne_msgs/velodyne_msgs/msg/detail
[2.949s] -- Up-to-date: /home/geomatics_in_house_system/ros2_ws/install/velodyne_msgs/include/velodyne_msgs/velodyne_msgs/msg/detail/velodyne_scan__struct.h
[2.949s] -- Up-to-date: /home/geomatics_in_house_system/ros2_ws/install/velodyne_msgs/include/velodyne_msgs/velodyne_msgs/msg/detail/velodyne_scan__functions.c
[2.950s] -- Up-to-date: /home/geomatics_in_house_system/ros2_ws/install/velodyne_msgs/include/velodyne_msgs/velodyne_msgs/msg/detail/velodyne_scan__type_support.h
[2.950s] -- Up-to-date: /home/geomatics_in_house_system/ros2_ws/install/velodyne_msgs/include/velodyne_msgs/velodyne_msgs/msg/detail/velodyne_scan__functions.h
[2.951s] -- Up-to-date: /home/geomatics_in_house_system/ros2_ws/install/velodyne_msgs/include/velodyne_msgs/velodyne_msgs/msg/detail/velodyne_packet__functions.h
[2.951s] -- Up-to-date: /home/geomatics_in_house_system/ros2_ws/install/velodyne_msgs/include/velodyne_msgs/velodyne_msgs/msg/detail/velodyne_packet__struct.h
[2.952s] -- Up-to-date: /home/geomatics_in_house_system/ros2_ws/install/velodyne_msgs/include/velodyne_msgs/velodyne_msgs/msg/detail/velodyne_packet__functions.c
[2.952s] -- Up-to-date: /home/geomatics_in_house_system/ros2_ws/install/velodyne_msgs/include/velodyne_msgs/velodyne_msgs/msg/detail/velodyne_packet__type_support.h
[2.953s] -- Up-to-date: /home/geomatics_in_house_system/ros2_ws/install/velodyne_msgs/include/velodyne_msgs/velodyne_msgs/msg/velodyne_scan.h
[2.953s] -- Up-to-date: /home/geomatics_in_house_system/ros2_ws/install/velodyne_msgs/include/velodyne_msgs/velodyne_msgs/msg/rosidl_generator_c__visibility_control.h
[2.954s] -- Up-to-date: /home/geomatics_in_house_system/ros2_ws/install/velodyne_msgs/share/velodyne_msgs/environment/library_path.sh
[2.954s] -- Up-to-date: /home/geomatics_in_house_system/ros2_ws/install/velodyne_msgs/share/velodyne_msgs/environment/library_path.dsv
[2.957s] -- Up-to-date: /home/geomatics_in_house_system/ros2_ws/install/velodyne_msgs/lib/libvelodyne_msgs__rosidl_generator_c.so
[2.958s] -- Up-to-date: /home/geomatics_in_house_system/ros2_ws/install/velodyne_msgs/include/velodyne_msgs/velodyne_msgs
[2.958s] -- Up-to-date: /home/geomatics_in_house_system/ros2_ws/install/velodyne_msgs/include/velodyne_msgs/velodyne_msgs/msg
[2.959s] -- Up-to-date: /home/geomatics_in_house_system/ros2_ws/install/velodyne_msgs/include/velodyne_msgs/velodyne_msgs/msg/detail
[2.959s] -- Up-to-date: /home/geomatics_in_house_system/ros2_ws/install/velodyne_msgs/include/velodyne_msgs/velodyne_msgs/msg/detail/velodyne_scan__rosidl_typesupport_fastrtps_c.h
[2.960s] -- Up-to-date: /home/geomatics_in_house_system/ros2_ws/install/velodyne_msgs/include/velodyne_msgs/velodyne_msgs/msg/detail/velodyne_packet__rosidl_typesupport_fastrtps_c.h
[2.960s] -- Up-to-date: /home/geomatics_in_house_system/ros2_ws/install/velodyne_msgs/include/velodyne_msgs/velodyne_msgs/msg/rosidl_typesupport_fastrtps_c__visibility_control.h
[2.963s] -- Up-to-date: /home/geomatics_in_house_system/ros2_ws/install/velodyne_msgs/lib/libvelodyne_msgs__rosidl_typesupport_fastrtps_c.so
[2.964s] -- Up-to-date: /home/geomatics_in_house_system/ros2_ws/install/velodyne_msgs/include/velodyne_msgs/velodyne_msgs
[2.965s] -- Up-to-date: /home/geomatics_in_house_system/ros2_ws/install/velodyne_msgs/include/velodyne_msgs/velodyne_msgs/msg
[2.965s] -- Up-to-date: /home/geomatics_in_house_system/ros2_ws/install/velodyne_msgs/include/velodyne_msgs/velodyne_msgs/msg/velodyne_packet.hpp
[2.966s] -- Up-to-date: /home/geomatics_in_house_system/ros2_ws/install/velodyne_msgs/include/velodyne_msgs/velodyne_msgs/msg/detail
[2.966s] -- Up-to-date: /home/geomatics_in_house_system/ros2_ws/install/velodyne_msgs/include/velodyne_msgs/velodyne_msgs/msg/detail/velodyne_packet__builder.hpp
[2.967s] -- Up-to-date: /home/geomatics_in_house_system/ros2_ws/install/velodyne_msgs/include/velodyne_msgs/velodyne_msgs/msg/detail/velodyne_scan__struct.hpp
[2.967s] -- Up-to-date: /home/geomatics_in_house_system/ros2_ws/install/velodyne_msgs/include/velodyne_msgs/velodyne_msgs/msg/detail/velodyne_scan__builder.hpp
[2.967s] -- Up-to-date: /home/geomatics_in_house_system/ros2_ws/install/velodyne_msgs/include/velodyne_msgs/velodyne_msgs/msg/detail/velodyne_packet__struct.hpp
[2.968s] -- Up-to-date: /home/geomatics_in_house_system/ros2_ws/install/velodyne_msgs/include/velodyne_msgs/velodyne_msgs/msg/detail/velodyne_scan__traits.hpp
[2.969s] -- Up-to-date: /home/geomatics_in_house_system/ros2_ws/install/velodyne_msgs/include/velodyne_msgs/velodyne_msgs/msg/detail/velodyne_packet__traits.hpp
[2.969s] -- Up-to-date: /home/geomatics_in_house_system/ros2_ws/install/velodyne_msgs/include/velodyne_msgs/velodyne_msgs/msg/velodyne_scan.hpp
[2.969s] -- Up-to-date: /home/geomatics_in_house_system/ros2_ws/install/velodyne_msgs/include/velodyne_msgs/velodyne_msgs
[2.970s] -- Up-to-date: /home/geomatics_in_house_system/ros2_ws/install/velodyne_msgs/include/velodyne_msgs/velodyne_msgs/msg
[2.970s] -- Up-to-date: /home/geomatics_in_house_system/ros2_ws/install/velodyne_msgs/include/velodyne_msgs/velodyne_msgs/msg/detail
[2.971s] -- Up-to-date: /home/geomatics_in_house_system/ros2_ws/install/velodyne_msgs/include/velodyne_msgs/velodyne_msgs/msg/detail/velodyne_scan__rosidl_typesupport_fastrtps_cpp.hpp
[2.971s] -- Up-to-date: /home/geomatics_in_house_system/ros2_ws/install/velodyne_msgs/include/velodyne_msgs/velodyne_msgs/msg/detail/dds_fastrtps
[2.972s] -- Up-to-date: /home/geomatics_in_house_system/ros2_ws/install/velodyne_msgs/include/velodyne_msgs/velodyne_msgs/msg/detail/velodyne_packet__rosidl_typesupport_fastrtps_cpp.hpp
[2.972s] -- Up-to-date: /home/geomatics_in_house_system/ros2_ws/install/velodyne_msgs/include/velodyne_msgs/velodyne_msgs/msg/rosidl_typesupport_fastrtps_cpp__visibility_control.h
[2.973s] -- Up-to-date: /home/geomatics_in_house_system/ros2_ws/install/velodyne_msgs/lib/libvelodyne_msgs__rosidl_typesupport_fastrtps_cpp.so
[2.975s] -- Up-to-date: /home/geomatics_in_house_system/ros2_ws/install/velodyne_msgs/include/velodyne_msgs/velodyne_msgs
[2.975s] -- Up-to-date: /home/geomatics_in_house_system/ros2_ws/install/velodyne_msgs/include/velodyne_msgs/velodyne_msgs/msg
[2.976s] -- Up-to-date: /home/geomatics_in_house_system/ros2_ws/install/velodyne_msgs/include/velodyne_msgs/velodyne_msgs/msg/rosidl_typesupport_introspection_c__visibility_control.h
[2.976s] -- Up-to-date: /home/geomatics_in_house_system/ros2_ws/install/velodyne_msgs/include/velodyne_msgs/velodyne_msgs/msg/detail
[2.976s] -- Up-to-date: /home/geomatics_in_house_system/ros2_ws/install/velodyne_msgs/include/velodyne_msgs/velodyne_msgs/msg/detail/velodyne_scan__type_support.c
[2.977s] -- Up-to-date: /home/geomatics_in_house_system/ros2_ws/install/velodyne_msgs/include/velodyne_msgs/velodyne_msgs/msg/detail/velodyne_packet__type_support.c
[2.977s] -- Up-to-date: /home/geomatics_in_house_system/ros2_ws/install/velodyne_msgs/include/velodyne_msgs/velodyne_msgs/msg/detail/velodyne_scan__rosidl_typesupport_introspection_c.h
[2.978s] -- Up-to-date: /home/geomatics_in_house_system/ros2_ws/install/velodyne_msgs/include/velodyne_msgs/velodyne_msgs/msg/detail/velodyne_packet__rosidl_typesupport_introspection_c.h
[2.981s] -- Up-to-date: /home/geomatics_in_house_system/ros2_ws/install/velodyne_msgs/lib/libvelodyne_msgs__rosidl_typesupport_introspection_c.so
[2.983s] -- Up-to-date: /home/geomatics_in_house_system/ros2_ws/install/velodyne_msgs/lib/libvelodyne_msgs__rosidl_typesupport_c.so
[2.984s] -- Up-to-date: /home/geomatics_in_house_system/ros2_ws/install/velodyne_msgs/include/velodyne_msgs/velodyne_msgs
[2.985s] -- Up-to-date: /home/geomatics_in_house_system/ros2_ws/install/velodyne_msgs/include/velodyne_msgs/velodyne_msgs/msg
[2.985s] -- Up-to-date: /home/geomatics_in_house_system/ros2_ws/install/velodyne_msgs/include/velodyne_msgs/velodyne_msgs/msg/detail
[2.986s] -- Up-to-date: /home/geomatics_in_house_system/ros2_ws/install/velodyne_msgs/include/velodyne_msgs/velodyne_msgs/msg/detail/velodyne_scan__type_support.cpp
[2.986s] -- Up-to-date: /home/geomatics_in_house_system/ros2_ws/install/velodyne_msgs/include/velodyne_msgs/velodyne_msgs/msg/detail/velodyne_packet__type_support.cpp
[2.987s] -- Up-to-date: /home/geomatics_in_house_system/ros2_ws/install/velodyne_msgs/include/velodyne_msgs/velodyne_msgs/msg/detail/velodyne_packet__rosidl_typesupport_introspection_cpp.hpp
[2.987s] -- Up-to-date: /home/geomatics_in_house_system/ros2_ws/install/velodyne_msgs/include/velodyne_msgs/velodyne_msgs/msg/detail/velodyne_scan__rosidl_typesupport_introspection_cpp.hpp
[2.989s] -- Up-to-date: /home/geomatics_in_house_system/ros2_ws/install/velodyne_msgs/lib/libvelodyne_msgs__rosidl_typesupport_introspection_cpp.so
[2.991s] -- Up-to-date: /home/geomatics_in_house_system/ros2_ws/install/velodyne_msgs/lib/libvelodyne_msgs__rosidl_typesupport_cpp.so
[2.992s] -- Up-to-date: /home/geomatics_in_house_system/ros2_ws/install/velodyne_msgs/share/velodyne_msgs/environment/pythonpath.sh
[2.993s] -- Up-to-date: /home/geomatics_in_house_system/ros2_ws/install/velodyne_msgs/share/velodyne_msgs/environment/pythonpath.dsv
[2.993s] -- Up-to-date: /home/geomatics_in_house_system/ros2_ws/install/velodyne_msgs/local/lib/python3.10/dist-packages/velodyne_msgs-2.4.0-py3.10.egg-info
[2.994s] -- Installing: /home/geomatics_in_house_system/ros2_ws/install/velodyne_msgs/local/lib/python3.10/dist-packages/velodyne_msgs-2.4.0-py3.10.egg-info/dependency_links.txt
[2.995s] -- Installing: /home/geomatics_in_house_system/ros2_ws/install/velodyne_msgs/local/lib/python3.10/dist-packages/velodyne_msgs-2.4.0-py3.10.egg-info/SOURCES.txt
[2.997s] -- Installing: /home/geomatics_in_house_system/ros2_ws/install/velodyne_msgs/local/lib/python3.10/dist-packages/velodyne_msgs-2.4.0-py3.10.egg-info/top_level.txt
[2.998s] -- Installing: /home/geomatics_in_house_system/ros2_ws/install/velodyne_msgs/local/lib/python3.10/dist-packages/velodyne_msgs-2.4.0-py3.10.egg-info/PKG-INFO
[2.999s] -- Up-to-date: /home/geomatics_in_house_system/ros2_ws/install/velodyne_msgs/local/lib/python3.10/dist-packages/velodyne_msgs
[3.000s] -- Up-to-date: /home/geomatics_in_house_system/ros2_ws/install/velodyne_msgs/local/lib/python3.10/dist-packages/velodyne_msgs/_velodyne_msgs_s.ep.rosidl_typesupport_fastrtps_c.c
[3.000s] -- Up-to-date: /home/geomatics_in_house_system/ros2_ws/install/velodyne_msgs/local/lib/python3.10/dist-packages/velodyne_msgs/_velodyne_msgs_s.ep.rosidl_typesupport_introspection_c.c
[3.001s] -- Up-to-date: /home/geomatics_in_house_system/ros2_ws/install/velodyne_msgs/local/lib/python3.10/dist-packages/velodyne_msgs/msg
[3.001s] -- Up-to-date: /home/geomatics_in_house_system/ros2_ws/install/velodyne_msgs/local/lib/python3.10/dist-packages/velodyne_msgs/msg/_velodyne_packet.py
[3.001s] -- Up-to-date: /home/geomatics_in_house_system/ros2_ws/install/velodyne_msgs/local/lib/python3.10/dist-packages/velodyne_msgs/msg/__init__.py
[3.002s] -- Up-to-date: /home/geomatics_in_house_system/ros2_ws/install/velodyne_msgs/local/lib/python3.10/dist-packages/velodyne_msgs/msg/_velodyne_scan.py
[3.002s] -- Up-to-date: /home/geomatics_in_house_system/ros2_ws/install/velodyne_msgs/local/lib/python3.10/dist-packages/velodyne_msgs/msg/_velodyne_scan_s.c
[3.002s] -- Up-to-date: /home/geomatics_in_house_system/ros2_ws/install/velodyne_msgs/local/lib/python3.10/dist-packages/velodyne_msgs/msg/_velodyne_packet_s.c
[3.003s] -- Up-to-date: /home/geomatics_in_house_system/ros2_ws/install/velodyne_msgs/local/lib/python3.10/dist-packages/velodyne_msgs/velodyne_msgs_s__rosidl_typesupport_fastrtps_c.cpython-310-aarch64-linux-gnu.so
[3.003s] -- Up-to-date: /home/geomatics_in_house_system/ros2_ws/install/velodyne_msgs/local/lib/python3.10/dist-packages/velodyne_msgs/_velodyne_msgs_s.ep.rosidl_typesupport_c.c
[3.004s] -- Up-to-date: /home/geomatics_in_house_system/ros2_ws/install/velodyne_msgs/local/lib/python3.10/dist-packages/velodyne_msgs/libvelodyne_msgs__rosidl_generator_py.so
[3.004s] -- Up-to-date: /home/geomatics_in_house_system/ros2_ws/install/velodyne_msgs/local/lib/python3.10/dist-packages/velodyne_msgs/velodyne_msgs_s__rosidl_typesupport_introspection_c.cpython-310-aarch64-linux-gnu.so
[3.004s] -- Up-to-date: /home/geomatics_in_house_system/ros2_ws/install/velodyne_msgs/local/lib/python3.10/dist-packages/velodyne_msgs/__init__.py
[3.005s] -- Up-to-date: /home/geomatics_in_house_system/ros2_ws/install/velodyne_msgs/local/lib/python3.10/dist-packages/velodyne_msgs/velodyne_msgs_s__rosidl_typesupport_c.cpython-310-aarch64-linux-gnu.so
[3.153s] Listing '/home/geomatics_in_house_system/ros2_ws/install/velodyne_msgs/local/lib/python3.10/dist-packages/velodyne_msgs'...
[3.154s] Listing '/home/geomatics_in_house_system/ros2_ws/install/velodyne_msgs/local/lib/python3.10/dist-packages/velodyne_msgs/msg'...
[3.180s] -- Up-to-date: /home/geomatics_in_house_system/ros2_ws/install/velodyne_msgs/local/lib/python3.10/dist-packages/velodyne_msgs/velodyne_msgs_s__rosidl_typesupport_fastrtps_c.cpython-310-aarch64-linux-gnu.so
[3.183s] -- Up-to-date: /home/geomatics_in_house_system/ros2_ws/install/velodyne_msgs/local/lib/python3.10/dist-packages/velodyne_msgs/velodyne_msgs_s__rosidl_typesupport_introspection_c.cpython-310-aarch64-linux-gnu.so
[3.186s] -- Up-to-date: /home/geomatics_in_house_system/ros2_ws/install/velodyne_msgs/local/lib/python3.10/dist-packages/velodyne_msgs/velodyne_msgs_s__rosidl_typesupport_c.cpython-310-aarch64-linux-gnu.so
[3.190s] -- Up-to-date: /home/geomatics_in_house_system/ros2_ws/install/velodyne_msgs/lib/libvelodyne_msgs__rosidl_generator_py.so
[3.192s] -- Up-to-date: /home/geomatics_in_house_system/ros2_ws/install/velodyne_msgs/share/velodyne_msgs/msg/VelodynePacket.idl
[3.192s] -- Up-to-date: /home/geomatics_in_house_system/ros2_ws/install/velodyne_msgs/share/velodyne_msgs/msg/VelodyneScan.idl
[3.193s] -- Up-to-date: /home/geomatics_in_house_system/ros2_ws/install/velodyne_msgs/share/velodyne_msgs/msg/VelodynePacket.msg
[3.193s] -- Up-to-date: /home/geomatics_in_house_system/ros2_ws/install/velodyne_msgs/share/velodyne_msgs/msg/VelodyneScan.msg
[3.194s] -- Up-to-date: /home/geomatics_in_house_system/ros2_ws/install/velodyne_msgs/share/ament_index/resource_index/package_run_dependencies/velodyne_msgs
[3.194s] -- Up-to-date: /home/geomatics_in_house_system/ros2_ws/install/velodyne_msgs/share/ament_index/resource_index/parent_prefix_path/velodyne_msgs
[3.195s] -- Up-to-date: /home/geomatics_in_house_system/ros2_ws/install/velodyne_msgs/share/velodyne_msgs/environment/ament_prefix_path.sh
[3.195s] -- Up-to-date: /home/geomatics_in_house_system/ros2_ws/install/velodyne_msgs/share/velodyne_msgs/environment/ament_prefix_path.dsv
[3.196s] -- Up-to-date: /home/geomatics_in_house_system/ros2_ws/install/velodyne_msgs/share/velodyne_msgs/environment/path.sh
[3.197s] -- Up-to-date: /home/geomatics_in_house_system/ros2_ws/install/velodyne_msgs/share/velodyne_msgs/environment/path.dsv
[3.197s] -- Up-to-date: /home/geomatics_in_house_system/ros2_ws/install/velodyne_msgs/share/velodyne_msgs/local_setup.bash
[3.197s] -- Up-to-date: /home/geomatics_in_house_system/ros2_ws/install/velodyne_msgs/share/velodyne_msgs/local_setup.sh
[3.198s] -- Up-to-date: /home/geomatics_in_house_system/ros2_ws/install/velodyne_msgs/share/velodyne_msgs/local_setup.zsh
[3.198s] -- Up-to-date: /home/geomatics_in_house_system/ros2_ws/install/velodyne_msgs/share/velodyne_msgs/local_setup.dsv
[3.199s] -- Installing: /home/geomatics_in_house_system/ros2_ws/install/velodyne_msgs/share/velodyne_msgs/package.dsv
[3.201s] -- Up-to-date: /home/geomatics_in_house_system/ros2_ws/install/velodyne_msgs/share/ament_index/resource_index/packages/velodyne_msgs
[3.203s] -- Up-to-date: /home/geomatics_in_house_system/ros2_ws/install/velodyne_msgs/share/velodyne_msgs/cmake/export_velodyne_msgs__rosidl_generator_cExport.cmake
[3.203s] -- Up-to-date: /home/geomatics_in_house_system/ros2_ws/install/velodyne_msgs/share/velodyne_msgs/cmake/export_velodyne_msgs__rosidl_generator_cExport-noconfig.cmake
[3.206s] -- Up-to-date: /home/geomatics_in_house_system/ros2_ws/install/velodyne_msgs/share/velodyne_msgs/cmake/export_velodyne_msgs__rosidl_typesupport_fastrtps_cExport.cmake
[3.206s] -- Up-to-date: /home/geomatics_in_house_system/ros2_ws/install/velodyne_msgs/share/velodyne_msgs/cmake/export_velodyne_msgs__rosidl_typesupport_fastrtps_cExport-noconfig.cmake
[3.208s] -- Up-to-date: /home/geomatics_in_house_system/ros2_ws/install/velodyne_msgs/share/velodyne_msgs/cmake/export_velodyne_msgs__rosidl_generator_cppExport.cmake
[3.210s] -- Up-to-date: /home/geomatics_in_house_system/ros2_ws/install/velodyne_msgs/share/velodyne_msgs/cmake/export_velodyne_msgs__rosidl_typesupport_fastrtps_cppExport.cmake
[3.210s] -- Up-to-date: /home/geomatics_in_house_system/ros2_ws/install/velodyne_msgs/share/velodyne_msgs/cmake/export_velodyne_msgs__rosidl_typesupport_fastrtps_cppExport-noconfig.cmake
[3.212s] -- Up-to-date: /home/geomatics_in_house_system/ros2_ws/install/velodyne_msgs/share/velodyne_msgs/cmake/velodyne_msgs__rosidl_typesupport_introspection_cExport.cmake
[3.213s] -- Up-to-date: /home/geomatics_in_house_system/ros2_ws/install/velodyne_msgs/share/velodyne_msgs/cmake/velodyne_msgs__rosidl_typesupport_introspection_cExport-noconfig.cmake
[3.216s] -- Up-to-date: /home/geomatics_in_house_system/ros2_ws/install/velodyne_msgs/share/velodyne_msgs/cmake/velodyne_msgs__rosidl_typesupport_cExport.cmake
[3.216s] -- Up-to-date: /home/geomatics_in_house_system/ros2_ws/install/velodyne_msgs/share/velodyne_msgs/cmake/velodyne_msgs__rosidl_typesupport_cExport-noconfig.cmake
[3.218s] -- Up-to-date: /home/geomatics_in_house_system/ros2_ws/install/velodyne_msgs/share/velodyne_msgs/cmake/velodyne_msgs__rosidl_typesupport_introspection_cppExport.cmake
[3.219s] -- Up-to-date: /home/geomatics_in_house_system/ros2_ws/install/velodyne_msgs/share/velodyne_msgs/cmake/velodyne_msgs__rosidl_typesupport_introspection_cppExport-noconfig.cmake
[3.221s] -- Up-to-date: /home/geomatics_in_house_system/ros2_ws/install/velodyne_msgs/share/velodyne_msgs/cmake/velodyne_msgs__rosidl_typesupport_cppExport.cmake
[3.222s] -- Up-to-date: /home/geomatics_in_house_system/ros2_ws/install/velodyne_msgs/share/velodyne_msgs/cmake/velodyne_msgs__rosidl_typesupport_cppExport-noconfig.cmake
[3.224s] -- Up-to-date: /home/geomatics_in_house_system/ros2_ws/install/velodyne_msgs/share/velodyne_msgs/cmake/export_velodyne_msgs__rosidl_generator_pyExport.cmake
[3.225s] -- Up-to-date: /home/geomatics_in_house_system/ros2_ws/install/velodyne_msgs/share/velodyne_msgs/cmake/export_velodyne_msgs__rosidl_generator_pyExport-noconfig.cmake
[3.225s] -- Up-to-date: /home/geomatics_in_house_system/ros2_ws/install/velodyne_msgs/share/velodyne_msgs/cmake/rosidl_cmake-extras.cmake
[3.226s] -- Up-to-date: /home/geomatics_in_house_system/ros2_ws/install/velodyne_msgs/share/velodyne_msgs/cmake/ament_cmake_export_dependencies-extras.cmake
[3.227s] -- Up-to-date: /home/geomatics_in_house_system/ros2_ws/install/velodyne_msgs/share/velodyne_msgs/cmake/ament_cmake_export_include_directories-extras.cmake
[3.227s] -- Up-to-date: /home/geomatics_in_house_system/ros2_ws/install/velodyne_msgs/share/velodyne_msgs/cmake/ament_cmake_export_libraries-extras.cmake
[3.228s] -- Up-to-date: /home/geomatics_in_house_system/ros2_ws/install/velodyne_msgs/share/velodyne_msgs/cmake/ament_cmake_export_targets-extras.cmake
[3.228s] -- Up-to-date: /home/geomatics_in_house_system/ros2_ws/install/velodyne_msgs/share/velodyne_msgs/cmake/rosidl_cmake_export_typesupport_targets-extras.cmake
[3.229s] -- Up-to-date: /home/geomatics_in_house_system/ros2_ws/install/velodyne_msgs/share/velodyne_msgs/cmake/rosidl_cmake_export_typesupport_libraries-extras.cmake
[3.230s] -- Up-to-date: /home/geomatics_in_house_system/ros2_ws/install/velodyne_msgs/share/velodyne_msgs/cmake/velodyne_msgsConfig.cmake
[3.230s] -- Up-to-date: /home/geomatics_in_house_system/ros2_ws/install/velodyne_msgs/share/velodyne_msgs/cmake/velodyne_msgsConfig-version.cmake
[3.231s] -- Up-to-date: /home/geomatics_in_house_system/ros2_ws/install/velodyne_msgs/share/velodyne_msgs/package.xml
[3.241s] Invoked command in '/home/geomatics_in_house_system/ros2_ws/build/velodyne_msgs' returned '0': CMAKE_PREFIX_PATH=${CMAKE_PREFIX_PATH}:/opt/ros/humble /usr/bin/cmake --install /home/geomatics_in_house_system/ros2_ws/build/velodyne_msgs
