[0.095s] Invoking command in '/home/geomatics_in_house_system/ros2_ws/build/velodyne': CMAKE_PREFIX_PATH=/home/geomatics_in_house_system/ros2_ws/install/velodyne_pointcloud:/home/geomatics_in_house_system/ros2_ws/install/velodyne_driver:/home/geomatics_in_house_system/ros2_ws/install/velodyne_msgs:/home/geomatics_in_house_system/ros2_ws/install/velodyne_laserscan:/home/geomatics_in_house_system/ros2_ws/install/velodyne:/home/geomatics_in_house_system/ros2_ws/install/vectornav:/home/geomatics_in_house_system/ros2_ws/install/vectornav_msgs:/home/geomatics_in_house_system/ros2_ws/install/tcp_tunnel:/home/geomatics_in_house_system/ros2_ws/install/norlab_icp_mapper_ros:/home/geomatics_in_house_system/ros2_ws/install/norlab_icp_mapper:/home/geomatics_in_house_system/ros2_ws/install/mapper_config_template:/home/geomatics_in_house_system/ros2_ws/install/libpointmatcher_ros:/opt/ros/humble /usr/bin/cmake /home/geomatics_in_house_system/ros2_ws/src/velodyne/velodyne -DCMAKE_INSTALL_PREFIX=/home/geomatics_in_house_system/ros2_ws/install/velodyne
[0.510s] -- The C compiler identification is GNU 11.4.0
[0.878s] -- The CXX compiler identification is GNU 11.4.0
[0.919s] -- Detecting C compiler ABI info
[1.539s] -- Detecting C compiler ABI info - done
[1.630s] -- Check for working C compiler: /usr/bin/cc - skipped
[1.634s] -- Detecting C compile features
[1.636s] -- Detecting C compile features - done
[1.656s] -- Detecting CXX compiler ABI info
[2.412s] -- Detecting CXX compiler ABI info - done
[2.456s] -- Check for working CXX compiler: /usr/bin/c++ - skipped
[2.460s] -- Detecting CXX compile features
[2.464s] -- Detecting CXX compile features - done
[2.528s] -- Found ament_cmake: 1.3.8 (/opt/ros/humble/share/ament_cmake/cmake)
[4.075s] -- Found Python3: /usr/bin/python3 (found version "3.10.12") found components: Interpreter 
[5.747s] -- Configuring done
[5.807s] -- Generating done
[5.821s] -- Build files have been written to: /home/geomatics_in_house_system/ros2_ws/build/velodyne
[5.862s] Invoked command in '/home/geomatics_in_house_system/ros2_ws/build/velodyne' returned '0': CMAKE_PREFIX_PATH=/home/geomatics_in_house_system/ros2_ws/install/velodyne_pointcloud:/home/geomatics_in_house_system/ros2_ws/install/velodyne_driver:/home/geomatics_in_house_system/ros2_ws/install/velodyne_msgs:/home/geomatics_in_house_system/ros2_ws/install/velodyne_laserscan:/home/geomatics_in_house_system/ros2_ws/install/velodyne:/home/geomatics_in_house_system/ros2_ws/install/vectornav:/home/geomatics_in_house_system/ros2_ws/install/vectornav_msgs:/home/geomatics_in_house_system/ros2_ws/install/tcp_tunnel:/home/geomatics_in_house_system/ros2_ws/install/norlab_icp_mapper_ros:/home/geomatics_in_house_system/ros2_ws/install/norlab_icp_mapper:/home/geomatics_in_house_system/ros2_ws/install/mapper_config_template:/home/geomatics_in_house_system/ros2_ws/install/libpointmatcher_ros:/opt/ros/humble /usr/bin/cmake /home/geomatics_in_house_system/ros2_ws/src/velodyne/velodyne -DCMAKE_INSTALL_PREFIX=/home/geomatics_in_house_system/ros2_ws/install/velodyne
[5.867s] Invoking command in '/home/geomatics_in_house_system/ros2_ws/build/velodyne': CMAKE_PREFIX_PATH=/home/geomatics_in_house_system/ros2_ws/install/velodyne_pointcloud:/home/geomatics_in_house_system/ros2_ws/install/velodyne_driver:/home/geomatics_in_house_system/ros2_ws/install/velodyne_msgs:/home/geomatics_in_house_system/ros2_ws/install/velodyne_laserscan:/home/geomatics_in_house_system/ros2_ws/install/velodyne:/home/geomatics_in_house_system/ros2_ws/install/vectornav:/home/geomatics_in_house_system/ros2_ws/install/vectornav_msgs:/home/geomatics_in_house_system/ros2_ws/install/tcp_tunnel:/home/geomatics_in_house_system/ros2_ws/install/norlab_icp_mapper_ros:/home/geomatics_in_house_system/ros2_ws/install/norlab_icp_mapper:/home/geomatics_in_house_system/ros2_ws/install/mapper_config_template:/home/geomatics_in_house_system/ros2_ws/install/libpointmatcher_ros:/opt/ros/humble /usr/bin/cmake --build /home/geomatics_in_house_system/ros2_ws/build/velodyne -- -j4 -l4
[6.111s] Invoked command in '/home/geomatics_in_house_system/ros2_ws/build/velodyne' returned '0': CMAKE_PREFIX_PATH=/home/geomatics_in_house_system/ros2_ws/install/velodyne_pointcloud:/home/geomatics_in_house_system/ros2_ws/install/velodyne_driver:/home/geomatics_in_house_system/ros2_ws/install/velodyne_msgs:/home/geomatics_in_house_system/ros2_ws/install/velodyne_laserscan:/home/geomatics_in_house_system/ros2_ws/install/velodyne:/home/geomatics_in_house_system/ros2_ws/install/vectornav:/home/geomatics_in_house_system/ros2_ws/install/vectornav_msgs:/home/geomatics_in_house_system/ros2_ws/install/tcp_tunnel:/home/geomatics_in_house_system/ros2_ws/install/norlab_icp_mapper_ros:/home/geomatics_in_house_system/ros2_ws/install/norlab_icp_mapper:/home/geomatics_in_house_system/ros2_ws/install/mapper_config_template:/home/geomatics_in_house_system/ros2_ws/install/libpointmatcher_ros:/opt/ros/humble /usr/bin/cmake --build /home/geomatics_in_house_system/ros2_ws/build/velodyne -- -j4 -l4
[6.320s] Invoking command in '/home/geomatics_in_house_system/ros2_ws/build/velodyne': CMAKE_PREFIX_PATH=/home/geomatics_in_house_system/ros2_ws/install/velodyne_pointcloud:/home/geomatics_in_house_system/ros2_ws/install/velodyne_driver:/home/geomatics_in_house_system/ros2_ws/install/velodyne_msgs:/home/geomatics_in_house_system/ros2_ws/install/velodyne_laserscan:/home/geomatics_in_house_system/ros2_ws/install/velodyne:/home/geomatics_in_house_system/ros2_ws/install/vectornav:/home/geomatics_in_house_system/ros2_ws/install/vectornav_msgs:/home/geomatics_in_house_system/ros2_ws/install/tcp_tunnel:/home/geomatics_in_house_system/ros2_ws/install/norlab_icp_mapper_ros:/home/geomatics_in_house_system/ros2_ws/install/norlab_icp_mapper:/home/geomatics_in_house_system/ros2_ws/install/mapper_config_template:/home/geomatics_in_house_system/ros2_ws/install/libpointmatcher_ros:/opt/ros/humble /usr/bin/cmake --install /home/geomatics_in_house_system/ros2_ws/build/velodyne
[6.399s] -- Install configuration: ""
[6.401s] -- Installing: /home/geomatics_in_house_system/ros2_ws/install/velodyne/share/velodyne/launch
[6.402s] -- Installing: /home/geomatics_in_house_system/ros2_ws/install/velodyne/share/velodyne/launch/velodyne-all-nodes-VLP16-launch.py
[6.407s] -- Installing: /home/geomatics_in_house_system/ros2_ws/install/velodyne/share/velodyne/launch/velodyne-all-nodes-VLS128-composed-launch.py
[6.411s] -- Installing: /home/geomatics_in_house_system/ros2_ws/install/velodyne/share/velodyne/launch/velodyne-all-nodes-VLP32C-composed-launch.py
[6.413s] -- Installing: /home/geomatics_in_house_system/ros2_ws/install/velodyne/share/velodyne/launch/velodyne-all-nodes-VLP16-composed-launch.py
[6.416s] -- Installing: /home/geomatics_in_house_system/ros2_ws/install/velodyne/share/velodyne/launch/velodyne-all-nodes-VLP32C-launch.py
[6.418s] -- Installing: /home/geomatics_in_house_system/ros2_ws/install/velodyne/share/velodyne/launch/velodyne-all-nodes-VLS128-launch.py
[6.422s] -- Installing: /home/geomatics_in_house_system/ros2_ws/install/velodyne/share/ament_index/resource_index/package_run_dependencies/velodyne
[6.424s] -- Installing: /home/geomatics_in_house_system/ros2_ws/install/velodyne/share/ament_index/resource_index/parent_prefix_path/velodyne
[6.426s] -- Installing: /home/geomatics_in_house_system/ros2_ws/install/velodyne/share/velodyne/environment/ament_prefix_path.sh
[6.428s] -- Installing: /home/geomatics_in_house_system/ros2_ws/install/velodyne/share/velodyne/environment/ament_prefix_path.dsv
[6.430s] -- Installing: /home/geomatics_in_house_system/ros2_ws/install/velodyne/share/velodyne/environment/path.sh
[6.432s] -- Installing: /home/geomatics_in_house_system/ros2_ws/install/velodyne/share/velodyne/environment/path.dsv
[6.433s] -- Installing: /home/geomatics_in_house_system/ros2_ws/install/velodyne/share/velodyne/local_setup.bash
[6.435s] -- Installing: /home/geomatics_in_house_system/ros2_ws/install/velodyne/share/velodyne/local_setup.sh
[6.437s] -- Installing: /home/geomatics_in_house_system/ros2_ws/install/velodyne/share/velodyne/local_setup.zsh
[6.439s] -- Installing: /home/geomatics_in_house_system/ros2_ws/install/velodyne/share/velodyne/local_setup.dsv
[6.440s] -- Installing: /home/geomatics_in_house_system/ros2_ws/install/velodyne/share/velodyne/package.dsv
[6.442s] -- Installing: /home/geomatics_in_house_system/ros2_ws/install/velodyne/share/ament_index/resource_index/packages/velodyne
[6.445s] -- Installing: /home/geomatics_in_house_system/ros2_ws/install/velodyne/share/velodyne/cmake/velodyneConfig.cmake
[6.446s] -- Installing: /home/geomatics_in_house_system/ros2_ws/install/velodyne/share/velodyne/cmake/velodyneConfig-version.cmake
[6.448s] -- Installing: /home/geomatics_in_house_system/ros2_ws/install/velodyne/share/velodyne/package.xml
[6.460s] Invoked command in '/home/geomatics_in_house_system/ros2_ws/build/velodyne' returned '0': CMAKE_PREFIX_PATH=/home/geomatics_in_house_system/ros2_ws/install/velodyne_pointcloud:/home/geomatics_in_house_system/ros2_ws/install/velodyne_driver:/home/geomatics_in_house_system/ros2_ws/install/velodyne_msgs:/home/geomatics_in_house_system/ros2_ws/install/velodyne_laserscan:/home/geomatics_in_house_system/ros2_ws/install/velodyne:/home/geomatics_in_house_system/ros2_ws/install/vectornav:/home/geomatics_in_house_system/ros2_ws/install/vectornav_msgs:/home/geomatics_in_house_system/ros2_ws/install/tcp_tunnel:/home/geomatics_in_house_system/ros2_ws/install/norlab_icp_mapper_ros:/home/geomatics_in_house_system/ros2_ws/install/norlab_icp_mapper:/home/geomatics_in_house_system/ros2_ws/install/mapper_config_template:/home/geomatics_in_house_system/ros2_ws/install/libpointmatcher_ros:/opt/ros/humble /usr/bin/cmake --install /home/geomatics_in_house_system/ros2_ws/build/velodyne
