[0.560s] DEBUG:colcon:Command line arguments: ['/usr/bin/colcon', 'build']
[0.560s] DEBUG:colcon:Parsed command line arguments: Namespace(log_base=None, log_level=None, verb_name='build', build_base='build', install_base='install', merge_install=False, symlink_install=False, test_result_base=None, continue_on_error=False, executor='parallel', parallel_workers=4, event_handlers=None, ignore_user_meta=False, metas=['./colcon.meta'], base_paths=['.'], packages_ignore=None, packages_ignore_regex=None, paths=None, packages_up_to=None, packages_up_to_regex=None, packages_above=None, packages_above_and_dependencies=None, packages_above_depth=None, packages_select_by_dep=None, packages_skip_by_dep=None, packages_skip_up_to=None, packages_select_build_failed=False, packages_skip_build_finished=False, packages_select_test_failures=False, packages_skip_test_passed=False, packages_select=None, packages_skip=None, packages_select_regex=None, packages_skip_regex=None, packages_start=None, packages_end=None, allow_overriding=[], cmake_args=None, cmake_target=None, cmake_target_skip_unavailable=False, cmake_clean_cache=False, cmake_clean_first=False, cmake_force_configure=False, ament_cmake_args=None, catkin_cmake_args=None, catkin_skip_building_tests=False, verb_parser=<colcon_defaults.argument_parser.defaults.DefaultArgumentsDecorator object at 0xffffb831c370>, verb_extension=<colcon_core.verb.build.BuildVerb object at 0xffffb8480f70>, main=<bound method BuildVerb.main of <colcon_core.verb.build.BuildVerb object at 0xffffb8480f70>>)
[1.646s] Level 1:colcon.colcon_core.package_discovery:discover_packages(colcon_meta) check parameters
[1.646s] Level 1:colcon.colcon_core.package_discovery:discover_packages(recursive) check parameters
[1.650s] Level 1:colcon.colcon_core.package_discovery:discover_packages(ignore) check parameters
[1.651s] Level 1:colcon.colcon_core.package_discovery:discover_packages(path) check parameters
[1.651s] Level 1:colcon.colcon_core.package_discovery:discover_packages(colcon_meta) discover
[1.651s] Level 1:colcon.colcon_core.package_discovery:discover_packages(recursive) discover
[1.652s] INFO:colcon.colcon_core.package_discovery:Crawling recursively for packages in '/home/geomatics_in_house_system/ros2_ws'
[1.652s] Level 1:colcon.colcon_core.package_identification:_identify(.) by extensions ['ignore', 'ignore_ament_install']
[1.653s] Level 1:colcon.colcon_core.package_identification:_identify(.) by extension 'ignore'
[1.653s] Level 1:colcon.colcon_core.package_identification:_identify(.) by extension 'ignore_ament_install'
[1.654s] Level 1:colcon.colcon_core.package_identification:_identify(.) by extensions ['colcon_pkg']
[1.654s] Level 1:colcon.colcon_core.package_identification:_identify(.) by extension 'colcon_pkg'
[1.654s] Level 1:colcon.colcon_core.package_identification:_identify(.) by extensions ['colcon_meta']
[1.654s] Level 1:colcon.colcon_core.package_identification:_identify(.) by extension 'colcon_meta'
[1.655s] Level 1:colcon.colcon_core.package_identification:_identify(.) by extensions ['ros']
[1.655s] Level 1:colcon.colcon_core.package_identification:_identify(.) by extension 'ros'
[1.708s] Level 1:colcon.colcon_core.package_identification:_identify(.) by extensions ['cmake', 'python']
[1.708s] Level 1:colcon.colcon_core.package_identification:_identify(.) by extension 'cmake'
[1.709s] Level 1:colcon.colcon_core.package_identification:_identify(.) by extension 'python'
[1.709s] Level 1:colcon.colcon_core.package_identification:_identify(.) by extensions ['python_setup_py']
[1.709s] Level 1:colcon.colcon_core.package_identification:_identify(.) by extension 'python_setup_py'
[1.710s] Level 1:colcon.colcon_core.package_identification:_identify(build) by extensions ['ignore', 'ignore_ament_install']
[1.710s] Level 1:colcon.colcon_core.package_identification:_identify(build) by extension 'ignore'
[1.711s] Level 1:colcon.colcon_core.package_identification:_identify(build) ignored
[1.713s] Level 1:colcon.colcon_core.package_identification:_identify(install) by extensions ['ignore', 'ignore_ament_install']
[1.714s] Level 1:colcon.colcon_core.package_identification:_identify(install) by extension 'ignore'
[1.714s] Level 1:colcon.colcon_core.package_identification:_identify(install) ignored
[1.715s] Level 1:colcon.colcon_core.package_identification:_identify(launch) by extensions ['ignore', 'ignore_ament_install']
[1.715s] Level 1:colcon.colcon_core.package_identification:_identify(launch) by extension 'ignore'
[1.715s] Level 1:colcon.colcon_core.package_identification:_identify(launch) by extension 'ignore_ament_install'
[1.716s] Level 1:colcon.colcon_core.package_identification:_identify(launch) by extensions ['colcon_pkg']
[1.716s] Level 1:colcon.colcon_core.package_identification:_identify(launch) by extension 'colcon_pkg'
[1.716s] Level 1:colcon.colcon_core.package_identification:_identify(launch) by extensions ['colcon_meta']
[1.716s] Level 1:colcon.colcon_core.package_identification:_identify(launch) by extension 'colcon_meta'
[1.717s] Level 1:colcon.colcon_core.package_identification:_identify(launch) by extensions ['ros']
[1.717s] Level 1:colcon.colcon_core.package_identification:_identify(launch) by extension 'ros'
[1.717s] Level 1:colcon.colcon_core.package_identification:_identify(launch) by extensions ['cmake', 'python']
[1.717s] Level 1:colcon.colcon_core.package_identification:_identify(launch) by extension 'cmake'
[1.718s] Level 1:colcon.colcon_core.package_identification:_identify(launch) by extension 'python'
[1.718s] Level 1:colcon.colcon_core.package_identification:_identify(launch) by extensions ['python_setup_py']
[1.718s] Level 1:colcon.colcon_core.package_identification:_identify(launch) by extension 'python_setup_py'
[1.719s] Level 1:colcon.colcon_core.package_identification:_identify(launch/__pycache__) by extensions ['ignore', 'ignore_ament_install']
[1.719s] Level 1:colcon.colcon_core.package_identification:_identify(launch/__pycache__) by extension 'ignore'
[1.719s] Level 1:colcon.colcon_core.package_identification:_identify(launch/__pycache__) by extension 'ignore_ament_install'
[1.720s] Level 1:colcon.colcon_core.package_identification:_identify(launch/__pycache__) by extensions ['colcon_pkg']
[1.720s] Level 1:colcon.colcon_core.package_identification:_identify(launch/__pycache__) by extension 'colcon_pkg'
[1.720s] Level 1:colcon.colcon_core.package_identification:_identify(launch/__pycache__) by extensions ['colcon_meta']
[1.720s] Level 1:colcon.colcon_core.package_identification:_identify(launch/__pycache__) by extension 'colcon_meta'
[1.720s] Level 1:colcon.colcon_core.package_identification:_identify(launch/__pycache__) by extensions ['ros']
[1.720s] Level 1:colcon.colcon_core.package_identification:_identify(launch/__pycache__) by extension 'ros'
[1.721s] Level 1:colcon.colcon_core.package_identification:_identify(launch/__pycache__) by extensions ['cmake', 'python']
[1.721s] Level 1:colcon.colcon_core.package_identification:_identify(launch/__pycache__) by extension 'cmake'
[1.721s] Level 1:colcon.colcon_core.package_identification:_identify(launch/__pycache__) by extension 'python'
[1.721s] Level 1:colcon.colcon_core.package_identification:_identify(launch/__pycache__) by extensions ['python_setup_py']
[1.721s] Level 1:colcon.colcon_core.package_identification:_identify(launch/__pycache__) by extension 'python_setup_py'
[1.722s] Level 1:colcon.colcon_core.package_identification:_identify(log) by extensions ['ignore', 'ignore_ament_install']
[1.722s] Level 1:colcon.colcon_core.package_identification:_identify(log) by extension 'ignore'
[1.723s] Level 1:colcon.colcon_core.package_identification:_identify(log) ignored
[1.723s] Level 1:colcon.colcon_core.package_identification:_identify(src) by extensions ['ignore', 'ignore_ament_install']
[1.723s] Level 1:colcon.colcon_core.package_identification:_identify(src) by extension 'ignore'
[1.723s] Level 1:colcon.colcon_core.package_identification:_identify(src) by extension 'ignore_ament_install'
[1.724s] Level 1:colcon.colcon_core.package_identification:_identify(src) by extensions ['colcon_pkg']
[1.724s] Level 1:colcon.colcon_core.package_identification:_identify(src) by extension 'colcon_pkg'
[1.724s] Level 1:colcon.colcon_core.package_identification:_identify(src) by extensions ['colcon_meta']
[1.724s] Level 1:colcon.colcon_core.package_identification:_identify(src) by extension 'colcon_meta'
[1.724s] Level 1:colcon.colcon_core.package_identification:_identify(src) by extensions ['ros']
[1.725s] Level 1:colcon.colcon_core.package_identification:_identify(src) by extension 'ros'
[1.725s] Level 1:colcon.colcon_core.package_identification:_identify(src) by extensions ['cmake', 'python']
[1.725s] Level 1:colcon.colcon_core.package_identification:_identify(src) by extension 'cmake'
[1.725s] Level 1:colcon.colcon_core.package_identification:_identify(src) by extension 'python'
[1.726s] Level 1:colcon.colcon_core.package_identification:_identify(src) by extensions ['python_setup_py']
[1.726s] Level 1:colcon.colcon_core.package_identification:_identify(src) by extension 'python_setup_py'
[1.726s] Level 1:colcon.colcon_core.package_identification:_identify(src/geo_system) by extensions ['ignore', 'ignore_ament_install']
[1.727s] Level 1:colcon.colcon_core.package_identification:_identify(src/geo_system) by extension 'ignore'
[1.727s] Level 1:colcon.colcon_core.package_identification:_identify(src/geo_system) by extension 'ignore_ament_install'
[1.727s] Level 1:colcon.colcon_core.package_identification:_identify(src/geo_system) by extensions ['colcon_pkg']
[1.728s] Level 1:colcon.colcon_core.package_identification:_identify(src/geo_system) by extension 'colcon_pkg'
[1.728s] Level 1:colcon.colcon_core.package_identification:_identify(src/geo_system) by extensions ['colcon_meta']
[1.728s] Level 1:colcon.colcon_core.package_identification:_identify(src/geo_system) by extension 'colcon_meta'
[1.728s] Level 1:colcon.colcon_core.package_identification:_identify(src/geo_system) by extensions ['ros']
[1.728s] Level 1:colcon.colcon_core.package_identification:_identify(src/geo_system) by extension 'ros'
[1.737s] DEBUG:colcon.colcon_core.package_identification:Package 'src/geo_system' with type 'ros.ament_cmake' and name 'geo_system'
[1.738s] Level 1:colcon.colcon_core.package_identification:_identify(src/imu_odom) by extensions ['ignore', 'ignore_ament_install']
[1.738s] Level 1:colcon.colcon_core.package_identification:_identify(src/imu_odom) by extension 'ignore'
[1.739s] Level 1:colcon.colcon_core.package_identification:_identify(src/imu_odom) by extension 'ignore_ament_install'
[1.739s] Level 1:colcon.colcon_core.package_identification:_identify(src/imu_odom) by extensions ['colcon_pkg']
[1.739s] Level 1:colcon.colcon_core.package_identification:_identify(src/imu_odom) by extension 'colcon_pkg'
[1.739s] Level 1:colcon.colcon_core.package_identification:_identify(src/imu_odom) by extensions ['colcon_meta']
[1.739s] Level 1:colcon.colcon_core.package_identification:_identify(src/imu_odom) by extension 'colcon_meta'
[1.739s] Level 1:colcon.colcon_core.package_identification:_identify(src/imu_odom) by extensions ['ros']
[1.740s] Level 1:colcon.colcon_core.package_identification:_identify(src/imu_odom) by extension 'ros'
[1.743s] DEBUG:colcon.colcon_core.package_identification:Package 'src/imu_odom' with type 'ros.ament_cmake' and name 'imu_odom'
[1.744s] Level 1:colcon.colcon_core.package_identification:_identify(src/libpointmatcher_ros) by extensions ['ignore', 'ignore_ament_install']
[1.744s] Level 1:colcon.colcon_core.package_identification:_identify(src/libpointmatcher_ros) by extension 'ignore'
[1.745s] Level 1:colcon.colcon_core.package_identification:_identify(src/libpointmatcher_ros) ignored
[1.745s] Level 1:colcon.colcon_core.package_identification:_identify(src/mapper_config_template) by extensions ['ignore', 'ignore_ament_install']
[1.745s] Level 1:colcon.colcon_core.package_identification:_identify(src/mapper_config_template) by extension 'ignore'
[1.746s] Level 1:colcon.colcon_core.package_identification:_identify(src/mapper_config_template) by extension 'ignore_ament_install'
[1.746s] Level 1:colcon.colcon_core.package_identification:_identify(src/mapper_config_template) by extensions ['colcon_pkg']
[1.746s] Level 1:colcon.colcon_core.package_identification:_identify(src/mapper_config_template) by extension 'colcon_pkg'
[1.746s] Level 1:colcon.colcon_core.package_identification:_identify(src/mapper_config_template) by extensions ['colcon_meta']
[1.746s] Level 1:colcon.colcon_core.package_identification:_identify(src/mapper_config_template) by extension 'colcon_meta'
[1.746s] Level 1:colcon.colcon_core.package_identification:_identify(src/mapper_config_template) by extensions ['ros']
[1.747s] Level 1:colcon.colcon_core.package_identification:_identify(src/mapper_config_template) by extension 'ros'
[1.749s] DEBUG:colcon.colcon_core.package_identification:Package 'src/mapper_config_template' with type 'ros.ament_cmake' and name 'mapper_config_template'
[1.750s] Level 1:colcon.colcon_core.package_identification:_identify(src/norlab_icp_mapper_ros) by extensions ['ignore', 'ignore_ament_install']
[1.750s] Level 1:colcon.colcon_core.package_identification:_identify(src/norlab_icp_mapper_ros) by extension 'ignore'
[1.751s] Level 1:colcon.colcon_core.package_identification:_identify(src/norlab_icp_mapper_ros) ignored
[1.751s] Level 1:colcon.colcon_core.package_identification:_identify(src/ros2_tcp_tunnel) by extensions ['ignore', 'ignore_ament_install']
[1.752s] Level 1:colcon.colcon_core.package_identification:_identify(src/ros2_tcp_tunnel) by extension 'ignore'
[1.752s] Level 1:colcon.colcon_core.package_identification:_identify(src/ros2_tcp_tunnel) ignored
[1.753s] Level 1:colcon.colcon_core.package_identification:_identify(src/vectornav) by extensions ['ignore', 'ignore_ament_install']
[1.753s] Level 1:colcon.colcon_core.package_identification:_identify(src/vectornav) by extension 'ignore'
[1.753s] Level 1:colcon.colcon_core.package_identification:_identify(src/vectornav) ignored
[1.754s] Level 1:colcon.colcon_core.package_identification:_identify(src/velodyne) by extensions ['ignore', 'ignore_ament_install']
[1.755s] Level 1:colcon.colcon_core.package_identification:_identify(src/velodyne) by extension 'ignore'
[1.755s] Level 1:colcon.colcon_core.package_identification:_identify(src/velodyne) ignored
[1.755s] Level 1:colcon.colcon_core.package_discovery:discover_packages(recursive) using defaults
[1.756s] Level 1:colcon.colcon_core.package_discovery:discover_packages(ignore) discover
[1.756s] Level 1:colcon.colcon_core.package_discovery:discover_packages(ignore) using defaults
[1.756s] Level 1:colcon.colcon_core.package_discovery:discover_packages(path) discover
[1.756s] Level 1:colcon.colcon_core.package_discovery:discover_packages(path) using defaults
[1.857s] Level 1:colcon.colcon_core.package_discovery:discover_packages(prefix_path) check parameters
[1.857s] Level 1:colcon.colcon_core.package_discovery:discover_packages(prefix_path) discover
[1.873s] DEBUG:colcon.colcon_installed_package_information.package_discovery:Found 14 installed packages in /home/geomatics_in_house_system/ros2_ws/install
[1.882s] DEBUG:colcon.colcon_installed_package_information.package_discovery:Found 279 installed packages in /opt/ros/humble
[1.931s] Level 1:colcon.colcon_core.package_discovery:discover_packages(prefix_path) using defaults
[2.144s] Level 5:colcon.colcon_core.verb:set package 'geo_system' build argument 'cmake_args' from command line to 'None'
[2.144s] Level 5:colcon.colcon_core.verb:set package 'geo_system' build argument 'cmake_target' from command line to 'None'
[2.145s] Level 5:colcon.colcon_core.verb:set package 'geo_system' build argument 'cmake_target_skip_unavailable' from command line to 'False'
[2.145s] Level 5:colcon.colcon_core.verb:set package 'geo_system' build argument 'cmake_clean_cache' from command line to 'False'
[2.145s] Level 5:colcon.colcon_core.verb:set package 'geo_system' build argument 'cmake_clean_first' from command line to 'False'
[2.145s] Level 5:colcon.colcon_core.verb:set package 'geo_system' build argument 'cmake_force_configure' from command line to 'False'
[2.145s] Level 5:colcon.colcon_core.verb:set package 'geo_system' build argument 'ament_cmake_args' from command line to 'None'
[2.145s] Level 5:colcon.colcon_core.verb:set package 'geo_system' build argument 'catkin_cmake_args' from command line to 'None'
[2.145s] Level 5:colcon.colcon_core.verb:set package 'geo_system' build argument 'catkin_skip_building_tests' from command line to 'False'
[2.146s] DEBUG:colcon.colcon_core.verb:Building package 'geo_system' with the following arguments: {'ament_cmake_args': None, 'build_base': '/home/geomatics_in_house_system/ros2_ws/build/geo_system', 'catkin_cmake_args': None, 'catkin_skip_building_tests': False, 'cmake_args': None, 'cmake_clean_cache': False, 'cmake_clean_first': False, 'cmake_force_configure': False, 'cmake_target': None, 'cmake_target_skip_unavailable': False, 'install_base': '/home/geomatics_in_house_system/ros2_ws/install/geo_system', 'merge_install': False, 'path': '/home/geomatics_in_house_system/ros2_ws/src/geo_system', 'symlink_install': False, 'test_result_base': None}
[2.147s] Level 5:colcon.colcon_core.verb:set package 'imu_odom' build argument 'cmake_args' from command line to 'None'
[2.148s] Level 5:colcon.colcon_core.verb:set package 'imu_odom' build argument 'cmake_target' from command line to 'None'
[2.148s] Level 5:colcon.colcon_core.verb:set package 'imu_odom' build argument 'cmake_target_skip_unavailable' from command line to 'False'
[2.148s] Level 5:colcon.colcon_core.verb:set package 'imu_odom' build argument 'cmake_clean_cache' from command line to 'False'
[2.148s] Level 5:colcon.colcon_core.verb:set package 'imu_odom' build argument 'cmake_clean_first' from command line to 'False'
[2.148s] Level 5:colcon.colcon_core.verb:set package 'imu_odom' build argument 'cmake_force_configure' from command line to 'False'
[2.148s] Level 5:colcon.colcon_core.verb:set package 'imu_odom' build argument 'ament_cmake_args' from command line to 'None'
[2.148s] Level 5:colcon.colcon_core.verb:set package 'imu_odom' build argument 'catkin_cmake_args' from command line to 'None'
[2.148s] Level 5:colcon.colcon_core.verb:set package 'imu_odom' build argument 'catkin_skip_building_tests' from command line to 'False'
[2.148s] DEBUG:colcon.colcon_core.verb:Building package 'imu_odom' with the following arguments: {'ament_cmake_args': None, 'build_base': '/home/geomatics_in_house_system/ros2_ws/build/imu_odom', 'catkin_cmake_args': None, 'catkin_skip_building_tests': False, 'cmake_args': None, 'cmake_clean_cache': False, 'cmake_clean_first': False, 'cmake_force_configure': False, 'cmake_target': None, 'cmake_target_skip_unavailable': False, 'install_base': '/home/geomatics_in_house_system/ros2_ws/install/imu_odom', 'merge_install': False, 'path': '/home/geomatics_in_house_system/ros2_ws/src/imu_odom', 'symlink_install': False, 'test_result_base': None}
[2.150s] Level 5:colcon.colcon_core.verb:set package 'mapper_config_template' build argument 'cmake_args' from command line to 'None'
[2.150s] Level 5:colcon.colcon_core.verb:set package 'mapper_config_template' build argument 'cmake_target' from command line to 'None'
[2.151s] Level 5:colcon.colcon_core.verb:set package 'mapper_config_template' build argument 'cmake_target_skip_unavailable' from command line to 'False'
[2.151s] Level 5:colcon.colcon_core.verb:set package 'mapper_config_template' build argument 'cmake_clean_cache' from command line to 'False'
[2.151s] Level 5:colcon.colcon_core.verb:set package 'mapper_config_template' build argument 'cmake_clean_first' from command line to 'False'
[2.151s] Level 5:colcon.colcon_core.verb:set package 'mapper_config_template' build argument 'cmake_force_configure' from command line to 'False'
[2.151s] Level 5:colcon.colcon_core.verb:set package 'mapper_config_template' build argument 'ament_cmake_args' from command line to 'None'
[2.151s] Level 5:colcon.colcon_core.verb:set package 'mapper_config_template' build argument 'catkin_cmake_args' from command line to 'None'
[2.151s] Level 5:colcon.colcon_core.verb:set package 'mapper_config_template' build argument 'catkin_skip_building_tests' from command line to 'False'
[2.152s] DEBUG:colcon.colcon_core.verb:Building package 'mapper_config_template' with the following arguments: {'ament_cmake_args': None, 'build_base': '/home/geomatics_in_house_system/ros2_ws/build/mapper_config_template', 'catkin_cmake_args': None, 'catkin_skip_building_tests': False, 'cmake_args': None, 'cmake_clean_cache': False, 'cmake_clean_first': False, 'cmake_force_configure': False, 'cmake_target': None, 'cmake_target_skip_unavailable': False, 'install_base': '/home/geomatics_in_house_system/ros2_ws/install/mapper_config_template', 'merge_install': False, 'path': '/home/geomatics_in_house_system/ros2_ws/src/mapper_config_template', 'symlink_install': False, 'test_result_base': None}
[2.152s] INFO:colcon.colcon_core.executor:Executing jobs using 'parallel' executor
[2.156s] DEBUG:colcon.colcon_parallel_executor.executor.parallel:run_until_complete
[2.157s] INFO:colcon.colcon_ros.task.ament_cmake.build:Building ROS package in '/home/geomatics_in_house_system/ros2_ws/src/geo_system' with build type 'ament_cmake'
[2.157s] INFO:colcon.colcon_cmake.task.cmake.build:Building CMake package in '/home/geomatics_in_house_system/ros2_ws/src/geo_system'
[2.169s] INFO:colcon.colcon_core.plugin_system:Skipping extension 'colcon_core.shell.bat': Not used on non-Windows systems
[2.170s] INFO:colcon.colcon_core.shell:Skip shell extension 'powershell' for command environment: Not usable outside of PowerShell
[2.170s] DEBUG:colcon.colcon_core.shell:Skip shell extension 'dsv' for command environment
[2.204s] INFO:colcon.colcon_ros.task.ament_cmake.build:Building ROS package in '/home/geomatics_in_house_system/ros2_ws/src/imu_odom' with build type 'ament_cmake'
[2.205s] INFO:colcon.colcon_cmake.task.cmake.build:Building CMake package in '/home/geomatics_in_house_system/ros2_ws/src/imu_odom'
[2.206s] INFO:colcon.colcon_core.shell:Skip shell extension 'powershell' for command environment: Not usable outside of PowerShell
[2.207s] DEBUG:colcon.colcon_core.shell:Skip shell extension 'dsv' for command environment
[2.234s] INFO:colcon.colcon_ros.task.ament_cmake.build:Building ROS package in '/home/geomatics_in_house_system/ros2_ws/src/mapper_config_template' with build type 'ament_cmake'
[2.234s] INFO:colcon.colcon_cmake.task.cmake.build:Building CMake package in '/home/geomatics_in_house_system/ros2_ws/src/mapper_config_template'
[2.236s] INFO:colcon.colcon_core.shell:Skip shell extension 'powershell' for command environment: Not usable outside of PowerShell
[2.236s] DEBUG:colcon.colcon_core.shell:Skip shell extension 'dsv' for command environment
[2.281s] DEBUG:colcon.colcon_core.event_handler.log_command:Invoking command in '/home/geomatics_in_house_system/ros2_ws/build/geo_system': CMAKE_PREFIX_PATH=${CMAKE_PREFIX_PATH}:/opt/ros/humble /usr/bin/cmake --build /home/geomatics_in_house_system/ros2_ws/build/geo_system -- -j4 -l4
[2.304s] DEBUG:colcon.colcon_core.event_handler.log_command:Invoking command in '/home/geomatics_in_house_system/ros2_ws/build/imu_odom': CMAKE_PREFIX_PATH=${CMAKE_PREFIX_PATH}:/opt/ros/humble /usr/bin/cmake --build /home/geomatics_in_house_system/ros2_ws/build/imu_odom -- -j4 -l4
[2.324s] DEBUG:colcon.colcon_core.event_handler.log_command:Invoking command in '/home/geomatics_in_house_system/ros2_ws/build/mapper_config_template': CMAKE_PREFIX_PATH=${CMAKE_PREFIX_PATH}:/opt/ros/humble /usr/bin/cmake --build /home/geomatics_in_house_system/ros2_ws/build/mapper_config_template -- -j4 -l4
[2.545s] DEBUG:colcon.colcon_core.event_handler.log_command:Invoked command in '/home/geomatics_in_house_system/ros2_ws/build/geo_system' returned '0': CMAKE_PREFIX_PATH=${CMAKE_PREFIX_PATH}:/opt/ros/humble /usr/bin/cmake --build /home/geomatics_in_house_system/ros2_ws/build/geo_system -- -j4 -l4
[2.594s] DEBUG:colcon.colcon_core.event_handler.log_command:Invoked command in '/home/geomatics_in_house_system/ros2_ws/build/mapper_config_template' returned '0': CMAKE_PREFIX_PATH=${CMAKE_PREFIX_PATH}:/opt/ros/humble /usr/bin/cmake --build /home/geomatics_in_house_system/ros2_ws/build/mapper_config_template -- -j4 -l4
[2.800s] DEBUG:colcon.colcon_core.event_handler.log_command:Invoking command in '/home/geomatics_in_house_system/ros2_ws/build/geo_system': CMAKE_PREFIX_PATH=${CMAKE_PREFIX_PATH}:/opt/ros/humble /usr/bin/cmake --install /home/geomatics_in_house_system/ros2_ws/build/geo_system
[2.808s] DEBUG:colcon.colcon_core.event_handler.log_command:Invoking command in '/home/geomatics_in_house_system/ros2_ws/build/mapper_config_template': CMAKE_PREFIX_PATH=${CMAKE_PREFIX_PATH}:/opt/ros/humble /usr/bin/cmake --install /home/geomatics_in_house_system/ros2_ws/build/mapper_config_template
[2.820s] DEBUG:colcon.colcon_core.event_handler.log_command:Invoked command in '/home/geomatics_in_house_system/ros2_ws/build/imu_odom' returned '0': CMAKE_PREFIX_PATH=${CMAKE_PREFIX_PATH}:/opt/ros/humble /usr/bin/cmake --build /home/geomatics_in_house_system/ros2_ws/build/imu_odom -- -j4 -l4
[2.879s] Level 1:colcon.colcon_core.environment:create_environment_scripts_only(geo_system)
[2.902s] DEBUG:colcon.colcon_core.event_handler.log_command:Invoked command in '/home/geomatics_in_house_system/ros2_ws/build/geo_system' returned '0': CMAKE_PREFIX_PATH=${CMAKE_PREFIX_PATH}:/opt/ros/humble /usr/bin/cmake --install /home/geomatics_in_house_system/ros2_ws/build/geo_system
[2.908s] Level 1:colcon.colcon_core.environment:checking '/home/geomatics_in_house_system/ros2_ws/install/geo_system' for CMake module files
[2.917s] Level 1:colcon.colcon_core.environment:checking '/home/geomatics_in_house_system/ros2_ws/install/geo_system' for CMake config files
[2.920s] Level 1:colcon.colcon_core.shell:create_environment_hook('geo_system', 'cmake_prefix_path')
[2.922s] INFO:colcon.colcon_core.shell:Creating environment hook '/home/geomatics_in_house_system/ros2_ws/install/geo_system/share/geo_system/hook/cmake_prefix_path.ps1'
[2.924s] INFO:colcon.colcon_core.shell:Creating environment descriptor '/home/geomatics_in_house_system/ros2_ws/install/geo_system/share/geo_system/hook/cmake_prefix_path.dsv'
[2.927s] INFO:colcon.colcon_core.shell:Creating environment hook '/home/geomatics_in_house_system/ros2_ws/install/geo_system/share/geo_system/hook/cmake_prefix_path.sh'
[2.932s] Level 1:colcon.colcon_core.environment:checking '/home/geomatics_in_house_system/ros2_ws/install/geo_system/bin'
[2.932s] Level 1:colcon.colcon_core.environment:checking '/home/geomatics_in_house_system/ros2_ws/install/geo_system/lib/pkgconfig/geo_system.pc'
[2.933s] Level 1:colcon.colcon_core.environment:checking '/home/geomatics_in_house_system/ros2_ws/install/geo_system/lib/python3.10/site-packages'
[2.934s] Level 1:colcon.colcon_core.environment:checking '/home/geomatics_in_house_system/ros2_ws/install/geo_system/bin'
[2.936s] INFO:colcon.colcon_core.shell:Creating package script '/home/geomatics_in_house_system/ros2_ws/install/geo_system/share/geo_system/package.ps1'
[2.940s] INFO:colcon.colcon_core.shell:Creating package descriptor '/home/geomatics_in_house_system/ros2_ws/install/geo_system/share/geo_system/package.dsv'
[2.943s] INFO:colcon.colcon_core.shell:Creating package script '/home/geomatics_in_house_system/ros2_ws/install/geo_system/share/geo_system/package.sh'
[2.946s] INFO:colcon.colcon_core.shell:Creating package script '/home/geomatics_in_house_system/ros2_ws/install/geo_system/share/geo_system/package.bash'
[2.950s] INFO:colcon.colcon_core.shell:Creating package script '/home/geomatics_in_house_system/ros2_ws/install/geo_system/share/geo_system/package.zsh'
[2.953s] Level 1:colcon.colcon_core.environment:create_file_with_runtime_dependencies(/home/geomatics_in_house_system/ros2_ws/install/geo_system/share/colcon-core/packages/geo_system)
[2.965s] Level 1:colcon.colcon_core.environment:create_environment_scripts_only(mapper_config_template)
[2.967s] Level 1:colcon.colcon_core.environment:checking '/home/geomatics_in_house_system/ros2_ws/install/mapper_config_template' for CMake module files
[2.970s] DEBUG:colcon.colcon_core.event_handler.log_command:Invoked command in '/home/geomatics_in_house_system/ros2_ws/build/mapper_config_template' returned '0': CMAKE_PREFIX_PATH=${CMAKE_PREFIX_PATH}:/opt/ros/humble /usr/bin/cmake --install /home/geomatics_in_house_system/ros2_ws/build/mapper_config_template
[2.977s] Level 1:colcon.colcon_core.environment:checking '/home/geomatics_in_house_system/ros2_ws/install/mapper_config_template' for CMake config files
[2.982s] Level 1:colcon.colcon_core.shell:create_environment_hook('mapper_config_template', 'cmake_prefix_path')
[2.984s] INFO:colcon.colcon_core.shell:Creating environment hook '/home/geomatics_in_house_system/ros2_ws/install/mapper_config_template/share/mapper_config_template/hook/cmake_prefix_path.ps1'
[2.989s] INFO:colcon.colcon_core.shell:Creating environment descriptor '/home/geomatics_in_house_system/ros2_ws/install/mapper_config_template/share/mapper_config_template/hook/cmake_prefix_path.dsv'
[2.993s] INFO:colcon.colcon_core.shell:Creating environment hook '/home/geomatics_in_house_system/ros2_ws/install/mapper_config_template/share/mapper_config_template/hook/cmake_prefix_path.sh'
[2.998s] Level 1:colcon.colcon_core.environment:checking '/home/geomatics_in_house_system/ros2_ws/install/mapper_config_template/bin'
[2.999s] Level 1:colcon.colcon_core.environment:checking '/home/geomatics_in_house_system/ros2_ws/install/mapper_config_template/lib/pkgconfig/mapper_config_template.pc'
[3.000s] Level 1:colcon.colcon_core.environment:checking '/home/geomatics_in_house_system/ros2_ws/install/mapper_config_template/lib/python3.10/site-packages'
[3.002s] Level 1:colcon.colcon_core.environment:checking '/home/geomatics_in_house_system/ros2_ws/install/mapper_config_template/bin'
[3.004s] INFO:colcon.colcon_core.shell:Creating package script '/home/geomatics_in_house_system/ros2_ws/install/mapper_config_template/share/mapper_config_template/package.ps1'
[3.008s] INFO:colcon.colcon_core.shell:Creating package descriptor '/home/geomatics_in_house_system/ros2_ws/install/mapper_config_template/share/mapper_config_template/package.dsv'
[3.012s] INFO:colcon.colcon_core.shell:Creating package script '/home/geomatics_in_house_system/ros2_ws/install/mapper_config_template/share/mapper_config_template/package.sh'
[3.017s] INFO:colcon.colcon_core.shell:Creating package script '/home/geomatics_in_house_system/ros2_ws/install/mapper_config_template/share/mapper_config_template/package.bash'
[3.020s] INFO:colcon.colcon_core.shell:Creating package script '/home/geomatics_in_house_system/ros2_ws/install/mapper_config_template/share/mapper_config_template/package.zsh'
[3.023s] Level 1:colcon.colcon_core.environment:create_file_with_runtime_dependencies(/home/geomatics_in_house_system/ros2_ws/install/mapper_config_template/share/colcon-core/packages/mapper_config_template)
[3.035s] DEBUG:colcon.colcon_core.event_handler.log_command:Invoking command in '/home/geomatics_in_house_system/ros2_ws/build/imu_odom': CMAKE_PREFIX_PATH=${CMAKE_PREFIX_PATH}:/opt/ros/humble /usr/bin/cmake --install /home/geomatics_in_house_system/ros2_ws/build/imu_odom
[3.126s] Level 1:colcon.colcon_core.environment:create_environment_scripts_only(imu_odom)
[3.129s] Level 1:colcon.colcon_core.environment:checking '/home/geomatics_in_house_system/ros2_ws/install/imu_odom' for CMake module files
[3.128s] DEBUG:colcon.colcon_core.event_handler.log_command:Invoked command in '/home/geomatics_in_house_system/ros2_ws/build/imu_odom' returned '0': CMAKE_PREFIX_PATH=${CMAKE_PREFIX_PATH}:/opt/ros/humble /usr/bin/cmake --install /home/geomatics_in_house_system/ros2_ws/build/imu_odom
[3.132s] Level 1:colcon.colcon_core.environment:checking '/home/geomatics_in_house_system/ros2_ws/install/imu_odom' for CMake config files
[3.135s] Level 1:colcon.colcon_core.shell:create_environment_hook('imu_odom', 'cmake_prefix_path')
[3.136s] INFO:colcon.colcon_core.shell:Creating environment hook '/home/geomatics_in_house_system/ros2_ws/install/imu_odom/share/imu_odom/hook/cmake_prefix_path.ps1'
[3.139s] INFO:colcon.colcon_core.shell:Creating environment descriptor '/home/geomatics_in_house_system/ros2_ws/install/imu_odom/share/imu_odom/hook/cmake_prefix_path.dsv'
[3.142s] INFO:colcon.colcon_core.shell:Creating environment hook '/home/geomatics_in_house_system/ros2_ws/install/imu_odom/share/imu_odom/hook/cmake_prefix_path.sh'
[3.145s] Level 1:colcon.colcon_core.environment:checking '/home/geomatics_in_house_system/ros2_ws/install/imu_odom/lib'
[3.147s] Level 1:colcon.colcon_core.environment:checking '/home/geomatics_in_house_system/ros2_ws/install/imu_odom/bin'
[3.147s] Level 1:colcon.colcon_core.environment:checking '/home/geomatics_in_house_system/ros2_ws/install/imu_odom/lib/pkgconfig/imu_odom.pc'
[3.149s] Level 1:colcon.colcon_core.environment:checking '/home/geomatics_in_house_system/ros2_ws/install/imu_odom/lib/python3.10/site-packages'
[3.150s] Level 1:colcon.colcon_core.environment:checking '/home/geomatics_in_house_system/ros2_ws/install/imu_odom/bin'
[3.152s] INFO:colcon.colcon_core.shell:Creating package script '/home/geomatics_in_house_system/ros2_ws/install/imu_odom/share/imu_odom/package.ps1'
[3.155s] INFO:colcon.colcon_core.shell:Creating package descriptor '/home/geomatics_in_house_system/ros2_ws/install/imu_odom/share/imu_odom/package.dsv'
[3.158s] INFO:colcon.colcon_core.shell:Creating package script '/home/geomatics_in_house_system/ros2_ws/install/imu_odom/share/imu_odom/package.sh'
[3.160s] INFO:colcon.colcon_core.shell:Creating package script '/home/geomatics_in_house_system/ros2_ws/install/imu_odom/share/imu_odom/package.bash'
[3.163s] INFO:colcon.colcon_core.shell:Creating package script '/home/geomatics_in_house_system/ros2_ws/install/imu_odom/share/imu_odom/package.zsh'
[3.167s] Level 1:colcon.colcon_core.environment:create_file_with_runtime_dependencies(/home/geomatics_in_house_system/ros2_ws/install/imu_odom/share/colcon-core/packages/imu_odom)
[3.186s] Level 1:colcon.colcon_core.environment:create_environment_scripts_only(geo_system)
[3.188s] Level 1:colcon.colcon_core.environment:checking '/home/geomatics_in_house_system/ros2_ws/install/geo_system' for CMake module files
[3.194s] Level 1:colcon.colcon_core.environment:checking '/home/geomatics_in_house_system/ros2_ws/install/geo_system' for CMake config files
[3.197s] Level 1:colcon.colcon_core.shell:create_environment_hook('geo_system', 'cmake_prefix_path')
[3.198s] INFO:colcon.colcon_core.shell:Creating environment hook '/home/geomatics_in_house_system/ros2_ws/install/geo_system/share/geo_system/hook/cmake_prefix_path.ps1'
[3.200s] INFO:colcon.colcon_core.shell:Creating environment descriptor '/home/geomatics_in_house_system/ros2_ws/install/geo_system/share/geo_system/hook/cmake_prefix_path.dsv'
[3.203s] INFO:colcon.colcon_core.shell:Creating environment hook '/home/geomatics_in_house_system/ros2_ws/install/geo_system/share/geo_system/hook/cmake_prefix_path.sh'
[3.207s] Level 1:colcon.colcon_core.environment:checking '/home/geomatics_in_house_system/ros2_ws/install/geo_system/bin'
[3.208s] Level 1:colcon.colcon_core.environment:checking '/home/geomatics_in_house_system/ros2_ws/install/geo_system/lib/pkgconfig/geo_system.pc'
[3.209s] Level 1:colcon.colcon_core.environment:checking '/home/geomatics_in_house_system/ros2_ws/install/geo_system/lib/python3.10/site-packages'
[3.211s] Level 1:colcon.colcon_core.environment:checking '/home/geomatics_in_house_system/ros2_ws/install/geo_system/bin'
[3.213s] INFO:colcon.colcon_core.shell:Creating package script '/home/geomatics_in_house_system/ros2_ws/install/geo_system/share/geo_system/package.ps1'
[3.216s] INFO:colcon.colcon_core.shell:Creating package descriptor '/home/geomatics_in_house_system/ros2_ws/install/geo_system/share/geo_system/package.dsv'
[3.219s] INFO:colcon.colcon_core.shell:Creating package script '/home/geomatics_in_house_system/ros2_ws/install/geo_system/share/geo_system/package.sh'
[3.222s] INFO:colcon.colcon_core.shell:Creating package script '/home/geomatics_in_house_system/ros2_ws/install/geo_system/share/geo_system/package.bash'
[3.225s] INFO:colcon.colcon_core.shell:Creating package script '/home/geomatics_in_house_system/ros2_ws/install/geo_system/share/geo_system/package.zsh'
[3.227s] Level 1:colcon.colcon_core.environment:create_file_with_runtime_dependencies(/home/geomatics_in_house_system/ros2_ws/install/geo_system/share/colcon-core/packages/geo_system)
[3.234s] Level 1:colcon.colcon_core.environment:create_environment_scripts_only(mapper_config_template)
[3.235s] Level 1:colcon.colcon_core.environment:checking '/home/geomatics_in_house_system/ros2_ws/install/mapper_config_template' for CMake module files
[3.240s] Level 1:colcon.colcon_core.environment:checking '/home/geomatics_in_house_system/ros2_ws/install/mapper_config_template' for CMake config files
[3.243s] Level 1:colcon.colcon_core.shell:create_environment_hook('mapper_config_template', 'cmake_prefix_path')
[3.244s] INFO:colcon.colcon_core.shell:Creating environment hook '/home/geomatics_in_house_system/ros2_ws/install/mapper_config_template/share/mapper_config_template/hook/cmake_prefix_path.ps1'
[3.246s] INFO:colcon.colcon_core.shell:Creating environment descriptor '/home/geomatics_in_house_system/ros2_ws/install/mapper_config_template/share/mapper_config_template/hook/cmake_prefix_path.dsv'
[3.248s] INFO:colcon.colcon_core.shell:Creating environment hook '/home/geomatics_in_house_system/ros2_ws/install/mapper_config_template/share/mapper_config_template/hook/cmake_prefix_path.sh'
[3.251s] Level 1:colcon.colcon_core.environment:checking '/home/geomatics_in_house_system/ros2_ws/install/mapper_config_template/bin'
[3.252s] Level 1:colcon.colcon_core.environment:checking '/home/geomatics_in_house_system/ros2_ws/install/mapper_config_template/lib/pkgconfig/mapper_config_template.pc'
[3.253s] Level 1:colcon.colcon_core.environment:checking '/home/geomatics_in_house_system/ros2_ws/install/mapper_config_template/lib/python3.10/site-packages'
[3.254s] Level 1:colcon.colcon_core.environment:checking '/home/geomatics_in_house_system/ros2_ws/install/mapper_config_template/bin'
[3.256s] INFO:colcon.colcon_core.shell:Creating package script '/home/geomatics_in_house_system/ros2_ws/install/mapper_config_template/share/mapper_config_template/package.ps1'
[3.258s] INFO:colcon.colcon_core.shell:Creating package descriptor '/home/geomatics_in_house_system/ros2_ws/install/mapper_config_template/share/mapper_config_template/package.dsv'
[3.261s] INFO:colcon.colcon_core.shell:Creating package script '/home/geomatics_in_house_system/ros2_ws/install/mapper_config_template/share/mapper_config_template/package.sh'
[3.267s] INFO:colcon.colcon_core.shell:Creating package script '/home/geomatics_in_house_system/ros2_ws/install/mapper_config_template/share/mapper_config_template/package.bash'
[3.269s] INFO:colcon.colcon_core.shell:Creating package script '/home/geomatics_in_house_system/ros2_ws/install/mapper_config_template/share/mapper_config_template/package.zsh'
[3.272s] Level 1:colcon.colcon_core.environment:create_file_with_runtime_dependencies(/home/geomatics_in_house_system/ros2_ws/install/mapper_config_template/share/colcon-core/packages/mapper_config_template)
[3.360s] Level 1:colcon.colcon_core.environment:create_environment_scripts_only(imu_odom)
[3.362s] Level 1:colcon.colcon_core.environment:checking '/home/geomatics_in_house_system/ros2_ws/install/imu_odom' for CMake module files
[3.368s] Level 1:colcon.colcon_core.environment:checking '/home/geomatics_in_house_system/ros2_ws/install/imu_odom' for CMake config files
[3.370s] Level 1:colcon.colcon_core.shell:create_environment_hook('imu_odom', 'cmake_prefix_path')
[3.372s] INFO:colcon.colcon_core.shell:Creating environment hook '/home/geomatics_in_house_system/ros2_ws/install/imu_odom/share/imu_odom/hook/cmake_prefix_path.ps1'
[3.375s] INFO:colcon.colcon_core.shell:Creating environment descriptor '/home/geomatics_in_house_system/ros2_ws/install/imu_odom/share/imu_odom/hook/cmake_prefix_path.dsv'
[3.379s] INFO:colcon.colcon_core.shell:Creating environment hook '/home/geomatics_in_house_system/ros2_ws/install/imu_odom/share/imu_odom/hook/cmake_prefix_path.sh'
[3.383s] Level 1:colcon.colcon_core.environment:checking '/home/geomatics_in_house_system/ros2_ws/install/imu_odom/lib'
[3.383s] Level 1:colcon.colcon_core.environment:checking '/home/geomatics_in_house_system/ros2_ws/install/imu_odom/bin'
[3.384s] Level 1:colcon.colcon_core.environment:checking '/home/geomatics_in_house_system/ros2_ws/install/imu_odom/lib/pkgconfig/imu_odom.pc'
[3.384s] Level 1:colcon.colcon_core.environment:checking '/home/geomatics_in_house_system/ros2_ws/install/imu_odom/lib/python3.10/site-packages'
[3.385s] Level 1:colcon.colcon_core.environment:checking '/home/geomatics_in_house_system/ros2_ws/install/imu_odom/bin'
[3.387s] INFO:colcon.colcon_core.shell:Creating package script '/home/geomatics_in_house_system/ros2_ws/install/imu_odom/share/imu_odom/package.ps1'
[3.390s] INFO:colcon.colcon_core.shell:Creating package descriptor '/home/geomatics_in_house_system/ros2_ws/install/imu_odom/share/imu_odom/package.dsv'
[3.392s] INFO:colcon.colcon_core.shell:Creating package script '/home/geomatics_in_house_system/ros2_ws/install/imu_odom/share/imu_odom/package.sh'
[3.395s] INFO:colcon.colcon_core.shell:Creating package script '/home/geomatics_in_house_system/ros2_ws/install/imu_odom/share/imu_odom/package.bash'
[3.398s] INFO:colcon.colcon_core.shell:Creating package script '/home/geomatics_in_house_system/ros2_ws/install/imu_odom/share/imu_odom/package.zsh'
[3.400s] Level 1:colcon.colcon_core.environment:create_file_with_runtime_dependencies(/home/geomatics_in_house_system/ros2_ws/install/imu_odom/share/colcon-core/packages/imu_odom)
[3.402s] DEBUG:colcon.colcon_parallel_executor.executor.parallel:closing loop
[3.403s] DEBUG:colcon.colcon_parallel_executor.executor.parallel:loop closed
[3.404s] DEBUG:colcon.colcon_parallel_executor.executor.parallel:run_until_complete finished with '0'
[3.404s] DEBUG:colcon.colcon_core.event_reactor:joining thread
[3.430s] INFO:colcon.colcon_core.plugin_system:Skipping extension 'colcon_notification.desktop_notification.terminal_notifier': Not used on non-Darwin systems
[3.431s] INFO:colcon.colcon_core.plugin_system:Skipping extension 'colcon_notification.desktop_notification.win32': Not used on non-Windows systems
[3.431s] INFO:colcon.colcon_notification.desktop_notification:Sending desktop notification using 'notify2'
[3.478s] DEBUG:colcon.colcon_core.event_reactor:joined thread
[3.479s] INFO:colcon.colcon_core.shell:Creating prefix script '/home/geomatics_in_house_system/ros2_ws/install/local_setup.ps1'
[3.483s] INFO:colcon.colcon_core.shell:Creating prefix util module '/home/geomatics_in_house_system/ros2_ws/install/_local_setup_util_ps1.py'
[3.490s] INFO:colcon.colcon_core.shell:Creating prefix chain script '/home/geomatics_in_house_system/ros2_ws/install/setup.ps1'
[3.499s] INFO:colcon.colcon_core.shell:Creating prefix script '/home/geomatics_in_house_system/ros2_ws/install/local_setup.sh'
[3.502s] INFO:colcon.colcon_core.shell:Creating prefix util module '/home/geomatics_in_house_system/ros2_ws/install/_local_setup_util_sh.py'
[3.504s] INFO:colcon.colcon_core.shell:Creating prefix chain script '/home/geomatics_in_house_system/ros2_ws/install/setup.sh'
[3.514s] INFO:colcon.colcon_core.shell:Creating prefix script '/home/geomatics_in_house_system/ros2_ws/install/local_setup.bash'
[3.517s] INFO:colcon.colcon_core.shell:Creating prefix chain script '/home/geomatics_in_house_system/ros2_ws/install/setup.bash'
[3.527s] INFO:colcon.colcon_core.shell:Creating prefix script '/home/geomatics_in_house_system/ros2_ws/install/local_setup.zsh'
[3.531s] INFO:colcon.colcon_core.shell:Creating prefix chain script '/home/geomatics_in_house_system/ros2_ws/install/setup.zsh'
