[0.455s] Invoking command in '/home/geomatics_in_house_system/ros2_ws/build/imu_odom': CMAKE_PREFIX_PATH=${CMAKE_PREFIX_PATH}:/opt/ros/humble /usr/bin/cmake --build /home/geomatics_in_house_system/ros2_ws/build/imu_odom -- -j4 -l4
[1.625s] [100%] Built target imu_odom_node
[1.851s] Invoked command in '/home/geomatics_in_house_system/ros2_ws/build/imu_odom' returned '0': CMAKE_PREFIX_PATH=${CMAKE_PREFIX_PATH}:/opt/ros/humble /usr/bin/cmake --build /home/geomatics_in_house_system/ros2_ws/build/imu_odom -- -j4 -l4
[2.715s] Invoking command in '/home/geomatics_in_house_system/ros2_ws/build/imu_odom': CMAKE_PREFIX_PATH=${CMAKE_PREFIX_PATH}:/opt/ros/humble /usr/bin/cmake --install /home/geomatics_in_house_system/ros2_ws/build/imu_odom
[2.819s] -- Install configuration: ""
[2.828s] -- Up-to-date: /home/geomatics_in_house_system/ros2_ws/install/imu_odom/lib/imu_odom/imu_odom_node
[2.830s] -- Up-to-date: /home/geomatics_in_house_system/ros2_ws/install/imu_odom/share/imu_odom/launch
[2.830s] -- Up-to-date: /home/geomatics_in_house_system/ros2_ws/install/imu_odom/share/imu_odom/launch/imu_odom.launch.py
[2.832s] -- Up-to-date: /home/geomatics_in_house_system/ros2_ws/install/imu_odom/share/ament_index/resource_index/package_run_dependencies/imu_odom
[2.832s] -- Up-to-date: /home/geomatics_in_house_system/ros2_ws/install/imu_odom/share/ament_index/resource_index/parent_prefix_path/imu_odom
[2.833s] -- Up-to-date: /home/geomatics_in_house_system/ros2_ws/install/imu_odom/share/imu_odom/environment/ament_prefix_path.sh
[2.839s] -- Up-to-date: /home/geomatics_in_house_system/ros2_ws/install/imu_odom/share/imu_odom/environment/ament_prefix_path.dsv
[2.839s] -- Up-to-date: /home/geomatics_in_house_system/ros2_ws/install/imu_odom/share/imu_odom/environment/path.sh
[2.846s] -- Up-to-date: /home/geomatics_in_house_system/ros2_ws/install/imu_odom/share/imu_odom/environment/path.dsv
[2.850s] -- Up-to-date: /home/geomatics_in_house_system/ros2_ws/install/imu_odom/share/imu_odom/local_setup.bash
[2.859s] -- Up-to-date: /home/geomatics_in_house_system/ros2_ws/install/imu_odom/share/imu_odom/local_setup.sh
[2.859s] -- Up-to-date: /home/geomatics_in_house_system/ros2_ws/install/imu_odom/share/imu_odom/local_setup.zsh
[2.862s] -- Up-to-date: /home/geomatics_in_house_system/ros2_ws/install/imu_odom/share/imu_odom/local_setup.dsv
[2.863s] -- Installing: /home/geomatics_in_house_system/ros2_ws/install/imu_odom/share/imu_odom/package.dsv
[2.865s] -- Up-to-date: /home/geomatics_in_house_system/ros2_ws/install/imu_odom/share/ament_index/resource_index/packages/imu_odom
[2.867s] -- Up-to-date: /home/geomatics_in_house_system/ros2_ws/install/imu_odom/share/imu_odom/cmake/imu_odomConfig.cmake
[2.870s] -- Up-to-date: /home/geomatics_in_house_system/ros2_ws/install/imu_odom/share/imu_odom/cmake/imu_odomConfig-version.cmake
[2.874s] -- Up-to-date: /home/geomatics_in_house_system/ros2_ws/install/imu_odom/share/imu_odom/package.xml
[3.134s] Invoked command in '/home/geomatics_in_house_system/ros2_ws/build/imu_odom' returned '0': CMAKE_PREFIX_PATH=${CMAKE_PREFIX_PATH}:/opt/ros/humble /usr/bin/cmake --install /home/geomatics_in_house_system/ros2_ws/build/imu_odom
