[0.061s] Invoking command in '/home/geomatics_in_house_system/ros2_ws/build/velodyne_driver': CMAKE_PREFIX_PATH=${CMAKE_PREFIX_PATH}:/opt/ros/humble /usr/bin/cmake /home/geomatics_in_house_system/ros2_ws/src/velodyne/velodyne_driver -DCMAKE_INSTALL_PREFIX=/home/geomatics_in_house_system/ros2_ws/install/velodyne_driver
[0.375s] -- The C compiler identification is GNU 11.4.0
[0.677s] -- The CXX compiler identification is GNU 11.4.0
[0.711s] -- Detecting C compiler ABI info
[1.072s] -- Detecting C compiler ABI info - done
[1.102s] -- Check for working C compiler: /usr/bin/cc - skipped
[1.103s] -- Detecting C compile features
[1.104s] -- Detecting C compile features - done
[1.120s] -- Detecting CXX compiler ABI info
[1.551s] -- Detecting CXX compiler ABI info - done
[1.580s] -- Check for working CXX compiler: /usr/bin/c++ - skipped
[1.581s] -- Detecting CXX compile features
[1.583s] -- Detecting CXX compile features - done
[1.605s] -- Found ament_cmake_ros: 0.10.0 (/opt/ros/humble/share/ament_cmake_ros/cmake)
[2.731s] -- Found Python3: /usr/bin/python3 (found version "3.10.12") found components: Interpreter 
[3.458s] -- Found diagnostic_msgs: 4.2.3 (/opt/ros/humble/share/diagnostic_msgs/cmake)
[3.815s] -- Found rosidl_generator_c: 3.1.5 (/opt/ros/humble/share/rosidl_generator_c/cmake)
[3.864s] -- Found rosidl_adapter: 3.1.5 (/opt/ros/humble/share/rosidl_adapter/cmake)
[3.932s] -- Found rosidl_generator_cpp: 3.1.5 (/opt/ros/humble/share/rosidl_generator_cpp/cmake)
[4.025s] -- Using all available rosidl_typesupport_c: rosidl_typesupport_fastrtps_c;rosidl_typesupport_introspection_c
[4.161s] -- Using all available rosidl_typesupport_cpp: rosidl_typesupport_fastrtps_cpp;rosidl_typesupport_introspection_cpp
[4.747s] -- Found diagnostic_updater: 3.1.2 (/opt/ros/humble/share/diagnostic_updater/cmake)
[5.192s] -- Found rmw_implementation_cmake: 6.1.1 (/opt/ros/humble/share/rmw_implementation_cmake/cmake)
[5.224s] -- Found rmw_fastrtps_cpp: 6.2.6 (/opt/ros/humble/share/rmw_fastrtps_cpp/cmake)
[5.883s] -- Found OpenSSL: /usr/lib/aarch64-linux-gnu/libcrypto.so (found version "3.0.2")  
[6.155s] -- Found FastRTPS: /opt/ros/humble/include  
[6.630s] -- Using RMW implementation 'rmw_fastrtps_cpp' as default
[6.729s] -- Looking for pthread.h
[7.145s] -- Looking for pthread.h - found
[7.147s] -- Performing Test CMAKE_HAVE_LIBC_PTHREAD
[7.610s] -- Performing Test CMAKE_HAVE_LIBC_PTHREAD - Success
[7.616s] -- Found Threads: TRUE  
[8.336s] -- Found rclcpp_components: 16.0.8 (/opt/ros/humble/share/rclcpp_components/cmake)
[8.733s] -- Found tf2_ros: 0.25.6 (/opt/ros/humble/share/tf2_ros/cmake)
[10.192s] -- Found velodyne_msgs: 2.4.0 (/home/geomatics_in_house_system/ros2_ws/install/velodyne_msgs/share/velodyne_msgs/cmake)
[10.440s] -- Found ament_lint_auto: 0.12.10 (/opt/ros/humble/share/ament_lint_auto/cmake)
[11.020s] -- Found gtest sources under '/opt/ros/humble/src/gtest_vendor': C++ tests using 'Google Test' will be built
[11.056s] -- Added test 'copyright' to check source files copyright and LICENSE
[11.083s] -- Added test 'cppcheck' to perform static code analysis on C / C++ code
[11.084s] -- Configured cppcheck include dirs: /home/geomatics_in_house_system/ros2_ws/src/velodyne/velodyne_driver/include
[11.085s] -- Configured cppcheck exclude dirs and/or files: 
[11.110s] -- Added test 'cpplint' to check C / C++ code against the Google style
[11.111s] -- Configured cpplint exclude dirs and/or files: 
[11.116s] -- Added test 'flake8' to check Python code syntax and style conventions
[11.125s] -- Added test 'lint_cmake' to check CMake code style
[11.130s] -- Added test 'pep257' to check Python code against some of the docstring style conventions in PEP 257
[11.156s] -- Added test 'uncrustify' to check C / C++ code style
[11.156s] -- Configured uncrustify additional arguments: 
[11.161s] -- Added test 'xmllint' to check XML markup files
[11.172s] -- Configuring done
[11.364s] -- Generating done
[11.378s] -- Build files have been written to: /home/geomatics_in_house_system/ros2_ws/build/velodyne_driver
[11.442s] Invoked command in '/home/geomatics_in_house_system/ros2_ws/build/velodyne_driver' returned '0': CMAKE_PREFIX_PATH=${CMAKE_PREFIX_PATH}:/opt/ros/humble /usr/bin/cmake /home/geomatics_in_house_system/ros2_ws/src/velodyne/velodyne_driver -DCMAKE_INSTALL_PREFIX=/home/geomatics_in_house_system/ros2_ws/install/velodyne_driver
[11.452s] Invoking command in '/home/geomatics_in_house_system/ros2_ws/build/velodyne_driver': CMAKE_PREFIX_PATH=${CMAKE_PREFIX_PATH}:/opt/ros/humble /usr/bin/cmake --build /home/geomatics_in_house_system/ros2_ws/build/velodyne_driver -- -j4 -l4
[11.711s] [  8%] [32mBuilding CXX object src/lib/CMakeFiles/velodyne_input.dir/input.cpp.o[0m
[11.746s] [ 16%] [32mBuilding CXX object gtest/CMakeFiles/gtest.dir/src/gtest-all.cc.o[0m
[11.757s] [ 25%] [32mBuilding CXX object gtest/CMakeFiles/gtest_main.dir/src/gtest_main.cc.o[0m
[16.888s] [ 33%] [32m[1mLinking CXX static library libgtest_main.a[0m
[17.367s] [ 33%] Built target gtest_main
[43.252s] [ 41%] [32m[1mLinking CXX shared library libvelodyne_input.so[0m
[44.209s] [ 41%] Built target velodyne_input
[44.587s] [ 50%] [32m[1mLinking CXX static library libgtest.a[0m
[45.424s] [ 50%] Built target gtest
[45.713s] [ 58%] [32mBuilding CXX object CMakeFiles/velodyne_driver.dir/src/driver/driver.cpp.o[0m
[88.367s] [ 66%] [32m[1mLinking CXX shared library libvelodyne_driver.so[0m
[90.061s] [ 66%] Built target velodyne_driver
[90.151s] [ 75%] [32mBuilding CXX object CMakeFiles/time_test.dir/tests/timeconversiontest.cpp.o[0m
[108.224s] [ 83%] [32m[1mLinking CXX executable time_test[0m
[109.326s] [ 83%] Built target time_test
[109.437s] [ 91%] [32mBuilding CXX object CMakeFiles/velodyne_driver_node.dir/src/driver/velodyne_node.cpp.o[0m
[127.846s] [100%] [32m[1mLinking CXX executable velodyne_driver_node[0m
[129.271s] [100%] Built target velodyne_driver_node
[129.318s] Invoked command in '/home/geomatics_in_house_system/ros2_ws/build/velodyne_driver' returned '0': CMAKE_PREFIX_PATH=${CMAKE_PREFIX_PATH}:/opt/ros/humble /usr/bin/cmake --build /home/geomatics_in_house_system/ros2_ws/build/velodyne_driver -- -j4 -l4
[129.524s] Invoking command in '/home/geomatics_in_house_system/ros2_ws/build/velodyne_driver': CMAKE_PREFIX_PATH=${CMAKE_PREFIX_PATH}:/opt/ros/humble /usr/bin/cmake --install /home/geomatics_in_house_system/ros2_ws/build/velodyne_driver
[129.553s] -- Install configuration: ""
[129.554s] -- Installing: /home/geomatics_in_house_system/ros2_ws/install/velodyne_driver/lib/libvelodyne_driver.so
[129.577s] -- Set runtime path of "/home/geomatics_in_house_system/ros2_ws/install/velodyne_driver/lib/libvelodyne_driver.so" to ""
[129.578s] -- Installing: /home/geomatics_in_house_system/ros2_ws/install/velodyne_driver/lib/velodyne_driver/velodyne_driver_node
[129.582s] -- Set runtime path of "/home/geomatics_in_house_system/ros2_ws/install/velodyne_driver/lib/velodyne_driver/velodyne_driver_node" to ""
[129.582s] -- Installing: /home/geomatics_in_house_system/ros2_ws/install/velodyne_driver/include/velodyne_driver
[129.583s] -- Installing: /home/geomatics_in_house_system/ros2_ws/install/velodyne_driver/include/velodyne_driver/time_conversion.hpp
[129.584s] -- Installing: /home/geomatics_in_house_system/ros2_ws/install/velodyne_driver/include/velodyne_driver/input.hpp
[129.586s] -- Installing: /home/geomatics_in_house_system/ros2_ws/install/velodyne_driver/include/velodyne_driver/driver.hpp
[129.587s] -- Installing: /home/geomatics_in_house_system/ros2_ws/install/velodyne_driver/share/velodyne_driver/config
[129.588s] -- Installing: /home/geomatics_in_house_system/ros2_ws/install/velodyne_driver/share/velodyne_driver/config/VLP16-velodyne_driver_node-params.yaml
[129.589s] -- Installing: /home/geomatics_in_house_system/ros2_ws/install/velodyne_driver/share/velodyne_driver/config/VLP32C-velodyne_driver_node-params.yaml
[129.591s] -- Installing: /home/geomatics_in_house_system/ros2_ws/install/velodyne_driver/share/velodyne_driver/config/VLS128-velodyne_driver_node-params.yaml
[129.592s] -- Installing: /home/geomatics_in_house_system/ros2_ws/install/velodyne_driver/share/velodyne_driver/launch
[129.593s] -- Installing: /home/geomatics_in_house_system/ros2_ws/install/velodyne_driver/share/velodyne_driver/launch/velodyne_driver_node-VLP16-composed-launch.py
[129.594s] -- Installing: /home/geomatics_in_house_system/ros2_ws/install/velodyne_driver/share/velodyne_driver/launch/velodyne_driver_node-VLS128-composed-launch.py
[129.596s] -- Installing: /home/geomatics_in_house_system/ros2_ws/install/velodyne_driver/share/velodyne_driver/launch/velodyne_driver_node-VLP32C-launch.py
[129.597s] -- Installing: /home/geomatics_in_house_system/ros2_ws/install/velodyne_driver/share/velodyne_driver/launch/velodyne_driver_node-VLP16-launch.py
[129.598s] -- Installing: /home/geomatics_in_house_system/ros2_ws/install/velodyne_driver/share/velodyne_driver/launch/velodyne_driver_node-VLS128-launch.py
[129.600s] -- Installing: /home/geomatics_in_house_system/ros2_ws/install/velodyne_driver/share/velodyne_driver/launch/velodyne_driver_node-VLP32C-composed-launch.py
[129.601s] -- Installing: /home/geomatics_in_house_system/ros2_ws/install/velodyne_driver/lib/velodyne_driver/vdump
[129.603s] -- Installing: /home/geomatics_in_house_system/ros2_ws/install/velodyne_driver/share/ament_index/resource_index/package_run_dependencies/velodyne_driver
[129.605s] -- Installing: /home/geomatics_in_house_system/ros2_ws/install/velodyne_driver/share/ament_index/resource_index/parent_prefix_path/velodyne_driver
[129.607s] -- Installing: /home/geomatics_in_house_system/ros2_ws/install/velodyne_driver/share/velodyne_driver/environment/ament_prefix_path.sh
[129.608s] -- Installing: /home/geomatics_in_house_system/ros2_ws/install/velodyne_driver/share/velodyne_driver/environment/ament_prefix_path.dsv
[129.609s] -- Installing: /home/geomatics_in_house_system/ros2_ws/install/velodyne_driver/share/velodyne_driver/environment/path.sh
[129.611s] -- Installing: /home/geomatics_in_house_system/ros2_ws/install/velodyne_driver/share/velodyne_driver/environment/path.dsv
[129.612s] -- Installing: /home/geomatics_in_house_system/ros2_ws/install/velodyne_driver/share/velodyne_driver/local_setup.bash
[129.614s] -- Installing: /home/geomatics_in_house_system/ros2_ws/install/velodyne_driver/share/velodyne_driver/local_setup.sh
[129.615s] -- Installing: /home/geomatics_in_house_system/ros2_ws/install/velodyne_driver/share/velodyne_driver/local_setup.zsh
[129.617s] -- Installing: /home/geomatics_in_house_system/ros2_ws/install/velodyne_driver/share/velodyne_driver/local_setup.dsv
[129.618s] -- Installing: /home/geomatics_in_house_system/ros2_ws/install/velodyne_driver/share/velodyne_driver/package.dsv
[129.620s] -- Installing: /home/geomatics_in_house_system/ros2_ws/install/velodyne_driver/share/ament_index/resource_index/packages/velodyne_driver
[129.622s] -- Installing: /home/geomatics_in_house_system/ros2_ws/install/velodyne_driver/share/ament_index/resource_index/rclcpp_components/velodyne_driver
[129.624s] -- Installing: /home/geomatics_in_house_system/ros2_ws/install/velodyne_driver/share/velodyne_driver/cmake/velodyne_driverConfig.cmake
[129.625s] -- Installing: /home/geomatics_in_house_system/ros2_ws/install/velodyne_driver/share/velodyne_driver/cmake/velodyne_driverConfig-version.cmake
[129.626s] -- Installing: /home/geomatics_in_house_system/ros2_ws/install/velodyne_driver/share/velodyne_driver/package.xml
[129.629s] -- Installing: /home/geomatics_in_house_system/ros2_ws/install/velodyne_driver/lib/libvelodyne_input.so
[129.632s] -- Set runtime path of "/home/geomatics_in_house_system/ros2_ws/install/velodyne_driver/lib/libvelodyne_input.so" to ""
[129.641s] Invoked command in '/home/geomatics_in_house_system/ros2_ws/build/velodyne_driver' returned '0': CMAKE_PREFIX_PATH=${CMAKE_PREFIX_PATH}:/opt/ros/humble /usr/bin/cmake --install /home/geomatics_in_house_system/ros2_ws/build/velodyne_driver
