-- The C compiler identification is GNU 11.4.0
-- The CXX compiler identification is GNU 11.4.0
-- Detecting C compiler ABI info
-- Detecting C compiler ABI info - done
-- Check for working C compiler: /usr/bin/cc - skipped
-- Detecting C compile features
-- Detecting C compile features - done
-- Detecting CXX compiler ABI info
-- Detecting CXX compiler ABI info - done
-- Check for working CXX compiler: /usr/bin/c++ - skipped
-- Detecting CXX compile features
-- Detecting CXX compile features - done
-- Found ament_cmake: 1.3.8 (/opt/ros/humble/share/ament_cmake/cmake)
-- Found Python3: /usr/bin/python3 (found version "3.10.12") found components: Interpreter 
-- Found rclcpp: 16.0.8 (/opt/ros/humble/share/rclcpp/cmake)
-- Found rosidl_generator_c: 3.1.5 (/opt/ros/humble/share/rosidl_generator_c/cmake)
-- Found rosidl_adapter: 3.1.5 (/opt/ros/humble/share/rosidl_adapter/cmake)
-- Found rosidl_generator_cpp: 3.1.5 (/opt/ros/humble/share/rosidl_generator_cpp/cmake)
-- Using all available rosidl_typesupport_c: rosidl_typesupport_fastrtps_c;rosidl_typesupport_introspection_c
-- Using all available rosidl_typesupport_cpp: rosidl_typesupport_fastrtps_cpp;rosidl_typesupport_introspection_cpp
-- Found rmw_implementation_cmake: 6.1.1 (/opt/ros/humble/share/rmw_implementation_cmake/cmake)
-- Found rmw_fastrtps_cpp: 6.2.6 (/opt/ros/humble/share/rmw_fastrtps_cpp/cmake)
-- Found OpenSSL: /usr/lib/aarch64-linux-gnu/libcrypto.so (found version "3.0.2")  
-- Found FastRTPS: /opt/ros/humble/include  
-- Using RMW implementation 'rmw_fastrtps_cpp' as default
-- Looking for pthread.h
-- Looking for pthread.h - found
-- Performing Test CMAKE_HAVE_LIBC_PTHREAD
-- Performing Test CMAKE_HAVE_LIBC_PTHREAD - Success
-- Found Threads: TRUE  
-- Found sensor_msgs: 4.2.3 (/opt/ros/humble/share/sensor_msgs/cmake)
-- Found std_srvs: 4.2.3 (/opt/ros/humble/share/std_srvs/cmake)
-- Found tf2_ros: 0.25.6 (/opt/ros/humble/share/tf2_ros/cmake)
-- Found libpointmatcher_ros: 0.0.1 (/home/geomatics_in_house_system/ros2_ws/install/libpointmatcher_ros/share/libpointmatcher_ros/cmake)
-- Found rosidl_default_generators: 1.2.0 (/opt/ros/humble/share/rosidl_default_generators/cmake)
-- Found Boost: /usr/lib/aarch64-linux-gnu/cmake/Boost-1.74.0/BoostConfig.cmake (found version "1.74.0") found components: thread filesystem system program_options date_time 
-- Found Boost: /usr/lib/aarch64-linux-gnu/cmake/Boost-1.74.0/BoostConfig.cmake (found version "1.74.0") found components: thread filesystem system program_options date_time chrono 
-- Found ament_cmake_ros: 0.10.0 (/opt/ros/humble/share/ament_cmake_ros/cmake)
-- Using all available rosidl_typesupport_c: rosidl_typesupport_fastrtps_c;rosidl_typesupport_introspection_c
-- Using all available rosidl_typesupport_cpp: rosidl_typesupport_fastrtps_cpp;rosidl_typesupport_introspection_cpp
-- Found PythonInterp: /usr/bin/python3 (found suitable version "3.10.12", minimum required is "3.6") 
-- Found python_cmake_module: 0.10.0 (/opt/ros/humble/share/python_cmake_module/cmake)
-- Found PythonLibs: /usr/lib/aarch64-linux-gnu/libpython3.10.so (found suitable version "3.10.12", minimum required is "3.5") 
-- Using PYTHON_EXECUTABLE: /usr/bin/python3
-- Using PYTHON_INCLUDE_DIRS: /usr/include/python3.10
-- Using PYTHON_LIBRARIES: /usr/lib/aarch64-linux-gnu/libpython3.10.so
-- Found PythonExtra: .so  
-- Configuring done
-- Generating done
-- Build files have been written to: /home/geomatics_in_house_system/ros2_ws/build/norlab_icp_mapper_ros
[  2%] [34m[1mGenerating C++ code for ROS interfaces[0m
[  2%] Built target norlab_icp_mapper_ros__cpp
[  2%] Built target ament_cmake_python_copy_norlab_icp_mapper_ros
[  4%] [34m[1mGenerating C++ type support for eProsima Fast-RTPS[0m
[  6%] [32mBuilding CXX object CMakeFiles/norlab_icp_mapper_ros__rosidl_typesupport_fastrtps_cpp.dir/rosidl_typesupport_fastrtps_cpp/norlab_icp_mapper_ros/srv/detail/dds_fastrtps/save_trajectory__type_support.cpp.o[0m
[  8%] [32mBuilding CXX object CMakeFiles/norlab_icp_mapper_ros__rosidl_typesupport_fastrtps_cpp.dir/rosidl_typesupport_fastrtps_cpp/norlab_icp_mapper_ros/srv/detail/dds_fastrtps/save_map__type_support.cpp.o[0m
[ 10%] [32mBuilding CXX object CMakeFiles/norlab_icp_mapper_ros__rosidl_typesupport_fastrtps_cpp.dir/rosidl_typesupport_fastrtps_cpp/norlab_icp_mapper_ros/srv/detail/dds_fastrtps/load_map__type_support.cpp.o[0m
[ 12%] [32m[1mLinking CXX shared library libnorlab_icp_mapper_ros__rosidl_typesupport_fastrtps_cpp.so[0m
[ 12%] Built target norlab_icp_mapper_ros__rosidl_typesupport_fastrtps_cpp
[ 14%] [34m[1mGenerating C++ introspection for ROS interfaces[0m
[ 16%] [32mBuilding CXX object CMakeFiles/norlab_icp_mapper_ros__rosidl_typesupport_introspection_cpp.dir/rosidl_typesupport_introspection_cpp/norlab_icp_mapper_ros/srv/detail/save_trajectory__type_support.cpp.o[0m
[ 18%] [32mBuilding CXX object CMakeFiles/norlab_icp_mapper_ros__rosidl_typesupport_introspection_cpp.dir/rosidl_typesupport_introspection_cpp/norlab_icp_mapper_ros/srv/detail/save_map__type_support.cpp.o[0m
[ 20%] [32mBuilding CXX object CMakeFiles/norlab_icp_mapper_ros__rosidl_typesupport_introspection_cpp.dir/rosidl_typesupport_introspection_cpp/norlab_icp_mapper_ros/srv/detail/load_map__type_support.cpp.o[0m
[ 22%] [32m[1mLinking CXX shared library libnorlab_icp_mapper_ros__rosidl_typesupport_introspection_cpp.so[0m
[ 22%] Built target norlab_icp_mapper_ros__rosidl_typesupport_introspection_cpp
running egg_info
creating norlab_icp_mapper_ros.egg-info
writing norlab_icp_mapper_ros.egg-info/PKG-INFO
writing dependency_links to norlab_icp_mapper_ros.egg-info/dependency_links.txt
writing top-level names to norlab_icp_mapper_ros.egg-info/top_level.txt
writing manifest file 'norlab_icp_mapper_ros.egg-info/SOURCES.txt'
reading manifest file 'norlab_icp_mapper_ros.egg-info/SOURCES.txt'
writing manifest file 'norlab_icp_mapper_ros.egg-info/SOURCES.txt'
[ 22%] Built target ament_cmake_python_build_norlab_icp_mapper_ros_egg
[ 24%] [34m[1mGenerating C++ type support dispatch for ROS interfaces[0m
[ 26%] [32mBuilding CXX object CMakeFiles/norlab_icp_mapper_ros__rosidl_typesupport_cpp.dir/rosidl_typesupport_cpp/norlab_icp_mapper_ros/srv/save_trajectory__type_support.cpp.o[0m
[ 28%] [32mBuilding CXX object CMakeFiles/norlab_icp_mapper_ros__rosidl_typesupport_cpp.dir/rosidl_typesupport_cpp/norlab_icp_mapper_ros/srv/load_map__type_support.cpp.o[0m
[ 30%] [32mBuilding CXX object CMakeFiles/norlab_icp_mapper_ros__rosidl_typesupport_cpp.dir/rosidl_typesupport_cpp/norlab_icp_mapper_ros/srv/save_map__type_support.cpp.o[0m
[ 32%] [32m[1mLinking CXX shared library libnorlab_icp_mapper_ros__rosidl_typesupport_cpp.so[0m
[ 32%] Built target norlab_icp_mapper_ros__rosidl_typesupport_cpp
[ 34%] [34m[1mGenerating C code for ROS interfaces[0m
[ 36%] [32mBuilding C object CMakeFiles/norlab_icp_mapper_ros__rosidl_generator_c.dir/rosidl_generator_c/norlab_icp_mapper_ros/srv/detail/save_trajectory__functions.c.o[0m
[ 38%] [32mBuilding C object CMakeFiles/norlab_icp_mapper_ros__rosidl_generator_c.dir/rosidl_generator_c/norlab_icp_mapper_ros/srv/detail/load_map__functions.c.o[0m
[ 40%] [32mBuilding C object CMakeFiles/norlab_icp_mapper_ros__rosidl_generator_c.dir/rosidl_generator_c/norlab_icp_mapper_ros/srv/detail/save_map__functions.c.o[0m
[ 42%] [32m[1mLinking C shared library libnorlab_icp_mapper_ros__rosidl_generator_c.so[0m
[ 42%] Built target norlab_icp_mapper_ros__rosidl_generator_c
[ 44%] [32mBuilding CXX object CMakeFiles/mapper_node.dir/src/mapper_node.cpp.o[0m
[ 46%] [32mBuilding CXX object CMakeFiles/mapper_node.dir/src/NodeParameters.cpp.o[0m
[ 48%] [32m[1mLinking CXX executable mapper_node[0m
[ 48%] Built target mapper_node
[ 50%] [34m[1mGenerating C introspection for ROS interfaces[0m
[ 52%] [34m[1mGenerating C type support dispatch for ROS interfaces[0m
[ 54%] [34m[1mGenerating C type support for eProsima Fast-RTPS[0m
[ 56%] [32mBuilding CXX object CMakeFiles/norlab_icp_mapper_ros__rosidl_typesupport_c.dir/rosidl_typesupport_c/norlab_icp_mapper_ros/srv/save_trajectory__type_support.cpp.o[0m
[ 58%] [32mBuilding CXX object CMakeFiles/norlab_icp_mapper_ros__rosidl_typesupport_c.dir/rosidl_typesupport_c/norlab_icp_mapper_ros/srv/save_map__type_support.cpp.o[0m
[ 60%] [32mBuilding CXX object CMakeFiles/norlab_icp_mapper_ros__rosidl_typesupport_c.dir/rosidl_typesupport_c/norlab_icp_mapper_ros/srv/load_map__type_support.cpp.o[0m
[ 62%] [32m[1mLinking CXX shared library libnorlab_icp_mapper_ros__rosidl_typesupport_c.so[0m
[ 64%] [32mBuilding C object CMakeFiles/norlab_icp_mapper_ros__rosidl_typesupport_introspection_c.dir/rosidl_typesupport_introspection_c/norlab_icp_mapper_ros/srv/detail/save_trajectory__type_support.c.o[0m
[ 66%] [32mBuilding C object CMakeFiles/norlab_icp_mapper_ros__rosidl_typesupport_introspection_c.dir/rosidl_typesupport_introspection_c/norlab_icp_mapper_ros/srv/detail/save_map__type_support.c.o[0m
[ 68%] [32mBuilding CXX object CMakeFiles/norlab_icp_mapper_ros__rosidl_typesupport_fastrtps_c.dir/rosidl_typesupport_fastrtps_c/norlab_icp_mapper_ros/srv/detail/save_trajectory__type_support_c.cpp.o[0m
[ 68%] Built target norlab_icp_mapper_ros__rosidl_typesupport_c
[ 70%] [32mBuilding C object CMakeFiles/norlab_icp_mapper_ros__rosidl_typesupport_introspection_c.dir/rosidl_typesupport_introspection_c/norlab_icp_mapper_ros/srv/detail/load_map__type_support.c.o[0m
[ 72%] [32mBuilding CXX object CMakeFiles/norlab_icp_mapper_ros__rosidl_typesupport_fastrtps_c.dir/rosidl_typesupport_fastrtps_c/norlab_icp_mapper_ros/srv/detail/save_map__type_support_c.cpp.o[0m
[ 74%] [32mBuilding CXX object CMakeFiles/norlab_icp_mapper_ros__rosidl_typesupport_fastrtps_c.dir/rosidl_typesupport_fastrtps_c/norlab_icp_mapper_ros/srv/detail/load_map__type_support_c.cpp.o[0m
[ 76%] [32m[1mLinking C shared library libnorlab_icp_mapper_ros__rosidl_typesupport_introspection_c.so[0m
[ 76%] Built target norlab_icp_mapper_ros__rosidl_typesupport_introspection_c
[ 78%] [32m[1mLinking CXX shared library libnorlab_icp_mapper_ros__rosidl_typesupport_fastrtps_c.so[0m
[ 78%] Built target norlab_icp_mapper_ros__rosidl_typesupport_fastrtps_c
[ 78%] Built target norlab_icp_mapper_ros
[ 80%] [34m[1mGenerating Python code for ROS interfaces[0m
[ 80%] Built target norlab_icp_mapper_ros__py
[ 82%] [32mBuilding C object CMakeFiles/norlab_icp_mapper_ros__rosidl_generator_py.dir/rosidl_generator_py/norlab_icp_mapper_ros/srv/_save_trajectory_s.c.o[0m
[ 84%] [32mBuilding C object CMakeFiles/norlab_icp_mapper_ros__rosidl_generator_py.dir/rosidl_generator_py/norlab_icp_mapper_ros/srv/_save_map_s.c.o[0m
[ 86%] [32mBuilding C object CMakeFiles/norlab_icp_mapper_ros__rosidl_generator_py.dir/rosidl_generator_py/norlab_icp_mapper_ros/srv/_load_map_s.c.o[0m
[ 88%] [32m[1mLinking C shared library rosidl_generator_py/norlab_icp_mapper_ros/libnorlab_icp_mapper_ros__rosidl_generator_py.so[0m
[ 88%] Built target norlab_icp_mapper_ros__rosidl_generator_py
[ 92%] [32mBuilding C object CMakeFiles/norlab_icp_mapper_ros__rosidl_typesupport_fastrtps_c__pyext.dir/rosidl_generator_py/norlab_icp_mapper_ros/_norlab_icp_mapper_ros_s.ep.rosidl_typesupport_fastrtps_c.c.o[0m
[ 92%] [32mBuilding C object CMakeFiles/norlab_icp_mapper_ros__rosidl_typesupport_introspection_c__pyext.dir/rosidl_generator_py/norlab_icp_mapper_ros/_norlab_icp_mapper_ros_s.ep.rosidl_typesupport_introspection_c.c.o[0m
[ 94%] [32mBuilding C object CMakeFiles/norlab_icp_mapper_ros__rosidl_typesupport_c__pyext.dir/rosidl_generator_py/norlab_icp_mapper_ros/_norlab_icp_mapper_ros_s.ep.rosidl_typesupport_c.c.o[0m
[ 96%] [32m[1mLinking C shared library rosidl_generator_py/norlab_icp_mapper_ros/norlab_icp_mapper_ros_s__rosidl_typesupport_c.cpython-310-aarch64-linux-gnu.so[0m
[ 98%] [32m[1mLinking C shared library rosidl_generator_py/norlab_icp_mapper_ros/norlab_icp_mapper_ros_s__rosidl_typesupport_introspection_c.cpython-310-aarch64-linux-gnu.so[0m
[100%] [32m[1mLinking C shared library rosidl_generator_py/norlab_icp_mapper_ros/norlab_icp_mapper_ros_s__rosidl_typesupport_fastrtps_c.cpython-310-aarch64-linux-gnu.so[0m
[100%] Built target norlab_icp_mapper_ros__rosidl_typesupport_introspection_c__pyext
[100%] Built target norlab_icp_mapper_ros__rosidl_typesupport_c__pyext
[100%] Built target norlab_icp_mapper_ros__rosidl_typesupport_fastrtps_c__pyext
-- Install configuration: "Release"
-- Installing: /home/geomatics_in_house_system/ros2_ws/install/norlab_icp_mapper_ros/share/ament_index/resource_index/rosidl_interfaces/norlab_icp_mapper_ros
-- Installing: /home/geomatics_in_house_system/ros2_ws/install/norlab_icp_mapper_ros/include/norlab_icp_mapper_ros/norlab_icp_mapper_ros
-- Installing: /home/geomatics_in_house_system/ros2_ws/install/norlab_icp_mapper_ros/include/norlab_icp_mapper_ros/norlab_icp_mapper_ros/msg
-- Installing: /home/geomatics_in_house_system/ros2_ws/install/norlab_icp_mapper_ros/include/norlab_icp_mapper_ros/norlab_icp_mapper_ros/msg/rosidl_generator_c__visibility_control.h
-- Installing: /home/geomatics_in_house_system/ros2_ws/install/norlab_icp_mapper_ros/include/norlab_icp_mapper_ros/norlab_icp_mapper_ros/srv
-- Installing: /home/geomatics_in_house_system/ros2_ws/install/norlab_icp_mapper_ros/include/norlab_icp_mapper_ros/norlab_icp_mapper_ros/srv/save_map.h
-- Installing: /home/geomatics_in_house_system/ros2_ws/install/norlab_icp_mapper_ros/include/norlab_icp_mapper_ros/norlab_icp_mapper_ros/srv/detail
-- Installing: /home/geomatics_in_house_system/ros2_ws/install/norlab_icp_mapper_ros/include/norlab_icp_mapper_ros/norlab_icp_mapper_ros/srv/detail/load_map__functions.c
-- Installing: /home/geomatics_in_house_system/ros2_ws/install/norlab_icp_mapper_ros/include/norlab_icp_mapper_ros/norlab_icp_mapper_ros/srv/detail/save_trajectory__functions.c
-- Installing: /home/geomatics_in_house_system/ros2_ws/install/norlab_icp_mapper_ros/include/norlab_icp_mapper_ros/norlab_icp_mapper_ros/srv/detail/save_trajectory__struct.h
-- Installing: /home/geomatics_in_house_system/ros2_ws/install/norlab_icp_mapper_ros/include/norlab_icp_mapper_ros/norlab_icp_mapper_ros/srv/detail/save_map__struct.h
-- Installing: /home/geomatics_in_house_system/ros2_ws/install/norlab_icp_mapper_ros/include/norlab_icp_mapper_ros/norlab_icp_mapper_ros/srv/detail/save_map__functions.c
-- Installing: /home/geomatics_in_house_system/ros2_ws/install/norlab_icp_mapper_ros/include/norlab_icp_mapper_ros/norlab_icp_mapper_ros/srv/detail/save_map__type_support.h
-- Installing: /home/geomatics_in_house_system/ros2_ws/install/norlab_icp_mapper_ros/include/norlab_icp_mapper_ros/norlab_icp_mapper_ros/srv/detail/save_map__functions.h
-- Installing: /home/geomatics_in_house_system/ros2_ws/install/norlab_icp_mapper_ros/include/norlab_icp_mapper_ros/norlab_icp_mapper_ros/srv/detail/load_map__functions.h
-- Installing: /home/geomatics_in_house_system/ros2_ws/install/norlab_icp_mapper_ros/include/norlab_icp_mapper_ros/norlab_icp_mapper_ros/srv/detail/save_trajectory__type_support.h
-- Installing: /home/geomatics_in_house_system/ros2_ws/install/norlab_icp_mapper_ros/include/norlab_icp_mapper_ros/norlab_icp_mapper_ros/srv/detail/load_map__struct.h
-- Installing: /home/geomatics_in_house_system/ros2_ws/install/norlab_icp_mapper_ros/include/norlab_icp_mapper_ros/norlab_icp_mapper_ros/srv/detail/save_trajectory__functions.h
-- Installing: /home/geomatics_in_house_system/ros2_ws/install/norlab_icp_mapper_ros/include/norlab_icp_mapper_ros/norlab_icp_mapper_ros/srv/detail/load_map__type_support.h
-- Installing: /home/geomatics_in_house_system/ros2_ws/install/norlab_icp_mapper_ros/include/norlab_icp_mapper_ros/norlab_icp_mapper_ros/srv/load_map.h
-- Installing: /home/geomatics_in_house_system/ros2_ws/install/norlab_icp_mapper_ros/include/norlab_icp_mapper_ros/norlab_icp_mapper_ros/srv/save_trajectory.h
-- Installing: /home/geomatics_in_house_system/ros2_ws/install/norlab_icp_mapper_ros/share/norlab_icp_mapper_ros/environment/library_path.sh
-- Installing: /home/geomatics_in_house_system/ros2_ws/install/norlab_icp_mapper_ros/share/norlab_icp_mapper_ros/environment/library_path.dsv
-- Installing: /home/geomatics_in_house_system/ros2_ws/install/norlab_icp_mapper_ros/lib/libnorlab_icp_mapper_ros__rosidl_generator_c.so
-- Set runtime path of "/home/geomatics_in_house_system/ros2_ws/install/norlab_icp_mapper_ros/lib/libnorlab_icp_mapper_ros__rosidl_generator_c.so" to ""
-- Up-to-date: /home/geomatics_in_house_system/ros2_ws/install/norlab_icp_mapper_ros/include/norlab_icp_mapper_ros/norlab_icp_mapper_ros
-- Up-to-date: /home/geomatics_in_house_system/ros2_ws/install/norlab_icp_mapper_ros/include/norlab_icp_mapper_ros/norlab_icp_mapper_ros/msg
-- Installing: /home/geomatics_in_house_system/ros2_ws/install/norlab_icp_mapper_ros/include/norlab_icp_mapper_ros/norlab_icp_mapper_ros/msg/rosidl_typesupport_fastrtps_c__visibility_control.h
-- Up-to-date: /home/geomatics_in_house_system/ros2_ws/install/norlab_icp_mapper_ros/include/norlab_icp_mapper_ros/norlab_icp_mapper_ros/srv
-- Up-to-date: /home/geomatics_in_house_system/ros2_ws/install/norlab_icp_mapper_ros/include/norlab_icp_mapper_ros/norlab_icp_mapper_ros/srv/detail
-- Installing: /home/geomatics_in_house_system/ros2_ws/install/norlab_icp_mapper_ros/include/norlab_icp_mapper_ros/norlab_icp_mapper_ros/srv/detail/load_map__rosidl_typesupport_fastrtps_c.h
-- Installing: /home/geomatics_in_house_system/ros2_ws/install/norlab_icp_mapper_ros/include/norlab_icp_mapper_ros/norlab_icp_mapper_ros/srv/detail/save_map__rosidl_typesupport_fastrtps_c.h
-- Installing: /home/geomatics_in_house_system/ros2_ws/install/norlab_icp_mapper_ros/include/norlab_icp_mapper_ros/norlab_icp_mapper_ros/srv/detail/save_trajectory__rosidl_typesupport_fastrtps_c.h
-- Installing: /home/geomatics_in_house_system/ros2_ws/install/norlab_icp_mapper_ros/lib/libnorlab_icp_mapper_ros__rosidl_typesupport_fastrtps_c.so
-- Set runtime path of "/home/geomatics_in_house_system/ros2_ws/install/norlab_icp_mapper_ros/lib/libnorlab_icp_mapper_ros__rosidl_typesupport_fastrtps_c.so" to ""
-- Up-to-date: /home/geomatics_in_house_system/ros2_ws/install/norlab_icp_mapper_ros/include/norlab_icp_mapper_ros/norlab_icp_mapper_ros
-- Up-to-date: /home/geomatics_in_house_system/ros2_ws/install/norlab_icp_mapper_ros/include/norlab_icp_mapper_ros/norlab_icp_mapper_ros/srv
-- Installing: /home/geomatics_in_house_system/ros2_ws/install/norlab_icp_mapper_ros/include/norlab_icp_mapper_ros/norlab_icp_mapper_ros/srv/load_map.hpp
-- Up-to-date: /home/geomatics_in_house_system/ros2_ws/install/norlab_icp_mapper_ros/include/norlab_icp_mapper_ros/norlab_icp_mapper_ros/srv/detail
-- Installing: /home/geomatics_in_house_system/ros2_ws/install/norlab_icp_mapper_ros/include/norlab_icp_mapper_ros/norlab_icp_mapper_ros/srv/detail/save_map__builder.hpp
-- Installing: /home/geomatics_in_house_system/ros2_ws/install/norlab_icp_mapper_ros/include/norlab_icp_mapper_ros/norlab_icp_mapper_ros/srv/detail/load_map__builder.hpp
-- Installing: /home/geomatics_in_house_system/ros2_ws/install/norlab_icp_mapper_ros/include/norlab_icp_mapper_ros/norlab_icp_mapper_ros/srv/detail/save_trajectory__builder.hpp
-- Installing: /home/geomatics_in_house_system/ros2_ws/install/norlab_icp_mapper_ros/include/norlab_icp_mapper_ros/norlab_icp_mapper_ros/srv/detail/save_trajectory__struct.hpp
-- Installing: /home/geomatics_in_house_system/ros2_ws/install/norlab_icp_mapper_ros/include/norlab_icp_mapper_ros/norlab_icp_mapper_ros/srv/detail/load_map__struct.hpp
-- Installing: /home/geomatics_in_house_system/ros2_ws/install/norlab_icp_mapper_ros/include/norlab_icp_mapper_ros/norlab_icp_mapper_ros/srv/detail/load_map__traits.hpp
-- Installing: /home/geomatics_in_house_system/ros2_ws/install/norlab_icp_mapper_ros/include/norlab_icp_mapper_ros/norlab_icp_mapper_ros/srv/detail/save_map__struct.hpp
-- Installing: /home/geomatics_in_house_system/ros2_ws/install/norlab_icp_mapper_ros/include/norlab_icp_mapper_ros/norlab_icp_mapper_ros/srv/detail/save_map__traits.hpp
-- Installing: /home/geomatics_in_house_system/ros2_ws/install/norlab_icp_mapper_ros/include/norlab_icp_mapper_ros/norlab_icp_mapper_ros/srv/detail/save_trajectory__traits.hpp
-- Installing: /home/geomatics_in_house_system/ros2_ws/install/norlab_icp_mapper_ros/include/norlab_icp_mapper_ros/norlab_icp_mapper_ros/srv/save_map.hpp
-- Installing: /home/geomatics_in_house_system/ros2_ws/install/norlab_icp_mapper_ros/include/norlab_icp_mapper_ros/norlab_icp_mapper_ros/srv/save_trajectory.hpp
-- Up-to-date: /home/geomatics_in_house_system/ros2_ws/install/norlab_icp_mapper_ros/include/norlab_icp_mapper_ros/norlab_icp_mapper_ros
-- Up-to-date: /home/geomatics_in_house_system/ros2_ws/install/norlab_icp_mapper_ros/include/norlab_icp_mapper_ros/norlab_icp_mapper_ros/msg
-- Installing: /home/geomatics_in_house_system/ros2_ws/install/norlab_icp_mapper_ros/include/norlab_icp_mapper_ros/norlab_icp_mapper_ros/msg/rosidl_typesupport_fastrtps_cpp__visibility_control.h
-- Up-to-date: /home/geomatics_in_house_system/ros2_ws/install/norlab_icp_mapper_ros/include/norlab_icp_mapper_ros/norlab_icp_mapper_ros/srv
-- Up-to-date: /home/geomatics_in_house_system/ros2_ws/install/norlab_icp_mapper_ros/include/norlab_icp_mapper_ros/norlab_icp_mapper_ros/srv/detail
-- Installing: /home/geomatics_in_house_system/ros2_ws/install/norlab_icp_mapper_ros/include/norlab_icp_mapper_ros/norlab_icp_mapper_ros/srv/detail/save_trajectory__rosidl_typesupport_fastrtps_cpp.hpp
-- Installing: /home/geomatics_in_house_system/ros2_ws/install/norlab_icp_mapper_ros/include/norlab_icp_mapper_ros/norlab_icp_mapper_ros/srv/detail/dds_fastrtps
-- Installing: /home/geomatics_in_house_system/ros2_ws/install/norlab_icp_mapper_ros/include/norlab_icp_mapper_ros/norlab_icp_mapper_ros/srv/detail/save_map__rosidl_typesupport_fastrtps_cpp.hpp
-- Installing: /home/geomatics_in_house_system/ros2_ws/install/norlab_icp_mapper_ros/include/norlab_icp_mapper_ros/norlab_icp_mapper_ros/srv/detail/load_map__rosidl_typesupport_fastrtps_cpp.hpp
-- Installing: /home/geomatics_in_house_system/ros2_ws/install/norlab_icp_mapper_ros/lib/libnorlab_icp_mapper_ros__rosidl_typesupport_fastrtps_cpp.so
-- Set runtime path of "/home/geomatics_in_house_system/ros2_ws/install/norlab_icp_mapper_ros/lib/libnorlab_icp_mapper_ros__rosidl_typesupport_fastrtps_cpp.so" to ""
-- Up-to-date: /home/geomatics_in_house_system/ros2_ws/install/norlab_icp_mapper_ros/include/norlab_icp_mapper_ros/norlab_icp_mapper_ros
-- Up-to-date: /home/geomatics_in_house_system/ros2_ws/install/norlab_icp_mapper_ros/include/norlab_icp_mapper_ros/norlab_icp_mapper_ros/msg
-- Installing: /home/geomatics_in_house_system/ros2_ws/install/norlab_icp_mapper_ros/include/norlab_icp_mapper_ros/norlab_icp_mapper_ros/msg/rosidl_typesupport_introspection_c__visibility_control.h
-- Up-to-date: /home/geomatics_in_house_system/ros2_ws/install/norlab_icp_mapper_ros/include/norlab_icp_mapper_ros/norlab_icp_mapper_ros/srv
-- Up-to-date: /home/geomatics_in_house_system/ros2_ws/install/norlab_icp_mapper_ros/include/norlab_icp_mapper_ros/norlab_icp_mapper_ros/srv/detail
-- Installing: /home/geomatics_in_house_system/ros2_ws/install/norlab_icp_mapper_ros/include/norlab_icp_mapper_ros/norlab_icp_mapper_ros/srv/detail/save_map__rosidl_typesupport_introspection_c.h
-- Installing: /home/geomatics_in_house_system/ros2_ws/install/norlab_icp_mapper_ros/include/norlab_icp_mapper_ros/norlab_icp_mapper_ros/srv/detail/save_trajectory__type_support.c
-- Installing: /home/geomatics_in_house_system/ros2_ws/install/norlab_icp_mapper_ros/include/norlab_icp_mapper_ros/norlab_icp_mapper_ros/srv/detail/load_map__type_support.c
-- Installing: /home/geomatics_in_house_system/ros2_ws/install/norlab_icp_mapper_ros/include/norlab_icp_mapper_ros/norlab_icp_mapper_ros/srv/detail/save_trajectory__rosidl_typesupport_introspection_c.h
-- Installing: /home/geomatics_in_house_system/ros2_ws/install/norlab_icp_mapper_ros/include/norlab_icp_mapper_ros/norlab_icp_mapper_ros/srv/detail/save_map__type_support.c
-- Installing: /home/geomatics_in_house_system/ros2_ws/install/norlab_icp_mapper_ros/include/norlab_icp_mapper_ros/norlab_icp_mapper_ros/srv/detail/load_map__rosidl_typesupport_introspection_c.h
-- Installing: /home/geomatics_in_house_system/ros2_ws/install/norlab_icp_mapper_ros/lib/libnorlab_icp_mapper_ros__rosidl_typesupport_introspection_c.so
-- Set runtime path of "/home/geomatics_in_house_system/ros2_ws/install/norlab_icp_mapper_ros/lib/libnorlab_icp_mapper_ros__rosidl_typesupport_introspection_c.so" to ""
-- Installing: /home/geomatics_in_house_system/ros2_ws/install/norlab_icp_mapper_ros/lib/libnorlab_icp_mapper_ros__rosidl_typesupport_c.so
-- Set runtime path of "/home/geomatics_in_house_system/ros2_ws/install/norlab_icp_mapper_ros/lib/libnorlab_icp_mapper_ros__rosidl_typesupport_c.so" to ""
-- Up-to-date: /home/geomatics_in_house_system/ros2_ws/install/norlab_icp_mapper_ros/include/norlab_icp_mapper_ros/norlab_icp_mapper_ros
-- Up-to-date: /home/geomatics_in_house_system/ros2_ws/install/norlab_icp_mapper_ros/include/norlab_icp_mapper_ros/norlab_icp_mapper_ros/srv
-- Up-to-date: /home/geomatics_in_house_system/ros2_ws/install/norlab_icp_mapper_ros/include/norlab_icp_mapper_ros/norlab_icp_mapper_ros/srv/detail
-- Installing: /home/geomatics_in_house_system/ros2_ws/install/norlab_icp_mapper_ros/include/norlab_icp_mapper_ros/norlab_icp_mapper_ros/srv/detail/load_map__rosidl_typesupport_introspection_cpp.hpp
-- Installing: /home/geomatics_in_house_system/ros2_ws/install/norlab_icp_mapper_ros/include/norlab_icp_mapper_ros/norlab_icp_mapper_ros/srv/detail/save_map__type_support.cpp
-- Installing: /home/geomatics_in_house_system/ros2_ws/install/norlab_icp_mapper_ros/include/norlab_icp_mapper_ros/norlab_icp_mapper_ros/srv/detail/save_map__rosidl_typesupport_introspection_cpp.hpp
-- Installing: /home/geomatics_in_house_system/ros2_ws/install/norlab_icp_mapper_ros/include/norlab_icp_mapper_ros/norlab_icp_mapper_ros/srv/detail/save_trajectory__type_support.cpp
-- Installing: /home/geomatics_in_house_system/ros2_ws/install/norlab_icp_mapper_ros/include/norlab_icp_mapper_ros/norlab_icp_mapper_ros/srv/detail/load_map__type_support.cpp
-- Installing: /home/geomatics_in_house_system/ros2_ws/install/norlab_icp_mapper_ros/include/norlab_icp_mapper_ros/norlab_icp_mapper_ros/srv/detail/save_trajectory__rosidl_typesupport_introspection_cpp.hpp
-- Installing: /home/geomatics_in_house_system/ros2_ws/install/norlab_icp_mapper_ros/lib/libnorlab_icp_mapper_ros__rosidl_typesupport_introspection_cpp.so
-- Set runtime path of "/home/geomatics_in_house_system/ros2_ws/install/norlab_icp_mapper_ros/lib/libnorlab_icp_mapper_ros__rosidl_typesupport_introspection_cpp.so" to ""
-- Installing: /home/geomatics_in_house_system/ros2_ws/install/norlab_icp_mapper_ros/lib/libnorlab_icp_mapper_ros__rosidl_typesupport_cpp.so
-- Set runtime path of "/home/geomatics_in_house_system/ros2_ws/install/norlab_icp_mapper_ros/lib/libnorlab_icp_mapper_ros__rosidl_typesupport_cpp.so" to ""
-- Installing: /home/geomatics_in_house_system/ros2_ws/install/norlab_icp_mapper_ros/share/norlab_icp_mapper_ros/environment/pythonpath.sh
-- Installing: /home/geomatics_in_house_system/ros2_ws/install/norlab_icp_mapper_ros/share/norlab_icp_mapper_ros/environment/pythonpath.dsv
-- Installing: /home/geomatics_in_house_system/ros2_ws/install/norlab_icp_mapper_ros/local/lib/python3.10/dist-packages/norlab_icp_mapper_ros-0.0.1-py3.10.egg-info
-- Installing: /home/geomatics_in_house_system/ros2_ws/install/norlab_icp_mapper_ros/local/lib/python3.10/dist-packages/norlab_icp_mapper_ros-0.0.1-py3.10.egg-info/dependency_links.txt
-- Installing: /home/geomatics_in_house_system/ros2_ws/install/norlab_icp_mapper_ros/local/lib/python3.10/dist-packages/norlab_icp_mapper_ros-0.0.1-py3.10.egg-info/SOURCES.txt
-- Installing: /home/geomatics_in_house_system/ros2_ws/install/norlab_icp_mapper_ros/local/lib/python3.10/dist-packages/norlab_icp_mapper_ros-0.0.1-py3.10.egg-info/top_level.txt
-- Installing: /home/geomatics_in_house_system/ros2_ws/install/norlab_icp_mapper_ros/local/lib/python3.10/dist-packages/norlab_icp_mapper_ros-0.0.1-py3.10.egg-info/PKG-INFO
-- Installing: /home/geomatics_in_house_system/ros2_ws/install/norlab_icp_mapper_ros/local/lib/python3.10/dist-packages/norlab_icp_mapper_ros
-- Installing: /home/geomatics_in_house_system/ros2_ws/install/norlab_icp_mapper_ros/local/lib/python3.10/dist-packages/norlab_icp_mapper_ros/norlab_icp_mapper_ros_s__rosidl_typesupport_fastrtps_c.cpython-310-aarch64-linux-gnu.so
-- Installing: /home/geomatics_in_house_system/ros2_ws/install/norlab_icp_mapper_ros/local/lib/python3.10/dist-packages/norlab_icp_mapper_ros/srv
-- Installing: /home/geomatics_in_house_system/ros2_ws/install/norlab_icp_mapper_ros/local/lib/python3.10/dist-packages/norlab_icp_mapper_ros/srv/_save_trajectory_s.c
-- Installing: /home/geomatics_in_house_system/ros2_ws/install/norlab_icp_mapper_ros/local/lib/python3.10/dist-packages/norlab_icp_mapper_ros/srv/_save_map_s.c
-- Installing: /home/geomatics_in_house_system/ros2_ws/install/norlab_icp_mapper_ros/local/lib/python3.10/dist-packages/norlab_icp_mapper_ros/srv/_load_map_s.c
-- Installing: /home/geomatics_in_house_system/ros2_ws/install/norlab_icp_mapper_ros/local/lib/python3.10/dist-packages/norlab_icp_mapper_ros/srv/_save_map.py
-- Installing: /home/geomatics_in_house_system/ros2_ws/install/norlab_icp_mapper_ros/local/lib/python3.10/dist-packages/norlab_icp_mapper_ros/srv/__init__.py
-- Installing: /home/geomatics_in_house_system/ros2_ws/install/norlab_icp_mapper_ros/local/lib/python3.10/dist-packages/norlab_icp_mapper_ros/srv/_load_map.py
-- Installing: /home/geomatics_in_house_system/ros2_ws/install/norlab_icp_mapper_ros/local/lib/python3.10/dist-packages/norlab_icp_mapper_ros/srv/_save_trajectory.py
-- Installing: /home/geomatics_in_house_system/ros2_ws/install/norlab_icp_mapper_ros/local/lib/python3.10/dist-packages/norlab_icp_mapper_ros/libnorlab_icp_mapper_ros__rosidl_generator_py.so
-- Installing: /home/geomatics_in_house_system/ros2_ws/install/norlab_icp_mapper_ros/local/lib/python3.10/dist-packages/norlab_icp_mapper_ros/_norlab_icp_mapper_ros_s.ep.rosidl_typesupport_c.c
-- Installing: /home/geomatics_in_house_system/ros2_ws/install/norlab_icp_mapper_ros/local/lib/python3.10/dist-packages/norlab_icp_mapper_ros/norlab_icp_mapper_ros_s__rosidl_typesupport_introspection_c.cpython-310-aarch64-linux-gnu.so
-- Installing: /home/geomatics_in_house_system/ros2_ws/install/norlab_icp_mapper_ros/local/lib/python3.10/dist-packages/norlab_icp_mapper_ros/__init__.py
-- Installing: /home/geomatics_in_house_system/ros2_ws/install/norlab_icp_mapper_ros/local/lib/python3.10/dist-packages/norlab_icp_mapper_ros/_norlab_icp_mapper_ros_s.ep.rosidl_typesupport_introspection_c.c
-- Installing: /home/geomatics_in_house_system/ros2_ws/install/norlab_icp_mapper_ros/local/lib/python3.10/dist-packages/norlab_icp_mapper_ros/norlab_icp_mapper_ros_s__rosidl_typesupport_c.cpython-310-aarch64-linux-gnu.so
-- Installing: /home/geomatics_in_house_system/ros2_ws/install/norlab_icp_mapper_ros/local/lib/python3.10/dist-packages/norlab_icp_mapper_ros/_norlab_icp_mapper_ros_s.ep.rosidl_typesupport_fastrtps_c.c
Listing '/home/geomatics_in_house_system/ros2_ws/install/norlab_icp_mapper_ros/local/lib/python3.10/dist-packages/norlab_icp_mapper_ros'...
Compiling '/home/geomatics_in_house_system/ros2_ws/install/norlab_icp_mapper_ros/local/lib/python3.10/dist-packages/norlab_icp_mapper_ros/__init__.py'...
Listing '/home/geomatics_in_house_system/ros2_ws/install/norlab_icp_mapper_ros/local/lib/python3.10/dist-packages/norlab_icp_mapper_ros/srv'...
Compiling '/home/geomatics_in_house_system/ros2_ws/install/norlab_icp_mapper_ros/local/lib/python3.10/dist-packages/norlab_icp_mapper_ros/srv/__init__.py'...
Compiling '/home/geomatics_in_house_system/ros2_ws/install/norlab_icp_mapper_ros/local/lib/python3.10/dist-packages/norlab_icp_mapper_ros/srv/_load_map.py'...
Compiling '/home/geomatics_in_house_system/ros2_ws/install/norlab_icp_mapper_ros/local/lib/python3.10/dist-packages/norlab_icp_mapper_ros/srv/_save_map.py'...
Compiling '/home/geomatics_in_house_system/ros2_ws/install/norlab_icp_mapper_ros/local/lib/python3.10/dist-packages/norlab_icp_mapper_ros/srv/_save_trajectory.py'...
-- Installing: /home/geomatics_in_house_system/ros2_ws/install/norlab_icp_mapper_ros/local/lib/python3.10/dist-packages/norlab_icp_mapper_ros/norlab_icp_mapper_ros_s__rosidl_typesupport_fastrtps_c.cpython-310-aarch64-linux-gnu.so
-- Set runtime path of "/home/geomatics_in_house_system/ros2_ws/install/norlab_icp_mapper_ros/local/lib/python3.10/dist-packages/norlab_icp_mapper_ros/norlab_icp_mapper_ros_s__rosidl_typesupport_fastrtps_c.cpython-310-aarch64-linux-gnu.so" to ""
-- Installing: /home/geomatics_in_house_system/ros2_ws/install/norlab_icp_mapper_ros/local/lib/python3.10/dist-packages/norlab_icp_mapper_ros/norlab_icp_mapper_ros_s__rosidl_typesupport_introspection_c.cpython-310-aarch64-linux-gnu.so
-- Set runtime path of "/home/geomatics_in_house_system/ros2_ws/install/norlab_icp_mapper_ros/local/lib/python3.10/dist-packages/norlab_icp_mapper_ros/norlab_icp_mapper_ros_s__rosidl_typesupport_introspection_c.cpython-310-aarch64-linux-gnu.so" to ""
-- Installing: /home/geomatics_in_house_system/ros2_ws/install/norlab_icp_mapper_ros/local/lib/python3.10/dist-packages/norlab_icp_mapper_ros/norlab_icp_mapper_ros_s__rosidl_typesupport_c.cpython-310-aarch64-linux-gnu.so
-- Set runtime path of "/home/geomatics_in_house_system/ros2_ws/install/norlab_icp_mapper_ros/local/lib/python3.10/dist-packages/norlab_icp_mapper_ros/norlab_icp_mapper_ros_s__rosidl_typesupport_c.cpython-310-aarch64-linux-gnu.so" to ""
-- Installing: /home/geomatics_in_house_system/ros2_ws/install/norlab_icp_mapper_ros/lib/libnorlab_icp_mapper_ros__rosidl_generator_py.so
-- Set runtime path of "/home/geomatics_in_house_system/ros2_ws/install/norlab_icp_mapper_ros/lib/libnorlab_icp_mapper_ros__rosidl_generator_py.so" to ""
-- Installing: /home/geomatics_in_house_system/ros2_ws/install/norlab_icp_mapper_ros/share/norlab_icp_mapper_ros/srv/SaveTrajectory.idl
-- Installing: /home/geomatics_in_house_system/ros2_ws/install/norlab_icp_mapper_ros/share/norlab_icp_mapper_ros/srv/SaveMap.idl
-- Installing: /home/geomatics_in_house_system/ros2_ws/install/norlab_icp_mapper_ros/share/norlab_icp_mapper_ros/srv/LoadMap.idl
-- Installing: /home/geomatics_in_house_system/ros2_ws/install/norlab_icp_mapper_ros/share/norlab_icp_mapper_ros/srv/SaveTrajectory.srv
-- Installing: /home/geomatics_in_house_system/ros2_ws/install/norlab_icp_mapper_ros/share/norlab_icp_mapper_ros/srv/SaveTrajectory_Request.msg
-- Installing: /home/geomatics_in_house_system/ros2_ws/install/norlab_icp_mapper_ros/share/norlab_icp_mapper_ros/srv/SaveTrajectory_Response.msg
-- Installing: /home/geomatics_in_house_system/ros2_ws/install/norlab_icp_mapper_ros/share/norlab_icp_mapper_ros/srv/SaveMap.srv
-- Installing: /home/geomatics_in_house_system/ros2_ws/install/norlab_icp_mapper_ros/share/norlab_icp_mapper_ros/srv/SaveMap_Request.msg
-- Installing: /home/geomatics_in_house_system/ros2_ws/install/norlab_icp_mapper_ros/share/norlab_icp_mapper_ros/srv/SaveMap_Response.msg
-- Installing: /home/geomatics_in_house_system/ros2_ws/install/norlab_icp_mapper_ros/share/norlab_icp_mapper_ros/srv/LoadMap.srv
-- Installing: /home/geomatics_in_house_system/ros2_ws/install/norlab_icp_mapper_ros/share/norlab_icp_mapper_ros/srv/LoadMap_Request.msg
-- Installing: /home/geomatics_in_house_system/ros2_ws/install/norlab_icp_mapper_ros/share/norlab_icp_mapper_ros/srv/LoadMap_Response.msg
-- Installing: /home/geomatics_in_house_system/ros2_ws/install/norlab_icp_mapper_ros/lib/norlab_icp_mapper_ros/mapper_node
-- Set runtime path of "/home/geomatics_in_house_system/ros2_ws/install/norlab_icp_mapper_ros/lib/norlab_icp_mapper_ros/mapper_node" to ""
-- Installing: /home/geomatics_in_house_system/ros2_ws/install/norlab_icp_mapper_ros/share/ament_index/resource_index/package_run_dependencies/norlab_icp_mapper_ros
-- Installing: /home/geomatics_in_house_system/ros2_ws/install/norlab_icp_mapper_ros/share/ament_index/resource_index/parent_prefix_path/norlab_icp_mapper_ros
-- Installing: /home/geomatics_in_house_system/ros2_ws/install/norlab_icp_mapper_ros/share/norlab_icp_mapper_ros/environment/ament_prefix_path.sh
-- Installing: /home/geomatics_in_house_system/ros2_ws/install/norlab_icp_mapper_ros/share/norlab_icp_mapper_ros/environment/ament_prefix_path.dsv
-- Installing: /home/geomatics_in_house_system/ros2_ws/install/norlab_icp_mapper_ros/share/norlab_icp_mapper_ros/environment/path.sh
-- Installing: /home/geomatics_in_house_system/ros2_ws/install/norlab_icp_mapper_ros/share/norlab_icp_mapper_ros/environment/path.dsv
-- Installing: /home/geomatics_in_house_system/ros2_ws/install/norlab_icp_mapper_ros/share/norlab_icp_mapper_ros/local_setup.bash
-- Installing: /home/geomatics_in_house_system/ros2_ws/install/norlab_icp_mapper_ros/share/norlab_icp_mapper_ros/local_setup.sh
-- Installing: /home/geomatics_in_house_system/ros2_ws/install/norlab_icp_mapper_ros/share/norlab_icp_mapper_ros/local_setup.zsh
-- Installing: /home/geomatics_in_house_system/ros2_ws/install/norlab_icp_mapper_ros/share/norlab_icp_mapper_ros/local_setup.dsv
-- Installing: /home/geomatics_in_house_system/ros2_ws/install/norlab_icp_mapper_ros/share/norlab_icp_mapper_ros/package.dsv
-- Installing: /home/geomatics_in_house_system/ros2_ws/install/norlab_icp_mapper_ros/share/ament_index/resource_index/packages/norlab_icp_mapper_ros
-- Installing: /home/geomatics_in_house_system/ros2_ws/install/norlab_icp_mapper_ros/share/norlab_icp_mapper_ros/cmake/export_norlab_icp_mapper_ros__rosidl_generator_cExport.cmake
-- Installing: /home/geomatics_in_house_system/ros2_ws/install/norlab_icp_mapper_ros/share/norlab_icp_mapper_ros/cmake/export_norlab_icp_mapper_ros__rosidl_generator_cExport-release.cmake
-- Installing: /home/geomatics_in_house_system/ros2_ws/install/norlab_icp_mapper_ros/share/norlab_icp_mapper_ros/cmake/export_norlab_icp_mapper_ros__rosidl_typesupport_fastrtps_cExport.cmake
-- Installing: /home/geomatics_in_house_system/ros2_ws/install/norlab_icp_mapper_ros/share/norlab_icp_mapper_ros/cmake/export_norlab_icp_mapper_ros__rosidl_typesupport_fastrtps_cExport-release.cmake
-- Installing: /home/geomatics_in_house_system/ros2_ws/install/norlab_icp_mapper_ros/share/norlab_icp_mapper_ros/cmake/export_norlab_icp_mapper_ros__rosidl_generator_cppExport.cmake
-- Installing: /home/geomatics_in_house_system/ros2_ws/install/norlab_icp_mapper_ros/share/norlab_icp_mapper_ros/cmake/export_norlab_icp_mapper_ros__rosidl_typesupport_fastrtps_cppExport.cmake
-- Installing: /home/geomatics_in_house_system/ros2_ws/install/norlab_icp_mapper_ros/share/norlab_icp_mapper_ros/cmake/export_norlab_icp_mapper_ros__rosidl_typesupport_fastrtps_cppExport-release.cmake
-- Installing: /home/geomatics_in_house_system/ros2_ws/install/norlab_icp_mapper_ros/share/norlab_icp_mapper_ros/cmake/norlab_icp_mapper_ros__rosidl_typesupport_introspection_cExport.cmake
-- Installing: /home/geomatics_in_house_system/ros2_ws/install/norlab_icp_mapper_ros/share/norlab_icp_mapper_ros/cmake/norlab_icp_mapper_ros__rosidl_typesupport_introspection_cExport-release.cmake
-- Installing: /home/geomatics_in_house_system/ros2_ws/install/norlab_icp_mapper_ros/share/norlab_icp_mapper_ros/cmake/norlab_icp_mapper_ros__rosidl_typesupport_cExport.cmake
-- Installing: /home/geomatics_in_house_system/ros2_ws/install/norlab_icp_mapper_ros/share/norlab_icp_mapper_ros/cmake/norlab_icp_mapper_ros__rosidl_typesupport_cExport-release.cmake
-- Installing: /home/geomatics_in_house_system/ros2_ws/install/norlab_icp_mapper_ros/share/norlab_icp_mapper_ros/cmake/norlab_icp_mapper_ros__rosidl_typesupport_introspection_cppExport.cmake
-- Installing: /home/geomatics_in_house_system/ros2_ws/install/norlab_icp_mapper_ros/share/norlab_icp_mapper_ros/cmake/norlab_icp_mapper_ros__rosidl_typesupport_introspection_cppExport-release.cmake
-- Installing: /home/geomatics_in_house_system/ros2_ws/install/norlab_icp_mapper_ros/share/norlab_icp_mapper_ros/cmake/norlab_icp_mapper_ros__rosidl_typesupport_cppExport.cmake
-- Installing: /home/geomatics_in_house_system/ros2_ws/install/norlab_icp_mapper_ros/share/norlab_icp_mapper_ros/cmake/norlab_icp_mapper_ros__rosidl_typesupport_cppExport-release.cmake
-- Installing: /home/geomatics_in_house_system/ros2_ws/install/norlab_icp_mapper_ros/share/norlab_icp_mapper_ros/cmake/export_norlab_icp_mapper_ros__rosidl_generator_pyExport.cmake
-- Installing: /home/geomatics_in_house_system/ros2_ws/install/norlab_icp_mapper_ros/share/norlab_icp_mapper_ros/cmake/export_norlab_icp_mapper_ros__rosidl_generator_pyExport-release.cmake
-- Installing: /home/geomatics_in_house_system/ros2_ws/install/norlab_icp_mapper_ros/share/norlab_icp_mapper_ros/cmake/rosidl_cmake-extras.cmake
-- Installing: /home/geomatics_in_house_system/ros2_ws/install/norlab_icp_mapper_ros/share/norlab_icp_mapper_ros/cmake/ament_cmake_export_dependencies-extras.cmake
-- Installing: /home/geomatics_in_house_system/ros2_ws/install/norlab_icp_mapper_ros/share/norlab_icp_mapper_ros/cmake/ament_cmake_export_include_directories-extras.cmake
-- Installing: /home/geomatics_in_house_system/ros2_ws/install/norlab_icp_mapper_ros/share/norlab_icp_mapper_ros/cmake/ament_cmake_export_libraries-extras.cmake
-- Installing: /home/geomatics_in_house_system/ros2_ws/install/norlab_icp_mapper_ros/share/norlab_icp_mapper_ros/cmake/ament_cmake_export_targets-extras.cmake
-- Installing: /home/geomatics_in_house_system/ros2_ws/install/norlab_icp_mapper_ros/share/norlab_icp_mapper_ros/cmake/rosidl_cmake_export_typesupport_targets-extras.cmake
-- Installing: /home/geomatics_in_house_system/ros2_ws/install/norlab_icp_mapper_ros/share/norlab_icp_mapper_ros/cmake/rosidl_cmake_export_typesupport_libraries-extras.cmake
-- Installing: /home/geomatics_in_house_system/ros2_ws/install/norlab_icp_mapper_ros/share/norlab_icp_mapper_ros/cmake/norlab_icp_mapper_rosConfig.cmake
-- Installing: /home/geomatics_in_house_system/ros2_ws/install/norlab_icp_mapper_ros/share/norlab_icp_mapper_ros/cmake/norlab_icp_mapper_rosConfig-version.cmake
-- Installing: /home/geomatics_in_house_system/ros2_ws/install/norlab_icp_mapper_ros/share/norlab_icp_mapper_ros/package.xml
