[0.117s] Invoking command in '/home/geomatics_in_house_system/ros2_ws/build/norlab_icp_mapper_ros': CMAKE_PREFIX_PATH=/home/geomatics_in_house_system/ros2_ws/install/libpointmatcher_ros:/home/geomatics_in_house_system/ros2_ws/install/velodyne:/home/geomatics_in_house_system/ros2_ws/install/velodyne_pointcloud:/home/geomatics_in_house_system/ros2_ws/install/velodyne_driver:/home/geomatics_in_house_system/ros2_ws/install/velodyne_msgs:/home/geomatics_in_house_system/ros2_ws/install/velodyne_laserscan:/home/geomatics_in_house_system/ros2_ws/install/vectornav:/home/geomatics_in_house_system/ros2_ws/install/vectornav_msgs:/home/geomatics_in_house_system/ros2_ws/install/tcp_tunnel:/home/geomatics_in_house_system/ros2_ws/install/norlab_icp_mapper_ros:/home/geomatics_in_house_system/ros2_ws/install/norlab_icp_mapper:/home/geomatics_in_house_system/ros2_ws/install/mapper_config_template:/opt/ros/humble /usr/bin/cmake /home/geomatics_in_house_system/ros2_ws/src/norlab_icp_mapper_ros -DCMAKE_INSTALL_PREFIX=/home/geomatics_in_house_system/ros2_ws/install/norlab_icp_mapper_ros
[0.657s] -- The C compiler identification is GNU 11.4.0
[1.082s] -- The CXX compiler identification is GNU 11.4.0
[1.128s] -- Detecting C compiler ABI info
[1.810s] -- Detecting C compiler ABI info - done
[1.857s] -- Check for working C compiler: /usr/bin/cc - skipped
[1.860s] -- Detecting C compile features
[1.863s] -- Detecting C compile features - done
[1.880s] -- Detecting CXX compiler ABI info
[2.596s] -- Detecting CXX compiler ABI info - done
[2.687s] -- Check for working CXX compiler: /usr/bin/c++ - skipped
[2.694s] -- Detecting CXX compile features
[2.702s] -- Detecting CXX compile features - done
[2.784s] -- Found ament_cmake: 1.3.8 (/opt/ros/humble/share/ament_cmake/cmake)
[4.325s] -- Found Python3: /usr/bin/python3 (found version "3.10.12") found components: Interpreter 
[5.675s] -- Found rclcpp: 16.0.8 (/opt/ros/humble/share/rclcpp/cmake)
[6.426s] -- Found rosidl_generator_c: 3.1.5 (/opt/ros/humble/share/rosidl_generator_c/cmake)
[6.509s] -- Found rosidl_adapter: 3.1.5 (/opt/ros/humble/share/rosidl_adapter/cmake)
[6.615s] -- Found rosidl_generator_cpp: 3.1.5 (/opt/ros/humble/share/rosidl_generator_cpp/cmake)
[6.761s] -- Using all available rosidl_typesupport_c: rosidl_typesupport_fastrtps_c;rosidl_typesupport_introspection_c
[7.085s] -- Using all available rosidl_typesupport_cpp: rosidl_typesupport_fastrtps_cpp;rosidl_typesupport_introspection_cpp
[8.048s] -- Found rmw_implementation_cmake: 6.1.1 (/opt/ros/humble/share/rmw_implementation_cmake/cmake)
[8.090s] -- Found rmw_fastrtps_cpp: 6.2.6 (/opt/ros/humble/share/rmw_fastrtps_cpp/cmake)
[9.308s] -- Found OpenSSL: /usr/lib/aarch64-linux-gnu/libcrypto.so (found version "3.0.2")  
[9.652s] -- Found FastRTPS: /opt/ros/humble/include  
[10.453s] -- Using RMW implementation 'rmw_fastrtps_cpp' as default
[10.653s] -- Looking for pthread.h
[11.350s] -- Looking for pthread.h - found
[11.354s] -- Performing Test CMAKE_HAVE_LIBC_PTHREAD
[12.027s] -- Performing Test CMAKE_HAVE_LIBC_PTHREAD - Success
[12.034s] -- Found Threads: TRUE  
[13.563s] -- Found sensor_msgs: 4.2.3 (/opt/ros/humble/share/sensor_msgs/cmake)
[14.660s] -- Found std_srvs: 4.2.3 (/opt/ros/humble/share/std_srvs/cmake)
[14.885s] -- Found tf2_ros: 0.25.6 (/opt/ros/humble/share/tf2_ros/cmake)
[17.895s] -- Found libpointmatcher_ros: 0.0.1 (/home/geomatics_in_house_system/ros2_ws/install/libpointmatcher_ros/share/libpointmatcher_ros/cmake)
[19.002s] -- Found rosidl_default_generators: 1.2.0 (/opt/ros/humble/share/rosidl_default_generators/cmake)
[19.707s] -- Found Boost: /usr/lib/aarch64-linux-gnu/cmake/Boost-1.74.0/BoostConfig.cmake (found version "1.74.0") found components: thread filesystem system program_options date_time 
[19.780s] -- Found Boost: /usr/lib/aarch64-linux-gnu/cmake/Boost-1.74.0/BoostConfig.cmake (found version "1.74.0") found components: thread filesystem system program_options date_time chrono 
[23.028s] -- Found ament_cmake_ros: 0.10.0 (/opt/ros/humble/share/ament_cmake_ros/cmake)
[27.168s] -- Using all available rosidl_typesupport_c: rosidl_typesupport_fastrtps_c;rosidl_typesupport_introspection_c
[28.705s] -- Using all available rosidl_typesupport_cpp: rosidl_typesupport_fastrtps_cpp;rosidl_typesupport_introspection_cpp
[28.999s] -- Found PythonInterp: /usr/bin/python3 (found suitable version "3.10.12", minimum required is "3.6") 
[29.035s] -- Found python_cmake_module: 0.10.0 (/opt/ros/humble/share/python_cmake_module/cmake)
[29.296s] -- Found PythonLibs: /usr/lib/aarch64-linux-gnu/libpython3.10.so (found suitable version "3.10.12", minimum required is "3.5") 
[29.299s] -- Using PYTHON_EXECUTABLE: /usr/bin/python3
[29.300s] -- Using PYTHON_INCLUDE_DIRS: /usr/include/python3.10
[29.302s] -- Using PYTHON_LIBRARIES: /usr/lib/aarch64-linux-gnu/libpython3.10.so
[29.571s] -- Found PythonExtra: .so  
[30.515s] -- Configuring done
[31.240s] -- Generating done
[31.271s] -- Build files have been written to: /home/geomatics_in_house_system/ros2_ws/build/norlab_icp_mapper_ros
[31.361s] Invoked command in '/home/geomatics_in_house_system/ros2_ws/build/norlab_icp_mapper_ros' returned '0': CMAKE_PREFIX_PATH=/home/geomatics_in_house_system/ros2_ws/install/libpointmatcher_ros:/home/geomatics_in_house_system/ros2_ws/install/velodyne:/home/geomatics_in_house_system/ros2_ws/install/velodyne_pointcloud:/home/geomatics_in_house_system/ros2_ws/install/velodyne_driver:/home/geomatics_in_house_system/ros2_ws/install/velodyne_msgs:/home/geomatics_in_house_system/ros2_ws/install/velodyne_laserscan:/home/geomatics_in_house_system/ros2_ws/install/vectornav:/home/geomatics_in_house_system/ros2_ws/install/vectornav_msgs:/home/geomatics_in_house_system/ros2_ws/install/tcp_tunnel:/home/geomatics_in_house_system/ros2_ws/install/norlab_icp_mapper_ros:/home/geomatics_in_house_system/ros2_ws/install/norlab_icp_mapper:/home/geomatics_in_house_system/ros2_ws/install/mapper_config_template:/opt/ros/humble /usr/bin/cmake /home/geomatics_in_house_system/ros2_ws/src/norlab_icp_mapper_ros -DCMAKE_INSTALL_PREFIX=/home/geomatics_in_house_system/ros2_ws/install/norlab_icp_mapper_ros
[31.365s] Invoking command in '/home/geomatics_in_house_system/ros2_ws/build/norlab_icp_mapper_ros': CMAKE_PREFIX_PATH=/home/geomatics_in_house_system/ros2_ws/install/libpointmatcher_ros:/home/geomatics_in_house_system/ros2_ws/install/velodyne:/home/geomatics_in_house_system/ros2_ws/install/velodyne_pointcloud:/home/geomatics_in_house_system/ros2_ws/install/velodyne_driver:/home/geomatics_in_house_system/ros2_ws/install/velodyne_msgs:/home/geomatics_in_house_system/ros2_ws/install/velodyne_laserscan:/home/geomatics_in_house_system/ros2_ws/install/vectornav:/home/geomatics_in_house_system/ros2_ws/install/vectornav_msgs:/home/geomatics_in_house_system/ros2_ws/install/tcp_tunnel:/home/geomatics_in_house_system/ros2_ws/install/norlab_icp_mapper_ros:/home/geomatics_in_house_system/ros2_ws/install/norlab_icp_mapper:/home/geomatics_in_house_system/ros2_ws/install/mapper_config_template:/opt/ros/humble /usr/bin/cmake --build /home/geomatics_in_house_system/ros2_ws/build/norlab_icp_mapper_ros -- -j4 -l4
[31.822s] [  2%] [34m[1mGenerating C++ code for ROS interfaces[0m
[36.173s] [  2%] Built target norlab_icp_mapper_ros__cpp
[36.438s] [  2%] Built target ament_cmake_python_copy_norlab_icp_mapper_ros
[36.512s] [  4%] [34m[1mGenerating C++ type support for eProsima Fast-RTPS[0m
[40.900s] [  6%] [32mBuilding CXX object CMakeFiles/norlab_icp_mapper_ros__rosidl_typesupport_fastrtps_cpp.dir/rosidl_typesupport_fastrtps_cpp/norlab_icp_mapper_ros/srv/detail/dds_fastrtps/save_trajectory__type_support.cpp.o[0m
[46.851s] [  8%] [32mBuilding CXX object CMakeFiles/norlab_icp_mapper_ros__rosidl_typesupport_fastrtps_cpp.dir/rosidl_typesupport_fastrtps_cpp/norlab_icp_mapper_ros/srv/detail/dds_fastrtps/save_map__type_support.cpp.o[0m
[51.963s] [ 10%] [32mBuilding CXX object CMakeFiles/norlab_icp_mapper_ros__rosidl_typesupport_fastrtps_cpp.dir/rosidl_typesupport_fastrtps_cpp/norlab_icp_mapper_ros/srv/detail/dds_fastrtps/load_map__type_support.cpp.o[0m
[56.627s] [ 12%] [32m[1mLinking CXX shared library libnorlab_icp_mapper_ros__rosidl_typesupport_fastrtps_cpp.so[0m
[57.229s] [ 12%] Built target norlab_icp_mapper_ros__rosidl_typesupport_fastrtps_cpp
[57.342s] [ 14%] [34m[1mGenerating C++ introspection for ROS interfaces[0m
[60.529s] [ 16%] [32mBuilding CXX object CMakeFiles/norlab_icp_mapper_ros__rosidl_typesupport_introspection_cpp.dir/rosidl_typesupport_introspection_cpp/norlab_icp_mapper_ros/srv/detail/save_trajectory__type_support.cpp.o[0m
[65.035s] [ 18%] [32mBuilding CXX object CMakeFiles/norlab_icp_mapper_ros__rosidl_typesupport_introspection_cpp.dir/rosidl_typesupport_introspection_cpp/norlab_icp_mapper_ros/srv/detail/save_map__type_support.cpp.o[0m
[69.978s] [ 20%] [32mBuilding CXX object CMakeFiles/norlab_icp_mapper_ros__rosidl_typesupport_introspection_cpp.dir/rosidl_typesupport_introspection_cpp/norlab_icp_mapper_ros/srv/detail/load_map__type_support.cpp.o[0m
[74.993s] [ 22%] [32m[1mLinking CXX shared library libnorlab_icp_mapper_ros__rosidl_typesupport_introspection_cpp.so[0m
[75.490s] [ 22%] Built target norlab_icp_mapper_ros__rosidl_typesupport_introspection_cpp
[78.812s] running egg_info
[78.822s] creating norlab_icp_mapper_ros.egg-info
[78.826s] writing norlab_icp_mapper_ros.egg-info/PKG-INFO
[78.829s] writing dependency_links to norlab_icp_mapper_ros.egg-info/dependency_links.txt
[78.832s] writing top-level names to norlab_icp_mapper_ros.egg-info/top_level.txt
[78.836s] writing manifest file 'norlab_icp_mapper_ros.egg-info/SOURCES.txt'
[78.854s] reading manifest file 'norlab_icp_mapper_ros.egg-info/SOURCES.txt'
[78.861s] writing manifest file 'norlab_icp_mapper_ros.egg-info/SOURCES.txt'
[79.116s] [ 22%] Built target ament_cmake_python_build_norlab_icp_mapper_ros_egg
[79.263s] [ 24%] [34m[1mGenerating C++ type support dispatch for ROS interfaces[0m
[82.086s] [ 26%] [32mBuilding CXX object CMakeFiles/norlab_icp_mapper_ros__rosidl_typesupport_cpp.dir/rosidl_typesupport_cpp/norlab_icp_mapper_ros/srv/save_trajectory__type_support.cpp.o[0m
[85.200s] [ 28%] [32mBuilding CXX object CMakeFiles/norlab_icp_mapper_ros__rosidl_typesupport_cpp.dir/rosidl_typesupport_cpp/norlab_icp_mapper_ros/srv/load_map__type_support.cpp.o[0m
[88.824s] [ 30%] [32mBuilding CXX object CMakeFiles/norlab_icp_mapper_ros__rosidl_typesupport_cpp.dir/rosidl_typesupport_cpp/norlab_icp_mapper_ros/srv/save_map__type_support.cpp.o[0m
[91.851s] [ 32%] [32m[1mLinking CXX shared library libnorlab_icp_mapper_ros__rosidl_typesupport_cpp.so[0m
[92.177s] [ 32%] Built target norlab_icp_mapper_ros__rosidl_typesupport_cpp
[92.262s] [ 34%] [34m[1mGenerating C code for ROS interfaces[0m
[97.171s] [ 36%] [32mBuilding C object CMakeFiles/norlab_icp_mapper_ros__rosidl_generator_c.dir/rosidl_generator_c/norlab_icp_mapper_ros/srv/detail/save_trajectory__functions.c.o[0m
[99.056s] [ 38%] [32mBuilding C object CMakeFiles/norlab_icp_mapper_ros__rosidl_generator_c.dir/rosidl_generator_c/norlab_icp_mapper_ros/srv/detail/load_map__functions.c.o[0m
[100.368s] [ 40%] [32mBuilding C object CMakeFiles/norlab_icp_mapper_ros__rosidl_generator_c.dir/rosidl_generator_c/norlab_icp_mapper_ros/srv/detail/save_map__functions.c.o[0m
[101.874s] [ 42%] [32m[1mLinking C shared library libnorlab_icp_mapper_ros__rosidl_generator_c.so[0m
[102.256s] [ 42%] Built target norlab_icp_mapper_ros__rosidl_generator_c
[102.535s] [ 44%] [32mBuilding CXX object CMakeFiles/mapper_node.dir/src/mapper_node.cpp.o[0m
[317.596s] [ 46%] [32mBuilding CXX object CMakeFiles/mapper_node.dir/src/NodeParameters.cpp.o[0m
[354.942s] [ 48%] [32m[1mLinking CXX executable mapper_node[0m
[362.797s] [ 48%] Built target mapper_node
[362.864s] [ 50%] [34m[1mGenerating C introspection for ROS interfaces[0m
[362.865s] [ 52%] [34m[1mGenerating C type support dispatch for ROS interfaces[0m
[362.869s] [ 54%] [34m[1mGenerating C type support for eProsima Fast-RTPS[0m
[365.296s] [ 56%] [32mBuilding CXX object CMakeFiles/norlab_icp_mapper_ros__rosidl_typesupport_c.dir/rosidl_typesupport_c/norlab_icp_mapper_ros/srv/save_trajectory__type_support.cpp.o[0m
[365.367s] [ 58%] [32mBuilding CXX object CMakeFiles/norlab_icp_mapper_ros__rosidl_typesupport_c.dir/rosidl_typesupport_c/norlab_icp_mapper_ros/srv/save_map__type_support.cpp.o[0m
[365.693s] [ 60%] [32mBuilding CXX object CMakeFiles/norlab_icp_mapper_ros__rosidl_typesupport_c.dir/rosidl_typesupport_c/norlab_icp_mapper_ros/srv/load_map__type_support.cpp.o[0m
[366.149s] [ 62%] [32m[1mLinking CXX shared library libnorlab_icp_mapper_ros__rosidl_typesupport_c.so[0m
[366.238s] [ 64%] [32mBuilding C object CMakeFiles/norlab_icp_mapper_ros__rosidl_typesupport_introspection_c.dir/rosidl_typesupport_introspection_c/norlab_icp_mapper_ros/srv/detail/save_trajectory__type_support.c.o[0m
[366.274s] [ 66%] [32mBuilding C object CMakeFiles/norlab_icp_mapper_ros__rosidl_typesupport_introspection_c.dir/rosidl_typesupport_introspection_c/norlab_icp_mapper_ros/srv/detail/save_map__type_support.c.o[0m
[366.363s] [ 68%] [32mBuilding CXX object CMakeFiles/norlab_icp_mapper_ros__rosidl_typesupport_fastrtps_c.dir/rosidl_typesupport_fastrtps_c/norlab_icp_mapper_ros/srv/detail/save_trajectory__type_support_c.cpp.o[0m
[366.798s] [ 68%] Built target norlab_icp_mapper_ros__rosidl_typesupport_c
[366.827s] [ 70%] [32mBuilding C object CMakeFiles/norlab_icp_mapper_ros__rosidl_typesupport_introspection_c.dir/rosidl_typesupport_introspection_c/norlab_icp_mapper_ros/srv/detail/load_map__type_support.c.o[0m
[366.882s] [ 72%] [32mBuilding CXX object CMakeFiles/norlab_icp_mapper_ros__rosidl_typesupport_fastrtps_c.dir/rosidl_typesupport_fastrtps_c/norlab_icp_mapper_ros/srv/detail/save_map__type_support_c.cpp.o[0m
[366.918s] [ 74%] [32mBuilding CXX object CMakeFiles/norlab_icp_mapper_ros__rosidl_typesupport_fastrtps_c.dir/rosidl_typesupport_fastrtps_c/norlab_icp_mapper_ros/srv/detail/load_map__type_support_c.cpp.o[0m
[367.684s] [ 76%] [32m[1mLinking C shared library libnorlab_icp_mapper_ros__rosidl_typesupport_introspection_c.so[0m
[368.134s] [ 76%] Built target norlab_icp_mapper_ros__rosidl_typesupport_introspection_c
[370.734s] [ 78%] [32m[1mLinking CXX shared library libnorlab_icp_mapper_ros__rosidl_typesupport_fastrtps_c.so[0m
[371.183s] [ 78%] Built target norlab_icp_mapper_ros__rosidl_typesupport_fastrtps_c
[371.371s] [ 78%] Built target norlab_icp_mapper_ros
[371.501s] [ 80%] [34m[1mGenerating Python code for ROS interfaces[0m
[375.241s] [ 80%] Built target norlab_icp_mapper_ros__py
[375.375s] [ 82%] [32mBuilding C object CMakeFiles/norlab_icp_mapper_ros__rosidl_generator_py.dir/rosidl_generator_py/norlab_icp_mapper_ros/srv/_save_trajectory_s.c.o[0m
[375.378s] [ 84%] [32mBuilding C object CMakeFiles/norlab_icp_mapper_ros__rosidl_generator_py.dir/rosidl_generator_py/norlab_icp_mapper_ros/srv/_save_map_s.c.o[0m
[375.387s] [ 86%] [32mBuilding C object CMakeFiles/norlab_icp_mapper_ros__rosidl_generator_py.dir/rosidl_generator_py/norlab_icp_mapper_ros/srv/_load_map_s.c.o[0m
[376.445s] [ 88%] [32m[1mLinking C shared library rosidl_generator_py/norlab_icp_mapper_ros/libnorlab_icp_mapper_ros__rosidl_generator_py.so[0m
[376.716s] [ 88%] Built target norlab_icp_mapper_ros__rosidl_generator_py
[376.861s] [ 92%] [32mBuilding C object CMakeFiles/norlab_icp_mapper_ros__rosidl_typesupport_fastrtps_c__pyext.dir/rosidl_generator_py/norlab_icp_mapper_ros/_norlab_icp_mapper_ros_s.ep.rosidl_typesupport_fastrtps_c.c.o[0m
[376.862s] [ 92%] [32mBuilding C object CMakeFiles/norlab_icp_mapper_ros__rosidl_typesupport_introspection_c__pyext.dir/rosidl_generator_py/norlab_icp_mapper_ros/_norlab_icp_mapper_ros_s.ep.rosidl_typesupport_introspection_c.c.o[0m
[376.865s] [ 94%] [32mBuilding C object CMakeFiles/norlab_icp_mapper_ros__rosidl_typesupport_c__pyext.dir/rosidl_generator_py/norlab_icp_mapper_ros/_norlab_icp_mapper_ros_s.ep.rosidl_typesupport_c.c.o[0m
[378.600s] [ 96%] [32m[1mLinking C shared library rosidl_generator_py/norlab_icp_mapper_ros/norlab_icp_mapper_ros_s__rosidl_typesupport_c.cpython-310-aarch64-linux-gnu.so[0m
[378.617s] [ 98%] [32m[1mLinking C shared library rosidl_generator_py/norlab_icp_mapper_ros/norlab_icp_mapper_ros_s__rosidl_typesupport_introspection_c.cpython-310-aarch64-linux-gnu.so[0m
[378.653s] [100%] [32m[1mLinking C shared library rosidl_generator_py/norlab_icp_mapper_ros/norlab_icp_mapper_ros_s__rosidl_typesupport_fastrtps_c.cpython-310-aarch64-linux-gnu.so[0m
[379.130s] [100%] Built target norlab_icp_mapper_ros__rosidl_typesupport_introspection_c__pyext
[379.156s] [100%] Built target norlab_icp_mapper_ros__rosidl_typesupport_c__pyext
[379.174s] [100%] Built target norlab_icp_mapper_ros__rosidl_typesupport_fastrtps_c__pyext
[379.240s] Invoked command in '/home/geomatics_in_house_system/ros2_ws/build/norlab_icp_mapper_ros' returned '0': CMAKE_PREFIX_PATH=/home/geomatics_in_house_system/ros2_ws/install/libpointmatcher_ros:/home/geomatics_in_house_system/ros2_ws/install/velodyne:/home/geomatics_in_house_system/ros2_ws/install/velodyne_pointcloud:/home/geomatics_in_house_system/ros2_ws/install/velodyne_driver:/home/geomatics_in_house_system/ros2_ws/install/velodyne_msgs:/home/geomatics_in_house_system/ros2_ws/install/velodyne_laserscan:/home/geomatics_in_house_system/ros2_ws/install/vectornav:/home/geomatics_in_house_system/ros2_ws/install/vectornav_msgs:/home/geomatics_in_house_system/ros2_ws/install/tcp_tunnel:/home/geomatics_in_house_system/ros2_ws/install/norlab_icp_mapper_ros:/home/geomatics_in_house_system/ros2_ws/install/norlab_icp_mapper:/home/geomatics_in_house_system/ros2_ws/install/mapper_config_template:/opt/ros/humble /usr/bin/cmake --build /home/geomatics_in_house_system/ros2_ws/build/norlab_icp_mapper_ros -- -j4 -l4
[380.524s] Invoking command in '/home/geomatics_in_house_system/ros2_ws/build/norlab_icp_mapper_ros': CMAKE_PREFIX_PATH=/home/geomatics_in_house_system/ros2_ws/install/libpointmatcher_ros:/home/geomatics_in_house_system/ros2_ws/install/velodyne:/home/geomatics_in_house_system/ros2_ws/install/velodyne_pointcloud:/home/geomatics_in_house_system/ros2_ws/install/velodyne_driver:/home/geomatics_in_house_system/ros2_ws/install/velodyne_msgs:/home/geomatics_in_house_system/ros2_ws/install/velodyne_laserscan:/home/geomatics_in_house_system/ros2_ws/install/vectornav:/home/geomatics_in_house_system/ros2_ws/install/vectornav_msgs:/home/geomatics_in_house_system/ros2_ws/install/tcp_tunnel:/home/geomatics_in_house_system/ros2_ws/install/norlab_icp_mapper_ros:/home/geomatics_in_house_system/ros2_ws/install/norlab_icp_mapper:/home/geomatics_in_house_system/ros2_ws/install/mapper_config_template:/opt/ros/humble /usr/bin/cmake --install /home/geomatics_in_house_system/ros2_ws/build/norlab_icp_mapper_ros
[380.568s] -- Install configuration: "Release"
[380.569s] -- Installing: /home/geomatics_in_house_system/ros2_ws/install/norlab_icp_mapper_ros/share/ament_index/resource_index/rosidl_interfaces/norlab_icp_mapper_ros
[380.571s] -- Installing: /home/geomatics_in_house_system/ros2_ws/install/norlab_icp_mapper_ros/include/norlab_icp_mapper_ros/norlab_icp_mapper_ros
[380.572s] -- Installing: /home/geomatics_in_house_system/ros2_ws/install/norlab_icp_mapper_ros/include/norlab_icp_mapper_ros/norlab_icp_mapper_ros/msg
[380.573s] -- Installing: /home/geomatics_in_house_system/ros2_ws/install/norlab_icp_mapper_ros/include/norlab_icp_mapper_ros/norlab_icp_mapper_ros/msg/rosidl_generator_c__visibility_control.h
[380.575s] -- Installing: /home/geomatics_in_house_system/ros2_ws/install/norlab_icp_mapper_ros/include/norlab_icp_mapper_ros/norlab_icp_mapper_ros/srv
[380.575s] -- Installing: /home/geomatics_in_house_system/ros2_ws/install/norlab_icp_mapper_ros/include/norlab_icp_mapper_ros/norlab_icp_mapper_ros/srv/save_map.h
[380.577s] -- Installing: /home/geomatics_in_house_system/ros2_ws/install/norlab_icp_mapper_ros/include/norlab_icp_mapper_ros/norlab_icp_mapper_ros/srv/detail
[380.578s] -- Installing: /home/geomatics_in_house_system/ros2_ws/install/norlab_icp_mapper_ros/include/norlab_icp_mapper_ros/norlab_icp_mapper_ros/srv/detail/load_map__functions.c
[380.580s] -- Installing: /home/geomatics_in_house_system/ros2_ws/install/norlab_icp_mapper_ros/include/norlab_icp_mapper_ros/norlab_icp_mapper_ros/srv/detail/save_trajectory__functions.c
[380.582s] -- Installing: /home/geomatics_in_house_system/ros2_ws/install/norlab_icp_mapper_ros/include/norlab_icp_mapper_ros/norlab_icp_mapper_ros/srv/detail/save_trajectory__struct.h
[380.584s] -- Installing: /home/geomatics_in_house_system/ros2_ws/install/norlab_icp_mapper_ros/include/norlab_icp_mapper_ros/norlab_icp_mapper_ros/srv/detail/save_map__struct.h
[380.585s] -- Installing: /home/geomatics_in_house_system/ros2_ws/install/norlab_icp_mapper_ros/include/norlab_icp_mapper_ros/norlab_icp_mapper_ros/srv/detail/save_map__functions.c
[380.587s] -- Installing: /home/geomatics_in_house_system/ros2_ws/install/norlab_icp_mapper_ros/include/norlab_icp_mapper_ros/norlab_icp_mapper_ros/srv/detail/save_map__type_support.h
[380.588s] -- Installing: /home/geomatics_in_house_system/ros2_ws/install/norlab_icp_mapper_ros/include/norlab_icp_mapper_ros/norlab_icp_mapper_ros/srv/detail/save_map__functions.h
[380.590s] -- Installing: /home/geomatics_in_house_system/ros2_ws/install/norlab_icp_mapper_ros/include/norlab_icp_mapper_ros/norlab_icp_mapper_ros/srv/detail/load_map__functions.h
[380.592s] -- Installing: /home/geomatics_in_house_system/ros2_ws/install/norlab_icp_mapper_ros/include/norlab_icp_mapper_ros/norlab_icp_mapper_ros/srv/detail/save_trajectory__type_support.h
[380.594s] -- Installing: /home/geomatics_in_house_system/ros2_ws/install/norlab_icp_mapper_ros/include/norlab_icp_mapper_ros/norlab_icp_mapper_ros/srv/detail/load_map__struct.h
[380.595s] -- Installing: /home/geomatics_in_house_system/ros2_ws/install/norlab_icp_mapper_ros/include/norlab_icp_mapper_ros/norlab_icp_mapper_ros/srv/detail/save_trajectory__functions.h
[380.597s] -- Installing: /home/geomatics_in_house_system/ros2_ws/install/norlab_icp_mapper_ros/include/norlab_icp_mapper_ros/norlab_icp_mapper_ros/srv/detail/load_map__type_support.h
[380.599s] -- Installing: /home/geomatics_in_house_system/ros2_ws/install/norlab_icp_mapper_ros/include/norlab_icp_mapper_ros/norlab_icp_mapper_ros/srv/load_map.h
[380.600s] -- Installing: /home/geomatics_in_house_system/ros2_ws/install/norlab_icp_mapper_ros/include/norlab_icp_mapper_ros/norlab_icp_mapper_ros/srv/save_trajectory.h
[380.603s] -- Installing: /home/geomatics_in_house_system/ros2_ws/install/norlab_icp_mapper_ros/share/norlab_icp_mapper_ros/environment/library_path.sh
[380.604s] -- Installing: /home/geomatics_in_house_system/ros2_ws/install/norlab_icp_mapper_ros/share/norlab_icp_mapper_ros/environment/library_path.dsv
[380.606s] -- Installing: /home/geomatics_in_house_system/ros2_ws/install/norlab_icp_mapper_ros/lib/libnorlab_icp_mapper_ros__rosidl_generator_c.so
[380.610s] -- Set runtime path of "/home/geomatics_in_house_system/ros2_ws/install/norlab_icp_mapper_ros/lib/libnorlab_icp_mapper_ros__rosidl_generator_c.so" to ""
[380.611s] -- Up-to-date: /home/geomatics_in_house_system/ros2_ws/install/norlab_icp_mapper_ros/include/norlab_icp_mapper_ros/norlab_icp_mapper_ros
[380.612s] -- Up-to-date: /home/geomatics_in_house_system/ros2_ws/install/norlab_icp_mapper_ros/include/norlab_icp_mapper_ros/norlab_icp_mapper_ros/msg
[380.612s] -- Installing: /home/geomatics_in_house_system/ros2_ws/install/norlab_icp_mapper_ros/include/norlab_icp_mapper_ros/norlab_icp_mapper_ros/msg/rosidl_typesupport_fastrtps_c__visibility_control.h
[380.613s] -- Up-to-date: /home/geomatics_in_house_system/ros2_ws/install/norlab_icp_mapper_ros/include/norlab_icp_mapper_ros/norlab_icp_mapper_ros/srv
[380.614s] -- Up-to-date: /home/geomatics_in_house_system/ros2_ws/install/norlab_icp_mapper_ros/include/norlab_icp_mapper_ros/norlab_icp_mapper_ros/srv/detail
[380.615s] -- Installing: /home/geomatics_in_house_system/ros2_ws/install/norlab_icp_mapper_ros/include/norlab_icp_mapper_ros/norlab_icp_mapper_ros/srv/detail/load_map__rosidl_typesupport_fastrtps_c.h
[380.616s] -- Installing: /home/geomatics_in_house_system/ros2_ws/install/norlab_icp_mapper_ros/include/norlab_icp_mapper_ros/norlab_icp_mapper_ros/srv/detail/save_map__rosidl_typesupport_fastrtps_c.h
[380.618s] -- Installing: /home/geomatics_in_house_system/ros2_ws/install/norlab_icp_mapper_ros/include/norlab_icp_mapper_ros/norlab_icp_mapper_ros/srv/detail/save_trajectory__rosidl_typesupport_fastrtps_c.h
[380.620s] -- Installing: /home/geomatics_in_house_system/ros2_ws/install/norlab_icp_mapper_ros/lib/libnorlab_icp_mapper_ros__rosidl_typesupport_fastrtps_c.so
[380.624s] -- Set runtime path of "/home/geomatics_in_house_system/ros2_ws/install/norlab_icp_mapper_ros/lib/libnorlab_icp_mapper_ros__rosidl_typesupport_fastrtps_c.so" to ""
[380.624s] -- Up-to-date: /home/geomatics_in_house_system/ros2_ws/install/norlab_icp_mapper_ros/include/norlab_icp_mapper_ros/norlab_icp_mapper_ros
[380.625s] -- Up-to-date: /home/geomatics_in_house_system/ros2_ws/install/norlab_icp_mapper_ros/include/norlab_icp_mapper_ros/norlab_icp_mapper_ros/srv
[380.626s] -- Installing: /home/geomatics_in_house_system/ros2_ws/install/norlab_icp_mapper_ros/include/norlab_icp_mapper_ros/norlab_icp_mapper_ros/srv/load_map.hpp
[380.626s] -- Up-to-date: /home/geomatics_in_house_system/ros2_ws/install/norlab_icp_mapper_ros/include/norlab_icp_mapper_ros/norlab_icp_mapper_ros/srv/detail
[380.627s] -- Installing: /home/geomatics_in_house_system/ros2_ws/install/norlab_icp_mapper_ros/include/norlab_icp_mapper_ros/norlab_icp_mapper_ros/srv/detail/save_map__builder.hpp
[380.629s] -- Installing: /home/geomatics_in_house_system/ros2_ws/install/norlab_icp_mapper_ros/include/norlab_icp_mapper_ros/norlab_icp_mapper_ros/srv/detail/load_map__builder.hpp
[380.631s] -- Installing: /home/geomatics_in_house_system/ros2_ws/install/norlab_icp_mapper_ros/include/norlab_icp_mapper_ros/norlab_icp_mapper_ros/srv/detail/save_trajectory__builder.hpp
[380.632s] -- Installing: /home/geomatics_in_house_system/ros2_ws/install/norlab_icp_mapper_ros/include/norlab_icp_mapper_ros/norlab_icp_mapper_ros/srv/detail/save_trajectory__struct.hpp
[380.634s] -- Installing: /home/geomatics_in_house_system/ros2_ws/install/norlab_icp_mapper_ros/include/norlab_icp_mapper_ros/norlab_icp_mapper_ros/srv/detail/load_map__struct.hpp
[380.636s] -- Installing: /home/geomatics_in_house_system/ros2_ws/install/norlab_icp_mapper_ros/include/norlab_icp_mapper_ros/norlab_icp_mapper_ros/srv/detail/load_map__traits.hpp
[380.637s] -- Installing: /home/geomatics_in_house_system/ros2_ws/install/norlab_icp_mapper_ros/include/norlab_icp_mapper_ros/norlab_icp_mapper_ros/srv/detail/save_map__struct.hpp
[380.639s] -- Installing: /home/geomatics_in_house_system/ros2_ws/install/norlab_icp_mapper_ros/include/norlab_icp_mapper_ros/norlab_icp_mapper_ros/srv/detail/save_map__traits.hpp
[380.641s] -- Installing: /home/geomatics_in_house_system/ros2_ws/install/norlab_icp_mapper_ros/include/norlab_icp_mapper_ros/norlab_icp_mapper_ros/srv/detail/save_trajectory__traits.hpp
[380.643s] -- Installing: /home/geomatics_in_house_system/ros2_ws/install/norlab_icp_mapper_ros/include/norlab_icp_mapper_ros/norlab_icp_mapper_ros/srv/save_map.hpp
[380.644s] -- Installing: /home/geomatics_in_house_system/ros2_ws/install/norlab_icp_mapper_ros/include/norlab_icp_mapper_ros/norlab_icp_mapper_ros/srv/save_trajectory.hpp
[380.646s] -- Up-to-date: /home/geomatics_in_house_system/ros2_ws/install/norlab_icp_mapper_ros/include/norlab_icp_mapper_ros/norlab_icp_mapper_ros
[380.647s] -- Up-to-date: /home/geomatics_in_house_system/ros2_ws/install/norlab_icp_mapper_ros/include/norlab_icp_mapper_ros/norlab_icp_mapper_ros/msg
[380.647s] -- Installing: /home/geomatics_in_house_system/ros2_ws/install/norlab_icp_mapper_ros/include/norlab_icp_mapper_ros/norlab_icp_mapper_ros/msg/rosidl_typesupport_fastrtps_cpp__visibility_control.h
[380.649s] -- Up-to-date: /home/geomatics_in_house_system/ros2_ws/install/norlab_icp_mapper_ros/include/norlab_icp_mapper_ros/norlab_icp_mapper_ros/srv
[380.649s] -- Up-to-date: /home/geomatics_in_house_system/ros2_ws/install/norlab_icp_mapper_ros/include/norlab_icp_mapper_ros/norlab_icp_mapper_ros/srv/detail
[380.650s] -- Installing: /home/geomatics_in_house_system/ros2_ws/install/norlab_icp_mapper_ros/include/norlab_icp_mapper_ros/norlab_icp_mapper_ros/srv/detail/save_trajectory__rosidl_typesupport_fastrtps_cpp.hpp
[380.652s] -- Installing: /home/geomatics_in_house_system/ros2_ws/install/norlab_icp_mapper_ros/include/norlab_icp_mapper_ros/norlab_icp_mapper_ros/srv/detail/dds_fastrtps
[380.653s] -- Installing: /home/geomatics_in_house_system/ros2_ws/install/norlab_icp_mapper_ros/include/norlab_icp_mapper_ros/norlab_icp_mapper_ros/srv/detail/save_map__rosidl_typesupport_fastrtps_cpp.hpp
[380.656s] -- Installing: /home/geomatics_in_house_system/ros2_ws/install/norlab_icp_mapper_ros/include/norlab_icp_mapper_ros/norlab_icp_mapper_ros/srv/detail/load_map__rosidl_typesupport_fastrtps_cpp.hpp
[380.658s] -- Installing: /home/geomatics_in_house_system/ros2_ws/install/norlab_icp_mapper_ros/lib/libnorlab_icp_mapper_ros__rosidl_typesupport_fastrtps_cpp.so
[380.661s] -- Set runtime path of "/home/geomatics_in_house_system/ros2_ws/install/norlab_icp_mapper_ros/lib/libnorlab_icp_mapper_ros__rosidl_typesupport_fastrtps_cpp.so" to ""
[380.662s] -- Up-to-date: /home/geomatics_in_house_system/ros2_ws/install/norlab_icp_mapper_ros/include/norlab_icp_mapper_ros/norlab_icp_mapper_ros
[380.663s] -- Up-to-date: /home/geomatics_in_house_system/ros2_ws/install/norlab_icp_mapper_ros/include/norlab_icp_mapper_ros/norlab_icp_mapper_ros/msg
[380.664s] -- Installing: /home/geomatics_in_house_system/ros2_ws/install/norlab_icp_mapper_ros/include/norlab_icp_mapper_ros/norlab_icp_mapper_ros/msg/rosidl_typesupport_introspection_c__visibility_control.h
[380.665s] -- Up-to-date: /home/geomatics_in_house_system/ros2_ws/install/norlab_icp_mapper_ros/include/norlab_icp_mapper_ros/norlab_icp_mapper_ros/srv
[380.666s] -- Up-to-date: /home/geomatics_in_house_system/ros2_ws/install/norlab_icp_mapper_ros/include/norlab_icp_mapper_ros/norlab_icp_mapper_ros/srv/detail
[380.667s] -- Installing: /home/geomatics_in_house_system/ros2_ws/install/norlab_icp_mapper_ros/include/norlab_icp_mapper_ros/norlab_icp_mapper_ros/srv/detail/save_map__rosidl_typesupport_introspection_c.h
[380.669s] -- Installing: /home/geomatics_in_house_system/ros2_ws/install/norlab_icp_mapper_ros/include/norlab_icp_mapper_ros/norlab_icp_mapper_ros/srv/detail/save_trajectory__type_support.c
[380.671s] -- Installing: /home/geomatics_in_house_system/ros2_ws/install/norlab_icp_mapper_ros/include/norlab_icp_mapper_ros/norlab_icp_mapper_ros/srv/detail/load_map__type_support.c
[380.672s] -- Installing: /home/geomatics_in_house_system/ros2_ws/install/norlab_icp_mapper_ros/include/norlab_icp_mapper_ros/norlab_icp_mapper_ros/srv/detail/save_trajectory__rosidl_typesupport_introspection_c.h
[380.674s] -- Installing: /home/geomatics_in_house_system/ros2_ws/install/norlab_icp_mapper_ros/include/norlab_icp_mapper_ros/norlab_icp_mapper_ros/srv/detail/save_map__type_support.c
[380.676s] -- Installing: /home/geomatics_in_house_system/ros2_ws/install/norlab_icp_mapper_ros/include/norlab_icp_mapper_ros/norlab_icp_mapper_ros/srv/detail/load_map__rosidl_typesupport_introspection_c.h
[380.679s] -- Installing: /home/geomatics_in_house_system/ros2_ws/install/norlab_icp_mapper_ros/lib/libnorlab_icp_mapper_ros__rosidl_typesupport_introspection_c.so
[380.682s] -- Set runtime path of "/home/geomatics_in_house_system/ros2_ws/install/norlab_icp_mapper_ros/lib/libnorlab_icp_mapper_ros__rosidl_typesupport_introspection_c.so" to ""
[380.683s] -- Installing: /home/geomatics_in_house_system/ros2_ws/install/norlab_icp_mapper_ros/lib/libnorlab_icp_mapper_ros__rosidl_typesupport_c.so
[380.686s] -- Set runtime path of "/home/geomatics_in_house_system/ros2_ws/install/norlab_icp_mapper_ros/lib/libnorlab_icp_mapper_ros__rosidl_typesupport_c.so" to ""
[380.687s] -- Up-to-date: /home/geomatics_in_house_system/ros2_ws/install/norlab_icp_mapper_ros/include/norlab_icp_mapper_ros/norlab_icp_mapper_ros
[380.688s] -- Up-to-date: /home/geomatics_in_house_system/ros2_ws/install/norlab_icp_mapper_ros/include/norlab_icp_mapper_ros/norlab_icp_mapper_ros/srv
[380.688s] -- Up-to-date: /home/geomatics_in_house_system/ros2_ws/install/norlab_icp_mapper_ros/include/norlab_icp_mapper_ros/norlab_icp_mapper_ros/srv/detail
[380.689s] -- Installing: /home/geomatics_in_house_system/ros2_ws/install/norlab_icp_mapper_ros/include/norlab_icp_mapper_ros/norlab_icp_mapper_ros/srv/detail/load_map__rosidl_typesupport_introspection_cpp.hpp
[380.691s] -- Installing: /home/geomatics_in_house_system/ros2_ws/install/norlab_icp_mapper_ros/include/norlab_icp_mapper_ros/norlab_icp_mapper_ros/srv/detail/save_map__type_support.cpp
[380.692s] -- Installing: /home/geomatics_in_house_system/ros2_ws/install/norlab_icp_mapper_ros/include/norlab_icp_mapper_ros/norlab_icp_mapper_ros/srv/detail/save_map__rosidl_typesupport_introspection_cpp.hpp
[380.695s] -- Installing: /home/geomatics_in_house_system/ros2_ws/install/norlab_icp_mapper_ros/include/norlab_icp_mapper_ros/norlab_icp_mapper_ros/srv/detail/save_trajectory__type_support.cpp
[380.696s] -- Installing: /home/geomatics_in_house_system/ros2_ws/install/norlab_icp_mapper_ros/include/norlab_icp_mapper_ros/norlab_icp_mapper_ros/srv/detail/load_map__type_support.cpp
[380.698s] -- Installing: /home/geomatics_in_house_system/ros2_ws/install/norlab_icp_mapper_ros/include/norlab_icp_mapper_ros/norlab_icp_mapper_ros/srv/detail/save_trajectory__rosidl_typesupport_introspection_cpp.hpp
[380.700s] -- Installing: /home/geomatics_in_house_system/ros2_ws/install/norlab_icp_mapper_ros/lib/libnorlab_icp_mapper_ros__rosidl_typesupport_introspection_cpp.so
[380.704s] -- Set runtime path of "/home/geomatics_in_house_system/ros2_ws/install/norlab_icp_mapper_ros/lib/libnorlab_icp_mapper_ros__rosidl_typesupport_introspection_cpp.so" to ""
[380.705s] -- Installing: /home/geomatics_in_house_system/ros2_ws/install/norlab_icp_mapper_ros/lib/libnorlab_icp_mapper_ros__rosidl_typesupport_cpp.so
[380.708s] -- Set runtime path of "/home/geomatics_in_house_system/ros2_ws/install/norlab_icp_mapper_ros/lib/libnorlab_icp_mapper_ros__rosidl_typesupport_cpp.so" to ""
[380.709s] -- Installing: /home/geomatics_in_house_system/ros2_ws/install/norlab_icp_mapper_ros/share/norlab_icp_mapper_ros/environment/pythonpath.sh
[380.711s] -- Installing: /home/geomatics_in_house_system/ros2_ws/install/norlab_icp_mapper_ros/share/norlab_icp_mapper_ros/environment/pythonpath.dsv
[380.713s] -- Installing: /home/geomatics_in_house_system/ros2_ws/install/norlab_icp_mapper_ros/local/lib/python3.10/dist-packages/norlab_icp_mapper_ros-0.0.1-py3.10.egg-info
[380.714s] -- Installing: /home/geomatics_in_house_system/ros2_ws/install/norlab_icp_mapper_ros/local/lib/python3.10/dist-packages/norlab_icp_mapper_ros-0.0.1-py3.10.egg-info/dependency_links.txt
[380.716s] -- Installing: /home/geomatics_in_house_system/ros2_ws/install/norlab_icp_mapper_ros/local/lib/python3.10/dist-packages/norlab_icp_mapper_ros-0.0.1-py3.10.egg-info/SOURCES.txt
[380.718s] -- Installing: /home/geomatics_in_house_system/ros2_ws/install/norlab_icp_mapper_ros/local/lib/python3.10/dist-packages/norlab_icp_mapper_ros-0.0.1-py3.10.egg-info/top_level.txt
[380.720s] -- Installing: /home/geomatics_in_house_system/ros2_ws/install/norlab_icp_mapper_ros/local/lib/python3.10/dist-packages/norlab_icp_mapper_ros-0.0.1-py3.10.egg-info/PKG-INFO
[380.722s] -- Installing: /home/geomatics_in_house_system/ros2_ws/install/norlab_icp_mapper_ros/local/lib/python3.10/dist-packages/norlab_icp_mapper_ros
[380.723s] -- Installing: /home/geomatics_in_house_system/ros2_ws/install/norlab_icp_mapper_ros/local/lib/python3.10/dist-packages/norlab_icp_mapper_ros/norlab_icp_mapper_ros_s__rosidl_typesupport_fastrtps_c.cpython-310-aarch64-linux-gnu.so
[380.725s] -- Installing: /home/geomatics_in_house_system/ros2_ws/install/norlab_icp_mapper_ros/local/lib/python3.10/dist-packages/norlab_icp_mapper_ros/srv
[380.726s] -- Installing: /home/geomatics_in_house_system/ros2_ws/install/norlab_icp_mapper_ros/local/lib/python3.10/dist-packages/norlab_icp_mapper_ros/srv/_save_trajectory_s.c
[380.728s] -- Installing: /home/geomatics_in_house_system/ros2_ws/install/norlab_icp_mapper_ros/local/lib/python3.10/dist-packages/norlab_icp_mapper_ros/srv/_save_map_s.c
[380.729s] -- Installing: /home/geomatics_in_house_system/ros2_ws/install/norlab_icp_mapper_ros/local/lib/python3.10/dist-packages/norlab_icp_mapper_ros/srv/_load_map_s.c
[380.731s] -- Installing: /home/geomatics_in_house_system/ros2_ws/install/norlab_icp_mapper_ros/local/lib/python3.10/dist-packages/norlab_icp_mapper_ros/srv/_save_map.py
[380.733s] -- Installing: /home/geomatics_in_house_system/ros2_ws/install/norlab_icp_mapper_ros/local/lib/python3.10/dist-packages/norlab_icp_mapper_ros/srv/__init__.py
[380.735s] -- Installing: /home/geomatics_in_house_system/ros2_ws/install/norlab_icp_mapper_ros/local/lib/python3.10/dist-packages/norlab_icp_mapper_ros/srv/_load_map.py
[380.736s] -- Installing: /home/geomatics_in_house_system/ros2_ws/install/norlab_icp_mapper_ros/local/lib/python3.10/dist-packages/norlab_icp_mapper_ros/srv/_save_trajectory.py
[380.738s] -- Installing: /home/geomatics_in_house_system/ros2_ws/install/norlab_icp_mapper_ros/local/lib/python3.10/dist-packages/norlab_icp_mapper_ros/libnorlab_icp_mapper_ros__rosidl_generator_py.so
[380.740s] -- Installing: /home/geomatics_in_house_system/ros2_ws/install/norlab_icp_mapper_ros/local/lib/python3.10/dist-packages/norlab_icp_mapper_ros/_norlab_icp_mapper_ros_s.ep.rosidl_typesupport_c.c
[380.742s] -- Installing: /home/geomatics_in_house_system/ros2_ws/install/norlab_icp_mapper_ros/local/lib/python3.10/dist-packages/norlab_icp_mapper_ros/norlab_icp_mapper_ros_s__rosidl_typesupport_introspection_c.cpython-310-aarch64-linux-gnu.so
[380.744s] -- Installing: /home/geomatics_in_house_system/ros2_ws/install/norlab_icp_mapper_ros/local/lib/python3.10/dist-packages/norlab_icp_mapper_ros/__init__.py
[380.746s] -- Installing: /home/geomatics_in_house_system/ros2_ws/install/norlab_icp_mapper_ros/local/lib/python3.10/dist-packages/norlab_icp_mapper_ros/_norlab_icp_mapper_ros_s.ep.rosidl_typesupport_introspection_c.c
[380.748s] -- Installing: /home/geomatics_in_house_system/ros2_ws/install/norlab_icp_mapper_ros/local/lib/python3.10/dist-packages/norlab_icp_mapper_ros/norlab_icp_mapper_ros_s__rosidl_typesupport_c.cpython-310-aarch64-linux-gnu.so
[380.750s] -- Installing: /home/geomatics_in_house_system/ros2_ws/install/norlab_icp_mapper_ros/local/lib/python3.10/dist-packages/norlab_icp_mapper_ros/_norlab_icp_mapper_ros_s.ep.rosidl_typesupport_fastrtps_c.c
[381.059s] Listing '/home/geomatics_in_house_system/ros2_ws/install/norlab_icp_mapper_ros/local/lib/python3.10/dist-packages/norlab_icp_mapper_ros'...
[381.060s] Compiling '/home/geomatics_in_house_system/ros2_ws/install/norlab_icp_mapper_ros/local/lib/python3.10/dist-packages/norlab_icp_mapper_ros/__init__.py'...
[381.062s] Listing '/home/geomatics_in_house_system/ros2_ws/install/norlab_icp_mapper_ros/local/lib/python3.10/dist-packages/norlab_icp_mapper_ros/srv'...
[381.063s] Compiling '/home/geomatics_in_house_system/ros2_ws/install/norlab_icp_mapper_ros/local/lib/python3.10/dist-packages/norlab_icp_mapper_ros/srv/__init__.py'...
[381.065s] Compiling '/home/geomatics_in_house_system/ros2_ws/install/norlab_icp_mapper_ros/local/lib/python3.10/dist-packages/norlab_icp_mapper_ros/srv/_load_map.py'...
[381.066s] Compiling '/home/geomatics_in_house_system/ros2_ws/install/norlab_icp_mapper_ros/local/lib/python3.10/dist-packages/norlab_icp_mapper_ros/srv/_save_map.py'...
[381.067s] Compiling '/home/geomatics_in_house_system/ros2_ws/install/norlab_icp_mapper_ros/local/lib/python3.10/dist-packages/norlab_icp_mapper_ros/srv/_save_trajectory.py'...
[381.094s] -- Installing: /home/geomatics_in_house_system/ros2_ws/install/norlab_icp_mapper_ros/local/lib/python3.10/dist-packages/norlab_icp_mapper_ros/norlab_icp_mapper_ros_s__rosidl_typesupport_fastrtps_c.cpython-310-aarch64-linux-gnu.so
[381.098s] -- Set runtime path of "/home/geomatics_in_house_system/ros2_ws/install/norlab_icp_mapper_ros/local/lib/python3.10/dist-packages/norlab_icp_mapper_ros/norlab_icp_mapper_ros_s__rosidl_typesupport_fastrtps_c.cpython-310-aarch64-linux-gnu.so" to ""
[381.100s] -- Installing: /home/geomatics_in_house_system/ros2_ws/install/norlab_icp_mapper_ros/local/lib/python3.10/dist-packages/norlab_icp_mapper_ros/norlab_icp_mapper_ros_s__rosidl_typesupport_introspection_c.cpython-310-aarch64-linux-gnu.so
[381.104s] -- Set runtime path of "/home/geomatics_in_house_system/ros2_ws/install/norlab_icp_mapper_ros/local/lib/python3.10/dist-packages/norlab_icp_mapper_ros/norlab_icp_mapper_ros_s__rosidl_typesupport_introspection_c.cpython-310-aarch64-linux-gnu.so" to ""
[381.106s] -- Installing: /home/geomatics_in_house_system/ros2_ws/install/norlab_icp_mapper_ros/local/lib/python3.10/dist-packages/norlab_icp_mapper_ros/norlab_icp_mapper_ros_s__rosidl_typesupport_c.cpython-310-aarch64-linux-gnu.so
[381.110s] -- Set runtime path of "/home/geomatics_in_house_system/ros2_ws/install/norlab_icp_mapper_ros/local/lib/python3.10/dist-packages/norlab_icp_mapper_ros/norlab_icp_mapper_ros_s__rosidl_typesupport_c.cpython-310-aarch64-linux-gnu.so" to ""
[381.111s] -- Installing: /home/geomatics_in_house_system/ros2_ws/install/norlab_icp_mapper_ros/lib/libnorlab_icp_mapper_ros__rosidl_generator_py.so
[381.114s] -- Set runtime path of "/home/geomatics_in_house_system/ros2_ws/install/norlab_icp_mapper_ros/lib/libnorlab_icp_mapper_ros__rosidl_generator_py.so" to ""
[381.115s] -- Installing: /home/geomatics_in_house_system/ros2_ws/install/norlab_icp_mapper_ros/share/norlab_icp_mapper_ros/srv/SaveTrajectory.idl
[381.117s] -- Installing: /home/geomatics_in_house_system/ros2_ws/install/norlab_icp_mapper_ros/share/norlab_icp_mapper_ros/srv/SaveMap.idl
[381.119s] -- Installing: /home/geomatics_in_house_system/ros2_ws/install/norlab_icp_mapper_ros/share/norlab_icp_mapper_ros/srv/LoadMap.idl
[381.121s] -- Installing: /home/geomatics_in_house_system/ros2_ws/install/norlab_icp_mapper_ros/share/norlab_icp_mapper_ros/srv/SaveTrajectory.srv
[381.122s] -- Installing: /home/geomatics_in_house_system/ros2_ws/install/norlab_icp_mapper_ros/share/norlab_icp_mapper_ros/srv/SaveTrajectory_Request.msg
[381.124s] -- Installing: /home/geomatics_in_house_system/ros2_ws/install/norlab_icp_mapper_ros/share/norlab_icp_mapper_ros/srv/SaveTrajectory_Response.msg
[381.126s] -- Installing: /home/geomatics_in_house_system/ros2_ws/install/norlab_icp_mapper_ros/share/norlab_icp_mapper_ros/srv/SaveMap.srv
[381.128s] -- Installing: /home/geomatics_in_house_system/ros2_ws/install/norlab_icp_mapper_ros/share/norlab_icp_mapper_ros/srv/SaveMap_Request.msg
[381.129s] -- Installing: /home/geomatics_in_house_system/ros2_ws/install/norlab_icp_mapper_ros/share/norlab_icp_mapper_ros/srv/SaveMap_Response.msg
[381.131s] -- Installing: /home/geomatics_in_house_system/ros2_ws/install/norlab_icp_mapper_ros/share/norlab_icp_mapper_ros/srv/LoadMap.srv
[381.133s] -- Installing: /home/geomatics_in_house_system/ros2_ws/install/norlab_icp_mapper_ros/share/norlab_icp_mapper_ros/srv/LoadMap_Request.msg
[381.135s] -- Installing: /home/geomatics_in_house_system/ros2_ws/install/norlab_icp_mapper_ros/share/norlab_icp_mapper_ros/srv/LoadMap_Response.msg
[381.137s] -- Installing: /home/geomatics_in_house_system/ros2_ws/install/norlab_icp_mapper_ros/lib/norlab_icp_mapper_ros/mapper_node
[381.219s] -- Set runtime path of "/home/geomatics_in_house_system/ros2_ws/install/norlab_icp_mapper_ros/lib/norlab_icp_mapper_ros/mapper_node" to ""
[381.220s] -- Installing: /home/geomatics_in_house_system/ros2_ws/install/norlab_icp_mapper_ros/share/ament_index/resource_index/package_run_dependencies/norlab_icp_mapper_ros
[381.222s] -- Installing: /home/geomatics_in_house_system/ros2_ws/install/norlab_icp_mapper_ros/share/ament_index/resource_index/parent_prefix_path/norlab_icp_mapper_ros
[381.224s] -- Installing: /home/geomatics_in_house_system/ros2_ws/install/norlab_icp_mapper_ros/share/norlab_icp_mapper_ros/environment/ament_prefix_path.sh
[381.226s] -- Installing: /home/geomatics_in_house_system/ros2_ws/install/norlab_icp_mapper_ros/share/norlab_icp_mapper_ros/environment/ament_prefix_path.dsv
[381.228s] -- Installing: /home/geomatics_in_house_system/ros2_ws/install/norlab_icp_mapper_ros/share/norlab_icp_mapper_ros/environment/path.sh
[381.229s] -- Installing: /home/geomatics_in_house_system/ros2_ws/install/norlab_icp_mapper_ros/share/norlab_icp_mapper_ros/environment/path.dsv
[381.231s] -- Installing: /home/geomatics_in_house_system/ros2_ws/install/norlab_icp_mapper_ros/share/norlab_icp_mapper_ros/local_setup.bash
[381.233s] -- Installing: /home/geomatics_in_house_system/ros2_ws/install/norlab_icp_mapper_ros/share/norlab_icp_mapper_ros/local_setup.sh
[381.234s] -- Installing: /home/geomatics_in_house_system/ros2_ws/install/norlab_icp_mapper_ros/share/norlab_icp_mapper_ros/local_setup.zsh
[381.236s] -- Installing: /home/geomatics_in_house_system/ros2_ws/install/norlab_icp_mapper_ros/share/norlab_icp_mapper_ros/local_setup.dsv
[381.238s] -- Installing: /home/geomatics_in_house_system/ros2_ws/install/norlab_icp_mapper_ros/share/norlab_icp_mapper_ros/package.dsv
[381.240s] -- Installing: /home/geomatics_in_house_system/ros2_ws/install/norlab_icp_mapper_ros/share/ament_index/resource_index/packages/norlab_icp_mapper_ros
[381.243s] -- Installing: /home/geomatics_in_house_system/ros2_ws/install/norlab_icp_mapper_ros/share/norlab_icp_mapper_ros/cmake/export_norlab_icp_mapper_ros__rosidl_generator_cExport.cmake
[381.244s] -- Installing: /home/geomatics_in_house_system/ros2_ws/install/norlab_icp_mapper_ros/share/norlab_icp_mapper_ros/cmake/export_norlab_icp_mapper_ros__rosidl_generator_cExport-release.cmake
[381.246s] -- Installing: /home/geomatics_in_house_system/ros2_ws/install/norlab_icp_mapper_ros/share/norlab_icp_mapper_ros/cmake/export_norlab_icp_mapper_ros__rosidl_typesupport_fastrtps_cExport.cmake
[381.248s] -- Installing: /home/geomatics_in_house_system/ros2_ws/install/norlab_icp_mapper_ros/share/norlab_icp_mapper_ros/cmake/export_norlab_icp_mapper_ros__rosidl_typesupport_fastrtps_cExport-release.cmake
[381.250s] -- Installing: /home/geomatics_in_house_system/ros2_ws/install/norlab_icp_mapper_ros/share/norlab_icp_mapper_ros/cmake/export_norlab_icp_mapper_ros__rosidl_generator_cppExport.cmake
[381.253s] -- Installing: /home/geomatics_in_house_system/ros2_ws/install/norlab_icp_mapper_ros/share/norlab_icp_mapper_ros/cmake/export_norlab_icp_mapper_ros__rosidl_typesupport_fastrtps_cppExport.cmake
[381.255s] -- Installing: /home/geomatics_in_house_system/ros2_ws/install/norlab_icp_mapper_ros/share/norlab_icp_mapper_ros/cmake/export_norlab_icp_mapper_ros__rosidl_typesupport_fastrtps_cppExport-release.cmake
[381.257s] -- Installing: /home/geomatics_in_house_system/ros2_ws/install/norlab_icp_mapper_ros/share/norlab_icp_mapper_ros/cmake/norlab_icp_mapper_ros__rosidl_typesupport_introspection_cExport.cmake
[381.259s] -- Installing: /home/geomatics_in_house_system/ros2_ws/install/norlab_icp_mapper_ros/share/norlab_icp_mapper_ros/cmake/norlab_icp_mapper_ros__rosidl_typesupport_introspection_cExport-release.cmake
[381.261s] -- Installing: /home/geomatics_in_house_system/ros2_ws/install/norlab_icp_mapper_ros/share/norlab_icp_mapper_ros/cmake/norlab_icp_mapper_ros__rosidl_typesupport_cExport.cmake
[381.263s] -- Installing: /home/geomatics_in_house_system/ros2_ws/install/norlab_icp_mapper_ros/share/norlab_icp_mapper_ros/cmake/norlab_icp_mapper_ros__rosidl_typesupport_cExport-release.cmake
[381.265s] -- Installing: /home/geomatics_in_house_system/ros2_ws/install/norlab_icp_mapper_ros/share/norlab_icp_mapper_ros/cmake/norlab_icp_mapper_ros__rosidl_typesupport_introspection_cppExport.cmake
[381.267s] -- Installing: /home/geomatics_in_house_system/ros2_ws/install/norlab_icp_mapper_ros/share/norlab_icp_mapper_ros/cmake/norlab_icp_mapper_ros__rosidl_typesupport_introspection_cppExport-release.cmake
[381.269s] -- Installing: /home/geomatics_in_house_system/ros2_ws/install/norlab_icp_mapper_ros/share/norlab_icp_mapper_ros/cmake/norlab_icp_mapper_ros__rosidl_typesupport_cppExport.cmake
[381.271s] -- Installing: /home/geomatics_in_house_system/ros2_ws/install/norlab_icp_mapper_ros/share/norlab_icp_mapper_ros/cmake/norlab_icp_mapper_ros__rosidl_typesupport_cppExport-release.cmake
[381.274s] -- Installing: /home/geomatics_in_house_system/ros2_ws/install/norlab_icp_mapper_ros/share/norlab_icp_mapper_ros/cmake/export_norlab_icp_mapper_ros__rosidl_generator_pyExport.cmake
[381.276s] -- Installing: /home/geomatics_in_house_system/ros2_ws/install/norlab_icp_mapper_ros/share/norlab_icp_mapper_ros/cmake/export_norlab_icp_mapper_ros__rosidl_generator_pyExport-release.cmake
[381.278s] -- Installing: /home/geomatics_in_house_system/ros2_ws/install/norlab_icp_mapper_ros/share/norlab_icp_mapper_ros/cmake/rosidl_cmake-extras.cmake
[381.279s] -- Installing: /home/geomatics_in_house_system/ros2_ws/install/norlab_icp_mapper_ros/share/norlab_icp_mapper_ros/cmake/ament_cmake_export_dependencies-extras.cmake
[381.281s] -- Installing: /home/geomatics_in_house_system/ros2_ws/install/norlab_icp_mapper_ros/share/norlab_icp_mapper_ros/cmake/ament_cmake_export_include_directories-extras.cmake
[381.283s] -- Installing: /home/geomatics_in_house_system/ros2_ws/install/norlab_icp_mapper_ros/share/norlab_icp_mapper_ros/cmake/ament_cmake_export_libraries-extras.cmake
[381.285s] -- Installing: /home/geomatics_in_house_system/ros2_ws/install/norlab_icp_mapper_ros/share/norlab_icp_mapper_ros/cmake/ament_cmake_export_targets-extras.cmake
[381.287s] -- Installing: /home/geomatics_in_house_system/ros2_ws/install/norlab_icp_mapper_ros/share/norlab_icp_mapper_ros/cmake/rosidl_cmake_export_typesupport_targets-extras.cmake
[381.289s] -- Installing: /home/geomatics_in_house_system/ros2_ws/install/norlab_icp_mapper_ros/share/norlab_icp_mapper_ros/cmake/rosidl_cmake_export_typesupport_libraries-extras.cmake
[381.291s] -- Installing: /home/geomatics_in_house_system/ros2_ws/install/norlab_icp_mapper_ros/share/norlab_icp_mapper_ros/cmake/norlab_icp_mapper_rosConfig.cmake
[381.292s] -- Installing: /home/geomatics_in_house_system/ros2_ws/install/norlab_icp_mapper_ros/share/norlab_icp_mapper_ros/cmake/norlab_icp_mapper_rosConfig-version.cmake
[381.294s] -- Installing: /home/geomatics_in_house_system/ros2_ws/install/norlab_icp_mapper_ros/share/norlab_icp_mapper_ros/package.xml
[381.306s] Invoked command in '/home/geomatics_in_house_system/ros2_ws/build/norlab_icp_mapper_ros' returned '0': CMAKE_PREFIX_PATH=/home/geomatics_in_house_system/ros2_ws/install/libpointmatcher_ros:/home/geomatics_in_house_system/ros2_ws/install/velodyne:/home/geomatics_in_house_system/ros2_ws/install/velodyne_pointcloud:/home/geomatics_in_house_system/ros2_ws/install/velodyne_driver:/home/geomatics_in_house_system/ros2_ws/install/velodyne_msgs:/home/geomatics_in_house_system/ros2_ws/install/velodyne_laserscan:/home/geomatics_in_house_system/ros2_ws/install/vectornav:/home/geomatics_in_house_system/ros2_ws/install/vectornav_msgs:/home/geomatics_in_house_system/ros2_ws/install/tcp_tunnel:/home/geomatics_in_house_system/ros2_ws/install/norlab_icp_mapper_ros:/home/geomatics_in_house_system/ros2_ws/install/norlab_icp_mapper:/home/geomatics_in_house_system/ros2_ws/install/mapper_config_template:/opt/ros/humble /usr/bin/cmake --install /home/geomatics_in_house_system/ros2_ws/build/norlab_icp_mapper_ros
