[0.117s] Invoking command in '/home/geomatics_in_house_system/ros2_ws/build/geo_system': CMAKE_PREFIX_PATH=${CMAKE_PREFIX_PATH}:/opt/ros/humble /usr/bin/cmake /home/geomatics_in_house_system/ros2_ws/src/geo_system -DCMAKE_INSTALL_PREFIX=/home/geomatics_in_house_system/ros2_ws/install/geo_system
[1.041s] -- The C compiler identification is GNU 11.4.0
[1.825s] -- The CXX compiler identification is GNU 11.4.0
[1.874s] -- Detecting C compiler ABI info
[2.366s] -- Detecting C compiler ABI info - done
[2.393s] -- Check for working C compiler: /usr/bin/cc - skipped
[2.409s] -- Detecting C compile features
[2.427s] -- Detecting C compile features - done
[2.542s] -- Detecting CXX compiler ABI info
[3.024s] -- Detecting CXX compiler ABI info - done
[3.051s] -- Check for working CXX compiler: /usr/bin/c++ - skipped
[3.052s] -- Detecting CXX compile features
[3.054s] -- Detecting CXX compile features - done
[3.112s] -- Found ament_cmake: 1.3.8 (/opt/ros/humble/share/ament_cmake/cmake)
[4.205s] -- Found Python3: /usr/bin/python3 (found version "3.10.12") found components: Interpreter 
[5.119s] -- Found std_msgs: 4.2.3 (/opt/ros/humble/share/std_msgs/cmake)
[5.610s] -- Found rosidl_generator_c: 3.1.5 (/opt/ros/humble/share/rosidl_generator_c/cmake)
[5.694s] -- Found rosidl_adapter: 3.1.5 (/opt/ros/humble/share/rosidl_adapter/cmake)
[5.799s] -- Found rosidl_generator_cpp: 3.1.5 (/opt/ros/humble/share/rosidl_generator_cpp/cmake)
[5.935s] -- Using all available rosidl_typesupport_c: rosidl_typesupport_fastrtps_c;rosidl_typesupport_introspection_c
[6.132s] -- Using all available rosidl_typesupport_cpp: rosidl_typesupport_fastrtps_cpp;rosidl_typesupport_introspection_cpp
[6.488s] -- Found rosidl_default_generators: 1.2.0 (/opt/ros/humble/share/rosidl_default_generators/cmake)
[6.921s] -- Configuring done
[6.947s] -- Generating done
[6.953s] -- Build files have been written to: /home/geomatics_in_house_system/ros2_ws/build/geo_system
[6.972s] Invoked command in '/home/geomatics_in_house_system/ros2_ws/build/geo_system' returned '0': CMAKE_PREFIX_PATH=${CMAKE_PREFIX_PATH}:/opt/ros/humble /usr/bin/cmake /home/geomatics_in_house_system/ros2_ws/src/geo_system -DCMAKE_INSTALL_PREFIX=/home/geomatics_in_house_system/ros2_ws/install/geo_system
[6.980s] Invoking command in '/home/geomatics_in_house_system/ros2_ws/build/geo_system': CMAKE_PREFIX_PATH=${CMAKE_PREFIX_PATH}:/opt/ros/humble /usr/bin/cmake --build /home/geomatics_in_house_system/ros2_ws/build/geo_system -- -j4 -l4
[7.207s] Invoked command in '/home/geomatics_in_house_system/ros2_ws/build/geo_system' returned '0': CMAKE_PREFIX_PATH=${CMAKE_PREFIX_PATH}:/opt/ros/humble /usr/bin/cmake --build /home/geomatics_in_house_system/ros2_ws/build/geo_system -- -j4 -l4
[7.361s] Invoking command in '/home/geomatics_in_house_system/ros2_ws/build/geo_system': CMAKE_PREFIX_PATH=${CMAKE_PREFIX_PATH}:/opt/ros/humble /usr/bin/cmake --install /home/geomatics_in_house_system/ros2_ws/build/geo_system
[7.402s] -- Install configuration: ""
[7.403s] -- Installing: /home/geomatics_in_house_system/ros2_ws/install/geo_system/share/geo_system//launch
[7.404s] -- Installing: /home/geomatics_in_house_system/ros2_ws/install/geo_system/share/geo_system//launch/record_all.launch.py
[7.406s] -- Installing: /home/geomatics_in_house_system/ros2_ws/install/geo_system/share/geo_system//launch/sensors.launch.py
[7.407s] -- Installing: /home/geomatics_in_house_system/ros2_ws/install/geo_system/share/geo_system//launch/description_launch.py
[7.408s] -- Installing: /home/geomatics_in_house_system/ros2_ws/install/geo_system/share/geo_system//config
[7.409s] -- Installing: /home/geomatics_in_house_system/ros2_ws/install/geo_system/share/geo_system//config/topics_to_record.yaml
[7.410s] -- Installing: /home/geomatics_in_house_system/ros2_ws/install/geo_system/share/geo_system//urdf
[7.411s] -- Installing: /home/geomatics_in_house_system/ros2_ws/install/geo_system/share/geo_system//urdf/geo_description.urdf.xacro
[7.413s] -- Installing: /home/geomatics_in_house_system/ros2_ws/install/geo_system/share/ament_index/resource_index/package_run_dependencies/geo_system
[7.415s] -- Installing: /home/geomatics_in_house_system/ros2_ws/install/geo_system/share/ament_index/resource_index/parent_prefix_path/geo_system
[7.418s] -- Installing: /home/geomatics_in_house_system/ros2_ws/install/geo_system/share/geo_system/environment/ament_prefix_path.sh
[7.419s] -- Installing: /home/geomatics_in_house_system/ros2_ws/install/geo_system/share/geo_system/environment/ament_prefix_path.dsv
[7.421s] -- Installing: /home/geomatics_in_house_system/ros2_ws/install/geo_system/share/geo_system/environment/path.sh
[7.422s] -- Installing: /home/geomatics_in_house_system/ros2_ws/install/geo_system/share/geo_system/environment/path.dsv
[7.423s] -- Installing: /home/geomatics_in_house_system/ros2_ws/install/geo_system/share/geo_system/local_setup.bash
[7.425s] -- Installing: /home/geomatics_in_house_system/ros2_ws/install/geo_system/share/geo_system/local_setup.sh
[7.426s] -- Installing: /home/geomatics_in_house_system/ros2_ws/install/geo_system/share/geo_system/local_setup.zsh
[7.428s] -- Installing: /home/geomatics_in_house_system/ros2_ws/install/geo_system/share/geo_system/local_setup.dsv
[7.429s] -- Installing: /home/geomatics_in_house_system/ros2_ws/install/geo_system/share/geo_system/package.dsv
[7.431s] -- Installing: /home/geomatics_in_house_system/ros2_ws/install/geo_system/share/ament_index/resource_index/packages/geo_system
[7.433s] -- Installing: /home/geomatics_in_house_system/ros2_ws/install/geo_system/share/geo_system/cmake/ament_cmake_export_dependencies-extras.cmake
[7.434s] -- Installing: /home/geomatics_in_house_system/ros2_ws/install/geo_system/share/geo_system/cmake/geo_systemConfig.cmake
[7.435s] -- Installing: /home/geomatics_in_house_system/ros2_ws/install/geo_system/share/geo_system/cmake/geo_systemConfig-version.cmake
[7.437s] -- Installing: /home/geomatics_in_house_system/ros2_ws/install/geo_system/share/geo_system/package.xml
[7.452s] Invoked command in '/home/geomatics_in_house_system/ros2_ws/build/geo_system' returned '0': CMAKE_PREFIX_PATH=${CMAKE_PREFIX_PATH}:/opt/ros/humble /usr/bin/cmake --install /home/geomatics_in_house_system/ros2_ws/build/geo_system
