[0.161s] Invoking command in '/home/geomatics_in_house_system/ros2_ws/build/velodyne_laserscan': CMAKE_PREFIX_PATH=${CMAKE_PREFIX_PATH}:/opt/ros/humble /usr/bin/cmake --build /home/geomatics_in_house_system/ros2_ws/build/velodyne_laserscan -- -j4 -l4
[0.794s] [ 50%] Built target velodyne_laserscan
[1.066s] [100%] Built target velodyne_laserscan_node
[1.203s] Invoked command in '/home/geomatics_in_house_system/ros2_ws/build/velodyne_laserscan' returned '0': CMAKE_PREFIX_PATH=${CMAKE_PREFIX_PATH}:/opt/ros/humble /usr/bin/cmake --build /home/geomatics_in_house_system/ros2_ws/build/velodyne_laserscan -- -j4 -l4
[1.888s] Invoking command in '/home/geomatics_in_house_system/ros2_ws/build/velodyne_laserscan': CMAKE_PREFIX_PATH=${CMAKE_PREFIX_PATH}:/opt/ros/humble /usr/bin/cmake --install /home/geomatics_in_house_system/ros2_ws/build/velodyne_laserscan
[1.997s] -- Install configuration: ""
[2.002s] -- Up-to-date: /home/geomatics_in_house_system/ros2_ws/install/velodyne_laserscan/lib/libvelodyne_laserscan.so
[2.020s] -- Up-to-date: /home/geomatics_in_house_system/ros2_ws/install/velodyne_laserscan/lib/velodyne_laserscan/velodyne_laserscan_node
[2.031s] -- Up-to-date: /home/geomatics_in_house_system/ros2_ws/install/velodyne_laserscan/include/velodyne_laserscan
[2.033s] -- Up-to-date: /home/geomatics_in_house_system/ros2_ws/install/velodyne_laserscan/include/velodyne_laserscan/velodyne_laserscan.hpp
[2.034s] -- Up-to-date: /home/geomatics_in_house_system/ros2_ws/install/velodyne_laserscan/share/velodyne_laserscan/config
[2.036s] -- Up-to-date: /home/geomatics_in_house_system/ros2_ws/install/velodyne_laserscan/share/velodyne_laserscan/config/default-velodyne_laserscan_node-params.yaml
[2.038s] -- Up-to-date: /home/geomatics_in_house_system/ros2_ws/install/velodyne_laserscan/share/velodyne_laserscan/launch
[2.046s] -- Up-to-date: /home/geomatics_in_house_system/ros2_ws/install/velodyne_laserscan/share/velodyne_laserscan/launch/velodyne_laserscan_node-composed-launch.py
[2.048s] -- Up-to-date: /home/geomatics_in_house_system/ros2_ws/install/velodyne_laserscan/share/velodyne_laserscan/launch/velodyne_laserscan_node-launch.py
[2.058s] -- Up-to-date: /home/geomatics_in_house_system/ros2_ws/install/velodyne_laserscan/share/ament_index/resource_index/package_run_dependencies/velodyne_laserscan
[2.060s] -- Up-to-date: /home/geomatics_in_house_system/ros2_ws/install/velodyne_laserscan/share/ament_index/resource_index/parent_prefix_path/velodyne_laserscan
[2.062s] -- Up-to-date: /home/geomatics_in_house_system/ros2_ws/install/velodyne_laserscan/share/velodyne_laserscan/environment/ament_prefix_path.sh
[2.066s] -- Up-to-date: /home/geomatics_in_house_system/ros2_ws/install/velodyne_laserscan/share/velodyne_laserscan/environment/ament_prefix_path.dsv
[2.073s] -- Up-to-date: /home/geomatics_in_house_system/ros2_ws/install/velodyne_laserscan/share/velodyne_laserscan/environment/path.sh
[2.083s] -- Up-to-date: /home/geomatics_in_house_system/ros2_ws/install/velodyne_laserscan/share/velodyne_laserscan/environment/path.dsv
[2.085s] -- Up-to-date: /home/geomatics_in_house_system/ros2_ws/install/velodyne_laserscan/share/velodyne_laserscan/local_setup.bash
[2.089s] -- Up-to-date: /home/geomatics_in_house_system/ros2_ws/install/velodyne_laserscan/share/velodyne_laserscan/local_setup.sh
[2.091s] -- Up-to-date: /home/geomatics_in_house_system/ros2_ws/install/velodyne_laserscan/share/velodyne_laserscan/local_setup.zsh
[2.093s] -- Up-to-date: /home/geomatics_in_house_system/ros2_ws/install/velodyne_laserscan/share/velodyne_laserscan/local_setup.dsv
[2.094s] -- Installing: /home/geomatics_in_house_system/ros2_ws/install/velodyne_laserscan/share/velodyne_laserscan/package.dsv
[2.108s] -- Up-to-date: /home/geomatics_in_house_system/ros2_ws/install/velodyne_laserscan/share/ament_index/resource_index/packages/velodyne_laserscan
[2.116s] -- Up-to-date: /home/geomatics_in_house_system/ros2_ws/install/velodyne_laserscan/share/ament_index/resource_index/rclcpp_components/velodyne_laserscan
[2.118s] -- Up-to-date: /home/geomatics_in_house_system/ros2_ws/install/velodyne_laserscan/share/velodyne_laserscan/cmake/velodyne_laserscanConfig.cmake
[2.120s] -- Up-to-date: /home/geomatics_in_house_system/ros2_ws/install/velodyne_laserscan/share/velodyne_laserscan/cmake/velodyne_laserscanConfig-version.cmake
[2.127s] -- Up-to-date: /home/geomatics_in_house_system/ros2_ws/install/velodyne_laserscan/share/velodyne_laserscan/package.xml
[2.219s] Invoked command in '/home/geomatics_in_house_system/ros2_ws/build/velodyne_laserscan' returned '0': CMAKE_PREFIX_PATH=${CMAKE_PREFIX_PATH}:/opt/ros/humble /usr/bin/cmake --install /home/geomatics_in_house_system/ros2_ws/build/velodyne_laserscan
