[0.073s] Invoking command in '/home/geomatics_in_house_system/ros2_ws/build/velodyne_pointcloud': CMAKE_PREFIX_PATH=/home/geomatics_in_house_system/ros2_ws/install/velodyne_msgs:/home/geomatics_in_house_system/ros2_ws/install/velodyne:/home/geomatics_in_house_system/ros2_ws/install/velodyne_pointcloud:/home/geomatics_in_house_system/ros2_ws/install/velodyne_driver:/home/geomatics_in_house_system/ros2_ws/install/velodyne_laserscan:/home/geomatics_in_house_system/ros2_ws/install/vectornav:/home/geomatics_in_house_system/ros2_ws/install/vectornav_msgs:/home/geomatics_in_house_system/ros2_ws/install/tcp_tunnel:/home/geomatics_in_house_system/ros2_ws/install/norlab_icp_mapper_ros:/home/geomatics_in_house_system/ros2_ws/install/norlab_icp_mapper:/home/geomatics_in_house_system/ros2_ws/install/mapper_config_template:/home/geomatics_in_house_system/ros2_ws/install/libpointmatcher_ros:/home/geomatics_in_house_system/ros2_ws/install/imu_odom:/home/geomatics_in_house_system/ros2_ws/install/geo_system:/opt/ros/humble LD_LIBRARY_PATH=/home/geomatics_in_house_system/ros2_ws/install/velodyne_msgs/lib:/home/geomatics_in_house_system/ros2_ws/install/velodyne_pointcloud/lib:/home/geomatics_in_house_system/ros2_ws/install/velodyne_driver/lib:/home/geomatics_in_house_system/ros2_ws/install/velodyne_laserscan/lib:/home/geomatics_in_house_system/ros2_ws/install/vectornav/lib:/home/geomatics_in_house_system/ros2_ws/install/vectornav_msgs/lib:/home/geomatics_in_house_system/ros2_ws/install/tcp_tunnel/lib:/home/geomatics_in_house_system/ros2_ws/install/norlab_icp_mapper_ros/lib:/home/geomatics_in_house_system/ros2_ws/install/libpointmatcher_ros/lib:/opt/ros/humble/opt/rviz_ogre_vendor/lib:/opt/ros/humble/lib/aarch64-linux-gnu:/opt/ros/humble/lib /usr/bin/cmake --build /home/geomatics_in_house_system/ros2_ws/build/velodyne_pointcloud -- -j4 -l4
[0.567s] [ 11%] Built target gtest_main
[0.619s] [ 27%] Built target velodyne_cloud_types
[0.731s] [ 44%] Built target velodyne_rawdata
[0.933s] [ 55%] Built target gtest
[1.060s] [ 66%] Built target transform
[1.208s] [ 77%] Built target test_calibration
[1.239s] [ 88%] Built target test_row_step
[1.522s] [100%] Built target velodyne_transform_node
[1.607s] Invoked command in '/home/geomatics_in_house_system/ros2_ws/build/velodyne_pointcloud' returned '0': CMAKE_PREFIX_PATH=/home/geomatics_in_house_system/ros2_ws/install/velodyne_msgs:/home/geomatics_in_house_system/ros2_ws/install/velodyne:/home/geomatics_in_house_system/ros2_ws/install/velodyne_pointcloud:/home/geomatics_in_house_system/ros2_ws/install/velodyne_driver:/home/geomatics_in_house_system/ros2_ws/install/velodyne_laserscan:/home/geomatics_in_house_system/ros2_ws/install/vectornav:/home/geomatics_in_house_system/ros2_ws/install/vectornav_msgs:/home/geomatics_in_house_system/ros2_ws/install/tcp_tunnel:/home/geomatics_in_house_system/ros2_ws/install/norlab_icp_mapper_ros:/home/geomatics_in_house_system/ros2_ws/install/norlab_icp_mapper:/home/geomatics_in_house_system/ros2_ws/install/mapper_config_template:/home/geomatics_in_house_system/ros2_ws/install/libpointmatcher_ros:/home/geomatics_in_house_system/ros2_ws/install/imu_odom:/home/geomatics_in_house_system/ros2_ws/install/geo_system:/opt/ros/humble LD_LIBRARY_PATH=/home/geomatics_in_house_system/ros2_ws/install/velodyne_msgs/lib:/home/geomatics_in_house_system/ros2_ws/install/velodyne_pointcloud/lib:/home/geomatics_in_house_system/ros2_ws/install/velodyne_driver/lib:/home/geomatics_in_house_system/ros2_ws/install/velodyne_laserscan/lib:/home/geomatics_in_house_system/ros2_ws/install/vectornav/lib:/home/geomatics_in_house_system/ros2_ws/install/vectornav_msgs/lib:/home/geomatics_in_house_system/ros2_ws/install/tcp_tunnel/lib:/home/geomatics_in_house_system/ros2_ws/install/norlab_icp_mapper_ros/lib:/home/geomatics_in_house_system/ros2_ws/install/libpointmatcher_ros/lib:/opt/ros/humble/opt/rviz_ogre_vendor/lib:/opt/ros/humble/lib/aarch64-linux-gnu:/opt/ros/humble/lib /usr/bin/cmake --build /home/geomatics_in_house_system/ros2_ws/build/velodyne_pointcloud -- -j4 -l4
[2.103s] Invoking command in '/home/geomatics_in_house_system/ros2_ws/build/velodyne_pointcloud': CMAKE_PREFIX_PATH=/home/geomatics_in_house_system/ros2_ws/install/velodyne_msgs:/home/geomatics_in_house_system/ros2_ws/install/velodyne:/home/geomatics_in_house_system/ros2_ws/install/velodyne_pointcloud:/home/geomatics_in_house_system/ros2_ws/install/velodyne_driver:/home/geomatics_in_house_system/ros2_ws/install/velodyne_laserscan:/home/geomatics_in_house_system/ros2_ws/install/vectornav:/home/geomatics_in_house_system/ros2_ws/install/vectornav_msgs:/home/geomatics_in_house_system/ros2_ws/install/tcp_tunnel:/home/geomatics_in_house_system/ros2_ws/install/norlab_icp_mapper_ros:/home/geomatics_in_house_system/ros2_ws/install/norlab_icp_mapper:/home/geomatics_in_house_system/ros2_ws/install/mapper_config_template:/home/geomatics_in_house_system/ros2_ws/install/libpointmatcher_ros:/home/geomatics_in_house_system/ros2_ws/install/imu_odom:/home/geomatics_in_house_system/ros2_ws/install/geo_system:/opt/ros/humble LD_LIBRARY_PATH=/home/geomatics_in_house_system/ros2_ws/install/velodyne_msgs/lib:/home/geomatics_in_house_system/ros2_ws/install/velodyne_pointcloud/lib:/home/geomatics_in_house_system/ros2_ws/install/velodyne_driver/lib:/home/geomatics_in_house_system/ros2_ws/install/velodyne_laserscan/lib:/home/geomatics_in_house_system/ros2_ws/install/vectornav/lib:/home/geomatics_in_house_system/ros2_ws/install/vectornav_msgs/lib:/home/geomatics_in_house_system/ros2_ws/install/tcp_tunnel/lib:/home/geomatics_in_house_system/ros2_ws/install/norlab_icp_mapper_ros/lib:/home/geomatics_in_house_system/ros2_ws/install/libpointmatcher_ros/lib:/opt/ros/humble/opt/rviz_ogre_vendor/lib:/opt/ros/humble/lib/aarch64-linux-gnu:/opt/ros/humble/lib /usr/bin/cmake --install /home/geomatics_in_house_system/ros2_ws/build/velodyne_pointcloud
[2.145s] -- Install configuration: ""
[2.147s] -- Up-to-date: /home/geomatics_in_house_system/ros2_ws/install/velodyne_pointcloud/lib/libtransform.so
[2.150s] -- Up-to-date: /home/geomatics_in_house_system/ros2_ws/install/velodyne_pointcloud/lib/velodyne_pointcloud/velodyne_transform_node
[2.151s] -- Up-to-date: /home/geomatics_in_house_system/ros2_ws/install/velodyne_pointcloud/include/velodyne_pointcloud
[2.152s] -- Up-to-date: /home/geomatics_in_house_system/ros2_ws/install/velodyne_pointcloud/include/velodyne_pointcloud/rawdata.hpp
[2.153s] -- Up-to-date: /home/geomatics_in_house_system/ros2_ws/install/velodyne_pointcloud/include/velodyne_pointcloud/organized_cloudXYZIRT.hpp
[2.153s] -- Up-to-date: /home/geomatics_in_house_system/ros2_ws/install/velodyne_pointcloud/include/velodyne_pointcloud/transform.hpp
[2.154s] -- Up-to-date: /home/geomatics_in_house_system/ros2_ws/install/velodyne_pointcloud/include/velodyne_pointcloud/datacontainerbase.hpp
[2.154s] -- Up-to-date: /home/geomatics_in_house_system/ros2_ws/install/velodyne_pointcloud/include/velodyne_pointcloud/calibration.hpp
[2.155s] -- Up-to-date: /home/geomatics_in_house_system/ros2_ws/install/velodyne_pointcloud/include/velodyne_pointcloud/pointcloudXYZIRT.hpp
[2.155s] -- Up-to-date: /home/geomatics_in_house_system/ros2_ws/install/velodyne_pointcloud/share/velodyne_pointcloud/config
[2.156s] -- Up-to-date: /home/geomatics_in_house_system/ros2_ws/install/velodyne_pointcloud/share/velodyne_pointcloud/config/VLP16-velodyne_transform_node-params.yaml
[2.156s] -- Up-to-date: /home/geomatics_in_house_system/ros2_ws/install/velodyne_pointcloud/share/velodyne_pointcloud/config/VLP32C-velodyne_transform_node-params.yaml
[2.157s] -- Up-to-date: /home/geomatics_in_house_system/ros2_ws/install/velodyne_pointcloud/share/velodyne_pointcloud/config/VLS128-velodyne_transform_node-params.yaml
[2.157s] -- Up-to-date: /home/geomatics_in_house_system/ros2_ws/install/velodyne_pointcloud/share/velodyne_pointcloud/launch
[2.158s] -- Up-to-date: /home/geomatics_in_house_system/ros2_ws/install/velodyne_pointcloud/share/velodyne_pointcloud/launch/velodyne_transform_node-VLP32C-launch.py
[2.158s] -- Up-to-date: /home/geomatics_in_house_system/ros2_ws/install/velodyne_pointcloud/share/velodyne_pointcloud/launch/velodyne_transform_node-VLS128-composed-launch.py
[2.159s] -- Up-to-date: /home/geomatics_in_house_system/ros2_ws/install/velodyne_pointcloud/share/velodyne_pointcloud/launch/velodyne_transform_node-VLP16-launch.py
[2.161s] -- Up-to-date: /home/geomatics_in_house_system/ros2_ws/install/velodyne_pointcloud/share/velodyne_pointcloud/launch/velodyne_transform_node-VLP16-composed-launch.py
[2.161s] -- Up-to-date: /home/geomatics_in_house_system/ros2_ws/install/velodyne_pointcloud/share/velodyne_pointcloud/launch/velodyne_transform_node-VLP32C-composed-launch.py
[2.162s] -- Up-to-date: /home/geomatics_in_house_system/ros2_ws/install/velodyne_pointcloud/share/velodyne_pointcloud/launch/velodyne_transform_node-VLS128-launch.py
[2.162s] -- Up-to-date: /home/geomatics_in_house_system/ros2_ws/install/velodyne_pointcloud/share/velodyne_pointcloud/params
[2.163s] -- Up-to-date: /home/geomatics_in_house_system/ros2_ws/install/velodyne_pointcloud/share/velodyne_pointcloud/params/64e_s3-xiesc.yaml
[2.163s] -- Up-to-date: /home/geomatics_in_house_system/ros2_ws/install/velodyne_pointcloud/share/velodyne_pointcloud/params/VLS128.yaml
[2.164s] -- Up-to-date: /home/geomatics_in_house_system/ros2_ws/install/velodyne_pointcloud/share/velodyne_pointcloud/params/64e_utexas.yaml
[2.164s] -- Up-to-date: /home/geomatics_in_house_system/ros2_ws/install/velodyne_pointcloud/share/velodyne_pointcloud/params/VeloView-VLP-32C.yaml
[2.165s] -- Up-to-date: /home/geomatics_in_house_system/ros2_ws/install/velodyne_pointcloud/share/velodyne_pointcloud/params/VLP16_hires_db.yaml
[2.165s] -- Up-to-date: /home/geomatics_in_house_system/ros2_ws/install/velodyne_pointcloud/share/velodyne_pointcloud/params/VLP16db.yaml
[2.166s] -- Up-to-date: /home/geomatics_in_house_system/ros2_ws/install/velodyne_pointcloud/share/velodyne_pointcloud/params/32db.yaml
[2.166s] -- Up-to-date: /home/geomatics_in_house_system/ros2_ws/install/velodyne_pointcloud/share/velodyne_pointcloud/params/rviz_points.vcg
[2.167s] -- Up-to-date: /home/geomatics_in_house_system/ros2_ws/install/velodyne_pointcloud/share/velodyne_pointcloud/params/issue_84_float_intensities.yaml
[2.168s] -- Up-to-date: /home/geomatics_in_house_system/ros2_ws/install/velodyne_pointcloud/share/velodyne_pointcloud/params/64e_s2.1-sztaki.yaml
[2.169s] -- Up-to-date: /home/geomatics_in_house_system/ros2_ws/install/velodyne_pointcloud/share/ament_index/resource_index/package_run_dependencies/velodyne_pointcloud
[2.169s] -- Up-to-date: /home/geomatics_in_house_system/ros2_ws/install/velodyne_pointcloud/share/ament_index/resource_index/parent_prefix_path/velodyne_pointcloud
[2.170s] -- Up-to-date: /home/geomatics_in_house_system/ros2_ws/install/velodyne_pointcloud/share/velodyne_pointcloud/environment/ament_prefix_path.sh
[2.170s] -- Up-to-date: /home/geomatics_in_house_system/ros2_ws/install/velodyne_pointcloud/share/velodyne_pointcloud/environment/ament_prefix_path.dsv
[2.171s] -- Up-to-date: /home/geomatics_in_house_system/ros2_ws/install/velodyne_pointcloud/share/velodyne_pointcloud/environment/path.sh
[2.171s] -- Up-to-date: /home/geomatics_in_house_system/ros2_ws/install/velodyne_pointcloud/share/velodyne_pointcloud/environment/path.dsv
[2.171s] -- Up-to-date: /home/geomatics_in_house_system/ros2_ws/install/velodyne_pointcloud/share/velodyne_pointcloud/local_setup.bash
[2.172s] -- Up-to-date: /home/geomatics_in_house_system/ros2_ws/install/velodyne_pointcloud/share/velodyne_pointcloud/local_setup.sh
[2.172s] -- Up-to-date: /home/geomatics_in_house_system/ros2_ws/install/velodyne_pointcloud/share/velodyne_pointcloud/local_setup.zsh
[2.173s] -- Up-to-date: /home/geomatics_in_house_system/ros2_ws/install/velodyne_pointcloud/share/velodyne_pointcloud/local_setup.dsv
[2.173s] -- Installing: /home/geomatics_in_house_system/ros2_ws/install/velodyne_pointcloud/share/velodyne_pointcloud/package.dsv
[2.174s] -- Up-to-date: /home/geomatics_in_house_system/ros2_ws/install/velodyne_pointcloud/share/ament_index/resource_index/packages/velodyne_pointcloud
[2.174s] -- Up-to-date: /home/geomatics_in_house_system/ros2_ws/install/velodyne_pointcloud/share/ament_index/resource_index/rclcpp_components/velodyne_pointcloud
[2.175s] -- Up-to-date: /home/geomatics_in_house_system/ros2_ws/install/velodyne_pointcloud/share/velodyne_pointcloud/cmake/velodyne_pointcloudConfig.cmake
[2.177s] -- Up-to-date: /home/geomatics_in_house_system/ros2_ws/install/velodyne_pointcloud/share/velodyne_pointcloud/cmake/velodyne_pointcloudConfig-version.cmake
[2.177s] -- Up-to-date: /home/geomatics_in_house_system/ros2_ws/install/velodyne_pointcloud/share/velodyne_pointcloud/package.xml
[2.179s] -- Up-to-date: /home/geomatics_in_house_system/ros2_ws/install/velodyne_pointcloud/lib/libvelodyne_cloud_types.so
[2.185s] -- Up-to-date: /home/geomatics_in_house_system/ros2_ws/install/velodyne_pointcloud/lib/libvelodyne_rawdata.so
[2.207s] Invoked command in '/home/geomatics_in_house_system/ros2_ws/build/velodyne_pointcloud' returned '0': CMAKE_PREFIX_PATH=/home/geomatics_in_house_system/ros2_ws/install/velodyne_msgs:/home/geomatics_in_house_system/ros2_ws/install/velodyne:/home/geomatics_in_house_system/ros2_ws/install/velodyne_pointcloud:/home/geomatics_in_house_system/ros2_ws/install/velodyne_driver:/home/geomatics_in_house_system/ros2_ws/install/velodyne_laserscan:/home/geomatics_in_house_system/ros2_ws/install/vectornav:/home/geomatics_in_house_system/ros2_ws/install/vectornav_msgs:/home/geomatics_in_house_system/ros2_ws/install/tcp_tunnel:/home/geomatics_in_house_system/ros2_ws/install/norlab_icp_mapper_ros:/home/geomatics_in_house_system/ros2_ws/install/norlab_icp_mapper:/home/geomatics_in_house_system/ros2_ws/install/mapper_config_template:/home/geomatics_in_house_system/ros2_ws/install/libpointmatcher_ros:/home/geomatics_in_house_system/ros2_ws/install/imu_odom:/home/geomatics_in_house_system/ros2_ws/install/geo_system:/opt/ros/humble LD_LIBRARY_PATH=/home/geomatics_in_house_system/ros2_ws/install/velodyne_msgs/lib:/home/geomatics_in_house_system/ros2_ws/install/velodyne_pointcloud/lib:/home/geomatics_in_house_system/ros2_ws/install/velodyne_driver/lib:/home/geomatics_in_house_system/ros2_ws/install/velodyne_laserscan/lib:/home/geomatics_in_house_system/ros2_ws/install/vectornav/lib:/home/geomatics_in_house_system/ros2_ws/install/vectornav_msgs/lib:/home/geomatics_in_house_system/ros2_ws/install/tcp_tunnel/lib:/home/geomatics_in_house_system/ros2_ws/install/norlab_icp_mapper_ros/lib:/home/geomatics_in_house_system/ros2_ws/install/libpointmatcher_ros/lib:/opt/ros/humble/opt/rviz_ogre_vendor/lib:/opt/ros/humble/lib/aarch64-linux-gnu:/opt/ros/humble/lib /usr/bin/cmake --install /home/geomatics_in_house_system/ros2_ws/build/velodyne_pointcloud
