[0.467s] DEBUG:colcon:Command line arguments: ['/usr/bin/colcon', 'build']
[0.467s] DEBUG:colcon:Parsed command line arguments: Namespace(log_base=None, log_level=None, verb_name='build', build_base='build', install_base='install', merge_install=False, symlink_install=False, test_result_base=None, continue_on_error=False, executor='parallel', parallel_workers=4, event_handlers=None, ignore_user_meta=False, metas=['./colcon.meta'], base_paths=['.'], packages_ignore=None, packages_ignore_regex=None, paths=None, packages_up_to=None, packages_up_to_regex=None, packages_above=None, packages_above_and_dependencies=None, packages_above_depth=None, packages_select_by_dep=None, packages_skip_by_dep=None, packages_skip_up_to=None, packages_select_build_failed=False, packages_skip_build_finished=False, packages_select_test_failures=False, packages_skip_test_passed=False, packages_select=None, packages_skip=None, packages_select_regex=None, packages_skip_regex=None, packages_start=None, packages_end=None, allow_overriding=[], cmake_args=None, cmake_target=None, cmake_target_skip_unavailable=False, cmake_clean_cache=False, cmake_clean_first=False, cmake_force_configure=False, ament_cmake_args=None, catkin_cmake_args=None, catkin_skip_building_tests=False, verb_parser=<colcon_defaults.argument_parser.defaults.DefaultArgumentsDecorator object at 0xffffbc87c370>, verb_extension=<colcon_core.verb.build.BuildVerb object at 0xffffbc9e0f70>, main=<bound method BuildVerb.main of <colcon_core.verb.build.BuildVerb object at 0xffffbc9e0f70>>)
[1.330s] Level 1:colcon.colcon_core.package_discovery:discover_packages(colcon_meta) check parameters
[1.331s] Level 1:colcon.colcon_core.package_discovery:discover_packages(recursive) check parameters
[1.331s] Level 1:colcon.colcon_core.package_discovery:discover_packages(ignore) check parameters
[1.331s] Level 1:colcon.colcon_core.package_discovery:discover_packages(path) check parameters
[1.331s] Level 1:colcon.colcon_core.package_discovery:discover_packages(colcon_meta) discover
[1.331s] Level 1:colcon.colcon_core.package_discovery:discover_packages(recursive) discover
[1.332s] INFO:colcon.colcon_core.package_discovery:Crawling recursively for packages in '/home/geomatics_in_house_system/ros2_ws'
[1.332s] Level 1:colcon.colcon_core.package_identification:_identify(.) by extensions ['ignore', 'ignore_ament_install']
[1.332s] Level 1:colcon.colcon_core.package_identification:_identify(.) by extension 'ignore'
[1.333s] Level 1:colcon.colcon_core.package_identification:_identify(.) by extension 'ignore_ament_install'
[1.333s] Level 1:colcon.colcon_core.package_identification:_identify(.) by extensions ['colcon_pkg']
[1.333s] Level 1:colcon.colcon_core.package_identification:_identify(.) by extension 'colcon_pkg'
[1.333s] Level 1:colcon.colcon_core.package_identification:_identify(.) by extensions ['colcon_meta']
[1.333s] Level 1:colcon.colcon_core.package_identification:_identify(.) by extension 'colcon_meta'
[1.333s] Level 1:colcon.colcon_core.package_identification:_identify(.) by extensions ['ros']
[1.333s] Level 1:colcon.colcon_core.package_identification:_identify(.) by extension 'ros'
[1.382s] Level 1:colcon.colcon_core.package_identification:_identify(.) by extensions ['cmake', 'python']
[1.382s] Level 1:colcon.colcon_core.package_identification:_identify(.) by extension 'cmake'
[1.382s] Level 1:colcon.colcon_core.package_identification:_identify(.) by extension 'python'
[1.382s] Level 1:colcon.colcon_core.package_identification:_identify(.) by extensions ['python_setup_py']
[1.382s] Level 1:colcon.colcon_core.package_identification:_identify(.) by extension 'python_setup_py'
[1.383s] Level 1:colcon.colcon_core.package_identification:_identify(build) by extensions ['ignore', 'ignore_ament_install']
[1.384s] Level 1:colcon.colcon_core.package_identification:_identify(build) by extension 'ignore'
[1.384s] Level 1:colcon.colcon_core.package_identification:_identify(build) ignored
[1.384s] Level 1:colcon.colcon_core.package_identification:_identify(install) by extensions ['ignore', 'ignore_ament_install']
[1.385s] Level 1:colcon.colcon_core.package_identification:_identify(install) by extension 'ignore'
[1.385s] Level 1:colcon.colcon_core.package_identification:_identify(install) ignored
[1.385s] Level 1:colcon.colcon_core.package_identification:_identify(launch) by extensions ['ignore', 'ignore_ament_install']
[1.386s] Level 1:colcon.colcon_core.package_identification:_identify(launch) by extension 'ignore'
[1.386s] Level 1:colcon.colcon_core.package_identification:_identify(launch) by extension 'ignore_ament_install'
[1.386s] Level 1:colcon.colcon_core.package_identification:_identify(launch) by extensions ['colcon_pkg']
[1.386s] Level 1:colcon.colcon_core.package_identification:_identify(launch) by extension 'colcon_pkg'
[1.386s] Level 1:colcon.colcon_core.package_identification:_identify(launch) by extensions ['colcon_meta']
[1.386s] Level 1:colcon.colcon_core.package_identification:_identify(launch) by extension 'colcon_meta'
[1.387s] Level 1:colcon.colcon_core.package_identification:_identify(launch) by extensions ['ros']
[1.387s] Level 1:colcon.colcon_core.package_identification:_identify(launch) by extension 'ros'
[1.387s] Level 1:colcon.colcon_core.package_identification:_identify(launch) by extensions ['cmake', 'python']
[1.387s] Level 1:colcon.colcon_core.package_identification:_identify(launch) by extension 'cmake'
[1.387s] Level 1:colcon.colcon_core.package_identification:_identify(launch) by extension 'python'
[1.388s] Level 1:colcon.colcon_core.package_identification:_identify(launch) by extensions ['python_setup_py']
[1.388s] Level 1:colcon.colcon_core.package_identification:_identify(launch) by extension 'python_setup_py'
[1.388s] Level 1:colcon.colcon_core.package_identification:_identify(launch/__pycache__) by extensions ['ignore', 'ignore_ament_install']
[1.388s] Level 1:colcon.colcon_core.package_identification:_identify(launch/__pycache__) by extension 'ignore'
[1.389s] Level 1:colcon.colcon_core.package_identification:_identify(launch/__pycache__) by extension 'ignore_ament_install'
[1.389s] Level 1:colcon.colcon_core.package_identification:_identify(launch/__pycache__) by extensions ['colcon_pkg']
[1.389s] Level 1:colcon.colcon_core.package_identification:_identify(launch/__pycache__) by extension 'colcon_pkg'
[1.389s] Level 1:colcon.colcon_core.package_identification:_identify(launch/__pycache__) by extensions ['colcon_meta']
[1.389s] Level 1:colcon.colcon_core.package_identification:_identify(launch/__pycache__) by extension 'colcon_meta'
[1.389s] Level 1:colcon.colcon_core.package_identification:_identify(launch/__pycache__) by extensions ['ros']
[1.390s] Level 1:colcon.colcon_core.package_identification:_identify(launch/__pycache__) by extension 'ros'
[1.390s] Level 1:colcon.colcon_core.package_identification:_identify(launch/__pycache__) by extensions ['cmake', 'python']
[1.390s] Level 1:colcon.colcon_core.package_identification:_identify(launch/__pycache__) by extension 'cmake'
[1.390s] Level 1:colcon.colcon_core.package_identification:_identify(launch/__pycache__) by extension 'python'
[1.390s] Level 1:colcon.colcon_core.package_identification:_identify(launch/__pycache__) by extensions ['python_setup_py']
[1.390s] Level 1:colcon.colcon_core.package_identification:_identify(launch/__pycache__) by extension 'python_setup_py'
[1.391s] Level 1:colcon.colcon_core.package_identification:_identify(log) by extensions ['ignore', 'ignore_ament_install']
[1.391s] Level 1:colcon.colcon_core.package_identification:_identify(log) by extension 'ignore'
[1.392s] Level 1:colcon.colcon_core.package_identification:_identify(log) ignored
[1.392s] Level 1:colcon.colcon_core.package_identification:_identify(src) by extensions ['ignore', 'ignore_ament_install']
[1.392s] Level 1:colcon.colcon_core.package_identification:_identify(src) by extension 'ignore'
[1.393s] Level 1:colcon.colcon_core.package_identification:_identify(src) by extension 'ignore_ament_install'
[1.393s] Level 1:colcon.colcon_core.package_identification:_identify(src) by extensions ['colcon_pkg']
[1.393s] Level 1:colcon.colcon_core.package_identification:_identify(src) by extension 'colcon_pkg'
[1.393s] Level 1:colcon.colcon_core.package_identification:_identify(src) by extensions ['colcon_meta']
[1.393s] Level 1:colcon.colcon_core.package_identification:_identify(src) by extension 'colcon_meta'
[1.393s] Level 1:colcon.colcon_core.package_identification:_identify(src) by extensions ['ros']
[1.394s] Level 1:colcon.colcon_core.package_identification:_identify(src) by extension 'ros'
[1.394s] Level 1:colcon.colcon_core.package_identification:_identify(src) by extensions ['cmake', 'python']
[1.394s] Level 1:colcon.colcon_core.package_identification:_identify(src) by extension 'cmake'
[1.394s] Level 1:colcon.colcon_core.package_identification:_identify(src) by extension 'python'
[1.394s] Level 1:colcon.colcon_core.package_identification:_identify(src) by extensions ['python_setup_py']
[1.394s] Level 1:colcon.colcon_core.package_identification:_identify(src) by extension 'python_setup_py'
[1.395s] Level 1:colcon.colcon_core.package_identification:_identify(src/geo_system) by extensions ['ignore', 'ignore_ament_install']
[1.395s] Level 1:colcon.colcon_core.package_identification:_identify(src/geo_system) by extension 'ignore'
[1.395s] Level 1:colcon.colcon_core.package_identification:_identify(src/geo_system) by extension 'ignore_ament_install'
[1.396s] Level 1:colcon.colcon_core.package_identification:_identify(src/geo_system) by extensions ['colcon_pkg']
[1.396s] Level 1:colcon.colcon_core.package_identification:_identify(src/geo_system) by extension 'colcon_pkg'
[1.396s] Level 1:colcon.colcon_core.package_identification:_identify(src/geo_system) by extensions ['colcon_meta']
[1.396s] Level 1:colcon.colcon_core.package_identification:_identify(src/geo_system) by extension 'colcon_meta'
[1.396s] Level 1:colcon.colcon_core.package_identification:_identify(src/geo_system) by extensions ['ros']
[1.396s] Level 1:colcon.colcon_core.package_identification:_identify(src/geo_system) by extension 'ros'
[1.405s] DEBUG:colcon.colcon_core.package_identification:Package 'src/geo_system' with type 'ros.ament_cmake' and name 'geo_system'
[1.406s] Level 1:colcon.colcon_core.package_identification:_identify(src/imu_odom) by extensions ['ignore', 'ignore_ament_install']
[1.406s] Level 1:colcon.colcon_core.package_identification:_identify(src/imu_odom) by extension 'ignore'
[1.406s] Level 1:colcon.colcon_core.package_identification:_identify(src/imu_odom) by extension 'ignore_ament_install'
[1.406s] Level 1:colcon.colcon_core.package_identification:_identify(src/imu_odom) by extensions ['colcon_pkg']
[1.406s] Level 1:colcon.colcon_core.package_identification:_identify(src/imu_odom) by extension 'colcon_pkg'
[1.407s] Level 1:colcon.colcon_core.package_identification:_identify(src/imu_odom) by extensions ['colcon_meta']
[1.407s] Level 1:colcon.colcon_core.package_identification:_identify(src/imu_odom) by extension 'colcon_meta'
[1.407s] Level 1:colcon.colcon_core.package_identification:_identify(src/imu_odom) by extensions ['ros']
[1.407s] Level 1:colcon.colcon_core.package_identification:_identify(src/imu_odom) by extension 'ros'
[1.411s] DEBUG:colcon.colcon_core.package_identification:Package 'src/imu_odom' with type 'ros.ament_cmake' and name 'imu_odom'
[1.412s] Level 1:colcon.colcon_core.package_identification:_identify(src/libpointmatcher_ros) by extensions ['ignore', 'ignore_ament_install']
[1.412s] Level 1:colcon.colcon_core.package_identification:_identify(src/libpointmatcher_ros) by extension 'ignore'
[1.412s] Level 1:colcon.colcon_core.package_identification:_identify(src/libpointmatcher_ros) ignored
[1.413s] Level 1:colcon.colcon_core.package_identification:_identify(src/mapper_config_template) by extensions ['ignore', 'ignore_ament_install']
[1.413s] Level 1:colcon.colcon_core.package_identification:_identify(src/mapper_config_template) by extension 'ignore'
[1.413s] Level 1:colcon.colcon_core.package_identification:_identify(src/mapper_config_template) by extension 'ignore_ament_install'
[1.413s] Level 1:colcon.colcon_core.package_identification:_identify(src/mapper_config_template) by extensions ['colcon_pkg']
[1.413s] Level 1:colcon.colcon_core.package_identification:_identify(src/mapper_config_template) by extension 'colcon_pkg'
[1.414s] Level 1:colcon.colcon_core.package_identification:_identify(src/mapper_config_template) by extensions ['colcon_meta']
[1.414s] Level 1:colcon.colcon_core.package_identification:_identify(src/mapper_config_template) by extension 'colcon_meta'
[1.414s] Level 1:colcon.colcon_core.package_identification:_identify(src/mapper_config_template) by extensions ['ros']
[1.414s] Level 1:colcon.colcon_core.package_identification:_identify(src/mapper_config_template) by extension 'ros'
[1.417s] DEBUG:colcon.colcon_core.package_identification:Package 'src/mapper_config_template' with type 'ros.ament_cmake' and name 'mapper_config_template'
[1.417s] Level 1:colcon.colcon_core.package_identification:_identify(src/norlab_icp_mapper_ros) by extensions ['ignore', 'ignore_ament_install']
[1.418s] Level 1:colcon.colcon_core.package_identification:_identify(src/norlab_icp_mapper_ros) by extension 'ignore'
[1.418s] Level 1:colcon.colcon_core.package_identification:_identify(src/norlab_icp_mapper_ros) ignored
[1.418s] Level 1:colcon.colcon_core.package_identification:_identify(src/ros2_tcp_tunnel) by extensions ['ignore', 'ignore_ament_install']
[1.419s] Level 1:colcon.colcon_core.package_identification:_identify(src/ros2_tcp_tunnel) by extension 'ignore'
[1.419s] Level 1:colcon.colcon_core.package_identification:_identify(src/ros2_tcp_tunnel) ignored
[1.419s] Level 1:colcon.colcon_core.package_identification:_identify(src/vectornav) by extensions ['ignore', 'ignore_ament_install']
[1.420s] Level 1:colcon.colcon_core.package_identification:_identify(src/vectornav) by extension 'ignore'
[1.420s] Level 1:colcon.colcon_core.package_identification:_identify(src/vectornav) ignored
[1.420s] Level 1:colcon.colcon_core.package_identification:_identify(src/velodyne) by extensions ['ignore', 'ignore_ament_install']
[1.421s] Level 1:colcon.colcon_core.package_identification:_identify(src/velodyne) by extension 'ignore'
[1.421s] Level 1:colcon.colcon_core.package_identification:_identify(src/velodyne) ignored
[1.421s] Level 1:colcon.colcon_core.package_discovery:discover_packages(recursive) using defaults
[1.421s] Level 1:colcon.colcon_core.package_discovery:discover_packages(ignore) discover
[1.421s] Level 1:colcon.colcon_core.package_discovery:discover_packages(ignore) using defaults
[1.421s] Level 1:colcon.colcon_core.package_discovery:discover_packages(path) discover
[1.421s] Level 1:colcon.colcon_core.package_discovery:discover_packages(path) using defaults
[1.505s] Level 1:colcon.colcon_core.package_discovery:discover_packages(prefix_path) check parameters
[1.506s] Level 1:colcon.colcon_core.package_discovery:discover_packages(prefix_path) discover
[1.519s] DEBUG:colcon.colcon_installed_package_information.package_discovery:Found 14 installed packages in /home/geomatics_in_house_system/ros2_ws/install
[1.529s] DEBUG:colcon.colcon_installed_package_information.package_discovery:Found 279 installed packages in /opt/ros/humble
[1.574s] Level 1:colcon.colcon_core.package_discovery:discover_packages(prefix_path) using defaults
[1.745s] Level 5:colcon.colcon_core.verb:set package 'geo_system' build argument 'cmake_args' from command line to 'None'
[1.745s] Level 5:colcon.colcon_core.verb:set package 'geo_system' build argument 'cmake_target' from command line to 'None'
[1.745s] Level 5:colcon.colcon_core.verb:set package 'geo_system' build argument 'cmake_target_skip_unavailable' from command line to 'False'
[1.745s] Level 5:colcon.colcon_core.verb:set package 'geo_system' build argument 'cmake_clean_cache' from command line to 'False'
[1.745s] Level 5:colcon.colcon_core.verb:set package 'geo_system' build argument 'cmake_clean_first' from command line to 'False'
[1.746s] Level 5:colcon.colcon_core.verb:set package 'geo_system' build argument 'cmake_force_configure' from command line to 'False'
[1.746s] Level 5:colcon.colcon_core.verb:set package 'geo_system' build argument 'ament_cmake_args' from command line to 'None'
[1.746s] Level 5:colcon.colcon_core.verb:set package 'geo_system' build argument 'catkin_cmake_args' from command line to 'None'
[1.746s] Level 5:colcon.colcon_core.verb:set package 'geo_system' build argument 'catkin_skip_building_tests' from command line to 'False'
[1.746s] DEBUG:colcon.colcon_core.verb:Building package 'geo_system' with the following arguments: {'ament_cmake_args': None, 'build_base': '/home/geomatics_in_house_system/ros2_ws/build/geo_system', 'catkin_cmake_args': None, 'catkin_skip_building_tests': False, 'cmake_args': None, 'cmake_clean_cache': False, 'cmake_clean_first': False, 'cmake_force_configure': False, 'cmake_target': None, 'cmake_target_skip_unavailable': False, 'install_base': '/home/geomatics_in_house_system/ros2_ws/install/geo_system', 'merge_install': False, 'path': '/home/geomatics_in_house_system/ros2_ws/src/geo_system', 'symlink_install': False, 'test_result_base': None}
[1.748s] Level 5:colcon.colcon_core.verb:set package 'imu_odom' build argument 'cmake_args' from command line to 'None'
[1.748s] Level 5:colcon.colcon_core.verb:set package 'imu_odom' build argument 'cmake_target' from command line to 'None'
[1.748s] Level 5:colcon.colcon_core.verb:set package 'imu_odom' build argument 'cmake_target_skip_unavailable' from command line to 'False'
[1.748s] Level 5:colcon.colcon_core.verb:set package 'imu_odom' build argument 'cmake_clean_cache' from command line to 'False'
[1.748s] Level 5:colcon.colcon_core.verb:set package 'imu_odom' build argument 'cmake_clean_first' from command line to 'False'
[1.748s] Level 5:colcon.colcon_core.verb:set package 'imu_odom' build argument 'cmake_force_configure' from command line to 'False'
[1.748s] Level 5:colcon.colcon_core.verb:set package 'imu_odom' build argument 'ament_cmake_args' from command line to 'None'
[1.748s] Level 5:colcon.colcon_core.verb:set package 'imu_odom' build argument 'catkin_cmake_args' from command line to 'None'
[1.749s] Level 5:colcon.colcon_core.verb:set package 'imu_odom' build argument 'catkin_skip_building_tests' from command line to 'False'
[1.749s] DEBUG:colcon.colcon_core.verb:Building package 'imu_odom' with the following arguments: {'ament_cmake_args': None, 'build_base': '/home/geomatics_in_house_system/ros2_ws/build/imu_odom', 'catkin_cmake_args': None, 'catkin_skip_building_tests': False, 'cmake_args': None, 'cmake_clean_cache': False, 'cmake_clean_first': False, 'cmake_force_configure': False, 'cmake_target': None, 'cmake_target_skip_unavailable': False, 'install_base': '/home/geomatics_in_house_system/ros2_ws/install/imu_odom', 'merge_install': False, 'path': '/home/geomatics_in_house_system/ros2_ws/src/imu_odom', 'symlink_install': False, 'test_result_base': None}
[1.750s] Level 5:colcon.colcon_core.verb:set package 'mapper_config_template' build argument 'cmake_args' from command line to 'None'
[1.750s] Level 5:colcon.colcon_core.verb:set package 'mapper_config_template' build argument 'cmake_target' from command line to 'None'
[1.750s] Level 5:colcon.colcon_core.verb:set package 'mapper_config_template' build argument 'cmake_target_skip_unavailable' from command line to 'False'
[1.751s] Level 5:colcon.colcon_core.verb:set package 'mapper_config_template' build argument 'cmake_clean_cache' from command line to 'False'
[1.751s] Level 5:colcon.colcon_core.verb:set package 'mapper_config_template' build argument 'cmake_clean_first' from command line to 'False'
[1.751s] Level 5:colcon.colcon_core.verb:set package 'mapper_config_template' build argument 'cmake_force_configure' from command line to 'False'
[1.751s] Level 5:colcon.colcon_core.verb:set package 'mapper_config_template' build argument 'ament_cmake_args' from command line to 'None'
[1.751s] Level 5:colcon.colcon_core.verb:set package 'mapper_config_template' build argument 'catkin_cmake_args' from command line to 'None'
[1.751s] Level 5:colcon.colcon_core.verb:set package 'mapper_config_template' build argument 'catkin_skip_building_tests' from command line to 'False'
[1.751s] DEBUG:colcon.colcon_core.verb:Building package 'mapper_config_template' with the following arguments: {'ament_cmake_args': None, 'build_base': '/home/geomatics_in_house_system/ros2_ws/build/mapper_config_template', 'catkin_cmake_args': None, 'catkin_skip_building_tests': False, 'cmake_args': None, 'cmake_clean_cache': False, 'cmake_clean_first': False, 'cmake_force_configure': False, 'cmake_target': None, 'cmake_target_skip_unavailable': False, 'install_base': '/home/geomatics_in_house_system/ros2_ws/install/mapper_config_template', 'merge_install': False, 'path': '/home/geomatics_in_house_system/ros2_ws/src/mapper_config_template', 'symlink_install': False, 'test_result_base': None}
[1.752s] INFO:colcon.colcon_core.executor:Executing jobs using 'parallel' executor
[1.755s] DEBUG:colcon.colcon_parallel_executor.executor.parallel:run_until_complete
[1.756s] INFO:colcon.colcon_ros.task.ament_cmake.build:Building ROS package in '/home/geomatics_in_house_system/ros2_ws/src/geo_system' with build type 'ament_cmake'
[1.757s] INFO:colcon.colcon_cmake.task.cmake.build:Building CMake package in '/home/geomatics_in_house_system/ros2_ws/src/geo_system'
[1.766s] INFO:colcon.colcon_core.plugin_system:Skipping extension 'colcon_core.shell.bat': Not used on non-Windows systems
[1.767s] INFO:colcon.colcon_core.shell:Skip shell extension 'powershell' for command environment: Not usable outside of PowerShell
[1.768s] DEBUG:colcon.colcon_core.shell:Skip shell extension 'dsv' for command environment
[1.793s] INFO:colcon.colcon_ros.task.ament_cmake.build:Building ROS package in '/home/geomatics_in_house_system/ros2_ws/src/imu_odom' with build type 'ament_cmake'
[1.794s] INFO:colcon.colcon_cmake.task.cmake.build:Building CMake package in '/home/geomatics_in_house_system/ros2_ws/src/imu_odom'
[1.795s] INFO:colcon.colcon_core.shell:Skip shell extension 'powershell' for command environment: Not usable outside of PowerShell
[1.795s] DEBUG:colcon.colcon_core.shell:Skip shell extension 'dsv' for command environment
[1.821s] INFO:colcon.colcon_ros.task.ament_cmake.build:Building ROS package in '/home/geomatics_in_house_system/ros2_ws/src/mapper_config_template' with build type 'ament_cmake'
[1.822s] INFO:colcon.colcon_cmake.task.cmake.build:Building CMake package in '/home/geomatics_in_house_system/ros2_ws/src/mapper_config_template'
[1.823s] INFO:colcon.colcon_core.shell:Skip shell extension 'powershell' for command environment: Not usable outside of PowerShell
[1.823s] DEBUG:colcon.colcon_core.shell:Skip shell extension 'dsv' for command environment
[1.864s] DEBUG:colcon.colcon_core.event_handler.log_command:Invoking command in '/home/geomatics_in_house_system/ros2_ws/build/geo_system': CMAKE_PREFIX_PATH=${CMAKE_PREFIX_PATH}:/opt/ros/humble /usr/bin/cmake --build /home/geomatics_in_house_system/ros2_ws/build/geo_system -- -j4 -l4
[1.889s] DEBUG:colcon.colcon_core.event_handler.log_command:Invoking command in '/home/geomatics_in_house_system/ros2_ws/build/imu_odom': CMAKE_PREFIX_PATH=${CMAKE_PREFIX_PATH}:/opt/ros/humble /usr/bin/cmake --build /home/geomatics_in_house_system/ros2_ws/build/imu_odom -- -j4 -l4
[1.911s] DEBUG:colcon.colcon_core.event_handler.log_command:Invoking command in '/home/geomatics_in_house_system/ros2_ws/build/mapper_config_template': CMAKE_PREFIX_PATH=${CMAKE_PREFIX_PATH}:/opt/ros/humble /usr/bin/cmake --build /home/geomatics_in_house_system/ros2_ws/build/mapper_config_template -- -j4 -l4
[2.085s] DEBUG:colcon.colcon_core.event_handler.log_command:Invoked command in '/home/geomatics_in_house_system/ros2_ws/build/geo_system' returned '0': CMAKE_PREFIX_PATH=${CMAKE_PREFIX_PATH}:/opt/ros/humble /usr/bin/cmake --build /home/geomatics_in_house_system/ros2_ws/build/geo_system -- -j4 -l4
[2.117s] DEBUG:colcon.colcon_core.event_handler.log_command:Invoked command in '/home/geomatics_in_house_system/ros2_ws/build/mapper_config_template' returned '0': CMAKE_PREFIX_PATH=${CMAKE_PREFIX_PATH}:/opt/ros/humble /usr/bin/cmake --build /home/geomatics_in_house_system/ros2_ws/build/mapper_config_template -- -j4 -l4
[2.290s] DEBUG:colcon.colcon_core.event_handler.log_command:Invoking command in '/home/geomatics_in_house_system/ros2_ws/build/geo_system': CMAKE_PREFIX_PATH=${CMAKE_PREFIX_PATH}:/opt/ros/humble /usr/bin/cmake --install /home/geomatics_in_house_system/ros2_ws/build/geo_system
[2.304s] DEBUG:colcon.colcon_core.event_handler.log_command:Invoking command in '/home/geomatics_in_house_system/ros2_ws/build/mapper_config_template': CMAKE_PREFIX_PATH=${CMAKE_PREFIX_PATH}:/opt/ros/humble /usr/bin/cmake --install /home/geomatics_in_house_system/ros2_ws/build/mapper_config_template
[2.308s] DEBUG:colcon.colcon_core.event_handler.log_command:Invoked command in '/home/geomatics_in_house_system/ros2_ws/build/imu_odom' returned '0': CMAKE_PREFIX_PATH=${CMAKE_PREFIX_PATH}:/opt/ros/humble /usr/bin/cmake --build /home/geomatics_in_house_system/ros2_ws/build/imu_odom -- -j4 -l4
[2.354s] Level 1:colcon.colcon_core.environment:create_environment_scripts_only(geo_system)
[2.378s] DEBUG:colcon.colcon_core.event_handler.log_command:Invoked command in '/home/geomatics_in_house_system/ros2_ws/build/geo_system' returned '0': CMAKE_PREFIX_PATH=${CMAKE_PREFIX_PATH}:/opt/ros/humble /usr/bin/cmake --install /home/geomatics_in_house_system/ros2_ws/build/geo_system
[2.384s] Level 1:colcon.colcon_core.environment:checking '/home/geomatics_in_house_system/ros2_ws/install/geo_system' for CMake module files
[2.388s] Level 1:colcon.colcon_core.environment:checking '/home/geomatics_in_house_system/ros2_ws/install/geo_system' for CMake config files
[2.391s] Level 1:colcon.colcon_core.shell:create_environment_hook('geo_system', 'cmake_prefix_path')
[2.392s] INFO:colcon.colcon_core.shell:Creating environment hook '/home/geomatics_in_house_system/ros2_ws/install/geo_system/share/geo_system/hook/cmake_prefix_path.ps1'
[2.394s] INFO:colcon.colcon_core.shell:Creating environment descriptor '/home/geomatics_in_house_system/ros2_ws/install/geo_system/share/geo_system/hook/cmake_prefix_path.dsv'
[2.397s] INFO:colcon.colcon_core.shell:Creating environment hook '/home/geomatics_in_house_system/ros2_ws/install/geo_system/share/geo_system/hook/cmake_prefix_path.sh'
[2.401s] Level 1:colcon.colcon_core.environment:checking '/home/geomatics_in_house_system/ros2_ws/install/geo_system/bin'
[2.401s] Level 1:colcon.colcon_core.environment:checking '/home/geomatics_in_house_system/ros2_ws/install/geo_system/lib/pkgconfig/geo_system.pc'
[2.402s] Level 1:colcon.colcon_core.environment:checking '/home/geomatics_in_house_system/ros2_ws/install/geo_system/lib/python3.10/site-packages'
[2.403s] Level 1:colcon.colcon_core.environment:checking '/home/geomatics_in_house_system/ros2_ws/install/geo_system/bin'
[2.404s] INFO:colcon.colcon_core.shell:Creating package script '/home/geomatics_in_house_system/ros2_ws/install/geo_system/share/geo_system/package.ps1'
[2.408s] INFO:colcon.colcon_core.shell:Creating package descriptor '/home/geomatics_in_house_system/ros2_ws/install/geo_system/share/geo_system/package.dsv'
[2.410s] INFO:colcon.colcon_core.shell:Creating package script '/home/geomatics_in_house_system/ros2_ws/install/geo_system/share/geo_system/package.sh'
[2.414s] INFO:colcon.colcon_core.shell:Creating package script '/home/geomatics_in_house_system/ros2_ws/install/geo_system/share/geo_system/package.bash'
[2.417s] INFO:colcon.colcon_core.shell:Creating package script '/home/geomatics_in_house_system/ros2_ws/install/geo_system/share/geo_system/package.zsh'
[2.420s] Level 1:colcon.colcon_core.environment:create_file_with_runtime_dependencies(/home/geomatics_in_house_system/ros2_ws/install/geo_system/share/colcon-core/packages/geo_system)
[2.429s] Level 1:colcon.colcon_core.environment:create_environment_scripts_only(mapper_config_template)
[2.430s] Level 1:colcon.colcon_core.environment:checking '/home/geomatics_in_house_system/ros2_ws/install/mapper_config_template' for CMake module files
[2.432s] DEBUG:colcon.colcon_core.event_handler.log_command:Invoked command in '/home/geomatics_in_house_system/ros2_ws/build/mapper_config_template' returned '0': CMAKE_PREFIX_PATH=${CMAKE_PREFIX_PATH}:/opt/ros/humble /usr/bin/cmake --install /home/geomatics_in_house_system/ros2_ws/build/mapper_config_template
[2.435s] Level 1:colcon.colcon_core.environment:checking '/home/geomatics_in_house_system/ros2_ws/install/mapper_config_template' for CMake config files
[2.437s] Level 1:colcon.colcon_core.shell:create_environment_hook('mapper_config_template', 'cmake_prefix_path')
[2.438s] INFO:colcon.colcon_core.shell:Creating environment hook '/home/geomatics_in_house_system/ros2_ws/install/mapper_config_template/share/mapper_config_template/hook/cmake_prefix_path.ps1'
[2.441s] INFO:colcon.colcon_core.shell:Creating environment descriptor '/home/geomatics_in_house_system/ros2_ws/install/mapper_config_template/share/mapper_config_template/hook/cmake_prefix_path.dsv'
[2.443s] INFO:colcon.colcon_core.shell:Creating environment hook '/home/geomatics_in_house_system/ros2_ws/install/mapper_config_template/share/mapper_config_template/hook/cmake_prefix_path.sh'
[2.446s] Level 1:colcon.colcon_core.environment:checking '/home/geomatics_in_house_system/ros2_ws/install/mapper_config_template/bin'
[2.446s] Level 1:colcon.colcon_core.environment:checking '/home/geomatics_in_house_system/ros2_ws/install/mapper_config_template/lib/pkgconfig/mapper_config_template.pc'
[2.448s] Level 1:colcon.colcon_core.environment:checking '/home/geomatics_in_house_system/ros2_ws/install/mapper_config_template/lib/python3.10/site-packages'
[2.449s] Level 1:colcon.colcon_core.environment:checking '/home/geomatics_in_house_system/ros2_ws/install/mapper_config_template/bin'
[2.451s] INFO:colcon.colcon_core.shell:Creating package script '/home/geomatics_in_house_system/ros2_ws/install/mapper_config_template/share/mapper_config_template/package.ps1'
[2.454s] INFO:colcon.colcon_core.shell:Creating package descriptor '/home/geomatics_in_house_system/ros2_ws/install/mapper_config_template/share/mapper_config_template/package.dsv'
[2.457s] INFO:colcon.colcon_core.shell:Creating package script '/home/geomatics_in_house_system/ros2_ws/install/mapper_config_template/share/mapper_config_template/package.sh'
[2.461s] INFO:colcon.colcon_core.shell:Creating package script '/home/geomatics_in_house_system/ros2_ws/install/mapper_config_template/share/mapper_config_template/package.bash'
[2.463s] INFO:colcon.colcon_core.shell:Creating package script '/home/geomatics_in_house_system/ros2_ws/install/mapper_config_template/share/mapper_config_template/package.zsh'
[2.465s] Level 1:colcon.colcon_core.environment:create_file_with_runtime_dependencies(/home/geomatics_in_house_system/ros2_ws/install/mapper_config_template/share/colcon-core/packages/mapper_config_template)
[2.493s] DEBUG:colcon.colcon_core.event_handler.log_command:Invoking command in '/home/geomatics_in_house_system/ros2_ws/build/imu_odom': CMAKE_PREFIX_PATH=${CMAKE_PREFIX_PATH}:/opt/ros/humble /usr/bin/cmake --install /home/geomatics_in_house_system/ros2_ws/build/imu_odom
[2.550s] Level 1:colcon.colcon_core.environment:create_environment_scripts_only(imu_odom)
[2.552s] Level 1:colcon.colcon_core.environment:checking '/home/geomatics_in_house_system/ros2_ws/install/imu_odom' for CMake module files
[2.556s] DEBUG:colcon.colcon_core.event_handler.log_command:Invoked command in '/home/geomatics_in_house_system/ros2_ws/build/imu_odom' returned '0': CMAKE_PREFIX_PATH=${CMAKE_PREFIX_PATH}:/opt/ros/humble /usr/bin/cmake --install /home/geomatics_in_house_system/ros2_ws/build/imu_odom
[2.559s] Level 1:colcon.colcon_core.environment:checking '/home/geomatics_in_house_system/ros2_ws/install/imu_odom' for CMake config files
[2.560s] Level 1:colcon.colcon_core.shell:create_environment_hook('imu_odom', 'cmake_prefix_path')
[2.561s] INFO:colcon.colcon_core.shell:Creating environment hook '/home/geomatics_in_house_system/ros2_ws/install/imu_odom/share/imu_odom/hook/cmake_prefix_path.ps1'
[2.564s] INFO:colcon.colcon_core.shell:Creating environment descriptor '/home/geomatics_in_house_system/ros2_ws/install/imu_odom/share/imu_odom/hook/cmake_prefix_path.dsv'
[2.566s] INFO:colcon.colcon_core.shell:Creating environment hook '/home/geomatics_in_house_system/ros2_ws/install/imu_odom/share/imu_odom/hook/cmake_prefix_path.sh'
[2.570s] Level 1:colcon.colcon_core.environment:checking '/home/geomatics_in_house_system/ros2_ws/install/imu_odom/lib'
[2.571s] Level 1:colcon.colcon_core.environment:checking '/home/geomatics_in_house_system/ros2_ws/install/imu_odom/bin'
[2.572s] Level 1:colcon.colcon_core.environment:checking '/home/geomatics_in_house_system/ros2_ws/install/imu_odom/lib/pkgconfig/imu_odom.pc'
[2.573s] Level 1:colcon.colcon_core.environment:checking '/home/geomatics_in_house_system/ros2_ws/install/imu_odom/lib/python3.10/site-packages'
[2.573s] Level 1:colcon.colcon_core.environment:checking '/home/geomatics_in_house_system/ros2_ws/install/imu_odom/bin'
[2.575s] INFO:colcon.colcon_core.shell:Creating package script '/home/geomatics_in_house_system/ros2_ws/install/imu_odom/share/imu_odom/package.ps1'
[2.577s] INFO:colcon.colcon_core.shell:Creating package descriptor '/home/geomatics_in_house_system/ros2_ws/install/imu_odom/share/imu_odom/package.dsv'
[2.579s] INFO:colcon.colcon_core.shell:Creating package script '/home/geomatics_in_house_system/ros2_ws/install/imu_odom/share/imu_odom/package.sh'
[2.581s] INFO:colcon.colcon_core.shell:Creating package script '/home/geomatics_in_house_system/ros2_ws/install/imu_odom/share/imu_odom/package.bash'
[2.583s] INFO:colcon.colcon_core.shell:Creating package script '/home/geomatics_in_house_system/ros2_ws/install/imu_odom/share/imu_odom/package.zsh'
[2.585s] Level 1:colcon.colcon_core.environment:create_file_with_runtime_dependencies(/home/geomatics_in_house_system/ros2_ws/install/imu_odom/share/colcon-core/packages/imu_odom)
[2.593s] Level 1:colcon.colcon_core.environment:create_environment_scripts_only(geo_system)
[2.594s] Level 1:colcon.colcon_core.environment:checking '/home/geomatics_in_house_system/ros2_ws/install/geo_system' for CMake module files
[2.597s] Level 1:colcon.colcon_core.environment:checking '/home/geomatics_in_house_system/ros2_ws/install/geo_system' for CMake config files
[2.599s] Level 1:colcon.colcon_core.shell:create_environment_hook('geo_system', 'cmake_prefix_path')
[2.600s] INFO:colcon.colcon_core.shell:Creating environment hook '/home/geomatics_in_house_system/ros2_ws/install/geo_system/share/geo_system/hook/cmake_prefix_path.ps1'
[2.603s] INFO:colcon.colcon_core.shell:Creating environment descriptor '/home/geomatics_in_house_system/ros2_ws/install/geo_system/share/geo_system/hook/cmake_prefix_path.dsv'
[2.605s] INFO:colcon.colcon_core.shell:Creating environment hook '/home/geomatics_in_house_system/ros2_ws/install/geo_system/share/geo_system/hook/cmake_prefix_path.sh'
[2.608s] Level 1:colcon.colcon_core.environment:checking '/home/geomatics_in_house_system/ros2_ws/install/geo_system/bin'
[2.608s] Level 1:colcon.colcon_core.environment:checking '/home/geomatics_in_house_system/ros2_ws/install/geo_system/lib/pkgconfig/geo_system.pc'
[2.609s] Level 1:colcon.colcon_core.environment:checking '/home/geomatics_in_house_system/ros2_ws/install/geo_system/lib/python3.10/site-packages'
[2.610s] Level 1:colcon.colcon_core.environment:checking '/home/geomatics_in_house_system/ros2_ws/install/geo_system/bin'
[2.612s] INFO:colcon.colcon_core.shell:Creating package script '/home/geomatics_in_house_system/ros2_ws/install/geo_system/share/geo_system/package.ps1'
[2.616s] INFO:colcon.colcon_core.shell:Creating package descriptor '/home/geomatics_in_house_system/ros2_ws/install/geo_system/share/geo_system/package.dsv'
[2.619s] INFO:colcon.colcon_core.shell:Creating package script '/home/geomatics_in_house_system/ros2_ws/install/geo_system/share/geo_system/package.sh'
[2.622s] INFO:colcon.colcon_core.shell:Creating package script '/home/geomatics_in_house_system/ros2_ws/install/geo_system/share/geo_system/package.bash'
[2.624s] INFO:colcon.colcon_core.shell:Creating package script '/home/geomatics_in_house_system/ros2_ws/install/geo_system/share/geo_system/package.zsh'
[2.626s] Level 1:colcon.colcon_core.environment:create_file_with_runtime_dependencies(/home/geomatics_in_house_system/ros2_ws/install/geo_system/share/colcon-core/packages/geo_system)
[2.631s] Level 1:colcon.colcon_core.environment:create_environment_scripts_only(mapper_config_template)
[2.633s] Level 1:colcon.colcon_core.environment:checking '/home/geomatics_in_house_system/ros2_ws/install/mapper_config_template' for CMake module files
[2.636s] Level 1:colcon.colcon_core.environment:checking '/home/geomatics_in_house_system/ros2_ws/install/mapper_config_template' for CMake config files
[2.639s] Level 1:colcon.colcon_core.shell:create_environment_hook('mapper_config_template', 'cmake_prefix_path')
[2.640s] INFO:colcon.colcon_core.shell:Creating environment hook '/home/geomatics_in_house_system/ros2_ws/install/mapper_config_template/share/mapper_config_template/hook/cmake_prefix_path.ps1'
[2.642s] INFO:colcon.colcon_core.shell:Creating environment descriptor '/home/geomatics_in_house_system/ros2_ws/install/mapper_config_template/share/mapper_config_template/hook/cmake_prefix_path.dsv'
[2.644s] INFO:colcon.colcon_core.shell:Creating environment hook '/home/geomatics_in_house_system/ros2_ws/install/mapper_config_template/share/mapper_config_template/hook/cmake_prefix_path.sh'
[2.646s] Level 1:colcon.colcon_core.environment:checking '/home/geomatics_in_house_system/ros2_ws/install/mapper_config_template/bin'
[2.647s] Level 1:colcon.colcon_core.environment:checking '/home/geomatics_in_house_system/ros2_ws/install/mapper_config_template/lib/pkgconfig/mapper_config_template.pc'
[2.648s] Level 1:colcon.colcon_core.environment:checking '/home/geomatics_in_house_system/ros2_ws/install/mapper_config_template/lib/python3.10/site-packages'
[2.649s] Level 1:colcon.colcon_core.environment:checking '/home/geomatics_in_house_system/ros2_ws/install/mapper_config_template/bin'
[2.650s] INFO:colcon.colcon_core.shell:Creating package script '/home/geomatics_in_house_system/ros2_ws/install/mapper_config_template/share/mapper_config_template/package.ps1'
[2.652s] INFO:colcon.colcon_core.shell:Creating package descriptor '/home/geomatics_in_house_system/ros2_ws/install/mapper_config_template/share/mapper_config_template/package.dsv'
[2.655s] INFO:colcon.colcon_core.shell:Creating package script '/home/geomatics_in_house_system/ros2_ws/install/mapper_config_template/share/mapper_config_template/package.sh'
[2.657s] INFO:colcon.colcon_core.shell:Creating package script '/home/geomatics_in_house_system/ros2_ws/install/mapper_config_template/share/mapper_config_template/package.bash'
[2.660s] INFO:colcon.colcon_core.shell:Creating package script '/home/geomatics_in_house_system/ros2_ws/install/mapper_config_template/share/mapper_config_template/package.zsh'
[2.662s] Level 1:colcon.colcon_core.environment:create_file_with_runtime_dependencies(/home/geomatics_in_house_system/ros2_ws/install/mapper_config_template/share/colcon-core/packages/mapper_config_template)
[2.753s] Level 1:colcon.colcon_core.environment:create_environment_scripts_only(imu_odom)
[2.753s] Level 1:colcon.colcon_core.environment:checking '/home/geomatics_in_house_system/ros2_ws/install/imu_odom' for CMake module files
[2.756s] Level 1:colcon.colcon_core.environment:checking '/home/geomatics_in_house_system/ros2_ws/install/imu_odom' for CMake config files
[2.759s] Level 1:colcon.colcon_core.shell:create_environment_hook('imu_odom', 'cmake_prefix_path')
[2.760s] INFO:colcon.colcon_core.shell:Creating environment hook '/home/geomatics_in_house_system/ros2_ws/install/imu_odom/share/imu_odom/hook/cmake_prefix_path.ps1'
[2.763s] INFO:colcon.colcon_core.shell:Creating environment descriptor '/home/geomatics_in_house_system/ros2_ws/install/imu_odom/share/imu_odom/hook/cmake_prefix_path.dsv'
[2.765s] INFO:colcon.colcon_core.shell:Creating environment hook '/home/geomatics_in_house_system/ros2_ws/install/imu_odom/share/imu_odom/hook/cmake_prefix_path.sh'
[2.769s] Level 1:colcon.colcon_core.environment:checking '/home/geomatics_in_house_system/ros2_ws/install/imu_odom/lib'
[2.769s] Level 1:colcon.colcon_core.environment:checking '/home/geomatics_in_house_system/ros2_ws/install/imu_odom/bin'
[2.769s] Level 1:colcon.colcon_core.environment:checking '/home/geomatics_in_house_system/ros2_ws/install/imu_odom/lib/pkgconfig/imu_odom.pc'
[2.770s] Level 1:colcon.colcon_core.environment:checking '/home/geomatics_in_house_system/ros2_ws/install/imu_odom/lib/python3.10/site-packages'
[2.771s] Level 1:colcon.colcon_core.environment:checking '/home/geomatics_in_house_system/ros2_ws/install/imu_odom/bin'
[2.772s] INFO:colcon.colcon_core.shell:Creating package script '/home/geomatics_in_house_system/ros2_ws/install/imu_odom/share/imu_odom/package.ps1'
[2.774s] INFO:colcon.colcon_core.shell:Creating package descriptor '/home/geomatics_in_house_system/ros2_ws/install/imu_odom/share/imu_odom/package.dsv'
[2.777s] INFO:colcon.colcon_core.shell:Creating package script '/home/geomatics_in_house_system/ros2_ws/install/imu_odom/share/imu_odom/package.sh'
[2.779s] INFO:colcon.colcon_core.shell:Creating package script '/home/geomatics_in_house_system/ros2_ws/install/imu_odom/share/imu_odom/package.bash'
[2.780s] INFO:colcon.colcon_core.shell:Creating package script '/home/geomatics_in_house_system/ros2_ws/install/imu_odom/share/imu_odom/package.zsh'
[2.782s] Level 1:colcon.colcon_core.environment:create_file_with_runtime_dependencies(/home/geomatics_in_house_system/ros2_ws/install/imu_odom/share/colcon-core/packages/imu_odom)
[2.783s] DEBUG:colcon.colcon_parallel_executor.executor.parallel:closing loop
[2.785s] DEBUG:colcon.colcon_parallel_executor.executor.parallel:loop closed
[2.785s] DEBUG:colcon.colcon_parallel_executor.executor.parallel:run_until_complete finished with '0'
[2.785s] DEBUG:colcon.colcon_core.event_reactor:joining thread
[2.809s] INFO:colcon.colcon_core.plugin_system:Skipping extension 'colcon_notification.desktop_notification.terminal_notifier': Not used on non-Darwin systems
[2.809s] INFO:colcon.colcon_core.plugin_system:Skipping extension 'colcon_notification.desktop_notification.win32': Not used on non-Windows systems
[2.809s] INFO:colcon.colcon_notification.desktop_notification:Sending desktop notification using 'notify2'
[2.851s] DEBUG:colcon.colcon_core.event_reactor:joined thread
[2.852s] INFO:colcon.colcon_core.shell:Creating prefix script '/home/geomatics_in_house_system/ros2_ws/install/local_setup.ps1'
[2.855s] INFO:colcon.colcon_core.shell:Creating prefix util module '/home/geomatics_in_house_system/ros2_ws/install/_local_setup_util_ps1.py'
[2.862s] INFO:colcon.colcon_core.shell:Creating prefix chain script '/home/geomatics_in_house_system/ros2_ws/install/setup.ps1'
[2.871s] INFO:colcon.colcon_core.shell:Creating prefix script '/home/geomatics_in_house_system/ros2_ws/install/local_setup.sh'
[2.873s] INFO:colcon.colcon_core.shell:Creating prefix util module '/home/geomatics_in_house_system/ros2_ws/install/_local_setup_util_sh.py'
[2.875s] INFO:colcon.colcon_core.shell:Creating prefix chain script '/home/geomatics_in_house_system/ros2_ws/install/setup.sh'
[2.884s] INFO:colcon.colcon_core.shell:Creating prefix script '/home/geomatics_in_house_system/ros2_ws/install/local_setup.bash'
[2.886s] INFO:colcon.colcon_core.shell:Creating prefix chain script '/home/geomatics_in_house_system/ros2_ws/install/setup.bash'
[2.894s] INFO:colcon.colcon_core.shell:Creating prefix script '/home/geomatics_in_house_system/ros2_ws/install/local_setup.zsh'
[2.897s] INFO:colcon.colcon_core.shell:Creating prefix chain script '/home/geomatics_in_house_system/ros2_ws/install/setup.zsh'
