[0.661s] DEBUG:colcon:Command line arguments: ['/usr/bin/colcon', 'build']
[0.661s] DEBUG:colcon:Parsed command line arguments: Namespace(log_base=None, log_level=None, verb_name='build', build_base='build', install_base='install', merge_install=False, symlink_install=False, test_result_base=None, continue_on_error=False, executor='parallel', parallel_workers=4, event_handlers=None, ignore_user_meta=False, metas=['./colcon.meta'], base_paths=['.'], packages_ignore=None, packages_ignore_regex=None, paths=None, packages_up_to=None, packages_up_to_regex=None, packages_above=None, packages_above_and_dependencies=None, packages_above_depth=None, packages_select_by_dep=None, packages_skip_by_dep=None, packages_skip_up_to=None, packages_select_build_failed=False, packages_skip_build_finished=False, packages_select_test_failures=False, packages_skip_test_passed=False, packages_select=None, packages_skip=None, packages_select_regex=None, packages_skip_regex=None, packages_start=None, packages_end=None, allow_overriding=[], cmake_args=None, cmake_target=None, cmake_target_skip_unavailable=False, cmake_clean_cache=False, cmake_clean_first=False, cmake_force_configure=False, ament_cmake_args=None, catkin_cmake_args=None, catkin_skip_building_tests=False, verb_parser=<colcon_defaults.argument_parser.defaults.DefaultArgumentsDecorator object at 0xffff96d905e0>, verb_extension=<colcon_core.verb.build.BuildVerb object at 0xffff96ecd1e0>, main=<bound method BuildVerb.main of <colcon_core.verb.build.BuildVerb object at 0xffff96ecd1e0>>)
[1.937s] Level 1:colcon.colcon_core.package_discovery:discover_packages(colcon_meta) check parameters
[1.938s] Level 1:colcon.colcon_core.package_discovery:discover_packages(recursive) check parameters
[1.938s] Level 1:colcon.colcon_core.package_discovery:discover_packages(ignore) check parameters
[1.938s] Level 1:colcon.colcon_core.package_discovery:discover_packages(path) check parameters
[1.938s] Level 1:colcon.colcon_core.package_discovery:discover_packages(colcon_meta) discover
[1.938s] Level 1:colcon.colcon_core.package_discovery:discover_packages(recursive) discover
[1.939s] INFO:colcon.colcon_core.package_discovery:Crawling recursively for packages in '/home/geomatics_in_house_system/ros2_ws'
[1.939s] Level 1:colcon.colcon_core.package_identification:_identify(.) by extensions ['ignore', 'ignore_ament_install']
[1.940s] Level 1:colcon.colcon_core.package_identification:_identify(.) by extension 'ignore'
[1.940s] Level 1:colcon.colcon_core.package_identification:_identify(.) by extension 'ignore_ament_install'
[1.940s] Level 1:colcon.colcon_core.package_identification:_identify(.) by extensions ['colcon_pkg']
[1.940s] Level 1:colcon.colcon_core.package_identification:_identify(.) by extension 'colcon_pkg'
[1.940s] Level 1:colcon.colcon_core.package_identification:_identify(.) by extensions ['colcon_meta']
[1.941s] Level 1:colcon.colcon_core.package_identification:_identify(.) by extension 'colcon_meta'
[1.941s] Level 1:colcon.colcon_core.package_identification:_identify(.) by extensions ['ros']
[1.941s] Level 1:colcon.colcon_core.package_identification:_identify(.) by extension 'ros'
[2.009s] Level 1:colcon.colcon_core.package_identification:_identify(.) by extensions ['cmake', 'python']
[2.009s] Level 1:colcon.colcon_core.package_identification:_identify(.) by extension 'cmake'
[2.009s] Level 1:colcon.colcon_core.package_identification:_identify(.) by extension 'python'
[2.009s] Level 1:colcon.colcon_core.package_identification:_identify(.) by extensions ['python_setup_py']
[2.010s] Level 1:colcon.colcon_core.package_identification:_identify(.) by extension 'python_setup_py'
[2.010s] Level 1:colcon.colcon_core.package_identification:_identify(build) by extensions ['ignore', 'ignore_ament_install']
[2.010s] Level 1:colcon.colcon_core.package_identification:_identify(build) by extension 'ignore'
[2.011s] Level 1:colcon.colcon_core.package_identification:_identify(build) ignored
[2.011s] Level 1:colcon.colcon_core.package_identification:_identify(install) by extensions ['ignore', 'ignore_ament_install']
[2.012s] Level 1:colcon.colcon_core.package_identification:_identify(install) by extension 'ignore'
[2.012s] Level 1:colcon.colcon_core.package_identification:_identify(install) ignored
[2.012s] Level 1:colcon.colcon_core.package_identification:_identify(launch) by extensions ['ignore', 'ignore_ament_install']
[2.012s] Level 1:colcon.colcon_core.package_identification:_identify(launch) by extension 'ignore'
[2.013s] Level 1:colcon.colcon_core.package_identification:_identify(launch) by extension 'ignore_ament_install'
[2.013s] Level 1:colcon.colcon_core.package_identification:_identify(launch) by extensions ['colcon_pkg']
[2.013s] Level 1:colcon.colcon_core.package_identification:_identify(launch) by extension 'colcon_pkg'
[2.013s] Level 1:colcon.colcon_core.package_identification:_identify(launch) by extensions ['colcon_meta']
[2.013s] Level 1:colcon.colcon_core.package_identification:_identify(launch) by extension 'colcon_meta'
[2.013s] Level 1:colcon.colcon_core.package_identification:_identify(launch) by extensions ['ros']
[2.014s] Level 1:colcon.colcon_core.package_identification:_identify(launch) by extension 'ros'
[2.014s] Level 1:colcon.colcon_core.package_identification:_identify(launch) by extensions ['cmake', 'python']
[2.014s] Level 1:colcon.colcon_core.package_identification:_identify(launch) by extension 'cmake'
[2.014s] Level 1:colcon.colcon_core.package_identification:_identify(launch) by extension 'python'
[2.014s] Level 1:colcon.colcon_core.package_identification:_identify(launch) by extensions ['python_setup_py']
[2.014s] Level 1:colcon.colcon_core.package_identification:_identify(launch) by extension 'python_setup_py'
[2.015s] Level 1:colcon.colcon_core.package_identification:_identify(log) by extensions ['ignore', 'ignore_ament_install']
[2.015s] Level 1:colcon.colcon_core.package_identification:_identify(log) by extension 'ignore'
[2.015s] Level 1:colcon.colcon_core.package_identification:_identify(log) ignored
[2.016s] Level 1:colcon.colcon_core.package_identification:_identify(src) by extensions ['ignore', 'ignore_ament_install']
[2.016s] Level 1:colcon.colcon_core.package_identification:_identify(src) by extension 'ignore'
[2.016s] Level 1:colcon.colcon_core.package_identification:_identify(src) by extension 'ignore_ament_install'
[2.017s] Level 1:colcon.colcon_core.package_identification:_identify(src) by extensions ['colcon_pkg']
[2.017s] Level 1:colcon.colcon_core.package_identification:_identify(src) by extension 'colcon_pkg'
[2.017s] Level 1:colcon.colcon_core.package_identification:_identify(src) by extensions ['colcon_meta']
[2.017s] Level 1:colcon.colcon_core.package_identification:_identify(src) by extension 'colcon_meta'
[2.017s] Level 1:colcon.colcon_core.package_identification:_identify(src) by extensions ['ros']
[2.017s] Level 1:colcon.colcon_core.package_identification:_identify(src) by extension 'ros'
[2.018s] Level 1:colcon.colcon_core.package_identification:_identify(src) by extensions ['cmake', 'python']
[2.018s] Level 1:colcon.colcon_core.package_identification:_identify(src) by extension 'cmake'
[2.018s] Level 1:colcon.colcon_core.package_identification:_identify(src) by extension 'python'
[2.018s] Level 1:colcon.colcon_core.package_identification:_identify(src) by extensions ['python_setup_py']
[2.018s] Level 1:colcon.colcon_core.package_identification:_identify(src) by extension 'python_setup_py'
[2.019s] Level 1:colcon.colcon_core.package_identification:_identify(src/vectornav) by extensions ['ignore', 'ignore_ament_install']
[2.019s] Level 1:colcon.colcon_core.package_identification:_identify(src/vectornav) by extension 'ignore'
[2.019s] Level 1:colcon.colcon_core.package_identification:_identify(src/vectornav) ignored
[2.019s] Level 1:colcon.colcon_core.package_identification:_identify(src/velodyne) by extensions ['ignore', 'ignore_ament_install']
[2.020s] Level 1:colcon.colcon_core.package_identification:_identify(src/velodyne) by extension 'ignore'
[2.020s] Level 1:colcon.colcon_core.package_identification:_identify(src/velodyne) by extension 'ignore_ament_install'
[2.020s] Level 1:colcon.colcon_core.package_identification:_identify(src/velodyne) by extensions ['colcon_pkg']
[2.020s] Level 1:colcon.colcon_core.package_identification:_identify(src/velodyne) by extension 'colcon_pkg'
[2.021s] Level 1:colcon.colcon_core.package_identification:_identify(src/velodyne) by extensions ['colcon_meta']
[2.021s] Level 1:colcon.colcon_core.package_identification:_identify(src/velodyne) by extension 'colcon_meta'
[2.021s] Level 1:colcon.colcon_core.package_identification:_identify(src/velodyne) by extensions ['ros']
[2.021s] Level 1:colcon.colcon_core.package_identification:_identify(src/velodyne) by extension 'ros'
[2.021s] Level 1:colcon.colcon_core.package_identification:_identify(src/velodyne) by extensions ['cmake', 'python']
[2.022s] Level 1:colcon.colcon_core.package_identification:_identify(src/velodyne) by extension 'cmake'
[2.022s] Level 1:colcon.colcon_core.package_identification:_identify(src/velodyne) by extension 'python'
[2.022s] Level 1:colcon.colcon_core.package_identification:_identify(src/velodyne) by extensions ['python_setup_py']
[2.022s] Level 1:colcon.colcon_core.package_identification:_identify(src/velodyne) by extension 'python_setup_py'
[2.023s] Level 1:colcon.colcon_core.package_identification:_identify(src/velodyne/velodyne) by extensions ['ignore', 'ignore_ament_install']
[2.024s] Level 1:colcon.colcon_core.package_identification:_identify(src/velodyne/velodyne) by extension 'ignore'
[2.024s] Level 1:colcon.colcon_core.package_identification:_identify(src/velodyne/velodyne) by extension 'ignore_ament_install'
[2.024s] Level 1:colcon.colcon_core.package_identification:_identify(src/velodyne/velodyne) by extensions ['colcon_pkg']
[2.024s] Level 1:colcon.colcon_core.package_identification:_identify(src/velodyne/velodyne) by extension 'colcon_pkg'
[2.025s] Level 1:colcon.colcon_core.package_identification:_identify(src/velodyne/velodyne) by extensions ['colcon_meta']
[2.025s] Level 1:colcon.colcon_core.package_identification:_identify(src/velodyne/velodyne) by extension 'colcon_meta'
[2.025s] Level 1:colcon.colcon_core.package_identification:_identify(src/velodyne/velodyne) by extensions ['ros']
[2.025s] Level 1:colcon.colcon_core.package_identification:_identify(src/velodyne/velodyne) by extension 'ros'
[2.037s] DEBUG:colcon.colcon_core.package_identification:Package 'src/velodyne/velodyne' with type 'ros.ament_cmake' and name 'velodyne'
[2.038s] Level 1:colcon.colcon_core.package_identification:_identify(src/velodyne/velodyne_driver) by extensions ['ignore', 'ignore_ament_install']
[2.039s] Level 1:colcon.colcon_core.package_identification:_identify(src/velodyne/velodyne_driver) by extension 'ignore'
[2.039s] Level 1:colcon.colcon_core.package_identification:_identify(src/velodyne/velodyne_driver) by extension 'ignore_ament_install'
[2.039s] Level 1:colcon.colcon_core.package_identification:_identify(src/velodyne/velodyne_driver) by extensions ['colcon_pkg']
[2.039s] Level 1:colcon.colcon_core.package_identification:_identify(src/velodyne/velodyne_driver) by extension 'colcon_pkg'
[2.040s] Level 1:colcon.colcon_core.package_identification:_identify(src/velodyne/velodyne_driver) by extensions ['colcon_meta']
[2.040s] Level 1:colcon.colcon_core.package_identification:_identify(src/velodyne/velodyne_driver) by extension 'colcon_meta'
[2.040s] Level 1:colcon.colcon_core.package_identification:_identify(src/velodyne/velodyne_driver) by extensions ['ros']
[2.040s] Level 1:colcon.colcon_core.package_identification:_identify(src/velodyne/velodyne_driver) by extension 'ros'
[2.046s] DEBUG:colcon.colcon_core.package_identification:Package 'src/velodyne/velodyne_driver' with type 'ros.ament_cmake' and name 'velodyne_driver'
[2.048s] Level 1:colcon.colcon_core.package_identification:_identify(src/velodyne/velodyne_laserscan) by extensions ['ignore', 'ignore_ament_install']
[2.048s] Level 1:colcon.colcon_core.package_identification:_identify(src/velodyne/velodyne_laserscan) by extension 'ignore'
[2.048s] Level 1:colcon.colcon_core.package_identification:_identify(src/velodyne/velodyne_laserscan) by extension 'ignore_ament_install'
[2.049s] Level 1:colcon.colcon_core.package_identification:_identify(src/velodyne/velodyne_laserscan) by extensions ['colcon_pkg']
[2.049s] Level 1:colcon.colcon_core.package_identification:_identify(src/velodyne/velodyne_laserscan) by extension 'colcon_pkg'
[2.049s] Level 1:colcon.colcon_core.package_identification:_identify(src/velodyne/velodyne_laserscan) by extensions ['colcon_meta']
[2.049s] Level 1:colcon.colcon_core.package_identification:_identify(src/velodyne/velodyne_laserscan) by extension 'colcon_meta'
[2.049s] Level 1:colcon.colcon_core.package_identification:_identify(src/velodyne/velodyne_laserscan) by extensions ['ros']
[2.049s] Level 1:colcon.colcon_core.package_identification:_identify(src/velodyne/velodyne_laserscan) by extension 'ros'
[2.053s] DEBUG:colcon.colcon_core.package_identification:Package 'src/velodyne/velodyne_laserscan' with type 'ros.ament_cmake' and name 'velodyne_laserscan'
[2.054s] Level 1:colcon.colcon_core.package_identification:_identify(src/velodyne/velodyne_msgs) by extensions ['ignore', 'ignore_ament_install']
[2.055s] Level 1:colcon.colcon_core.package_identification:_identify(src/velodyne/velodyne_msgs) by extension 'ignore'
[2.055s] Level 1:colcon.colcon_core.package_identification:_identify(src/velodyne/velodyne_msgs) by extension 'ignore_ament_install'
[2.055s] Level 1:colcon.colcon_core.package_identification:_identify(src/velodyne/velodyne_msgs) by extensions ['colcon_pkg']
[2.055s] Level 1:colcon.colcon_core.package_identification:_identify(src/velodyne/velodyne_msgs) by extension 'colcon_pkg'
[2.056s] Level 1:colcon.colcon_core.package_identification:_identify(src/velodyne/velodyne_msgs) by extensions ['colcon_meta']
[2.056s] Level 1:colcon.colcon_core.package_identification:_identify(src/velodyne/velodyne_msgs) by extension 'colcon_meta'
[2.056s] Level 1:colcon.colcon_core.package_identification:_identify(src/velodyne/velodyne_msgs) by extensions ['ros']
[2.056s] Level 1:colcon.colcon_core.package_identification:_identify(src/velodyne/velodyne_msgs) by extension 'ros'
[2.059s] DEBUG:colcon.colcon_core.package_identification:Package 'src/velodyne/velodyne_msgs' with type 'ros.ament_cmake' and name 'velodyne_msgs'
[2.061s] Level 1:colcon.colcon_core.package_identification:_identify(src/velodyne/velodyne_pointcloud) by extensions ['ignore', 'ignore_ament_install']
[2.061s] Level 1:colcon.colcon_core.package_identification:_identify(src/velodyne/velodyne_pointcloud) by extension 'ignore'
[2.061s] Level 1:colcon.colcon_core.package_identification:_identify(src/velodyne/velodyne_pointcloud) by extension 'ignore_ament_install'
[2.062s] Level 1:colcon.colcon_core.package_identification:_identify(src/velodyne/velodyne_pointcloud) by extensions ['colcon_pkg']
[2.062s] Level 1:colcon.colcon_core.package_identification:_identify(src/velodyne/velodyne_pointcloud) by extension 'colcon_pkg'
[2.062s] Level 1:colcon.colcon_core.package_identification:_identify(src/velodyne/velodyne_pointcloud) by extensions ['colcon_meta']
[2.062s] Level 1:colcon.colcon_core.package_identification:_identify(src/velodyne/velodyne_pointcloud) by extension 'colcon_meta'
[2.062s] Level 1:colcon.colcon_core.package_identification:_identify(src/velodyne/velodyne_pointcloud) by extensions ['ros']
[2.062s] Level 1:colcon.colcon_core.package_identification:_identify(src/velodyne/velodyne_pointcloud) by extension 'ros'
[2.069s] DEBUG:colcon.colcon_core.package_identification:Package 'src/velodyne/velodyne_pointcloud' with type 'ros.ament_cmake' and name 'velodyne_pointcloud'
[2.069s] Level 1:colcon.colcon_core.package_discovery:discover_packages(recursive) using defaults
[2.070s] Level 1:colcon.colcon_core.package_discovery:discover_packages(ignore) discover
[2.070s] Level 1:colcon.colcon_core.package_discovery:discover_packages(ignore) using defaults
[2.070s] Level 1:colcon.colcon_core.package_discovery:discover_packages(path) discover
[2.070s] Level 1:colcon.colcon_core.package_discovery:discover_packages(path) using defaults
[2.247s] Level 1:colcon.colcon_core.package_discovery:discover_packages(prefix_path) check parameters
[2.248s] Level 1:colcon.colcon_core.package_discovery:discover_packages(prefix_path) discover
[2.263s] DEBUG:colcon.colcon_installed_package_information.package_discovery:Found 5 installed packages in /home/geomatics_in_house_system/ros2_ws/install
[2.272s] DEBUG:colcon.colcon_installed_package_information.package_discovery:Found 278 installed packages in /opt/ros/humble
[2.279s] Level 1:colcon.colcon_core.package_discovery:discover_packages(prefix_path) using defaults
[2.454s] Level 5:colcon.colcon_core.verb:set package 'velodyne_laserscan' build argument 'cmake_args' from command line to 'None'
[2.455s] Level 5:colcon.colcon_core.verb:set package 'velodyne_laserscan' build argument 'cmake_target' from command line to 'None'
[2.455s] Level 5:colcon.colcon_core.verb:set package 'velodyne_laserscan' build argument 'cmake_target_skip_unavailable' from command line to 'False'
[2.455s] Level 5:colcon.colcon_core.verb:set package 'velodyne_laserscan' build argument 'cmake_clean_cache' from command line to 'False'
[2.455s] Level 5:colcon.colcon_core.verb:set package 'velodyne_laserscan' build argument 'cmake_clean_first' from command line to 'False'
[2.455s] Level 5:colcon.colcon_core.verb:set package 'velodyne_laserscan' build argument 'cmake_force_configure' from command line to 'False'
[2.455s] Level 5:colcon.colcon_core.verb:set package 'velodyne_laserscan' build argument 'ament_cmake_args' from command line to 'None'
[2.455s] Level 5:colcon.colcon_core.verb:set package 'velodyne_laserscan' build argument 'catkin_cmake_args' from command line to 'None'
[2.455s] Level 5:colcon.colcon_core.verb:set package 'velodyne_laserscan' build argument 'catkin_skip_building_tests' from command line to 'False'
[2.455s] DEBUG:colcon.colcon_core.verb:Building package 'velodyne_laserscan' with the following arguments: {'ament_cmake_args': None, 'build_base': '/home/geomatics_in_house_system/ros2_ws/build/velodyne_laserscan', 'catkin_cmake_args': None, 'catkin_skip_building_tests': False, 'cmake_args': None, 'cmake_clean_cache': False, 'cmake_clean_first': False, 'cmake_force_configure': False, 'cmake_target': None, 'cmake_target_skip_unavailable': False, 'install_base': '/home/geomatics_in_house_system/ros2_ws/install/velodyne_laserscan', 'merge_install': False, 'path': '/home/geomatics_in_house_system/ros2_ws/src/velodyne/velodyne_laserscan', 'symlink_install': False, 'test_result_base': None}
[2.457s] Level 5:colcon.colcon_core.verb:set package 'velodyne_msgs' build argument 'cmake_args' from command line to 'None'
[2.457s] Level 5:colcon.colcon_core.verb:set package 'velodyne_msgs' build argument 'cmake_target' from command line to 'None'
[2.457s] Level 5:colcon.colcon_core.verb:set package 'velodyne_msgs' build argument 'cmake_target_skip_unavailable' from command line to 'False'
[2.457s] Level 5:colcon.colcon_core.verb:set package 'velodyne_msgs' build argument 'cmake_clean_cache' from command line to 'False'
[2.457s] Level 5:colcon.colcon_core.verb:set package 'velodyne_msgs' build argument 'cmake_clean_first' from command line to 'False'
[2.457s] Level 5:colcon.colcon_core.verb:set package 'velodyne_msgs' build argument 'cmake_force_configure' from command line to 'False'
[2.458s] Level 5:colcon.colcon_core.verb:set package 'velodyne_msgs' build argument 'ament_cmake_args' from command line to 'None'
[2.458s] Level 5:colcon.colcon_core.verb:set package 'velodyne_msgs' build argument 'catkin_cmake_args' from command line to 'None'
[2.458s] Level 5:colcon.colcon_core.verb:set package 'velodyne_msgs' build argument 'catkin_skip_building_tests' from command line to 'False'
[2.458s] DEBUG:colcon.colcon_core.verb:Building package 'velodyne_msgs' with the following arguments: {'ament_cmake_args': None, 'build_base': '/home/geomatics_in_house_system/ros2_ws/build/velodyne_msgs', 'catkin_cmake_args': None, 'catkin_skip_building_tests': False, 'cmake_args': None, 'cmake_clean_cache': False, 'cmake_clean_first': False, 'cmake_force_configure': False, 'cmake_target': None, 'cmake_target_skip_unavailable': False, 'install_base': '/home/geomatics_in_house_system/ros2_ws/install/velodyne_msgs', 'merge_install': False, 'path': '/home/geomatics_in_house_system/ros2_ws/src/velodyne/velodyne_msgs', 'symlink_install': False, 'test_result_base': None}
[2.459s] Level 5:colcon.colcon_core.verb:set package 'velodyne_driver' build argument 'cmake_args' from command line to 'None'
[2.459s] Level 5:colcon.colcon_core.verb:set package 'velodyne_driver' build argument 'cmake_target' from command line to 'None'
[2.460s] Level 5:colcon.colcon_core.verb:set package 'velodyne_driver' build argument 'cmake_target_skip_unavailable' from command line to 'False'
[2.460s] Level 5:colcon.colcon_core.verb:set package 'velodyne_driver' build argument 'cmake_clean_cache' from command line to 'False'
[2.460s] Level 5:colcon.colcon_core.verb:set package 'velodyne_driver' build argument 'cmake_clean_first' from command line to 'False'
[2.460s] Level 5:colcon.colcon_core.verb:set package 'velodyne_driver' build argument 'cmake_force_configure' from command line to 'False'
[2.460s] Level 5:colcon.colcon_core.verb:set package 'velodyne_driver' build argument 'ament_cmake_args' from command line to 'None'
[2.460s] Level 5:colcon.colcon_core.verb:set package 'velodyne_driver' build argument 'catkin_cmake_args' from command line to 'None'
[2.460s] Level 5:colcon.colcon_core.verb:set package 'velodyne_driver' build argument 'catkin_skip_building_tests' from command line to 'False'
[2.460s] DEBUG:colcon.colcon_core.verb:Building package 'velodyne_driver' with the following arguments: {'ament_cmake_args': None, 'build_base': '/home/geomatics_in_house_system/ros2_ws/build/velodyne_driver', 'catkin_cmake_args': None, 'catkin_skip_building_tests': False, 'cmake_args': None, 'cmake_clean_cache': False, 'cmake_clean_first': False, 'cmake_force_configure': False, 'cmake_target': None, 'cmake_target_skip_unavailable': False, 'install_base': '/home/geomatics_in_house_system/ros2_ws/install/velodyne_driver', 'merge_install': False, 'path': '/home/geomatics_in_house_system/ros2_ws/src/velodyne/velodyne_driver', 'symlink_install': False, 'test_result_base': None}
[2.462s] Level 5:colcon.colcon_core.verb:set package 'velodyne_pointcloud' build argument 'cmake_args' from command line to 'None'
[2.462s] Level 5:colcon.colcon_core.verb:set package 'velodyne_pointcloud' build argument 'cmake_target' from command line to 'None'
[2.462s] Level 5:colcon.colcon_core.verb:set package 'velodyne_pointcloud' build argument 'cmake_target_skip_unavailable' from command line to 'False'
[2.462s] Level 5:colcon.colcon_core.verb:set package 'velodyne_pointcloud' build argument 'cmake_clean_cache' from command line to 'False'
[2.462s] Level 5:colcon.colcon_core.verb:set package 'velodyne_pointcloud' build argument 'cmake_clean_first' from command line to 'False'
[2.462s] Level 5:colcon.colcon_core.verb:set package 'velodyne_pointcloud' build argument 'cmake_force_configure' from command line to 'False'
[2.462s] Level 5:colcon.colcon_core.verb:set package 'velodyne_pointcloud' build argument 'ament_cmake_args' from command line to 'None'
[2.462s] Level 5:colcon.colcon_core.verb:set package 'velodyne_pointcloud' build argument 'catkin_cmake_args' from command line to 'None'
[2.463s] Level 5:colcon.colcon_core.verb:set package 'velodyne_pointcloud' build argument 'catkin_skip_building_tests' from command line to 'False'
[2.463s] DEBUG:colcon.colcon_core.verb:Building package 'velodyne_pointcloud' with the following arguments: {'ament_cmake_args': None, 'build_base': '/home/geomatics_in_house_system/ros2_ws/build/velodyne_pointcloud', 'catkin_cmake_args': None, 'catkin_skip_building_tests': False, 'cmake_args': None, 'cmake_clean_cache': False, 'cmake_clean_first': False, 'cmake_force_configure': False, 'cmake_target': None, 'cmake_target_skip_unavailable': False, 'install_base': '/home/geomatics_in_house_system/ros2_ws/install/velodyne_pointcloud', 'merge_install': False, 'path': '/home/geomatics_in_house_system/ros2_ws/src/velodyne/velodyne_pointcloud', 'symlink_install': False, 'test_result_base': None}
[2.464s] Level 5:colcon.colcon_core.verb:set package 'velodyne' build argument 'cmake_args' from command line to 'None'
[2.464s] Level 5:colcon.colcon_core.verb:set package 'velodyne' build argument 'cmake_target' from command line to 'None'
[2.464s] Level 5:colcon.colcon_core.verb:set package 'velodyne' build argument 'cmake_target_skip_unavailable' from command line to 'False'
[2.465s] Level 5:colcon.colcon_core.verb:set package 'velodyne' build argument 'cmake_clean_cache' from command line to 'False'
[2.465s] Level 5:colcon.colcon_core.verb:set package 'velodyne' build argument 'cmake_clean_first' from command line to 'False'
[2.465s] Level 5:colcon.colcon_core.verb:set package 'velodyne' build argument 'cmake_force_configure' from command line to 'False'
[2.465s] Level 5:colcon.colcon_core.verb:set package 'velodyne' build argument 'ament_cmake_args' from command line to 'None'
[2.465s] Level 5:colcon.colcon_core.verb:set package 'velodyne' build argument 'catkin_cmake_args' from command line to 'None'
[2.465s] Level 5:colcon.colcon_core.verb:set package 'velodyne' build argument 'catkin_skip_building_tests' from command line to 'False'
[2.465s] DEBUG:colcon.colcon_core.verb:Building package 'velodyne' with the following arguments: {'ament_cmake_args': None, 'build_base': '/home/geomatics_in_house_system/ros2_ws/build/velodyne', 'catkin_cmake_args': None, 'catkin_skip_building_tests': False, 'cmake_args': None, 'cmake_clean_cache': False, 'cmake_clean_first': False, 'cmake_force_configure': False, 'cmake_target': None, 'cmake_target_skip_unavailable': False, 'install_base': '/home/geomatics_in_house_system/ros2_ws/install/velodyne', 'merge_install': False, 'path': '/home/geomatics_in_house_system/ros2_ws/src/velodyne/velodyne', 'symlink_install': False, 'test_result_base': None}
[2.466s] INFO:colcon.colcon_core.executor:Executing jobs using 'parallel' executor
[2.469s] DEBUG:colcon.colcon_parallel_executor.executor.parallel:run_until_complete
[2.470s] INFO:colcon.colcon_ros.task.ament_cmake.build:Building ROS package in '/home/geomatics_in_house_system/ros2_ws/src/velodyne/velodyne_msgs' with build type 'ament_cmake'
[2.471s] INFO:colcon.colcon_cmake.task.cmake.build:Building CMake package in '/home/geomatics_in_house_system/ros2_ws/src/velodyne/velodyne_msgs'
[2.493s] INFO:colcon.colcon_core.plugin_system:Skipping extension 'colcon_core.shell.bat': Not used on non-Windows systems
[2.494s] INFO:colcon.colcon_core.shell:Skip shell extension 'powershell' for command environment: Not usable outside of PowerShell
[2.495s] DEBUG:colcon.colcon_core.shell:Skip shell extension 'dsv' for command environment
[2.517s] INFO:colcon.colcon_ros.task.ament_cmake.build:Building ROS package in '/home/geomatics_in_house_system/ros2_ws/src/velodyne/velodyne_laserscan' with build type 'ament_cmake'
[2.518s] INFO:colcon.colcon_cmake.task.cmake.build:Building CMake package in '/home/geomatics_in_house_system/ros2_ws/src/velodyne/velodyne_laserscan'
[2.519s] INFO:colcon.colcon_core.shell:Skip shell extension 'powershell' for command environment: Not usable outside of PowerShell
[2.520s] DEBUG:colcon.colcon_core.shell:Skip shell extension 'dsv' for command environment
[2.557s] DEBUG:colcon.colcon_core.event_handler.log_command:Invoking command in '/home/geomatics_in_house_system/ros2_ws/build/velodyne_msgs': CMAKE_PREFIX_PATH=${CMAKE_PREFIX_PATH}:/opt/ros/humble /usr/bin/cmake --build /home/geomatics_in_house_system/ros2_ws/build/velodyne_msgs -- -j4 -l4
[2.595s] DEBUG:colcon.colcon_core.event_handler.log_command:Invoking command in '/home/geomatics_in_house_system/ros2_ws/build/velodyne_laserscan': CMAKE_PREFIX_PATH=${CMAKE_PREFIX_PATH}:/opt/ros/humble /usr/bin/cmake --build /home/geomatics_in_house_system/ros2_ws/build/velodyne_laserscan -- -j4 -l4
[3.449s] DEBUG:colcon.colcon_core.event_handler.log_command:Invoked command in '/home/geomatics_in_house_system/ros2_ws/build/velodyne_laserscan' returned '0': CMAKE_PREFIX_PATH=${CMAKE_PREFIX_PATH}:/opt/ros/humble /usr/bin/cmake --build /home/geomatics_in_house_system/ros2_ws/build/velodyne_laserscan -- -j4 -l4
[3.672s] DEBUG:colcon.colcon_core.event_handler.log_command:Invoking command in '/home/geomatics_in_house_system/ros2_ws/build/velodyne_laserscan': CMAKE_PREFIX_PATH=${CMAKE_PREFIX_PATH}:/opt/ros/humble /usr/bin/cmake --install /home/geomatics_in_house_system/ros2_ws/build/velodyne_laserscan
[3.749s] Level 1:colcon.colcon_core.environment:create_environment_scripts_only(velodyne_laserscan)
[3.757s] DEBUG:colcon.colcon_core.event_handler.log_command:Invoked command in '/home/geomatics_in_house_system/ros2_ws/build/velodyne_laserscan' returned '0': CMAKE_PREFIX_PATH=${CMAKE_PREFIX_PATH}:/opt/ros/humble /usr/bin/cmake --install /home/geomatics_in_house_system/ros2_ws/build/velodyne_laserscan
[3.783s] Level 1:colcon.colcon_core.environment:checking '/home/geomatics_in_house_system/ros2_ws/install/velodyne_laserscan' for CMake module files
[3.787s] Level 1:colcon.colcon_core.environment:checking '/home/geomatics_in_house_system/ros2_ws/install/velodyne_laserscan' for CMake config files
[3.791s] Level 1:colcon.colcon_core.shell:create_environment_hook('velodyne_laserscan', 'cmake_prefix_path')
[3.792s] INFO:colcon.colcon_core.shell:Creating environment hook '/home/geomatics_in_house_system/ros2_ws/install/velodyne_laserscan/share/velodyne_laserscan/hook/cmake_prefix_path.ps1'
[3.797s] INFO:colcon.colcon_core.shell:Creating environment descriptor '/home/geomatics_in_house_system/ros2_ws/install/velodyne_laserscan/share/velodyne_laserscan/hook/cmake_prefix_path.dsv'
[3.800s] INFO:colcon.colcon_core.shell:Creating environment hook '/home/geomatics_in_house_system/ros2_ws/install/velodyne_laserscan/share/velodyne_laserscan/hook/cmake_prefix_path.sh'
[3.809s] Level 1:colcon.colcon_core.environment:checking '/home/geomatics_in_house_system/ros2_ws/install/velodyne_laserscan/lib'
[3.810s] Level 1:colcon.colcon_core.shell:create_environment_hook('velodyne_laserscan', 'ld_library_path_lib')
[3.811s] INFO:colcon.colcon_core.shell:Creating environment hook '/home/geomatics_in_house_system/ros2_ws/install/velodyne_laserscan/share/velodyne_laserscan/hook/ld_library_path_lib.ps1'
[3.826s] INFO:colcon.colcon_core.shell:Creating environment descriptor '/home/geomatics_in_house_system/ros2_ws/install/velodyne_laserscan/share/velodyne_laserscan/hook/ld_library_path_lib.dsv'
[3.829s] INFO:colcon.colcon_core.shell:Creating environment hook '/home/geomatics_in_house_system/ros2_ws/install/velodyne_laserscan/share/velodyne_laserscan/hook/ld_library_path_lib.sh'
[3.832s] Level 1:colcon.colcon_core.environment:checking '/home/geomatics_in_house_system/ros2_ws/install/velodyne_laserscan/bin'
[3.832s] Level 1:colcon.colcon_core.environment:checking '/home/geomatics_in_house_system/ros2_ws/install/velodyne_laserscan/lib/pkgconfig/velodyne_laserscan.pc'
[3.834s] Level 1:colcon.colcon_core.environment:checking '/home/geomatics_in_house_system/ros2_ws/install/velodyne_laserscan/lib/python3.10/site-packages'
[3.835s] Level 1:colcon.colcon_core.environment:checking '/home/geomatics_in_house_system/ros2_ws/install/velodyne_laserscan/bin'
[3.837s] INFO:colcon.colcon_core.shell:Creating package script '/home/geomatics_in_house_system/ros2_ws/install/velodyne_laserscan/share/velodyne_laserscan/package.ps1'
[3.844s] INFO:colcon.colcon_core.shell:Creating package descriptor '/home/geomatics_in_house_system/ros2_ws/install/velodyne_laserscan/share/velodyne_laserscan/package.dsv'
[3.851s] INFO:colcon.colcon_core.shell:Creating package script '/home/geomatics_in_house_system/ros2_ws/install/velodyne_laserscan/share/velodyne_laserscan/package.sh'
[3.856s] INFO:colcon.colcon_core.shell:Creating package script '/home/geomatics_in_house_system/ros2_ws/install/velodyne_laserscan/share/velodyne_laserscan/package.bash'
[3.861s] INFO:colcon.colcon_core.shell:Creating package script '/home/geomatics_in_house_system/ros2_ws/install/velodyne_laserscan/share/velodyne_laserscan/package.zsh'
[3.868s] Level 1:colcon.colcon_core.environment:create_file_with_runtime_dependencies(/home/geomatics_in_house_system/ros2_ws/install/velodyne_laserscan/share/colcon-core/packages/velodyne_laserscan)
[4.045s] Level 1:colcon.colcon_core.environment:create_environment_scripts_only(velodyne_laserscan)
[4.046s] Level 1:colcon.colcon_core.environment:checking '/home/geomatics_in_house_system/ros2_ws/install/velodyne_laserscan' for CMake module files
[4.049s] Level 1:colcon.colcon_core.environment:checking '/home/geomatics_in_house_system/ros2_ws/install/velodyne_laserscan' for CMake config files
[4.052s] Level 1:colcon.colcon_core.shell:create_environment_hook('velodyne_laserscan', 'cmake_prefix_path')
[4.053s] INFO:colcon.colcon_core.shell:Creating environment hook '/home/geomatics_in_house_system/ros2_ws/install/velodyne_laserscan/share/velodyne_laserscan/hook/cmake_prefix_path.ps1'
[4.055s] INFO:colcon.colcon_core.shell:Creating environment descriptor '/home/geomatics_in_house_system/ros2_ws/install/velodyne_laserscan/share/velodyne_laserscan/hook/cmake_prefix_path.dsv'
[4.057s] INFO:colcon.colcon_core.shell:Creating environment hook '/home/geomatics_in_house_system/ros2_ws/install/velodyne_laserscan/share/velodyne_laserscan/hook/cmake_prefix_path.sh'
[4.060s] Level 1:colcon.colcon_core.environment:checking '/home/geomatics_in_house_system/ros2_ws/install/velodyne_laserscan/lib'
[4.060s] Level 1:colcon.colcon_core.shell:create_environment_hook('velodyne_laserscan', 'ld_library_path_lib')
[4.061s] INFO:colcon.colcon_core.shell:Creating environment hook '/home/geomatics_in_house_system/ros2_ws/install/velodyne_laserscan/share/velodyne_laserscan/hook/ld_library_path_lib.ps1'
[4.063s] INFO:colcon.colcon_core.shell:Creating environment descriptor '/home/geomatics_in_house_system/ros2_ws/install/velodyne_laserscan/share/velodyne_laserscan/hook/ld_library_path_lib.dsv'
[4.065s] INFO:colcon.colcon_core.shell:Creating environment hook '/home/geomatics_in_house_system/ros2_ws/install/velodyne_laserscan/share/velodyne_laserscan/hook/ld_library_path_lib.sh'
[4.067s] Level 1:colcon.colcon_core.environment:checking '/home/geomatics_in_house_system/ros2_ws/install/velodyne_laserscan/bin'
[4.067s] Level 1:colcon.colcon_core.environment:checking '/home/geomatics_in_house_system/ros2_ws/install/velodyne_laserscan/lib/pkgconfig/velodyne_laserscan.pc'
[4.069s] Level 1:colcon.colcon_core.environment:checking '/home/geomatics_in_house_system/ros2_ws/install/velodyne_laserscan/lib/python3.10/site-packages'
[4.070s] Level 1:colcon.colcon_core.environment:checking '/home/geomatics_in_house_system/ros2_ws/install/velodyne_laserscan/bin'
[4.071s] INFO:colcon.colcon_core.shell:Creating package script '/home/geomatics_in_house_system/ros2_ws/install/velodyne_laserscan/share/velodyne_laserscan/package.ps1'
[4.074s] INFO:colcon.colcon_core.shell:Creating package descriptor '/home/geomatics_in_house_system/ros2_ws/install/velodyne_laserscan/share/velodyne_laserscan/package.dsv'
[4.076s] INFO:colcon.colcon_core.shell:Creating package script '/home/geomatics_in_house_system/ros2_ws/install/velodyne_laserscan/share/velodyne_laserscan/package.sh'
[4.079s] INFO:colcon.colcon_core.shell:Creating package script '/home/geomatics_in_house_system/ros2_ws/install/velodyne_laserscan/share/velodyne_laserscan/package.bash'
[4.082s] INFO:colcon.colcon_core.shell:Creating package script '/home/geomatics_in_house_system/ros2_ws/install/velodyne_laserscan/share/velodyne_laserscan/package.zsh'
[4.084s] Level 1:colcon.colcon_core.environment:create_file_with_runtime_dependencies(/home/geomatics_in_house_system/ros2_ws/install/velodyne_laserscan/share/colcon-core/packages/velodyne_laserscan)
[4.883s] DEBUG:colcon.colcon_core.event_handler.log_command:Invoked command in '/home/geomatics_in_house_system/ros2_ws/build/velodyne_msgs' returned '0': CMAKE_PREFIX_PATH=${CMAKE_PREFIX_PATH}:/opt/ros/humble /usr/bin/cmake --build /home/geomatics_in_house_system/ros2_ws/build/velodyne_msgs -- -j4 -l4
[5.378s] DEBUG:colcon.colcon_core.event_handler.log_command:Invoking command in '/home/geomatics_in_house_system/ros2_ws/build/velodyne_msgs': CMAKE_PREFIX_PATH=${CMAKE_PREFIX_PATH}:/opt/ros/humble /usr/bin/cmake --install /home/geomatics_in_house_system/ros2_ws/build/velodyne_msgs
[5.711s] Level 1:colcon.colcon_core.environment:create_environment_scripts_only(velodyne_msgs)
[5.712s] Level 1:colcon.colcon_core.environment:checking '/home/geomatics_in_house_system/ros2_ws/install/velodyne_msgs' for CMake module files
[5.713s] DEBUG:colcon.colcon_core.event_handler.log_command:Invoked command in '/home/geomatics_in_house_system/ros2_ws/build/velodyne_msgs' returned '0': CMAKE_PREFIX_PATH=${CMAKE_PREFIX_PATH}:/opt/ros/humble /usr/bin/cmake --install /home/geomatics_in_house_system/ros2_ws/build/velodyne_msgs
[5.717s] Level 1:colcon.colcon_core.environment:checking '/home/geomatics_in_house_system/ros2_ws/install/velodyne_msgs' for CMake config files
[5.723s] Level 1:colcon.colcon_core.shell:create_environment_hook('velodyne_msgs', 'cmake_prefix_path')
[5.724s] INFO:colcon.colcon_core.shell:Creating environment hook '/home/geomatics_in_house_system/ros2_ws/install/velodyne_msgs/share/velodyne_msgs/hook/cmake_prefix_path.ps1'
[5.727s] INFO:colcon.colcon_core.shell:Creating environment descriptor '/home/geomatics_in_house_system/ros2_ws/install/velodyne_msgs/share/velodyne_msgs/hook/cmake_prefix_path.dsv'
[5.729s] INFO:colcon.colcon_core.shell:Creating environment hook '/home/geomatics_in_house_system/ros2_ws/install/velodyne_msgs/share/velodyne_msgs/hook/cmake_prefix_path.sh'
[5.732s] Level 1:colcon.colcon_core.environment:checking '/home/geomatics_in_house_system/ros2_ws/install/velodyne_msgs/lib'
[5.732s] Level 1:colcon.colcon_core.shell:create_environment_hook('velodyne_msgs', 'ld_library_path_lib')
[5.733s] INFO:colcon.colcon_core.shell:Creating environment hook '/home/geomatics_in_house_system/ros2_ws/install/velodyne_msgs/share/velodyne_msgs/hook/ld_library_path_lib.ps1'
[5.735s] INFO:colcon.colcon_core.shell:Creating environment descriptor '/home/geomatics_in_house_system/ros2_ws/install/velodyne_msgs/share/velodyne_msgs/hook/ld_library_path_lib.dsv'
[5.737s] INFO:colcon.colcon_core.shell:Creating environment hook '/home/geomatics_in_house_system/ros2_ws/install/velodyne_msgs/share/velodyne_msgs/hook/ld_library_path_lib.sh'
[5.738s] Level 1:colcon.colcon_core.environment:checking '/home/geomatics_in_house_system/ros2_ws/install/velodyne_msgs/bin'
[5.739s] Level 1:colcon.colcon_core.environment:checking '/home/geomatics_in_house_system/ros2_ws/install/velodyne_msgs/lib/pkgconfig/velodyne_msgs.pc'
[5.740s] Level 1:colcon.colcon_core.environment:checking '/home/geomatics_in_house_system/ros2_ws/install/velodyne_msgs/lib/python3.10/site-packages'
[5.741s] Level 1:colcon.colcon_core.environment:checking '/home/geomatics_in_house_system/ros2_ws/install/velodyne_msgs/bin'
[5.742s] INFO:colcon.colcon_core.shell:Creating package script '/home/geomatics_in_house_system/ros2_ws/install/velodyne_msgs/share/velodyne_msgs/package.ps1'
[5.744s] INFO:colcon.colcon_core.shell:Creating package descriptor '/home/geomatics_in_house_system/ros2_ws/install/velodyne_msgs/share/velodyne_msgs/package.dsv'
[5.746s] INFO:colcon.colcon_core.shell:Creating package script '/home/geomatics_in_house_system/ros2_ws/install/velodyne_msgs/share/velodyne_msgs/package.sh'
[5.748s] INFO:colcon.colcon_core.shell:Creating package script '/home/geomatics_in_house_system/ros2_ws/install/velodyne_msgs/share/velodyne_msgs/package.bash'
[5.750s] INFO:colcon.colcon_core.shell:Creating package script '/home/geomatics_in_house_system/ros2_ws/install/velodyne_msgs/share/velodyne_msgs/package.zsh'
[5.752s] Level 1:colcon.colcon_core.environment:create_file_with_runtime_dependencies(/home/geomatics_in_house_system/ros2_ws/install/velodyne_msgs/share/colcon-core/packages/velodyne_msgs)
[6.239s] Level 1:colcon.colcon_core.environment:create_environment_scripts_only(velodyne_msgs)
[6.240s] Level 1:colcon.colcon_core.environment:checking '/home/geomatics_in_house_system/ros2_ws/install/velodyne_msgs' for CMake module files
[6.244s] Level 1:colcon.colcon_core.environment:checking '/home/geomatics_in_house_system/ros2_ws/install/velodyne_msgs' for CMake config files
[6.249s] Level 1:colcon.colcon_core.shell:create_environment_hook('velodyne_msgs', 'cmake_prefix_path')
[6.250s] INFO:colcon.colcon_core.shell:Creating environment hook '/home/geomatics_in_house_system/ros2_ws/install/velodyne_msgs/share/velodyne_msgs/hook/cmake_prefix_path.ps1'
[6.252s] INFO:colcon.colcon_core.shell:Creating environment descriptor '/home/geomatics_in_house_system/ros2_ws/install/velodyne_msgs/share/velodyne_msgs/hook/cmake_prefix_path.dsv'
[6.254s] INFO:colcon.colcon_core.shell:Creating environment hook '/home/geomatics_in_house_system/ros2_ws/install/velodyne_msgs/share/velodyne_msgs/hook/cmake_prefix_path.sh'
[6.258s] Level 1:colcon.colcon_core.environment:checking '/home/geomatics_in_house_system/ros2_ws/install/velodyne_msgs/lib'
[6.258s] Level 1:colcon.colcon_core.shell:create_environment_hook('velodyne_msgs', 'ld_library_path_lib')
[6.259s] INFO:colcon.colcon_core.shell:Creating environment hook '/home/geomatics_in_house_system/ros2_ws/install/velodyne_msgs/share/velodyne_msgs/hook/ld_library_path_lib.ps1'
[6.261s] INFO:colcon.colcon_core.shell:Creating environment descriptor '/home/geomatics_in_house_system/ros2_ws/install/velodyne_msgs/share/velodyne_msgs/hook/ld_library_path_lib.dsv'
[6.263s] INFO:colcon.colcon_core.shell:Creating environment hook '/home/geomatics_in_house_system/ros2_ws/install/velodyne_msgs/share/velodyne_msgs/hook/ld_library_path_lib.sh'
[6.264s] Level 1:colcon.colcon_core.environment:checking '/home/geomatics_in_house_system/ros2_ws/install/velodyne_msgs/bin'
[6.265s] Level 1:colcon.colcon_core.environment:checking '/home/geomatics_in_house_system/ros2_ws/install/velodyne_msgs/lib/pkgconfig/velodyne_msgs.pc'
[6.266s] Level 1:colcon.colcon_core.environment:checking '/home/geomatics_in_house_system/ros2_ws/install/velodyne_msgs/lib/python3.10/site-packages'
[6.266s] Level 1:colcon.colcon_core.environment:checking '/home/geomatics_in_house_system/ros2_ws/install/velodyne_msgs/bin'
[6.268s] INFO:colcon.colcon_core.shell:Creating package script '/home/geomatics_in_house_system/ros2_ws/install/velodyne_msgs/share/velodyne_msgs/package.ps1'
[6.270s] INFO:colcon.colcon_core.shell:Creating package descriptor '/home/geomatics_in_house_system/ros2_ws/install/velodyne_msgs/share/velodyne_msgs/package.dsv'
[6.273s] INFO:colcon.colcon_core.shell:Creating package script '/home/geomatics_in_house_system/ros2_ws/install/velodyne_msgs/share/velodyne_msgs/package.sh'
[6.275s] INFO:colcon.colcon_core.shell:Creating package script '/home/geomatics_in_house_system/ros2_ws/install/velodyne_msgs/share/velodyne_msgs/package.bash'
[6.277s] INFO:colcon.colcon_core.shell:Creating package script '/home/geomatics_in_house_system/ros2_ws/install/velodyne_msgs/share/velodyne_msgs/package.zsh'
[6.279s] Level 1:colcon.colcon_core.environment:create_file_with_runtime_dependencies(/home/geomatics_in_house_system/ros2_ws/install/velodyne_msgs/share/colcon-core/packages/velodyne_msgs)
[6.281s] INFO:colcon.colcon_ros.task.ament_cmake.build:Building ROS package in '/home/geomatics_in_house_system/ros2_ws/src/velodyne/velodyne_driver' with build type 'ament_cmake'
[6.281s] INFO:colcon.colcon_cmake.task.cmake.build:Building CMake package in '/home/geomatics_in_house_system/ros2_ws/src/velodyne/velodyne_driver'
[6.282s] INFO:colcon.colcon_core.shell:Skip shell extension 'powershell' for command environment: Not usable outside of PowerShell
[6.283s] DEBUG:colcon.colcon_core.shell:Skip shell extension 'dsv' for command environment
[6.305s] INFO:colcon.colcon_ros.task.ament_cmake.build:Building ROS package in '/home/geomatics_in_house_system/ros2_ws/src/velodyne/velodyne_pointcloud' with build type 'ament_cmake'
[6.306s] INFO:colcon.colcon_cmake.task.cmake.build:Building CMake package in '/home/geomatics_in_house_system/ros2_ws/src/velodyne/velodyne_pointcloud'
[6.307s] INFO:colcon.colcon_core.shell:Skip shell extension 'powershell' for command environment: Not usable outside of PowerShell
[6.307s] DEBUG:colcon.colcon_core.shell:Skip shell extension 'dsv' for command environment
[6.351s] DEBUG:colcon.colcon_core.event_handler.log_command:Invoking command in '/home/geomatics_in_house_system/ros2_ws/build/velodyne_driver': CMAKE_PREFIX_PATH=/home/geomatics_in_house_system/ros2_ws/install/velodyne_msgs:/home/geomatics_in_house_system/ros2_ws/install/velodyne:/home/geomatics_in_house_system/ros2_ws/install/velodyne_pointcloud:/home/geomatics_in_house_system/ros2_ws/install/velodyne_driver:/home/geomatics_in_house_system/ros2_ws/install/velodyne_laserscan:/opt/ros/humble LD_LIBRARY_PATH=/home/geomatics_in_house_system/ros2_ws/install/velodyne_msgs/lib:/home/geomatics_in_house_system/ros2_ws/install/velodyne_pointcloud/lib:/home/geomatics_in_house_system/ros2_ws/install/velodyne_driver/lib:/home/geomatics_in_house_system/ros2_ws/install/velodyne_laserscan/lib:/opt/ros/humble/opt/rviz_ogre_vendor/lib:/opt/ros/humble/lib/aarch64-linux-gnu:/opt/ros/humble/lib /usr/bin/cmake --build /home/geomatics_in_house_system/ros2_ws/build/velodyne_driver -- -j4 -l4
[6.374s] DEBUG:colcon.colcon_core.event_handler.log_command:Invoking command in '/home/geomatics_in_house_system/ros2_ws/build/velodyne_pointcloud': CMAKE_PREFIX_PATH=/home/geomatics_in_house_system/ros2_ws/install/velodyne_msgs:/home/geomatics_in_house_system/ros2_ws/install/velodyne:/home/geomatics_in_house_system/ros2_ws/install/velodyne_pointcloud:/home/geomatics_in_house_system/ros2_ws/install/velodyne_driver:/home/geomatics_in_house_system/ros2_ws/install/velodyne_laserscan:/opt/ros/humble LD_LIBRARY_PATH=/home/geomatics_in_house_system/ros2_ws/install/velodyne_msgs/lib:/home/geomatics_in_house_system/ros2_ws/install/velodyne_pointcloud/lib:/home/geomatics_in_house_system/ros2_ws/install/velodyne_driver/lib:/home/geomatics_in_house_system/ros2_ws/install/velodyne_laserscan/lib:/opt/ros/humble/opt/rviz_ogre_vendor/lib:/opt/ros/humble/lib/aarch64-linux-gnu:/opt/ros/humble/lib /usr/bin/cmake --build /home/geomatics_in_house_system/ros2_ws/build/velodyne_pointcloud -- -j4 -l4
[7.083s] DEBUG:colcon.colcon_core.event_handler.log_command:Invoked command in '/home/geomatics_in_house_system/ros2_ws/build/velodyne_driver' returned '0': CMAKE_PREFIX_PATH=/home/geomatics_in_house_system/ros2_ws/install/velodyne_msgs:/home/geomatics_in_house_system/ros2_ws/install/velodyne:/home/geomatics_in_house_system/ros2_ws/install/velodyne_pointcloud:/home/geomatics_in_house_system/ros2_ws/install/velodyne_driver:/home/geomatics_in_house_system/ros2_ws/install/velodyne_laserscan:/opt/ros/humble LD_LIBRARY_PATH=/home/geomatics_in_house_system/ros2_ws/install/velodyne_msgs/lib:/home/geomatics_in_house_system/ros2_ws/install/velodyne_pointcloud/lib:/home/geomatics_in_house_system/ros2_ws/install/velodyne_driver/lib:/home/geomatics_in_house_system/ros2_ws/install/velodyne_laserscan/lib:/opt/ros/humble/opt/rviz_ogre_vendor/lib:/opt/ros/humble/lib/aarch64-linux-gnu:/opt/ros/humble/lib /usr/bin/cmake --build /home/geomatics_in_house_system/ros2_ws/build/velodyne_driver -- -j4 -l4
[7.275s] DEBUG:colcon.colcon_core.event_handler.log_command:Invoked command in '/home/geomatics_in_house_system/ros2_ws/build/velodyne_pointcloud' returned '0': CMAKE_PREFIX_PATH=/home/geomatics_in_house_system/ros2_ws/install/velodyne_msgs:/home/geomatics_in_house_system/ros2_ws/install/velodyne:/home/geomatics_in_house_system/ros2_ws/install/velodyne_pointcloud:/home/geomatics_in_house_system/ros2_ws/install/velodyne_driver:/home/geomatics_in_house_system/ros2_ws/install/velodyne_laserscan:/opt/ros/humble LD_LIBRARY_PATH=/home/geomatics_in_house_system/ros2_ws/install/velodyne_msgs/lib:/home/geomatics_in_house_system/ros2_ws/install/velodyne_pointcloud/lib:/home/geomatics_in_house_system/ros2_ws/install/velodyne_driver/lib:/home/geomatics_in_house_system/ros2_ws/install/velodyne_laserscan/lib:/opt/ros/humble/opt/rviz_ogre_vendor/lib:/opt/ros/humble/lib/aarch64-linux-gnu:/opt/ros/humble/lib /usr/bin/cmake --build /home/geomatics_in_house_system/ros2_ws/build/velodyne_pointcloud -- -j4 -l4
[7.292s] DEBUG:colcon.colcon_core.event_handler.log_command:Invoking command in '/home/geomatics_in_house_system/ros2_ws/build/velodyne_driver': CMAKE_PREFIX_PATH=/home/geomatics_in_house_system/ros2_ws/install/velodyne_msgs:/home/geomatics_in_house_system/ros2_ws/install/velodyne:/home/geomatics_in_house_system/ros2_ws/install/velodyne_pointcloud:/home/geomatics_in_house_system/ros2_ws/install/velodyne_driver:/home/geomatics_in_house_system/ros2_ws/install/velodyne_laserscan:/opt/ros/humble LD_LIBRARY_PATH=/home/geomatics_in_house_system/ros2_ws/install/velodyne_msgs/lib:/home/geomatics_in_house_system/ros2_ws/install/velodyne_pointcloud/lib:/home/geomatics_in_house_system/ros2_ws/install/velodyne_driver/lib:/home/geomatics_in_house_system/ros2_ws/install/velodyne_laserscan/lib:/opt/ros/humble/opt/rviz_ogre_vendor/lib:/opt/ros/humble/lib/aarch64-linux-gnu:/opt/ros/humble/lib /usr/bin/cmake --install /home/geomatics_in_house_system/ros2_ws/build/velodyne_driver
[7.366s] Level 1:colcon.colcon_core.environment:create_environment_scripts_only(velodyne_driver)
[7.368s] Level 1:colcon.colcon_core.environment:checking '/home/geomatics_in_house_system/ros2_ws/install/velodyne_driver' for CMake module files
[7.370s] DEBUG:colcon.colcon_core.event_handler.log_command:Invoked command in '/home/geomatics_in_house_system/ros2_ws/build/velodyne_driver' returned '0': CMAKE_PREFIX_PATH=/home/geomatics_in_house_system/ros2_ws/install/velodyne_msgs:/home/geomatics_in_house_system/ros2_ws/install/velodyne:/home/geomatics_in_house_system/ros2_ws/install/velodyne_pointcloud:/home/geomatics_in_house_system/ros2_ws/install/velodyne_driver:/home/geomatics_in_house_system/ros2_ws/install/velodyne_laserscan:/opt/ros/humble LD_LIBRARY_PATH=/home/geomatics_in_house_system/ros2_ws/install/velodyne_msgs/lib:/home/geomatics_in_house_system/ros2_ws/install/velodyne_pointcloud/lib:/home/geomatics_in_house_system/ros2_ws/install/velodyne_driver/lib:/home/geomatics_in_house_system/ros2_ws/install/velodyne_laserscan/lib:/opt/ros/humble/opt/rviz_ogre_vendor/lib:/opt/ros/humble/lib/aarch64-linux-gnu:/opt/ros/humble/lib /usr/bin/cmake --install /home/geomatics_in_house_system/ros2_ws/build/velodyne_driver
[7.373s] Level 1:colcon.colcon_core.environment:checking '/home/geomatics_in_house_system/ros2_ws/install/velodyne_driver' for CMake config files
[7.376s] Level 1:colcon.colcon_core.shell:create_environment_hook('velodyne_driver', 'cmake_prefix_path')
[7.377s] INFO:colcon.colcon_core.shell:Creating environment hook '/home/geomatics_in_house_system/ros2_ws/install/velodyne_driver/share/velodyne_driver/hook/cmake_prefix_path.ps1'
[7.379s] INFO:colcon.colcon_core.shell:Creating environment descriptor '/home/geomatics_in_house_system/ros2_ws/install/velodyne_driver/share/velodyne_driver/hook/cmake_prefix_path.dsv'
[7.381s] INFO:colcon.colcon_core.shell:Creating environment hook '/home/geomatics_in_house_system/ros2_ws/install/velodyne_driver/share/velodyne_driver/hook/cmake_prefix_path.sh'
[7.384s] Level 1:colcon.colcon_core.environment:checking '/home/geomatics_in_house_system/ros2_ws/install/velodyne_driver/lib'
[7.385s] Level 1:colcon.colcon_core.shell:create_environment_hook('velodyne_driver', 'ld_library_path_lib')
[7.386s] INFO:colcon.colcon_core.shell:Creating environment hook '/home/geomatics_in_house_system/ros2_ws/install/velodyne_driver/share/velodyne_driver/hook/ld_library_path_lib.ps1'
[7.388s] INFO:colcon.colcon_core.shell:Creating environment descriptor '/home/geomatics_in_house_system/ros2_ws/install/velodyne_driver/share/velodyne_driver/hook/ld_library_path_lib.dsv'
[7.390s] INFO:colcon.colcon_core.shell:Creating environment hook '/home/geomatics_in_house_system/ros2_ws/install/velodyne_driver/share/velodyne_driver/hook/ld_library_path_lib.sh'
[7.392s] Level 1:colcon.colcon_core.environment:checking '/home/geomatics_in_house_system/ros2_ws/install/velodyne_driver/bin'
[7.393s] Level 1:colcon.colcon_core.environment:checking '/home/geomatics_in_house_system/ros2_ws/install/velodyne_driver/lib/pkgconfig/velodyne_driver.pc'
[7.394s] Level 1:colcon.colcon_core.environment:checking '/home/geomatics_in_house_system/ros2_ws/install/velodyne_driver/lib/python3.10/site-packages'
[7.395s] Level 1:colcon.colcon_core.environment:checking '/home/geomatics_in_house_system/ros2_ws/install/velodyne_driver/bin'
[7.397s] INFO:colcon.colcon_core.shell:Creating package script '/home/geomatics_in_house_system/ros2_ws/install/velodyne_driver/share/velodyne_driver/package.ps1'
[7.399s] INFO:colcon.colcon_core.shell:Creating package descriptor '/home/geomatics_in_house_system/ros2_ws/install/velodyne_driver/share/velodyne_driver/package.dsv'
[7.402s] INFO:colcon.colcon_core.shell:Creating package script '/home/geomatics_in_house_system/ros2_ws/install/velodyne_driver/share/velodyne_driver/package.sh'
[7.404s] INFO:colcon.colcon_core.shell:Creating package script '/home/geomatics_in_house_system/ros2_ws/install/velodyne_driver/share/velodyne_driver/package.bash'
[7.406s] INFO:colcon.colcon_core.shell:Creating package script '/home/geomatics_in_house_system/ros2_ws/install/velodyne_driver/share/velodyne_driver/package.zsh'
[7.408s] Level 1:colcon.colcon_core.environment:create_file_with_runtime_dependencies(/home/geomatics_in_house_system/ros2_ws/install/velodyne_driver/share/colcon-core/packages/velodyne_driver)
[7.479s] DEBUG:colcon.colcon_core.event_handler.log_command:Invoking command in '/home/geomatics_in_house_system/ros2_ws/build/velodyne_pointcloud': CMAKE_PREFIX_PATH=/home/geomatics_in_house_system/ros2_ws/install/velodyne_msgs:/home/geomatics_in_house_system/ros2_ws/install/velodyne:/home/geomatics_in_house_system/ros2_ws/install/velodyne_pointcloud:/home/geomatics_in_house_system/ros2_ws/install/velodyne_driver:/home/geomatics_in_house_system/ros2_ws/install/velodyne_laserscan:/opt/ros/humble LD_LIBRARY_PATH=/home/geomatics_in_house_system/ros2_ws/install/velodyne_msgs/lib:/home/geomatics_in_house_system/ros2_ws/install/velodyne_pointcloud/lib:/home/geomatics_in_house_system/ros2_ws/install/velodyne_driver/lib:/home/geomatics_in_house_system/ros2_ws/install/velodyne_laserscan/lib:/opt/ros/humble/opt/rviz_ogre_vendor/lib:/opt/ros/humble/lib/aarch64-linux-gnu:/opt/ros/humble/lib /usr/bin/cmake --install /home/geomatics_in_house_system/ros2_ws/build/velodyne_pointcloud
[7.554s] Level 1:colcon.colcon_core.environment:create_environment_scripts_only(velodyne_pointcloud)
[7.555s] Level 1:colcon.colcon_core.environment:checking '/home/geomatics_in_house_system/ros2_ws/install/velodyne_pointcloud' for CMake module files
[7.557s] DEBUG:colcon.colcon_core.event_handler.log_command:Invoked command in '/home/geomatics_in_house_system/ros2_ws/build/velodyne_pointcloud' returned '0': CMAKE_PREFIX_PATH=/home/geomatics_in_house_system/ros2_ws/install/velodyne_msgs:/home/geomatics_in_house_system/ros2_ws/install/velodyne:/home/geomatics_in_house_system/ros2_ws/install/velodyne_pointcloud:/home/geomatics_in_house_system/ros2_ws/install/velodyne_driver:/home/geomatics_in_house_system/ros2_ws/install/velodyne_laserscan:/opt/ros/humble LD_LIBRARY_PATH=/home/geomatics_in_house_system/ros2_ws/install/velodyne_msgs/lib:/home/geomatics_in_house_system/ros2_ws/install/velodyne_pointcloud/lib:/home/geomatics_in_house_system/ros2_ws/install/velodyne_driver/lib:/home/geomatics_in_house_system/ros2_ws/install/velodyne_laserscan/lib:/opt/ros/humble/opt/rviz_ogre_vendor/lib:/opt/ros/humble/lib/aarch64-linux-gnu:/opt/ros/humble/lib /usr/bin/cmake --install /home/geomatics_in_house_system/ros2_ws/build/velodyne_pointcloud
[7.560s] Level 1:colcon.colcon_core.environment:checking '/home/geomatics_in_house_system/ros2_ws/install/velodyne_pointcloud' for CMake config files
[7.563s] Level 1:colcon.colcon_core.shell:create_environment_hook('velodyne_pointcloud', 'cmake_prefix_path')
[7.564s] INFO:colcon.colcon_core.shell:Creating environment hook '/home/geomatics_in_house_system/ros2_ws/install/velodyne_pointcloud/share/velodyne_pointcloud/hook/cmake_prefix_path.ps1'
[7.566s] INFO:colcon.colcon_core.shell:Creating environment descriptor '/home/geomatics_in_house_system/ros2_ws/install/velodyne_pointcloud/share/velodyne_pointcloud/hook/cmake_prefix_path.dsv'
[7.568s] INFO:colcon.colcon_core.shell:Creating environment hook '/home/geomatics_in_house_system/ros2_ws/install/velodyne_pointcloud/share/velodyne_pointcloud/hook/cmake_prefix_path.sh'
[7.571s] Level 1:colcon.colcon_core.environment:checking '/home/geomatics_in_house_system/ros2_ws/install/velodyne_pointcloud/lib'
[7.571s] Level 1:colcon.colcon_core.shell:create_environment_hook('velodyne_pointcloud', 'ld_library_path_lib')
[7.572s] INFO:colcon.colcon_core.shell:Creating environment hook '/home/geomatics_in_house_system/ros2_ws/install/velodyne_pointcloud/share/velodyne_pointcloud/hook/ld_library_path_lib.ps1'
[7.574s] INFO:colcon.colcon_core.shell:Creating environment descriptor '/home/geomatics_in_house_system/ros2_ws/install/velodyne_pointcloud/share/velodyne_pointcloud/hook/ld_library_path_lib.dsv'
[7.577s] INFO:colcon.colcon_core.shell:Creating environment hook '/home/geomatics_in_house_system/ros2_ws/install/velodyne_pointcloud/share/velodyne_pointcloud/hook/ld_library_path_lib.sh'
[7.579s] Level 1:colcon.colcon_core.environment:checking '/home/geomatics_in_house_system/ros2_ws/install/velodyne_pointcloud/bin'
[7.579s] Level 1:colcon.colcon_core.environment:checking '/home/geomatics_in_house_system/ros2_ws/install/velodyne_pointcloud/lib/pkgconfig/velodyne_pointcloud.pc'
[7.580s] Level 1:colcon.colcon_core.environment:checking '/home/geomatics_in_house_system/ros2_ws/install/velodyne_pointcloud/lib/python3.10/site-packages'
[7.581s] Level 1:colcon.colcon_core.environment:checking '/home/geomatics_in_house_system/ros2_ws/install/velodyne_pointcloud/bin'
[7.582s] INFO:colcon.colcon_core.shell:Creating package script '/home/geomatics_in_house_system/ros2_ws/install/velodyne_pointcloud/share/velodyne_pointcloud/package.ps1'
[7.585s] INFO:colcon.colcon_core.shell:Creating package descriptor '/home/geomatics_in_house_system/ros2_ws/install/velodyne_pointcloud/share/velodyne_pointcloud/package.dsv'
[7.587s] INFO:colcon.colcon_core.shell:Creating package script '/home/geomatics_in_house_system/ros2_ws/install/velodyne_pointcloud/share/velodyne_pointcloud/package.sh'
[7.589s] INFO:colcon.colcon_core.shell:Creating package script '/home/geomatics_in_house_system/ros2_ws/install/velodyne_pointcloud/share/velodyne_pointcloud/package.bash'
[7.591s] INFO:colcon.colcon_core.shell:Creating package script '/home/geomatics_in_house_system/ros2_ws/install/velodyne_pointcloud/share/velodyne_pointcloud/package.zsh'
[7.593s] Level 1:colcon.colcon_core.environment:create_file_with_runtime_dependencies(/home/geomatics_in_house_system/ros2_ws/install/velodyne_pointcloud/share/colcon-core/packages/velodyne_pointcloud)
[7.605s] Level 1:colcon.colcon_core.environment:create_environment_scripts_only(velodyne_driver)
[7.606s] Level 1:colcon.colcon_core.environment:checking '/home/geomatics_in_house_system/ros2_ws/install/velodyne_driver' for CMake module files
[7.609s] Level 1:colcon.colcon_core.environment:checking '/home/geomatics_in_house_system/ros2_ws/install/velodyne_driver' for CMake config files
[7.612s] Level 1:colcon.colcon_core.shell:create_environment_hook('velodyne_driver', 'cmake_prefix_path')
[7.613s] INFO:colcon.colcon_core.shell:Creating environment hook '/home/geomatics_in_house_system/ros2_ws/install/velodyne_driver/share/velodyne_driver/hook/cmake_prefix_path.ps1'
[7.616s] INFO:colcon.colcon_core.shell:Creating environment descriptor '/home/geomatics_in_house_system/ros2_ws/install/velodyne_driver/share/velodyne_driver/hook/cmake_prefix_path.dsv'
[7.618s] INFO:colcon.colcon_core.shell:Creating environment hook '/home/geomatics_in_house_system/ros2_ws/install/velodyne_driver/share/velodyne_driver/hook/cmake_prefix_path.sh'
[7.622s] Level 1:colcon.colcon_core.environment:checking '/home/geomatics_in_house_system/ros2_ws/install/velodyne_driver/lib'
[7.623s] Level 1:colcon.colcon_core.shell:create_environment_hook('velodyne_driver', 'ld_library_path_lib')
[7.624s] INFO:colcon.colcon_core.shell:Creating environment hook '/home/geomatics_in_house_system/ros2_ws/install/velodyne_driver/share/velodyne_driver/hook/ld_library_path_lib.ps1'
[7.626s] INFO:colcon.colcon_core.shell:Creating environment descriptor '/home/geomatics_in_house_system/ros2_ws/install/velodyne_driver/share/velodyne_driver/hook/ld_library_path_lib.dsv'
[7.629s] INFO:colcon.colcon_core.shell:Creating environment hook '/home/geomatics_in_house_system/ros2_ws/install/velodyne_driver/share/velodyne_driver/hook/ld_library_path_lib.sh'
[7.631s] Level 1:colcon.colcon_core.environment:checking '/home/geomatics_in_house_system/ros2_ws/install/velodyne_driver/bin'
[7.631s] Level 1:colcon.colcon_core.environment:checking '/home/geomatics_in_house_system/ros2_ws/install/velodyne_driver/lib/pkgconfig/velodyne_driver.pc'
[7.633s] Level 1:colcon.colcon_core.environment:checking '/home/geomatics_in_house_system/ros2_ws/install/velodyne_driver/lib/python3.10/site-packages'
[7.634s] Level 1:colcon.colcon_core.environment:checking '/home/geomatics_in_house_system/ros2_ws/install/velodyne_driver/bin'
[7.635s] INFO:colcon.colcon_core.shell:Creating package script '/home/geomatics_in_house_system/ros2_ws/install/velodyne_driver/share/velodyne_driver/package.ps1'
[7.638s] INFO:colcon.colcon_core.shell:Creating package descriptor '/home/geomatics_in_house_system/ros2_ws/install/velodyne_driver/share/velodyne_driver/package.dsv'
[7.641s] INFO:colcon.colcon_core.shell:Creating package script '/home/geomatics_in_house_system/ros2_ws/install/velodyne_driver/share/velodyne_driver/package.sh'
[7.644s] INFO:colcon.colcon_core.shell:Creating package script '/home/geomatics_in_house_system/ros2_ws/install/velodyne_driver/share/velodyne_driver/package.bash'
[7.646s] INFO:colcon.colcon_core.shell:Creating package script '/home/geomatics_in_house_system/ros2_ws/install/velodyne_driver/share/velodyne_driver/package.zsh'
[7.648s] Level 1:colcon.colcon_core.environment:create_file_with_runtime_dependencies(/home/geomatics_in_house_system/ros2_ws/install/velodyne_driver/share/colcon-core/packages/velodyne_driver)
[7.789s] Level 1:colcon.colcon_core.environment:create_environment_scripts_only(velodyne_pointcloud)
[7.790s] Level 1:colcon.colcon_core.environment:checking '/home/geomatics_in_house_system/ros2_ws/install/velodyne_pointcloud' for CMake module files
[7.793s] Level 1:colcon.colcon_core.environment:checking '/home/geomatics_in_house_system/ros2_ws/install/velodyne_pointcloud' for CMake config files
[7.797s] Level 1:colcon.colcon_core.shell:create_environment_hook('velodyne_pointcloud', 'cmake_prefix_path')
[7.799s] INFO:colcon.colcon_core.shell:Creating environment hook '/home/geomatics_in_house_system/ros2_ws/install/velodyne_pointcloud/share/velodyne_pointcloud/hook/cmake_prefix_path.ps1'
[7.801s] INFO:colcon.colcon_core.shell:Creating environment descriptor '/home/geomatics_in_house_system/ros2_ws/install/velodyne_pointcloud/share/velodyne_pointcloud/hook/cmake_prefix_path.dsv'
[7.803s] INFO:colcon.colcon_core.shell:Creating environment hook '/home/geomatics_in_house_system/ros2_ws/install/velodyne_pointcloud/share/velodyne_pointcloud/hook/cmake_prefix_path.sh'
[7.806s] Level 1:colcon.colcon_core.environment:checking '/home/geomatics_in_house_system/ros2_ws/install/velodyne_pointcloud/lib'
[7.807s] Level 1:colcon.colcon_core.shell:create_environment_hook('velodyne_pointcloud', 'ld_library_path_lib')
[7.808s] INFO:colcon.colcon_core.shell:Creating environment hook '/home/geomatics_in_house_system/ros2_ws/install/velodyne_pointcloud/share/velodyne_pointcloud/hook/ld_library_path_lib.ps1'
[7.809s] INFO:colcon.colcon_core.shell:Creating environment descriptor '/home/geomatics_in_house_system/ros2_ws/install/velodyne_pointcloud/share/velodyne_pointcloud/hook/ld_library_path_lib.dsv'
[7.811s] INFO:colcon.colcon_core.shell:Creating environment hook '/home/geomatics_in_house_system/ros2_ws/install/velodyne_pointcloud/share/velodyne_pointcloud/hook/ld_library_path_lib.sh'
[7.813s] Level 1:colcon.colcon_core.environment:checking '/home/geomatics_in_house_system/ros2_ws/install/velodyne_pointcloud/bin'
[7.814s] Level 1:colcon.colcon_core.environment:checking '/home/geomatics_in_house_system/ros2_ws/install/velodyne_pointcloud/lib/pkgconfig/velodyne_pointcloud.pc'
[7.814s] Level 1:colcon.colcon_core.environment:checking '/home/geomatics_in_house_system/ros2_ws/install/velodyne_pointcloud/lib/python3.10/site-packages'
[7.815s] Level 1:colcon.colcon_core.environment:checking '/home/geomatics_in_house_system/ros2_ws/install/velodyne_pointcloud/bin'
[7.817s] INFO:colcon.colcon_core.shell:Creating package script '/home/geomatics_in_house_system/ros2_ws/install/velodyne_pointcloud/share/velodyne_pointcloud/package.ps1'
[7.819s] INFO:colcon.colcon_core.shell:Creating package descriptor '/home/geomatics_in_house_system/ros2_ws/install/velodyne_pointcloud/share/velodyne_pointcloud/package.dsv'
[7.822s] INFO:colcon.colcon_core.shell:Creating package script '/home/geomatics_in_house_system/ros2_ws/install/velodyne_pointcloud/share/velodyne_pointcloud/package.sh'
[7.824s] INFO:colcon.colcon_core.shell:Creating package script '/home/geomatics_in_house_system/ros2_ws/install/velodyne_pointcloud/share/velodyne_pointcloud/package.bash'
[7.826s] INFO:colcon.colcon_core.shell:Creating package script '/home/geomatics_in_house_system/ros2_ws/install/velodyne_pointcloud/share/velodyne_pointcloud/package.zsh'
[7.828s] Level 1:colcon.colcon_core.environment:create_file_with_runtime_dependencies(/home/geomatics_in_house_system/ros2_ws/install/velodyne_pointcloud/share/colcon-core/packages/velodyne_pointcloud)
[7.829s] INFO:colcon.colcon_ros.task.ament_cmake.build:Building ROS package in '/home/geomatics_in_house_system/ros2_ws/src/velodyne/velodyne' with build type 'ament_cmake'
[7.830s] INFO:colcon.colcon_cmake.task.cmake.build:Building CMake package in '/home/geomatics_in_house_system/ros2_ws/src/velodyne/velodyne'
[7.831s] INFO:colcon.colcon_core.shell:Skip shell extension 'powershell' for command environment: Not usable outside of PowerShell
[7.831s] DEBUG:colcon.colcon_core.shell:Skip shell extension 'dsv' for command environment
[7.909s] DEBUG:colcon.colcon_core.event_handler.log_command:Invoking command in '/home/geomatics_in_house_system/ros2_ws/build/velodyne': CMAKE_PREFIX_PATH=/home/geomatics_in_house_system/ros2_ws/install/velodyne_pointcloud:/home/geomatics_in_house_system/ros2_ws/install/velodyne_driver:/home/geomatics_in_house_system/ros2_ws/install/velodyne_msgs:/home/geomatics_in_house_system/ros2_ws/install/velodyne_laserscan:/home/geomatics_in_house_system/ros2_ws/install/velodyne:/opt/ros/humble /usr/bin/cmake --build /home/geomatics_in_house_system/ros2_ws/build/velodyne -- -j4 -l4
[8.077s] DEBUG:colcon.colcon_core.event_handler.log_command:Invoked command in '/home/geomatics_in_house_system/ros2_ws/build/velodyne' returned '0': CMAKE_PREFIX_PATH=/home/geomatics_in_house_system/ros2_ws/install/velodyne_pointcloud:/home/geomatics_in_house_system/ros2_ws/install/velodyne_driver:/home/geomatics_in_house_system/ros2_ws/install/velodyne_msgs:/home/geomatics_in_house_system/ros2_ws/install/velodyne_laserscan:/home/geomatics_in_house_system/ros2_ws/install/velodyne:/opt/ros/humble /usr/bin/cmake --build /home/geomatics_in_house_system/ros2_ws/build/velodyne -- -j4 -l4
[8.202s] DEBUG:colcon.colcon_core.event_handler.log_command:Invoking command in '/home/geomatics_in_house_system/ros2_ws/build/velodyne': CMAKE_PREFIX_PATH=/home/geomatics_in_house_system/ros2_ws/install/velodyne_pointcloud:/home/geomatics_in_house_system/ros2_ws/install/velodyne_driver:/home/geomatics_in_house_system/ros2_ws/install/velodyne_msgs:/home/geomatics_in_house_system/ros2_ws/install/velodyne_laserscan:/home/geomatics_in_house_system/ros2_ws/install/velodyne:/opt/ros/humble /usr/bin/cmake --install /home/geomatics_in_house_system/ros2_ws/build/velodyne
[8.254s] Level 1:colcon.colcon_core.environment:create_environment_scripts_only(velodyne)
[8.255s] Level 1:colcon.colcon_core.environment:checking '/home/geomatics_in_house_system/ros2_ws/install/velodyne' for CMake module files
[8.256s] DEBUG:colcon.colcon_core.event_handler.log_command:Invoked command in '/home/geomatics_in_house_system/ros2_ws/build/velodyne' returned '0': CMAKE_PREFIX_PATH=/home/geomatics_in_house_system/ros2_ws/install/velodyne_pointcloud:/home/geomatics_in_house_system/ros2_ws/install/velodyne_driver:/home/geomatics_in_house_system/ros2_ws/install/velodyne_msgs:/home/geomatics_in_house_system/ros2_ws/install/velodyne_laserscan:/home/geomatics_in_house_system/ros2_ws/install/velodyne:/opt/ros/humble /usr/bin/cmake --install /home/geomatics_in_house_system/ros2_ws/build/velodyne
[8.259s] Level 1:colcon.colcon_core.environment:checking '/home/geomatics_in_house_system/ros2_ws/install/velodyne' for CMake config files
[8.262s] Level 1:colcon.colcon_core.shell:create_environment_hook('velodyne', 'cmake_prefix_path')
[8.263s] INFO:colcon.colcon_core.shell:Creating environment hook '/home/geomatics_in_house_system/ros2_ws/install/velodyne/share/velodyne/hook/cmake_prefix_path.ps1'
[8.265s] INFO:colcon.colcon_core.shell:Creating environment descriptor '/home/geomatics_in_house_system/ros2_ws/install/velodyne/share/velodyne/hook/cmake_prefix_path.dsv'
[8.267s] INFO:colcon.colcon_core.shell:Creating environment hook '/home/geomatics_in_house_system/ros2_ws/install/velodyne/share/velodyne/hook/cmake_prefix_path.sh'
[8.270s] Level 1:colcon.colcon_core.environment:checking '/home/geomatics_in_house_system/ros2_ws/install/velodyne/bin'
[8.270s] Level 1:colcon.colcon_core.environment:checking '/home/geomatics_in_house_system/ros2_ws/install/velodyne/lib/pkgconfig/velodyne.pc'
[8.271s] Level 1:colcon.colcon_core.environment:checking '/home/geomatics_in_house_system/ros2_ws/install/velodyne/lib/python3.10/site-packages'
[8.272s] Level 1:colcon.colcon_core.environment:checking '/home/geomatics_in_house_system/ros2_ws/install/velodyne/bin'
[8.273s] INFO:colcon.colcon_core.shell:Creating package script '/home/geomatics_in_house_system/ros2_ws/install/velodyne/share/velodyne/package.ps1'
[8.275s] INFO:colcon.colcon_core.shell:Creating package descriptor '/home/geomatics_in_house_system/ros2_ws/install/velodyne/share/velodyne/package.dsv'
[8.277s] INFO:colcon.colcon_core.shell:Creating package script '/home/geomatics_in_house_system/ros2_ws/install/velodyne/share/velodyne/package.sh'
[8.279s] INFO:colcon.colcon_core.shell:Creating package script '/home/geomatics_in_house_system/ros2_ws/install/velodyne/share/velodyne/package.bash'
[8.281s] INFO:colcon.colcon_core.shell:Creating package script '/home/geomatics_in_house_system/ros2_ws/install/velodyne/share/velodyne/package.zsh'
[8.282s] Level 1:colcon.colcon_core.environment:create_file_with_runtime_dependencies(/home/geomatics_in_house_system/ros2_ws/install/velodyne/share/colcon-core/packages/velodyne)
[8.398s] Level 1:colcon.colcon_core.environment:create_environment_scripts_only(velodyne)
[8.399s] Level 1:colcon.colcon_core.environment:checking '/home/geomatics_in_house_system/ros2_ws/install/velodyne' for CMake module files
[8.402s] Level 1:colcon.colcon_core.environment:checking '/home/geomatics_in_house_system/ros2_ws/install/velodyne' for CMake config files
[8.406s] Level 1:colcon.colcon_core.shell:create_environment_hook('velodyne', 'cmake_prefix_path')
[8.407s] INFO:colcon.colcon_core.shell:Creating environment hook '/home/geomatics_in_house_system/ros2_ws/install/velodyne/share/velodyne/hook/cmake_prefix_path.ps1'
[8.409s] INFO:colcon.colcon_core.shell:Creating environment descriptor '/home/geomatics_in_house_system/ros2_ws/install/velodyne/share/velodyne/hook/cmake_prefix_path.dsv'
[8.411s] INFO:colcon.colcon_core.shell:Creating environment hook '/home/geomatics_in_house_system/ros2_ws/install/velodyne/share/velodyne/hook/cmake_prefix_path.sh'
[8.414s] Level 1:colcon.colcon_core.environment:checking '/home/geomatics_in_house_system/ros2_ws/install/velodyne/bin'
[8.414s] Level 1:colcon.colcon_core.environment:checking '/home/geomatics_in_house_system/ros2_ws/install/velodyne/lib/pkgconfig/velodyne.pc'
[8.415s] Level 1:colcon.colcon_core.environment:checking '/home/geomatics_in_house_system/ros2_ws/install/velodyne/lib/python3.10/site-packages'
[8.416s] Level 1:colcon.colcon_core.environment:checking '/home/geomatics_in_house_system/ros2_ws/install/velodyne/bin'
[8.417s] INFO:colcon.colcon_core.shell:Creating package script '/home/geomatics_in_house_system/ros2_ws/install/velodyne/share/velodyne/package.ps1'
[8.419s] INFO:colcon.colcon_core.shell:Creating package descriptor '/home/geomatics_in_house_system/ros2_ws/install/velodyne/share/velodyne/package.dsv'
[8.421s] INFO:colcon.colcon_core.shell:Creating package script '/home/geomatics_in_house_system/ros2_ws/install/velodyne/share/velodyne/package.sh'
[8.423s] INFO:colcon.colcon_core.shell:Creating package script '/home/geomatics_in_house_system/ros2_ws/install/velodyne/share/velodyne/package.bash'
[8.425s] INFO:colcon.colcon_core.shell:Creating package script '/home/geomatics_in_house_system/ros2_ws/install/velodyne/share/velodyne/package.zsh'
[8.427s] Level 1:colcon.colcon_core.environment:create_file_with_runtime_dependencies(/home/geomatics_in_house_system/ros2_ws/install/velodyne/share/colcon-core/packages/velodyne)
[8.428s] DEBUG:colcon.colcon_parallel_executor.executor.parallel:closing loop
[8.430s] DEBUG:colcon.colcon_parallel_executor.executor.parallel:loop closed
[8.430s] DEBUG:colcon.colcon_parallel_executor.executor.parallel:run_until_complete finished with '0'
[8.430s] DEBUG:colcon.colcon_core.event_reactor:joining thread
[8.457s] INFO:colcon.colcon_core.plugin_system:Skipping extension 'colcon_notification.desktop_notification.terminal_notifier': Not used on non-Darwin systems
[8.457s] INFO:colcon.colcon_core.plugin_system:Skipping extension 'colcon_notification.desktop_notification.win32': Not used on non-Windows systems
[8.457s] INFO:colcon.colcon_notification.desktop_notification:Sending desktop notification using 'notify2'
[8.571s] DEBUG:colcon.colcon_core.event_reactor:joined thread
[8.573s] INFO:colcon.colcon_core.shell:Creating prefix script '/home/geomatics_in_house_system/ros2_ws/install/local_setup.ps1'
[8.581s] INFO:colcon.colcon_core.shell:Creating prefix util module '/home/geomatics_in_house_system/ros2_ws/install/_local_setup_util_ps1.py'
[8.589s] INFO:colcon.colcon_core.shell:Creating prefix chain script '/home/geomatics_in_house_system/ros2_ws/install/setup.ps1'
[8.599s] INFO:colcon.colcon_core.shell:Creating prefix script '/home/geomatics_in_house_system/ros2_ws/install/local_setup.sh'
[8.603s] INFO:colcon.colcon_core.shell:Creating prefix util module '/home/geomatics_in_house_system/ros2_ws/install/_local_setup_util_sh.py'
[8.606s] INFO:colcon.colcon_core.shell:Creating prefix chain script '/home/geomatics_in_house_system/ros2_ws/install/setup.sh'
[8.614s] INFO:colcon.colcon_core.shell:Creating prefix script '/home/geomatics_in_house_system/ros2_ws/install/local_setup.bash'
[8.618s] INFO:colcon.colcon_core.shell:Creating prefix chain script '/home/geomatics_in_house_system/ros2_ws/install/setup.bash'
[8.625s] INFO:colcon.colcon_core.shell:Creating prefix script '/home/geomatics_in_house_system/ros2_ws/install/local_setup.zsh'
[8.629s] INFO:colcon.colcon_core.shell:Creating prefix chain script '/home/geomatics_in_house_system/ros2_ws/install/setup.zsh'
