[0.133s] Invoking command in '/home/geomatics_in_house_system/ros2_ws/build/velodyne': CMAKE_PREFIX_PATH=/home/geomatics_in_house_system/ros2_ws/install/velodyne_pointcloud:/home/geomatics_in_house_system/ros2_ws/install/velodyne_driver:/home/geomatics_in_house_system/ros2_ws/install/velodyne_msgs:/home/geomatics_in_house_system/ros2_ws/install/velodyne_laserscan:/home/geomatics_in_house_system/ros2_ws/install/velodyne:/home/geomatics_in_house_system/ros2_ws/install/vectornav:/home/geomatics_in_house_system/ros2_ws/install/vectornav_msgs:/home/geomatics_in_house_system/ros2_ws/install/tcp_tunnel:/home/geomatics_in_house_system/ros2_ws/install/norlab_icp_mapper_ros:/home/geomatics_in_house_system/ros2_ws/install/norlab_icp_mapper:/home/geomatics_in_house_system/ros2_ws/install/mapper_config_template:/home/geomatics_in_house_system/ros2_ws/install/libpointmatcher_ros:/home/geomatics_in_house_system/ros2_ws/install/imu_odom:/home/geomatics_in_house_system/ros2_ws/install/geo_system:/opt/ros/humble /usr/bin/cmake --build /home/geomatics_in_house_system/ros2_ws/build/velodyne -- -j4 -l4
[0.369s] Invoked command in '/home/geomatics_in_house_system/ros2_ws/build/velodyne' returned '0': CMAKE_PREFIX_PATH=/home/geomatics_in_house_system/ros2_ws/install/velodyne_pointcloud:/home/geomatics_in_house_system/ros2_ws/install/velodyne_driver:/home/geomatics_in_house_system/ros2_ws/install/velodyne_msgs:/home/geomatics_in_house_system/ros2_ws/install/velodyne_laserscan:/home/geomatics_in_house_system/ros2_ws/install/velodyne:/home/geomatics_in_house_system/ros2_ws/install/vectornav:/home/geomatics_in_house_system/ros2_ws/install/vectornav_msgs:/home/geomatics_in_house_system/ros2_ws/install/tcp_tunnel:/home/geomatics_in_house_system/ros2_ws/install/norlab_icp_mapper_ros:/home/geomatics_in_house_system/ros2_ws/install/norlab_icp_mapper:/home/geomatics_in_house_system/ros2_ws/install/mapper_config_template:/home/geomatics_in_house_system/ros2_ws/install/libpointmatcher_ros:/home/geomatics_in_house_system/ros2_ws/install/imu_odom:/home/geomatics_in_house_system/ros2_ws/install/geo_system:/opt/ros/humble /usr/bin/cmake --build /home/geomatics_in_house_system/ros2_ws/build/velodyne -- -j4 -l4
[0.528s] Invoking command in '/home/geomatics_in_house_system/ros2_ws/build/velodyne': CMAKE_PREFIX_PATH=/home/geomatics_in_house_system/ros2_ws/install/velodyne_pointcloud:/home/geomatics_in_house_system/ros2_ws/install/velodyne_driver:/home/geomatics_in_house_system/ros2_ws/install/velodyne_msgs:/home/geomatics_in_house_system/ros2_ws/install/velodyne_laserscan:/home/geomatics_in_house_system/ros2_ws/install/velodyne:/home/geomatics_in_house_system/ros2_ws/install/vectornav:/home/geomatics_in_house_system/ros2_ws/install/vectornav_msgs:/home/geomatics_in_house_system/ros2_ws/install/tcp_tunnel:/home/geomatics_in_house_system/ros2_ws/install/norlab_icp_mapper_ros:/home/geomatics_in_house_system/ros2_ws/install/norlab_icp_mapper:/home/geomatics_in_house_system/ros2_ws/install/mapper_config_template:/home/geomatics_in_house_system/ros2_ws/install/libpointmatcher_ros:/home/geomatics_in_house_system/ros2_ws/install/imu_odom:/home/geomatics_in_house_system/ros2_ws/install/geo_system:/opt/ros/humble /usr/bin/cmake --install /home/geomatics_in_house_system/ros2_ws/build/velodyne
[0.570s] -- Install configuration: ""
[0.571s] -- Up-to-date: /home/geomatics_in_house_system/ros2_ws/install/velodyne/share/velodyne/launch
[0.571s] -- Up-to-date: /home/geomatics_in_house_system/ros2_ws/install/velodyne/share/velodyne/launch/velodyne-all-nodes-VLP16-launch.py
[0.572s] -- Up-to-date: /home/geomatics_in_house_system/ros2_ws/install/velodyne/share/velodyne/launch/velodyne-all-nodes-VLS128-composed-launch.py
[0.572s] -- Up-to-date: /home/geomatics_in_house_system/ros2_ws/install/velodyne/share/velodyne/launch/velodyne-all-nodes-VLP32C-composed-launch.py
[0.573s] -- Up-to-date: /home/geomatics_in_house_system/ros2_ws/install/velodyne/share/velodyne/launch/velodyne-all-nodes-VLP16-composed-launch.py
[0.573s] -- Up-to-date: /home/geomatics_in_house_system/ros2_ws/install/velodyne/share/velodyne/launch/velodyne-all-nodes-VLP32C-launch.py
[0.573s] -- Up-to-date: /home/geomatics_in_house_system/ros2_ws/install/velodyne/share/velodyne/launch/velodyne-all-nodes-VLS128-launch.py
[0.574s] -- Up-to-date: /home/geomatics_in_house_system/ros2_ws/install/velodyne/share/ament_index/resource_index/package_run_dependencies/velodyne
[0.575s] -- Up-to-date: /home/geomatics_in_house_system/ros2_ws/install/velodyne/share/ament_index/resource_index/parent_prefix_path/velodyne
[0.575s] -- Up-to-date: /home/geomatics_in_house_system/ros2_ws/install/velodyne/share/velodyne/environment/ament_prefix_path.sh
[0.575s] -- Up-to-date: /home/geomatics_in_house_system/ros2_ws/install/velodyne/share/velodyne/environment/ament_prefix_path.dsv
[0.576s] -- Up-to-date: /home/geomatics_in_house_system/ros2_ws/install/velodyne/share/velodyne/environment/path.sh
[0.576s] -- Up-to-date: /home/geomatics_in_house_system/ros2_ws/install/velodyne/share/velodyne/environment/path.dsv
[0.577s] -- Up-to-date: /home/geomatics_in_house_system/ros2_ws/install/velodyne/share/velodyne/local_setup.bash
[0.577s] -- Up-to-date: /home/geomatics_in_house_system/ros2_ws/install/velodyne/share/velodyne/local_setup.sh
[0.578s] -- Up-to-date: /home/geomatics_in_house_system/ros2_ws/install/velodyne/share/velodyne/local_setup.zsh
[0.578s] -- Up-to-date: /home/geomatics_in_house_system/ros2_ws/install/velodyne/share/velodyne/local_setup.dsv
[0.578s] -- Installing: /home/geomatics_in_house_system/ros2_ws/install/velodyne/share/velodyne/package.dsv
[0.579s] -- Up-to-date: /home/geomatics_in_house_system/ros2_ws/install/velodyne/share/ament_index/resource_index/packages/velodyne
[0.579s] -- Up-to-date: /home/geomatics_in_house_system/ros2_ws/install/velodyne/share/velodyne/cmake/velodyneConfig.cmake
[0.581s] -- Up-to-date: /home/geomatics_in_house_system/ros2_ws/install/velodyne/share/velodyne/cmake/velodyneConfig-version.cmake
[0.581s] -- Up-to-date: /home/geomatics_in_house_system/ros2_ws/install/velodyne/share/velodyne/package.xml
[0.588s] Invoked command in '/home/geomatics_in_house_system/ros2_ws/build/velodyne' returned '0': CMAKE_PREFIX_PATH=/home/geomatics_in_house_system/ros2_ws/install/velodyne_pointcloud:/home/geomatics_in_house_system/ros2_ws/install/velodyne_driver:/home/geomatics_in_house_system/ros2_ws/install/velodyne_msgs:/home/geomatics_in_house_system/ros2_ws/install/velodyne_laserscan:/home/geomatics_in_house_system/ros2_ws/install/velodyne:/home/geomatics_in_house_system/ros2_ws/install/vectornav:/home/geomatics_in_house_system/ros2_ws/install/vectornav_msgs:/home/geomatics_in_house_system/ros2_ws/install/tcp_tunnel:/home/geomatics_in_house_system/ros2_ws/install/norlab_icp_mapper_ros:/home/geomatics_in_house_system/ros2_ws/install/norlab_icp_mapper:/home/geomatics_in_house_system/ros2_ws/install/mapper_config_template:/home/geomatics_in_house_system/ros2_ws/install/libpointmatcher_ros:/home/geomatics_in_house_system/ros2_ws/install/imu_odom:/home/geomatics_in_house_system/ros2_ws/install/geo_system:/opt/ros/humble /usr/bin/cmake --install /home/geomatics_in_house_system/ros2_ws/build/velodyne
